================================================================
== Design Size Report
================================================================

* Total Instructions per Compilation Phase
+---------------+-----------------------------+--------------+----------------------------------------------------------------------------------------+
| Phase         | Step                        | Instructions | Description                                                                            |
+---------------+-----------------------------+--------------+----------------------------------------------------------------------------------------+
| Compile/Link  |                             | 29,475       | After all functions are compiled and linked into a single design                       |
|               |                             |              |                                                                                        |
| Unroll/Inline |                             |              | After user unroll and inline pragmas are applied                                       |
|               | (1) unroll                  |  2,798       | user unroll pragmas are applied                                                        |
|               | (2) simplification          |  1,580       | simplification of applied user unroll pragmas                                          |
|               | (3) inline                  |  1,392       | user inline pragmas are applied                                                        |
|               | (4) simplification          |    896       | simplification of applied user inline pragmas                                          |
|               |                             |              |                                                                                        |
| Array/Struct  |                             |              | After user array partition and struct aggregate/disaggregate pragmas are applied       |
|               | (1) array partition         |    887       | user array partition pragmas are applied                                               |
|               | (2) simplification          |    887       | simplification of applied user array partition & struct aggregate/disaggregate pragmas |
|               | (3) aggregate/disaggregate  |    888       | user struct aggregate/disaggregate pragmas are applied                                 |
|               | (4) array reshape           |    888       | apply array reshape pragmas                                                            |
|               | (5) access patterns         |    892       | array access pattern optmizations                                                      |
|               |                             |              |                                                                                        |
| Performance   |                             |              | After transformations are applied to meet performance pragma targets                   |
|               | (1) loop simplification     |    892       | loop and instruction simplification                                                    |
|               | (2) parallelization         |    887       | loops are unrolled or pipelined to meet performance targets                            |
|               | (3) array partition         |    887       | arrays are partitioned to meet performance targets                                     |
|               | (4) simplification          |    887       | simplification of design after performance transformations                             |
|               |                             |              |                                                                                        |
| HW Transforms |                             |              | After hardware transfomations                                                          |
|               | (1) lowering                |    888       | initial conversion to HW specific instructions                                         |
|               | (2) optimizations           |  1,022       | high level synthesis optimizations                                                     |
+---------------+-----------------------------+--------------+----------------------------------------------------------------------------------------+

* Instructions per Function for each Compilation Phase
+---------------------------------+----------------+------------------+---------------+---------------+---------------+----------------+
| Function                        | Location       | Compile/Link     | Unroll/Inline | Array/Struct  | Performance   | HW Transforms  |
+---------------------------------+----------------+------------------+---------------+---------------+---------------+----------------+
| + LSTM_Top                      | rnn_top.cpp:37 | 29,475           | 896           | 892           | 887           | 1,022          |
|  + mnist_lstm<float, 1, 1, 1>   | rnn_top.cpp:5  | 29,470           |               |               |               |                |
|     pop_stream<float, 1, 1, 1>  | utils.h:14     |    32            |               |               |               |                |
|   + infer                       | rnn.cpp:46     | 29,174           |               |               |               |                |
|      geva                       | rnn.cpp:32     |   108 (6 calls)  |               |               |               |                |
|      sigmoid                    | rnn.cpp:18     |    66 (3 calls)  |               |               |               |                |
|      tanh                       | rnn.cpp:25     | 28,512 (2 calls) |               |               |               |                |
|      hprod                      | rnn.cpp:39     |    60 (3 calls)  |               |               |               |                |
|     push_stream<float, 1, 1, 1> | utils.h:38     |   194            |               |               |               |                |
|  + infer                        | rnn.cpp:46     |                  | 850           | 846           | 841           |  970           |
|   + generic_tanh<float>         | hls_tanh.h:28  |                  | 464 (2 calls) | 464 (2 calls) | 464 (2 calls) |  466 (2 calls) |
|      exp_generic<double>        | hls_exp_.h:156 |                  | 356 (2 calls) | 356 (2 calls) | 356 (2 calls) |  358 (2 calls) |
+---------------------------------+----------------+------------------+---------------+---------------+---------------+----------------+

* Design Size Message Settings
+---------------------------------------------+--------+------------------------------------------------------------------+
| Message Setting                             | Value  | Description                                                      |
+---------------------------------------------+--------+------------------------------------------------------------------+
| config_compile -design_size_maximum_warning | 100000 | Show a warning when total design instructions exceeds this value |
+---------------------------------------------+--------+------------------------------------------------------------------+


