INFO: [HLS 200-10] For user 'llb' on host 'llb-XiaoXinPro-14-APH8' (Linux_x86_64 version 6.11.0-25-generic) on Sun May 18 00:13:14 CST 2025
INFO: [HLS 200-10] On os Ubuntu 24.04.2 LTS
INFO: [HLS 200-10] In directory '/home/llb/college/dla/npu_dla/lab3_student'
WARNING: [HLS 200-2053] The vitis_hls executable is deprecated. Consider using vitis-run --mode hls --tcl
Sourcing Tcl script '/home/llb/college/dla/npu_dla/lab3_student/lstm_hls/solution1/csim.tcl'
INFO: [HLS 200-1510] Running: source /home/llb/college/dla/npu_dla/lab3_student/lstm_hls/solution1/csim.tcl
INFO: [HLS 200-1510] Running: open_project lstm_hls 
INFO: [HLS 200-10] Opening project '/home/llb/college/dla/npu_dla/lab3_student/lstm_hls'.
INFO: [HLS 200-1510] Running: set_top LSTM_Top 
INFO: [HLS 200-1510] Running: add_files lstm_hls/rnn.cpp 
INFO: [HLS 200-10] Adding design file 'lstm_hls/rnn.cpp' to the project
INFO: [HLS 200-1510] Running: add_files lstm_hls/rnn.h 
INFO: [HLS 200-10] Adding design file 'lstm_hls/rnn.h' to the project
INFO: [HLS 200-1510] Running: add_files lstm_hls/rnn_top.cpp 
INFO: [HLS 200-10] Adding design file 'lstm_hls/rnn_top.cpp' to the project
INFO: [HLS 200-1510] Running: add_files lstm_hls/utils.h 
INFO: [HLS 200-10] Adding design file 'lstm_hls/utils.h' to the project
INFO: [HLS 200-1510] Running: add_files lstm_hls/weight.h 
INFO: [HLS 200-10] Adding design file 'lstm_hls/weight.h' to the project
INFO: [HLS 200-1510] Running: add_files -tb lstm_hls/main.cpp 
INFO: [HLS 200-10] Adding test bench file 'lstm_hls/main.cpp' to the project
INFO: [HLS 200-1510] Running: open_solution solution1 -flow_target vivado 
INFO: [HLS 200-10] Opening solution '/home/llb/college/dla/npu_dla/lab3_student/lstm_hls/solution1'.
INFO: [SYN 201-201] Setting up clock 'default' with a period of 10ns.
INFO: [HLS 200-1611] Setting target device to 'xc7z020-clg400-1'
INFO: [HLS 200-1505] Using flow_target 'vivado'
Resolution: For help on HLS 200-1505 see docs.xilinx.com/access/sources/dita/topic?Doc_Version=2024.2%20English&url=ug1448-hls-guidance&resourceid=200-1505.html
INFO: [HLS 200-1510] Running: set_part xc7z020clg400-1 
INFO: [HLS 200-1510] Running: create_clock -period 10 -name default 
INFO: [HLS 200-1510] Running: csim_design -quiet 
INFO: [SIM 211-2] *************** CSIM start ***************
INFO: [SIM 211-4] CSIM will launch CLANG as the compiler.
INFO: [HLS 200-2036] Building debug C Simulation binaries
   Compiling ../../../main.cpp in debug mode
   Compiling ../../../rnn.cpp in debug mode
   Generating csim.exe
../../../main.cpp:129:2: warning: 'delete' applied to a pointer that was allocated with 'new[]'; did you mean 'delete[]'? [-Wmismatched-new-delete]
        delete tmp;
        ^
              []
../../../main.cpp:114:14: note: allocated with 'new[]' here
        byte* tmp = new byte[img_row * img_col];
                    ^
1 warning generated.
Testing all images...
now:0
now:1
now:2
now:3
now:4
now:5
now:6
now:7
now:8
now:9
now:10
now:11
now:12
now:13
now:14
now:15
now:16
now:17
now:18
now:19
now:20
now:21
now:22
now:23
now:24
now:25
now:26
now:27
now:28
now:29
now:30
now:31
now:32
now:33
now:34
now:35
now:36
now:37
now:38
now:39
now:40
now:41
now:42
now:43
now:44
now:45
now:46
now:47
now:48
now:49
now:50
now:51
now:52
now:53
now:54
now:55
now:56
now:57
now:58
now:59
now:60
now:61
now:62
now:63
now:64
now:65
now:66
now:67
now:68
now:69
now:70
now:71
now:72
now:73
now:74
now:75
now:76
now:77
now:78
now:79
now:80
now:81
now:82
now:83
now:84
now:85
now:86
now:87
now:88
now:89
now:90
now:91
now:92
now:93
now:94
now:95
now:96
now:97
now:98
now:99
now:100
now:101
now:102
now:103
now:104
now:105
now:106
now:107
now:108
now:109
now:110
now:111
now:112
now:113
now:114
now:115
now:116
now:117
now:118
now:119
now:120
now:121
now:122
now:123
now:124
now:125
now:126
now:127
now:128
now:129
now:130
now:131
now:132
now:133
now:134
now:135
now:136
now:137
now:138
now:139
now:140
now:141
now:142
now:143
now:144
now:145
now:146
now:147
now:148
now:149
