

================================================================
== Vitis HLS Report for 'infer_Outline_VITIS_LOOP_63_1'
================================================================
* Date:           Thu May 22 16:58:31 2025

* Version:        2024.2 (Build 5238294 on Nov  8 2024)
* Project:        lstm_hls
* Solution:       solution1 (Vivado IP Flow Target)
* Product family: zynq
* Target device:  xc7z020-clg400-1


================================================================
== Performance Estimates
================================================================
+ Timing: 
    * Summary: 
    +--------+----------+----------+------------+
    |  Clock |  Target  | Estimated| Uncertainty|
    +--------+----------+----------+------------+
    |ap_clk  |  10.00 ns|  7.297 ns|     2.70 ns|
    +--------+----------+----------+------------+

+ Latency: 
    * Summary: 
    +----------+----------+-----------+-----------+----------+----------+---------+
    |   Latency (cycles)  |   Latency (absolute)  |       Interval      | Pipeline|
    |    min   |    max   |    min    |    max    |    min   |    max   |   Type  |
    +----------+----------+-----------+-----------+----------+----------+---------+
    |  13454701|  13454701|  0.135 sec|  0.135 sec|  13454701|  13454701|       no|
    +----------+----------+-----------+-----------+----------+----------+---------+

    + Detail: 
        * Instance: 
        +---------------------------------------------------------------+----------------------------------------------------+---------+---------+----------+----------+--------+--------+------------------------------------------------+
        |                                                               |                                                    |  Latency (cycles) |  Latency (absolute) |     Interval    |                    Pipeline                    |
        |                            Instance                           |                       Module                       |   min   |   max   |    min   |    max   |   min  |   max  |                      Type                      |
        +---------------------------------------------------------------+----------------------------------------------------+---------+---------+----------+----------+--------+--------+------------------------------------------------+
        |grp_infer_Pipeline_VITIS_LOOP_90_2_fu_120                      |infer_Pipeline_VITIS_LOOP_90_2                      |       30|       30|  0.300 us|  0.300 us|      29|      29|  loop auto-rewind stp (delay=0 clock cycles(s))|
        |grp_infer_Pipeline_10_fu_128                                   |infer_Pipeline_10                                   |      130|      130|  1.300 us|  1.300 us|     129|     129|  loop auto-rewind stp (delay=0 clock cycles(s))|
        |grp_infer_Pipeline_14_fu_134                                   |infer_Pipeline_14                                   |      130|      130|  1.300 us|  1.300 us|     129|     129|  loop auto-rewind stp (delay=0 clock cycles(s))|
        |grp_infer_Pipeline_18_fu_140                                   |infer_Pipeline_18                                   |      130|      130|  1.300 us|  1.300 us|     129|     129|  loop auto-rewind stp (delay=0 clock cycles(s))|
        |grp_infer_Pipeline_22_fu_145                                   |infer_Pipeline_22                                   |      130|      130|  1.300 us|  1.300 us|     129|     129|  loop auto-rewind stp (delay=0 clock cycles(s))|
        |grp_infer_Pipeline_VITIS_LOOP_91_3_fu_151                      |infer_Pipeline_VITIS_LOOP_91_3                      |      130|      130|  1.300 us|  1.300 us|     129|     129|  loop auto-rewind stp (delay=0 clock cycles(s))|
        |grp_infer_Pipeline_VITIS_LOOP_96_4_VITIS_LOOP_96_5_fu_158      |infer_Pipeline_VITIS_LOOP_96_4_VITIS_LOOP_96_5      |   119817|   119817|  1.198 ms|  1.198 ms|  119814|  119814|  loop auto-rewind stp (delay=0 clock cycles(s))|
        |grp_infer_Pipeline_VITIS_LOOP_34_1_fu_167                      |infer_Pipeline_VITIS_LOOP_34_1                      |      136|      136|  1.360 us|  1.360 us|     129|     129|  loop auto-rewind stp (delay=0 clock cycles(s))|
        |grp_infer_Pipeline_VITIS_LOOP_103_6_VITIS_LOOP_103_7_fu_175    |infer_Pipeline_VITIS_LOOP_103_6_VITIS_LOOP_103_7    |   119817|   119817|  1.198 ms|  1.198 ms|  119814|  119814|  loop auto-rewind stp (delay=0 clock cycles(s))|
        |grp_infer_Pipeline_VITIS_LOOP_20_1_fu_184                      |infer_Pipeline_VITIS_LOOP_20_1                      |      162|      162|  1.620 us|  1.620 us|     129|     129|  loop auto-rewind stp (delay=0 clock cycles(s))|
        |grp_infer_Pipeline_VITIS_LOOP_34_11_fu_190                     |infer_Pipeline_VITIS_LOOP_34_11                     |      136|      136|  1.360 us|  1.360 us|     129|     129|  loop auto-rewind stp (delay=0 clock cycles(s))|
        |grp_infer_Pipeline_VITIS_LOOP_110_8_VITIS_LOOP_110_9_fu_198    |infer_Pipeline_VITIS_LOOP_110_8_VITIS_LOOP_110_9    |   119817|   119817|  1.198 ms|  1.198 ms|  119814|  119814|  loop auto-rewind stp (delay=0 clock cycles(s))|
        |grp_infer_Pipeline_VITIS_LOOP_20_12_fu_206                     |infer_Pipeline_VITIS_LOOP_20_12                     |      162|      162|  1.620 us|  1.620 us|     129|     129|  loop auto-rewind stp (delay=0 clock cycles(s))|
        |grp_infer_Pipeline_VITIS_LOOP_34_13_fu_212                     |infer_Pipeline_VITIS_LOOP_34_13                     |      136|      136|  1.360 us|  1.360 us|     129|     129|  loop auto-rewind stp (delay=0 clock cycles(s))|
        |grp_infer_Pipeline_VITIS_LOOP_117_10_VITIS_LOOP_117_11_fu_219  |infer_Pipeline_VITIS_LOOP_117_10_VITIS_LOOP_117_11  |   119817|   119817|  1.198 ms|  1.198 ms|  119814|  119814|  loop auto-rewind stp (delay=0 clock cycles(s))|
        |grp_infer_Pipeline_VITIS_LOOP_41_1_fu_228                      |infer_Pipeline_VITIS_LOOP_41_1                      |      135|      135|  1.350 us|  1.350 us|     129|     129|  loop auto-rewind stp (delay=0 clock cycles(s))|
        |grp_infer_Pipeline_VITIS_LOOP_27_1_fu_238                      |infer_Pipeline_VITIS_LOOP_27_1                      |      205|      205|  2.050 us|  2.050 us|     129|     129|  loop auto-rewind stp (delay=0 clock cycles(s))|
        |grp_infer_Pipeline_VITIS_LOOP_34_14_fu_249                     |infer_Pipeline_VITIS_LOOP_34_14                     |      136|      136|  1.360 us|  1.360 us|     129|     129|  loop auto-rewind stp (delay=0 clock cycles(s))|
        |grp_infer_Pipeline_VITIS_LOOP_20_15_fu_257                     |infer_Pipeline_VITIS_LOOP_20_15                     |      162|      162|  1.620 us|  1.620 us|     129|     129|  loop auto-rewind stp (delay=0 clock cycles(s))|
        |grp_infer_Pipeline_VITIS_LOOP_41_16_fu_263                     |infer_Pipeline_VITIS_LOOP_41_16                     |      135|      135|  1.350 us|  1.350 us|     129|     129|  loop auto-rewind stp (delay=0 clock cycles(s))|
        |grp_infer_Pipeline_VITIS_LOOP_34_17_fu_270                     |infer_Pipeline_VITIS_LOOP_34_17                     |      136|      136|  1.360 us|  1.360 us|     129|     129|  loop auto-rewind stp (delay=0 clock cycles(s))|
        |grp_infer_Pipeline_29_fu_277                                   |infer_Pipeline_29                                   |      130|      130|  1.300 us|  1.300 us|     129|     129|  loop auto-rewind stp (delay=0 clock cycles(s))|
        |grp_infer_Pipeline_VITIS_LOOP_27_18_fu_285                     |infer_Pipeline_VITIS_LOOP_27_18                     |      205|      205|  2.050 us|  2.050 us|     129|     129|  loop auto-rewind stp (delay=0 clock cycles(s))|
        |grp_infer_Pipeline_VITIS_LOOP_41_19_fu_298                     |infer_Pipeline_VITIS_LOOP_41_19                     |      135|      135|  1.350 us|  1.350 us|     129|     129|  loop auto-rewind stp (delay=0 clock cycles(s))|
        +---------------------------------------------------------------+----------------------------------------------------+---------+---------+----------+----------+--------+--------+------------------------------------------------+

        * Loop: 
        +-------------------+----------+----------+----------+-----------+-----------+------+----------+
        |                   |   Latency (cycles)  | Iteration|  Initiation Interval  | Trip |          |
        |     Loop Name     |    min   |    max   |  Latency |  achieved |   target  | Count| Pipelined|
        +-------------------+----------+----------+----------+-----------+-----------+------+----------+
        |- VITIS_LOOP_63_1  |  13454700|  13454700|    480525|          -|          -|    28|        no|
        +-------------------+----------+----------+----------+-----------+-----------+------+----------+

============================================================
+ Verbose Summary: Synthesis Manager
============================================================
InlineROM: 1
ExposeGlobal: 0
============================================================
+ Verbose Summary: CDFG Model
============================================================
IsTopModel: 0
ResetActiveHigh: 1
IsCombinational: 0
IsDatapathOnly: 0
HasWiredReturn: 1
HasMFsm: 0
HasVarLatency: 1
IsPipeline: 0
IsRtlPipelined: 0
IsInstanceOverlapped: 0
IsDontTouch: 0
HasImplIP: 0
IsGatedGlobalClock: 0


============================================================
+ Verbose Summary: Schedule
============================================================
* Number of FSM states : 25
* Pipeline : 0
* Dataflow Pipeline: 0

* FSM state transitions: 
1 --> 2 
2 --> 3 
3 --> 4 
4 --> 5 
5 --> 6 
6 --> 7 
7 --> 8 
8 --> 9 
9 --> 10 
10 --> 11 
11 --> 12 
12 --> 13 
13 --> 14 
14 --> 15 
15 --> 16 
16 --> 17 
17 --> 18 
18 --> 19 
19 --> 20 
20 --> 21 
21 --> 22 
22 --> 23 
23 --> 24 
24 --> 25 
25 --> 2 

* FSM state operations: 

State 1 <SV = 0> <Delay = 3.25>
ST_1 : Operation 26 [1/1] (0.00ns)   --->   "%i = alloca i32 1" [lstm_hls/rnn.cpp:63]   --->   Operation 26 'alloca' 'i' <Predicate = true> <Delay = 0.00>
ST_1 : Operation 27 [1/1] (3.25ns)   --->   "%vec_tmp = alloca i64 1" [lstm_hls/rnn.cpp:60]   --->   Operation 27 'alloca' 'vec_tmp' <Predicate = true> <Delay = 3.25>
ST_1 : Operation 28 [1/1] (3.25ns)   --->   "%vec_i = alloca i64 1" [lstm_hls/rnn.cpp:59]   --->   Operation 28 'alloca' 'vec_i' <Predicate = true> <Delay = 3.25>
ST_1 : Operation 29 [1/1] (1.58ns)   --->   "%store_ln63 = store i5 0, i5 %i" [lstm_hls/rnn.cpp:63]   --->   Operation 29 'store' 'store_ln63' <Predicate = true> <Delay = 1.58>
ST_1 : Operation 30 [1/1] (0.00ns)   --->   "%br_ln63 = br void %VITIS_LOOP_90_2" [lstm_hls/rnn.cpp:63]   --->   Operation 30 'br' 'br_ln63' <Predicate = true> <Delay = 0.00>

State 2 <SV = 1> <Delay = 6.76>
ST_2 : Operation 31 [1/1] (0.00ns)   --->   "%i_9 = load i5 %i" [lstm_hls/rnn.cpp:63]   --->   Operation 31 'load' 'i_9' <Predicate = true> <Delay = 0.00>
ST_2 : Operation 32 [1/1] (1.78ns)   --->   "%icmp_ln63 = icmp_eq  i5 %i_9, i5 28" [lstm_hls/rnn.cpp:63]   --->   Operation 32 'icmp' 'icmp_ln63' <Predicate = true> <Delay = 1.78> <CoreInst = "Cmp">   --->   Core 9 'Cmp' <Latency = 0> <II = 1> <Delay = 1.78> <FuncUnit> <Opcode : 'seteq' 'setne' 'setle' 'setge' 'setlt' 'setgt'> <InPorts = 2> <OutPorts = 1>
ST_2 : Operation 33 [1/1] (1.78ns)   --->   "%add_ln63 = add i5 %i_9, i5 1" [lstm_hls/rnn.cpp:63]   --->   Operation 33 'add' 'add_ln63' <Predicate = true> <Delay = 1.78> <CoreInst = "Adder">   --->   Core 1 'Adder' <Latency = 0> <II = 1> <Delay = 1.78> <FuncUnit> <Opcode : 'add' 'sub'> <InPorts = 2> <OutPorts = 1>
ST_2 : Operation 34 [1/1] (0.00ns)   --->   "%br_ln63 = br i1 %icmp_ln63, void %VITIS_LOOP_90_2.split, void %for.inc.i.i203.preheader.exitStub" [lstm_hls/rnn.cpp:63]   --->   Operation 34 'br' 'br_ln63' <Predicate = true> <Delay = 0.00>
ST_2 : Operation 35 [1/1] (0.00ns)   --->   "%p_shl = bitconcatenate i10 @_ssdm_op_BitConcatenate.i10.i5.i5, i5 %i_9, i5 0" [lstm_hls/rnn.cpp:63]   --->   Operation 35 'bitconcatenate' 'p_shl' <Predicate = (!icmp_ln63)> <Delay = 0.00>
ST_2 : Operation 36 [1/1] (0.00ns)   --->   "%tmp = bitconcatenate i7 @_ssdm_op_BitConcatenate.i7.i5.i2, i5 %i_9, i2 0" [lstm_hls/rnn.cpp:63]   --->   Operation 36 'bitconcatenate' 'tmp' <Predicate = (!icmp_ln63)> <Delay = 0.00>
ST_2 : Operation 37 [1/1] (0.00ns)   --->   "%p_shl24 = zext i7 %tmp" [lstm_hls/rnn.cpp:63]   --->   Operation 37 'zext' 'p_shl24' <Predicate = (!icmp_ln63)> <Delay = 0.00>
ST_2 : Operation 38 [1/1] (1.73ns)   --->   "%empty = sub i10 %p_shl, i10 %p_shl24" [lstm_hls/rnn.cpp:63]   --->   Operation 38 'sub' 'empty' <Predicate = (!icmp_ln63)> <Delay = 1.73> <CoreInst = "Adder">   --->   Core 1 'Adder' <Latency = 0> <II = 1> <Delay = 1.73> <FuncUnit> <Opcode : 'add' 'sub'> <InPorts = 2> <OutPorts = 1>
ST_2 : Operation 39 [2/2] (4.98ns)   --->   "%call_ln63 = call void @infer_Pipeline_VITIS_LOOP_90_2, i10 %empty, i32 %input_r, i32 %vec_i" [lstm_hls/rnn.cpp:63]   --->   Operation 39 'call' 'call_ln63' <Predicate = (!icmp_ln63)> <Delay = 4.98> <CoreType = "Generic">   --->   Generic Core
ST_2 : Operation 40 [2/2] (0.00ns)   --->   "%call_ln0 = call void @infer_Pipeline_10, i32 %gate_f"   --->   Operation 40 'call' 'call_ln0' <Predicate = (!icmp_ln63)> <Delay = 0.00> <CoreType = "Generic">   --->   Generic Core
ST_2 : Operation 41 [2/2] (0.00ns)   --->   "%call_ln0 = call void @infer_Pipeline_14, i32 %gate_i"   --->   Operation 41 'call' 'call_ln0' <Predicate = (!icmp_ln63)> <Delay = 0.00> <CoreType = "Generic">   --->   Generic Core
ST_2 : Operation 42 [2/2] (0.00ns)   --->   "%call_ln0 = call void @infer_Pipeline_18, i32 %vec_tmp"   --->   Operation 42 'call' 'call_ln0' <Predicate = (!icmp_ln63)> <Delay = 0.00> <CoreType = "Generic">   --->   Generic Core
ST_2 : Operation 43 [2/2] (0.00ns)   --->   "%call_ln0 = call void @infer_Pipeline_22, i32 %gate_o"   --->   Operation 43 'call' 'call_ln0' <Predicate = (!icmp_ln63)> <Delay = 0.00> <CoreType = "Generic">   --->   Generic Core
ST_2 : Operation 44 [1/1] (1.58ns)   --->   "%store_ln63 = store i5 %add_ln63, i5 %i" [lstm_hls/rnn.cpp:63]   --->   Operation 44 'store' 'store_ln63' <Predicate = (!icmp_ln63)> <Delay = 1.58>
ST_2 : Operation 45 [1/1] (0.00ns)   --->   "%ret_ln0 = ret"   --->   Operation 45 'ret' 'ret_ln0' <Predicate = (icmp_ln63)> <Delay = 0.00>

State 3 <SV = 2> <Delay = 5.09>
ST_3 : Operation 46 [1/2] (4.95ns)   --->   "%call_ln63 = call void @infer_Pipeline_VITIS_LOOP_90_2, i10 %empty, i32 %input_r, i32 %vec_i" [lstm_hls/rnn.cpp:63]   --->   Operation 46 'call' 'call_ln63' <Predicate = true> <Delay = 4.95> <CoreType = "Generic">   --->   Generic Core
ST_3 : Operation 47 [1/2] (5.09ns)   --->   "%call_ln0 = call void @infer_Pipeline_10, i32 %gate_f"   --->   Operation 47 'call' 'call_ln0' <Predicate = true> <Delay = 5.09> <CoreType = "Generic">   --->   Generic Core
ST_3 : Operation 48 [1/2] (5.09ns)   --->   "%call_ln0 = call void @infer_Pipeline_14, i32 %gate_i"   --->   Operation 48 'call' 'call_ln0' <Predicate = true> <Delay = 5.09> <CoreType = "Generic">   --->   Generic Core
ST_3 : Operation 49 [1/2] (5.09ns)   --->   "%call_ln0 = call void @infer_Pipeline_18, i32 %vec_tmp"   --->   Operation 49 'call' 'call_ln0' <Predicate = true> <Delay = 5.09> <CoreType = "Generic">   --->   Generic Core
ST_3 : Operation 50 [1/2] (5.09ns)   --->   "%call_ln0 = call void @infer_Pipeline_22, i32 %gate_o"   --->   Operation 50 'call' 'call_ln0' <Predicate = true> <Delay = 5.09> <CoreType = "Generic">   --->   Generic Core

State 4 <SV = 3> <Delay = 0.00>
ST_4 : Operation 51 [2/2] (0.00ns)   --->   "%call_ln0 = call void @infer_Pipeline_VITIS_LOOP_91_3, i32 %h_t, i32 %vec_i"   --->   Operation 51 'call' 'call_ln0' <Predicate = true> <Delay = 0.00> <CoreType = "Generic">   --->   Generic Core

State 5 <SV = 4> <Delay = 5.09>
ST_5 : Operation 52 [1/2] (5.09ns)   --->   "%call_ln0 = call void @infer_Pipeline_VITIS_LOOP_91_3, i32 %h_t, i32 %vec_i"   --->   Operation 52 'call' 'call_ln0' <Predicate = true> <Delay = 5.09> <CoreType = "Generic">   --->   Generic Core

State 6 <SV = 5> <Delay = 0.00>
ST_6 : Operation 53 [2/2] (0.00ns)   --->   "%call_ln0 = call void @infer_Pipeline_VITIS_LOOP_96_4_VITIS_LOOP_96_5, i32 %vec_i, i32 %gate_f, i32 %Weight0_f"   --->   Operation 53 'call' 'call_ln0' <Predicate = true> <Delay = 0.00> <CoreType = "Generic">   --->   Generic Core

State 7 <SV = 6> <Delay = 0.00>
ST_7 : Operation 54 [1/2] (0.00ns)   --->   "%call_ln0 = call void @infer_Pipeline_VITIS_LOOP_96_4_VITIS_LOOP_96_5, i32 %vec_i, i32 %gate_f, i32 %Weight0_f"   --->   Operation 54 'call' 'call_ln0' <Predicate = true> <Delay = 0.00> <CoreType = "Generic">   --->   Generic Core

State 8 <SV = 7> <Delay = 0.00>
ST_8 : Operation 55 [2/2] (0.00ns)   --->   "%call_ln0 = call void @infer_Pipeline_VITIS_LOOP_34_1, i32 %gate_f, i32 %Bias0_f"   --->   Operation 55 'call' 'call_ln0' <Predicate = true> <Delay = 0.00> <CoreType = "Generic">   --->   Generic Core
ST_8 : Operation 56 [2/2] (0.00ns)   --->   "%call_ln0 = call void @infer_Pipeline_VITIS_LOOP_103_6_VITIS_LOOP_103_7, i32 %vec_i, i32 %gate_i, i32 %Weight0_i"   --->   Operation 56 'call' 'call_ln0' <Predicate = true> <Delay = 0.00> <CoreType = "Generic">   --->   Generic Core

State 9 <SV = 8> <Delay = 0.00>
ST_9 : Operation 57 [1/2] (0.00ns)   --->   "%call_ln0 = call void @infer_Pipeline_VITIS_LOOP_34_1, i32 %gate_f, i32 %Bias0_f"   --->   Operation 57 'call' 'call_ln0' <Predicate = true> <Delay = 0.00> <CoreType = "Generic">   --->   Generic Core
ST_9 : Operation 58 [1/2] (0.00ns)   --->   "%call_ln0 = call void @infer_Pipeline_VITIS_LOOP_103_6_VITIS_LOOP_103_7, i32 %vec_i, i32 %gate_i, i32 %Weight0_i"   --->   Operation 58 'call' 'call_ln0' <Predicate = true> <Delay = 0.00> <CoreType = "Generic">   --->   Generic Core

State 10 <SV = 9> <Delay = 0.00>
ST_10 : Operation 59 [2/2] (0.00ns)   --->   "%call_ln0 = call void @infer_Pipeline_VITIS_LOOP_20_1, i32 %gate_f"   --->   Operation 59 'call' 'call_ln0' <Predicate = true> <Delay = 0.00> <CoreType = "Generic">   --->   Generic Core
ST_10 : Operation 60 [2/2] (0.00ns)   --->   "%call_ln0 = call void @infer_Pipeline_VITIS_LOOP_34_11, i32 %gate_i, i32 %Bias0_i"   --->   Operation 60 'call' 'call_ln0' <Predicate = true> <Delay = 0.00> <CoreType = "Generic">   --->   Generic Core
ST_10 : Operation 61 [2/2] (0.00ns)   --->   "%call_ln0 = call void @infer_Pipeline_VITIS_LOOP_110_8_VITIS_LOOP_110_9, i32 %vec_i, i32 %vec_tmp, i32 %Weight0_c"   --->   Operation 61 'call' 'call_ln0' <Predicate = true> <Delay = 0.00> <CoreType = "Generic">   --->   Generic Core

State 11 <SV = 10> <Delay = 0.00>
ST_11 : Operation 62 [1/2] (0.00ns)   --->   "%call_ln0 = call void @infer_Pipeline_VITIS_LOOP_20_1, i32 %gate_f"   --->   Operation 62 'call' 'call_ln0' <Predicate = true> <Delay = 0.00> <CoreType = "Generic">   --->   Generic Core
ST_11 : Operation 63 [1/2] (0.00ns)   --->   "%call_ln0 = call void @infer_Pipeline_VITIS_LOOP_34_11, i32 %gate_i, i32 %Bias0_i"   --->   Operation 63 'call' 'call_ln0' <Predicate = true> <Delay = 0.00> <CoreType = "Generic">   --->   Generic Core
ST_11 : Operation 64 [1/2] (0.00ns)   --->   "%call_ln0 = call void @infer_Pipeline_VITIS_LOOP_110_8_VITIS_LOOP_110_9, i32 %vec_i, i32 %vec_tmp, i32 %Weight0_c"   --->   Operation 64 'call' 'call_ln0' <Predicate = true> <Delay = 0.00> <CoreType = "Generic">   --->   Generic Core

State 12 <SV = 11> <Delay = 0.00>
ST_12 : Operation 65 [2/2] (0.00ns)   --->   "%call_ln0 = call void @infer_Pipeline_VITIS_LOOP_20_12, i32 %gate_i"   --->   Operation 65 'call' 'call_ln0' <Predicate = true> <Delay = 0.00> <CoreType = "Generic">   --->   Generic Core
ST_12 : Operation 66 [2/2] (0.00ns)   --->   "%call_ln0 = call void @infer_Pipeline_VITIS_LOOP_34_13, i32 %vec_tmp, i32 %Bias0_c"   --->   Operation 66 'call' 'call_ln0' <Predicate = true> <Delay = 0.00> <CoreType = "Generic">   --->   Generic Core
ST_12 : Operation 67 [2/2] (0.00ns)   --->   "%call_ln0 = call void @infer_Pipeline_VITIS_LOOP_117_10_VITIS_LOOP_117_11, i32 %vec_i, i32 %gate_o, i32 %Weight0_o"   --->   Operation 67 'call' 'call_ln0' <Predicate = true> <Delay = 0.00> <CoreType = "Generic">   --->   Generic Core
ST_12 : Operation 68 [2/2] (0.00ns)   --->   "%call_ln0 = call void @infer_Pipeline_VITIS_LOOP_41_1, i32 %gate_f, i32 %C_t, i32 %stat_C"   --->   Operation 68 'call' 'call_ln0' <Predicate = true> <Delay = 0.00> <CoreType = "Generic">   --->   Generic Core

State 13 <SV = 12> <Delay = 0.00>
ST_13 : Operation 69 [1/2] (0.00ns)   --->   "%call_ln0 = call void @infer_Pipeline_VITIS_LOOP_20_12, i32 %gate_i"   --->   Operation 69 'call' 'call_ln0' <Predicate = true> <Delay = 0.00> <CoreType = "Generic">   --->   Generic Core
ST_13 : Operation 70 [1/2] (0.00ns)   --->   "%call_ln0 = call void @infer_Pipeline_VITIS_LOOP_34_13, i32 %vec_tmp, i32 %Bias0_c"   --->   Operation 70 'call' 'call_ln0' <Predicate = true> <Delay = 0.00> <CoreType = "Generic">   --->   Generic Core
ST_13 : Operation 71 [1/2] (0.00ns)   --->   "%call_ln0 = call void @infer_Pipeline_VITIS_LOOP_117_10_VITIS_LOOP_117_11, i32 %vec_i, i32 %gate_o, i32 %Weight0_o"   --->   Operation 71 'call' 'call_ln0' <Predicate = true> <Delay = 0.00> <CoreType = "Generic">   --->   Generic Core
ST_13 : Operation 72 [1/2] (0.00ns)   --->   "%call_ln0 = call void @infer_Pipeline_VITIS_LOOP_41_1, i32 %gate_f, i32 %C_t, i32 %stat_C"   --->   Operation 72 'call' 'call_ln0' <Predicate = true> <Delay = 0.00> <CoreType = "Generic">   --->   Generic Core

State 14 <SV = 13> <Delay = 0.00>
ST_14 : Operation 73 [2/2] (0.00ns)   --->   "%call_ln0 = call void @infer_Pipeline_VITIS_LOOP_27_1, i32 %vec_tmp, i58 %table_exp_Z1_ap_ufixed_58_1_ap_q_mode_5_ap_o_mode_3_0_array, i26 %table_f_Z3_ap_ufixed_59_0_ap_q_mode_5_ap_o_mode_3_0_array, i42 %table_f_Z2_ap_ufixed_59_0_ap_q_mode_5_ap_o_mode_3_0_array"   --->   Operation 73 'call' 'call_ln0' <Predicate = true> <Delay = 0.00> <CoreType = "Generic">   --->   Generic Core
ST_14 : Operation 74 [2/2] (0.00ns)   --->   "%call_ln0 = call void @infer_Pipeline_VITIS_LOOP_34_14, i32 %gate_o, i32 %Bias0_o"   --->   Operation 74 'call' 'call_ln0' <Predicate = true> <Delay = 0.00> <CoreType = "Generic">   --->   Generic Core

State 15 <SV = 14> <Delay = 0.00>
ST_15 : Operation 75 [1/2] (0.00ns)   --->   "%call_ln0 = call void @infer_Pipeline_VITIS_LOOP_27_1, i32 %vec_tmp, i58 %table_exp_Z1_ap_ufixed_58_1_ap_q_mode_5_ap_o_mode_3_0_array, i26 %table_f_Z3_ap_ufixed_59_0_ap_q_mode_5_ap_o_mode_3_0_array, i42 %table_f_Z2_ap_ufixed_59_0_ap_q_mode_5_ap_o_mode_3_0_array"   --->   Operation 75 'call' 'call_ln0' <Predicate = true> <Delay = 0.00> <CoreType = "Generic">   --->   Generic Core
ST_15 : Operation 76 [1/2] (0.00ns)   --->   "%call_ln0 = call void @infer_Pipeline_VITIS_LOOP_34_14, i32 %gate_o, i32 %Bias0_o"   --->   Operation 76 'call' 'call_ln0' <Predicate = true> <Delay = 0.00> <CoreType = "Generic">   --->   Generic Core

State 16 <SV = 15> <Delay = 0.00>
ST_16 : Operation 77 [2/2] (0.00ns)   --->   "%call_ln0 = call void @infer_Pipeline_VITIS_LOOP_20_15, i32 %gate_o"   --->   Operation 77 'call' 'call_ln0' <Predicate = true> <Delay = 0.00> <CoreType = "Generic">   --->   Generic Core
ST_16 : Operation 78 [2/2] (0.00ns)   --->   "%call_ln0 = call void @infer_Pipeline_VITIS_LOOP_41_16, i32 %gate_i, i32 %vec_tmp"   --->   Operation 78 'call' 'call_ln0' <Predicate = true> <Delay = 0.00> <CoreType = "Generic">   --->   Generic Core

State 17 <SV = 16> <Delay = 0.00>
ST_17 : Operation 79 [1/2] (0.00ns)   --->   "%call_ln0 = call void @infer_Pipeline_VITIS_LOOP_20_15, i32 %gate_o"   --->   Operation 79 'call' 'call_ln0' <Predicate = true> <Delay = 0.00> <CoreType = "Generic">   --->   Generic Core
ST_17 : Operation 80 [1/2] (0.00ns)   --->   "%call_ln0 = call void @infer_Pipeline_VITIS_LOOP_41_16, i32 %gate_i, i32 %vec_tmp"   --->   Operation 80 'call' 'call_ln0' <Predicate = true> <Delay = 0.00> <CoreType = "Generic">   --->   Generic Core

State 18 <SV = 17> <Delay = 0.00>
ST_18 : Operation 81 [2/2] (0.00ns)   --->   "%call_ln0 = call void @infer_Pipeline_VITIS_LOOP_34_17, i32 %vec_tmp, i32 %stat_C"   --->   Operation 81 'call' 'call_ln0' <Predicate = true> <Delay = 0.00> <CoreType = "Generic">   --->   Generic Core

State 19 <SV = 18> <Delay = 0.00>
ST_19 : Operation 82 [1/2] (0.00ns)   --->   "%call_ln0 = call void @infer_Pipeline_VITIS_LOOP_34_17, i32 %vec_tmp, i32 %stat_C"   --->   Operation 82 'call' 'call_ln0' <Predicate = true> <Delay = 0.00> <CoreType = "Generic">   --->   Generic Core

State 20 <SV = 19> <Delay = 0.00>
ST_20 : Operation 83 [2/2] (0.00ns)   --->   "%call_ln0 = call void @infer_Pipeline_29, i32 %stat_C, i32 %C_t"   --->   Operation 83 'call' 'call_ln0' <Predicate = true> <Delay = 0.00> <CoreType = "Generic">   --->   Generic Core

State 21 <SV = 20> <Delay = 5.09>
ST_21 : Operation 84 [1/2] (5.09ns)   --->   "%call_ln0 = call void @infer_Pipeline_29, i32 %stat_C, i32 %C_t"   --->   Operation 84 'call' 'call_ln0' <Predicate = true> <Delay = 5.09> <CoreType = "Generic">   --->   Generic Core

State 22 <SV = 21> <Delay = 0.00>
ST_22 : Operation 85 [2/2] (0.00ns)   --->   "%call_ln0 = call void @infer_Pipeline_VITIS_LOOP_27_18, i32 %stat_C, i32 %vec_tmp, i58 %table_exp_Z1_ap_ufixed_58_1_ap_q_mode_5_ap_o_mode_3_0_array, i26 %table_f_Z3_ap_ufixed_59_0_ap_q_mode_5_ap_o_mode_3_0_array, i42 %table_f_Z2_ap_ufixed_59_0_ap_q_mode_5_ap_o_mode_3_0_array"   --->   Operation 85 'call' 'call_ln0' <Predicate = true> <Delay = 0.00> <CoreType = "Generic">   --->   Generic Core

State 23 <SV = 22> <Delay = 0.00>
ST_23 : Operation 86 [1/2] (0.00ns)   --->   "%call_ln0 = call void @infer_Pipeline_VITIS_LOOP_27_18, i32 %stat_C, i32 %vec_tmp, i58 %table_exp_Z1_ap_ufixed_58_1_ap_q_mode_5_ap_o_mode_3_0_array, i26 %table_f_Z3_ap_ufixed_59_0_ap_q_mode_5_ap_o_mode_3_0_array, i42 %table_f_Z2_ap_ufixed_59_0_ap_q_mode_5_ap_o_mode_3_0_array"   --->   Operation 86 'call' 'call_ln0' <Predicate = true> <Delay = 0.00> <CoreType = "Generic">   --->   Generic Core

State 24 <SV = 23> <Delay = 0.00>
ST_24 : Operation 87 [2/2] (0.00ns)   --->   "%call_ln0 = call void @infer_Pipeline_VITIS_LOOP_41_19, i32 %gate_o, i32 %vec_tmp, i32 %h_t"   --->   Operation 87 'call' 'call_ln0' <Predicate = true> <Delay = 0.00> <CoreType = "Generic">   --->   Generic Core

State 25 <SV = 24> <Delay = 0.00>
ST_25 : Operation 88 [1/1] (0.00ns)   --->   "%speclooptripcount_ln63 = speclooptripcount void @_ssdm_op_SpecLoopTripCount, i64 28, i64 28, i64 28" [lstm_hls/rnn.cpp:63]   --->   Operation 88 'speclooptripcount' 'speclooptripcount_ln63' <Predicate = true> <Delay = 0.00>
ST_25 : Operation 89 [1/1] (0.00ns)   --->   "%specloopname_ln63 = specloopname void @_ssdm_op_SpecLoopName, void @empty_6" [lstm_hls/rnn.cpp:63]   --->   Operation 89 'specloopname' 'specloopname_ln63' <Predicate = true> <Delay = 0.00>
ST_25 : Operation 90 [1/2] (0.00ns)   --->   "%call_ln0 = call void @infer_Pipeline_VITIS_LOOP_41_19, i32 %gate_o, i32 %vec_tmp, i32 %h_t"   --->   Operation 90 'call' 'call_ln0' <Predicate = true> <Delay = 0.00> <CoreType = "Generic">   --->   Generic Core
ST_25 : Operation 91 [1/1] (0.00ns)   --->   "%br_ln63 = br void %VITIS_LOOP_90_2" [lstm_hls/rnn.cpp:63]   --->   Operation 91 'br' 'br_ln63' <Predicate = true> <Delay = 0.00>


============================================================
+ Verbose Summary: Binding
============================================================
STG Binding: 
---------------- STG Properties BEGIN ----------------
- Is combinational: 0
- Is one-state seq: 0
- Is datapath-only: 0
- Is pipelined: 0
- Is top level: 0
Port [ Return ] is wired: 1; IO mode=ap_ctrl_hs:ce=0
Port [ gate_o]:  wired=1; compound=1; hidden=0; nouse=0; global=0; static=0; extern=0; dir=2; type=1; pingpong=0; private_global=0; MemPort=[21]; IO mode=ap_memory:ce=0
Port [ h_t]:  wired=1; compound=1; hidden=0; nouse=0; global=0; static=0; extern=0; dir=2; type=1; pingpong=0; private_global=0; MemPort=[23]; IO mode=ap_memory:ce=0
Port [ stat_C]:  wired=1; compound=1; hidden=0; nouse=0; global=0; static=0; extern=0; dir=2; type=1; pingpong=0; private_global=0; MemPort=[21]; IO mode=ap_memory:ce=0
Port [ C_t]:  wired=1; compound=1; hidden=0; nouse=0; global=0; static=0; extern=0; dir=2; type=1; pingpong=0; private_global=0; MemPort=[23]; IO mode=ap_memory:ce=0
Port [ gate_i]:  wired=1; compound=1; hidden=0; nouse=0; global=0; static=0; extern=0; dir=2; type=1; pingpong=0; private_global=0; MemPort=[21]; IO mode=ap_memory:ce=0
Port [ gate_f]:  wired=1; compound=1; hidden=0; nouse=0; global=0; static=0; extern=0; dir=2; type=1; pingpong=0; private_global=0; MemPort=[21]; IO mode=ap_memory:ce=0
Port [ input_r]:  wired=1; compound=1; hidden=0; nouse=0; global=0; static=0; extern=0; dir=0; type=1; pingpong=0; private_global=0; MemPort=[13]; IO mode=ap_memory:ce=0
Port [ Weight0_f]:  wired=0; compound=1; hidden=1; nouse=1; global=1; static=1; extern=0; dir=0; type=1; pingpong=0; private_global=0; MemPort=[1]; IO mode=ap_memory:ce=0
Port [ Bias0_f]:  wired=0; compound=1; hidden=1; nouse=1; global=1; static=1; extern=0; dir=0; type=1; pingpong=0; private_global=0; MemPort=[1]; IO mode=ap_memory:ce=0
Port [ Weight0_i]:  wired=0; compound=1; hidden=1; nouse=1; global=1; static=1; extern=0; dir=0; type=1; pingpong=0; private_global=0; MemPort=[1]; IO mode=ap_memory:ce=0
Port [ Bias0_i]:  wired=0; compound=1; hidden=1; nouse=1; global=1; static=1; extern=0; dir=0; type=1; pingpong=0; private_global=0; MemPort=[1]; IO mode=ap_memory:ce=0
Port [ Weight0_c]:  wired=0; compound=1; hidden=1; nouse=1; global=1; static=1; extern=0; dir=0; type=1; pingpong=0; private_global=0; MemPort=[1]; IO mode=ap_memory:ce=0
Port [ Bias0_c]:  wired=0; compound=1; hidden=1; nouse=1; global=1; static=1; extern=0; dir=0; type=1; pingpong=0; private_global=0; MemPort=[1]; IO mode=ap_memory:ce=0
Port [ table_exp_Z1_ap_ufixed_58_1_ap_q_mode_5_ap_o_mode_3_0_array]:  wired=0; compound=1; hidden=1; nouse=1; global=1; static=1; extern=0; dir=0; type=1; pingpong=0; private_global=1; MemPort=[1]; IO mode=ap_memory:ce=0
Port [ table_f_Z3_ap_ufixed_59_0_ap_q_mode_5_ap_o_mode_3_0_array]:  wired=0; compound=1; hidden=1; nouse=1; global=1; static=1; extern=0; dir=0; type=1; pingpong=0; private_global=1; MemPort=[11]; IO mode=ap_memory:ce=0
Port [ table_f_Z2_ap_ufixed_59_0_ap_q_mode_5_ap_o_mode_3_0_array]:  wired=0; compound=1; hidden=1; nouse=1; global=1; static=1; extern=0; dir=0; type=1; pingpong=0; private_global=1; MemPort=[1]; IO mode=ap_memory:ce=0
Port [ Weight0_o]:  wired=0; compound=1; hidden=1; nouse=1; global=1; static=1; extern=0; dir=0; type=1; pingpong=0; private_global=0; MemPort=[1]; IO mode=ap_memory:ce=0
Port [ Bias0_o]:  wired=0; compound=1; hidden=1; nouse=1; global=1; static=1; extern=0; dir=0; type=1; pingpong=0; private_global=0; MemPort=[1]; IO mode=ap_memory:ce=0
---------------- STG Properties END ------------------

---------------- Datapath Model BEGIN ----------------

<LifeTime>
<method=bitvector/>
i                      (alloca           ) [ 01111111111111111111111111]
vec_tmp                (alloca           ) [ 00111111111111111111111111]
vec_i                  (alloca           ) [ 00111111111111111111111111]
store_ln63             (store            ) [ 00000000000000000000000000]
br_ln63                (br               ) [ 00000000000000000000000000]
i_9                    (load             ) [ 00000000000000000000000000]
icmp_ln63              (icmp             ) [ 00111111111111111111111111]
add_ln63               (add              ) [ 00000000000000000000000000]
br_ln63                (br               ) [ 00000000000000000000000000]
p_shl                  (bitconcatenate   ) [ 00000000000000000000000000]
tmp                    (bitconcatenate   ) [ 00000000000000000000000000]
p_shl24                (zext             ) [ 00000000000000000000000000]
empty                  (sub              ) [ 00010000000000000000000000]
store_ln63             (store            ) [ 00000000000000000000000000]
ret_ln0                (ret              ) [ 00000000000000000000000000]
call_ln63              (call             ) [ 00000000000000000000000000]
call_ln0               (call             ) [ 00000000000000000000000000]
call_ln0               (call             ) [ 00000000000000000000000000]
call_ln0               (call             ) [ 00000000000000000000000000]
call_ln0               (call             ) [ 00000000000000000000000000]
call_ln0               (call             ) [ 00000000000000000000000000]
call_ln0               (call             ) [ 00000000000000000000000000]
call_ln0               (call             ) [ 00000000000000000000000000]
call_ln0               (call             ) [ 00000000000000000000000000]
call_ln0               (call             ) [ 00000000000000000000000000]
call_ln0               (call             ) [ 00000000000000000000000000]
call_ln0               (call             ) [ 00000000000000000000000000]
call_ln0               (call             ) [ 00000000000000000000000000]
call_ln0               (call             ) [ 00000000000000000000000000]
call_ln0               (call             ) [ 00000000000000000000000000]
call_ln0               (call             ) [ 00000000000000000000000000]
call_ln0               (call             ) [ 00000000000000000000000000]
call_ln0               (call             ) [ 00000000000000000000000000]
call_ln0               (call             ) [ 00000000000000000000000000]
call_ln0               (call             ) [ 00000000000000000000000000]
call_ln0               (call             ) [ 00000000000000000000000000]
call_ln0               (call             ) [ 00000000000000000000000000]
call_ln0               (call             ) [ 00000000000000000000000000]
speclooptripcount_ln63 (speclooptripcount) [ 00000000000000000000000000]
specloopname_ln63      (specloopname     ) [ 00000000000000000000000000]
call_ln0               (call             ) [ 00000000000000000000000000]
br_ln63                (br               ) [ 00000000000000000000000000]
</LifeTime>

<model>

<comp_list>
<comp id="0" class="1000" name="gate_o">
<pin_list>
<pin id="1" dir="1" index="0" bw="1" slack="0"/>
</pin_list>
<bind>
<StgValue><ssdm name="gate_o"/><MemPortTyVec>2 1 </MemPortTyVec>
</StgValue>
</bind>
</comp>

<comp id="2" class="1000" name="h_t">
<pin_list>
<pin id="3" dir="1" index="0" bw="1" slack="0"/>
</pin_list>
<bind>
<StgValue><ssdm name="h_t"/><MemPortTyVec>2 3 </MemPortTyVec>
</StgValue>
</bind>
</comp>

<comp id="4" class="1000" name="stat_C">
<pin_list>
<pin id="5" dir="1" index="0" bw="1" slack="0"/>
</pin_list>
<bind>
<StgValue><ssdm name="stat_C"/><MemPortTyVec>2 1 </MemPortTyVec>
</StgValue>
</bind>
</comp>

<comp id="6" class="1000" name="C_t">
<pin_list>
<pin id="7" dir="1" index="0" bw="1" slack="0"/>
</pin_list>
<bind>
<StgValue><ssdm name="C_t"/><MemPortTyVec>2 3 </MemPortTyVec>
</StgValue>
</bind>
</comp>

<comp id="8" class="1000" name="gate_i">
<pin_list>
<pin id="9" dir="1" index="0" bw="1" slack="0"/>
</pin_list>
<bind>
<StgValue><ssdm name="gate_i"/><MemPortTyVec>2 1 </MemPortTyVec>
</StgValue>
</bind>
</comp>

<comp id="10" class="1000" name="gate_f">
<pin_list>
<pin id="11" dir="1" index="0" bw="1" slack="0"/>
</pin_list>
<bind>
<StgValue><ssdm name="gate_f"/><MemPortTyVec>2 1 </MemPortTyVec>
</StgValue>
</bind>
</comp>

<comp id="12" class="1000" name="input_r">
<pin_list>
<pin id="13" dir="1" index="0" bw="1" slack="0"/>
</pin_list>
<bind>
<StgValue><ssdm name="input_r"/><MemPortTyVec>1 3 </MemPortTyVec>
</StgValue>
</bind>
</comp>

<comp id="14" class="1000" name="Weight0_f">
<pin_list>
<pin id="15" dir="1" index="0" bw="1" slack="0"/>
</pin_list>
<bind>
<StgValue><ssdm name="Weight0_f"/><MemPortTyVec>1 </MemPortTyVec>
</StgValue>
</bind>
</comp>

<comp id="16" class="1000" name="Bias0_f">
<pin_list>
<pin id="17" dir="1" index="0" bw="1" slack="0"/>
</pin_list>
<bind>
<StgValue><ssdm name="Bias0_f"/><MemPortTyVec>1 </MemPortTyVec>
</StgValue>
</bind>
</comp>

<comp id="18" class="1000" name="Weight0_i">
<pin_list>
<pin id="19" dir="1" index="0" bw="1" slack="0"/>
</pin_list>
<bind>
<StgValue><ssdm name="Weight0_i"/><MemPortTyVec>1 </MemPortTyVec>
</StgValue>
</bind>
</comp>

<comp id="20" class="1000" name="Bias0_i">
<pin_list>
<pin id="21" dir="1" index="0" bw="1" slack="0"/>
</pin_list>
<bind>
<StgValue><ssdm name="Bias0_i"/><MemPortTyVec>1 </MemPortTyVec>
</StgValue>
</bind>
</comp>

<comp id="22" class="1000" name="Weight0_c">
<pin_list>
<pin id="23" dir="1" index="0" bw="1" slack="0"/>
</pin_list>
<bind>
<StgValue><ssdm name="Weight0_c"/><MemPortTyVec>1 </MemPortTyVec>
</StgValue>
</bind>
</comp>

<comp id="24" class="1000" name="Bias0_c">
<pin_list>
<pin id="25" dir="1" index="0" bw="1" slack="0"/>
</pin_list>
<bind>
<StgValue><ssdm name="Bias0_c"/><MemPortTyVec>1 </MemPortTyVec>
</StgValue>
</bind>
</comp>

<comp id="26" class="1000" name="table_exp_Z1_ap_ufixed_58_1_ap_q_mode_5_ap_o_mode_3_0_array">
<pin_list>
<pin id="27" dir="1" index="0" bw="1" slack="0"/>
</pin_list>
<bind>
<StgValue><ssdm name="table_exp_Z1_ap_ufixed_58_1_ap_q_mode_5_ap_o_mode_3_0_array"/><MemPortTyVec>1 </MemPortTyVec>
</StgValue>
</bind>
</comp>

<comp id="28" class="1000" name="table_f_Z3_ap_ufixed_59_0_ap_q_mode_5_ap_o_mode_3_0_array">
<pin_list>
<pin id="29" dir="1" index="0" bw="1" slack="0"/>
</pin_list>
<bind>
<StgValue><ssdm name="table_f_Z3_ap_ufixed_59_0_ap_q_mode_5_ap_o_mode_3_0_array"/><MemPortTyVec>1 1 </MemPortTyVec>
</StgValue>
</bind>
</comp>

<comp id="30" class="1000" name="table_f_Z2_ap_ufixed_59_0_ap_q_mode_5_ap_o_mode_3_0_array">
<pin_list>
<pin id="31" dir="1" index="0" bw="1" slack="0"/>
</pin_list>
<bind>
<StgValue><ssdm name="table_f_Z2_ap_ufixed_59_0_ap_q_mode_5_ap_o_mode_3_0_array"/><MemPortTyVec>1 </MemPortTyVec>
</StgValue>
</bind>
</comp>

<comp id="32" class="1000" name="Weight0_o">
<pin_list>
<pin id="33" dir="1" index="0" bw="1" slack="0"/>
</pin_list>
<bind>
<StgValue><ssdm name="Weight0_o"/><MemPortTyVec>1 </MemPortTyVec>
</StgValue>
</bind>
</comp>

<comp id="34" class="1000" name="Bias0_o">
<pin_list>
<pin id="35" dir="1" index="0" bw="1" slack="0"/>
</pin_list>
<bind>
<StgValue><ssdm name="Bias0_o"/><MemPortTyVec>1 </MemPortTyVec>
</StgValue>
</bind>
</comp>

<comp id="36" class="1001" name="const_36">
<pin_list>
<pin id="37" dir="1" index="0" bw="1" slack="0"/>
</pin_list>
<bind>
<StgValue><ssdm name=""/></StgValue>
</bind>
</comp>

<comp id="38" class="1001" name="const_38">
<pin_list>
<pin id="39" dir="1" index="0" bw="1" slack="0"/>
</pin_list>
<bind>
<StgValue><ssdm name=""/></StgValue>
</bind>
</comp>

<comp id="40" class="1001" name="const_40">
<pin_list>
<pin id="41" dir="1" index="0" bw="1" slack="0"/>
</pin_list>
<bind>
<StgValue><ssdm name=""/></StgValue>
</bind>
</comp>

<comp id="42" class="1001" name="const_42">
<pin_list>
<pin id="43" dir="1" index="0" bw="1" slack="0"/>
</pin_list>
<bind>
<StgValue><ssdm name=""/></StgValue>
</bind>
</comp>

<comp id="44" class="1001" name="const_44">
<pin_list>
<pin id="45" dir="1" index="0" bw="1" slack="0"/>
</pin_list>
<bind>
<StgValue><ssdm name=""/></StgValue>
</bind>
</comp>

<comp id="46" class="1001" name="const_46">
<pin_list>
<pin id="47" dir="1" index="0" bw="1" slack="0"/>
</pin_list>
<bind>
<StgValue><ssdm name="_ssdm_op_BitConcatenate.i10.i5.i5"/></StgValue>
</bind>
</comp>

<comp id="48" class="1001" name="const_48">
<pin_list>
<pin id="49" dir="1" index="0" bw="1" slack="0"/>
</pin_list>
<bind>
<StgValue><ssdm name="_ssdm_op_BitConcatenate.i7.i5.i2"/></StgValue>
</bind>
</comp>

<comp id="50" class="1001" name="const_50">
<pin_list>
<pin id="51" dir="1" index="0" bw="1" slack="0"/>
</pin_list>
<bind>
<StgValue><ssdm name=""/></StgValue>
</bind>
</comp>

<comp id="52" class="1001" name="const_52">
<pin_list>
<pin id="53" dir="1" index="0" bw="1" slack="0"/>
</pin_list>
<bind>
<StgValue><ssdm name="infer_Pipeline_VITIS_LOOP_90_2"/></StgValue>
</bind>
</comp>

<comp id="54" class="1001" name="const_54">
<pin_list>
<pin id="55" dir="1" index="0" bw="1" slack="0"/>
</pin_list>
<bind>
<StgValue><ssdm name="infer_Pipeline_10"/></StgValue>
</bind>
</comp>

<comp id="56" class="1001" name="const_56">
<pin_list>
<pin id="57" dir="1" index="0" bw="1" slack="0"/>
</pin_list>
<bind>
<StgValue><ssdm name="infer_Pipeline_14"/></StgValue>
</bind>
</comp>

<comp id="58" class="1001" name="const_58">
<pin_list>
<pin id="59" dir="1" index="0" bw="1" slack="0"/>
</pin_list>
<bind>
<StgValue><ssdm name="infer_Pipeline_18"/></StgValue>
</bind>
</comp>

<comp id="60" class="1001" name="const_60">
<pin_list>
<pin id="61" dir="1" index="0" bw="1" slack="0"/>
</pin_list>
<bind>
<StgValue><ssdm name="infer_Pipeline_22"/></StgValue>
</bind>
</comp>

<comp id="62" class="1001" name="const_62">
<pin_list>
<pin id="63" dir="1" index="0" bw="1" slack="0"/>
</pin_list>
<bind>
<StgValue><ssdm name="infer_Pipeline_VITIS_LOOP_91_3"/></StgValue>
</bind>
</comp>

<comp id="64" class="1001" name="const_64">
<pin_list>
<pin id="65" dir="1" index="0" bw="1" slack="0"/>
</pin_list>
<bind>
<StgValue><ssdm name="infer_Pipeline_VITIS_LOOP_96_4_VITIS_LOOP_96_5"/></StgValue>
</bind>
</comp>

<comp id="66" class="1001" name="const_66">
<pin_list>
<pin id="67" dir="1" index="0" bw="1" slack="0"/>
</pin_list>
<bind>
<StgValue><ssdm name="infer_Pipeline_VITIS_LOOP_34_1"/></StgValue>
</bind>
</comp>

<comp id="68" class="1001" name="const_68">
<pin_list>
<pin id="69" dir="1" index="0" bw="1" slack="0"/>
</pin_list>
<bind>
<StgValue><ssdm name="infer_Pipeline_VITIS_LOOP_103_6_VITIS_LOOP_103_7"/></StgValue>
</bind>
</comp>

<comp id="70" class="1001" name="const_70">
<pin_list>
<pin id="71" dir="1" index="0" bw="1" slack="0"/>
</pin_list>
<bind>
<StgValue><ssdm name="infer_Pipeline_VITIS_LOOP_20_1"/></StgValue>
</bind>
</comp>

<comp id="72" class="1001" name="const_72">
<pin_list>
<pin id="73" dir="1" index="0" bw="1" slack="0"/>
</pin_list>
<bind>
<StgValue><ssdm name="infer_Pipeline_VITIS_LOOP_34_11"/></StgValue>
</bind>
</comp>

<comp id="74" class="1001" name="const_74">
<pin_list>
<pin id="75" dir="1" index="0" bw="1" slack="0"/>
</pin_list>
<bind>
<StgValue><ssdm name="infer_Pipeline_VITIS_LOOP_110_8_VITIS_LOOP_110_9"/></StgValue>
</bind>
</comp>

<comp id="76" class="1001" name="const_76">
<pin_list>
<pin id="77" dir="1" index="0" bw="1" slack="0"/>
</pin_list>
<bind>
<StgValue><ssdm name="infer_Pipeline_VITIS_LOOP_20_12"/></StgValue>
</bind>
</comp>

<comp id="78" class="1001" name="const_78">
<pin_list>
<pin id="79" dir="1" index="0" bw="1" slack="0"/>
</pin_list>
<bind>
<StgValue><ssdm name="infer_Pipeline_VITIS_LOOP_34_13"/></StgValue>
</bind>
</comp>

<comp id="80" class="1001" name="const_80">
<pin_list>
<pin id="81" dir="1" index="0" bw="1" slack="0"/>
</pin_list>
<bind>
<StgValue><ssdm name="infer_Pipeline_VITIS_LOOP_117_10_VITIS_LOOP_117_11"/></StgValue>
</bind>
</comp>

<comp id="82" class="1001" name="const_82">
<pin_list>
<pin id="83" dir="1" index="0" bw="1" slack="0"/>
</pin_list>
<bind>
<StgValue><ssdm name="infer_Pipeline_VITIS_LOOP_41_1"/></StgValue>
</bind>
</comp>

<comp id="84" class="1001" name="const_84">
<pin_list>
<pin id="85" dir="1" index="0" bw="1" slack="0"/>
</pin_list>
<bind>
<StgValue><ssdm name="infer_Pipeline_VITIS_LOOP_27_1"/></StgValue>
</bind>
</comp>

<comp id="86" class="1001" name="const_86">
<pin_list>
<pin id="87" dir="1" index="0" bw="1" slack="0"/>
</pin_list>
<bind>
<StgValue><ssdm name="infer_Pipeline_VITIS_LOOP_34_14"/></StgValue>
</bind>
</comp>

<comp id="88" class="1001" name="const_88">
<pin_list>
<pin id="89" dir="1" index="0" bw="1" slack="0"/>
</pin_list>
<bind>
<StgValue><ssdm name="infer_Pipeline_VITIS_LOOP_20_15"/></StgValue>
</bind>
</comp>

<comp id="90" class="1001" name="const_90">
<pin_list>
<pin id="91" dir="1" index="0" bw="1" slack="0"/>
</pin_list>
<bind>
<StgValue><ssdm name="infer_Pipeline_VITIS_LOOP_41_16"/></StgValue>
</bind>
</comp>

<comp id="92" class="1001" name="const_92">
<pin_list>
<pin id="93" dir="1" index="0" bw="1" slack="0"/>
</pin_list>
<bind>
<StgValue><ssdm name="infer_Pipeline_VITIS_LOOP_34_17"/></StgValue>
</bind>
</comp>

<comp id="94" class="1001" name="const_94">
<pin_list>
<pin id="95" dir="1" index="0" bw="1" slack="0"/>
</pin_list>
<bind>
<StgValue><ssdm name="infer_Pipeline_29"/></StgValue>
</bind>
</comp>

<comp id="96" class="1001" name="const_96">
<pin_list>
<pin id="97" dir="1" index="0" bw="1" slack="0"/>
</pin_list>
<bind>
<StgValue><ssdm name="infer_Pipeline_VITIS_LOOP_27_18"/></StgValue>
</bind>
</comp>

<comp id="98" class="1001" name="const_98">
<pin_list>
<pin id="99" dir="1" index="0" bw="1" slack="0"/>
</pin_list>
<bind>
<StgValue><ssdm name="infer_Pipeline_VITIS_LOOP_41_19"/></StgValue>
</bind>
</comp>

<comp id="100" class="1001" name="const_100">
<pin_list>
<pin id="101" dir="1" index="0" bw="1" slack="2147483647"/>
</pin_list>
<bind>
<StgValue><ssdm name="_ssdm_op_SpecLoopTripCount"/></StgValue>
</bind>
</comp>

<comp id="102" class="1001" name="const_102">
<pin_list>
<pin id="103" dir="1" index="0" bw="1" slack="2147483647"/>
</pin_list>
<bind>
<StgValue><ssdm name=""/></StgValue>
</bind>
</comp>

<comp id="104" class="1001" name="const_104">
<pin_list>
<pin id="105" dir="1" index="0" bw="1" slack="2147483647"/>
</pin_list>
<bind>
<StgValue><ssdm name="_ssdm_op_SpecLoopName"/></StgValue>
</bind>
</comp>

<comp id="106" class="1001" name="const_106">
<pin_list>
<pin id="107" dir="1" index="0" bw="1" slack="2147483647"/>
</pin_list>
<bind>
<StgValue><ssdm name="empty_6"/></StgValue>
</bind>
</comp>

<comp id="108" class="1004" name="i_fu_108">
<pin_list>
<pin id="109" dir="0" index="0" bw="1" slack="0"/>
<pin id="110" dir="1" index="1" bw="5" slack="0"/>
</pin_list>
<bind>
<opcode="alloca(26) " fcode="alloca"/>
<opset="i/1 "/>
</bind>
</comp>

<comp id="112" class="1004" name="vec_tmp_alloca_fu_112">
<pin_list>
<pin id="113" dir="0" index="0" bw="1" slack="0"/>
<pin id="114" dir="1" index="1" bw="32" slack="2147483647"/>
</pin_list>
<bind>
<opcode="alloca(26) " fcode="alloca"/>
<opset="vec_tmp/1 "/>
</bind>
</comp>

<comp id="116" class="1004" name="vec_i_alloca_fu_116">
<pin_list>
<pin id="117" dir="0" index="0" bw="1" slack="0"/>
<pin id="118" dir="1" index="1" bw="32" slack="2147483647"/>
</pin_list>
<bind>
<opcode="alloca(26) " fcode="alloca"/>
<opset="vec_i/1 "/>
</bind>
</comp>

<comp id="120" class="1004" name="grp_infer_Pipeline_VITIS_LOOP_90_2_fu_120">
<pin_list>
<pin id="121" dir="0" index="0" bw="0" slack="0"/>
<pin id="122" dir="0" index="1" bw="10" slack="0"/>
<pin id="123" dir="0" index="2" bw="32" slack="0"/>
<pin id="124" dir="0" index="3" bw="32" slack="2147483647"/>
<pin id="125" dir="1" index="4" bw="0" slack="2147483647"/>
</pin_list>
<bind>
<opcode="call(48) " fcode="call"/>
<opset="call_ln63/2 "/>
</bind>
</comp>

<comp id="128" class="1004" name="grp_infer_Pipeline_10_fu_128">
<pin_list>
<pin id="129" dir="0" index="0" bw="0" slack="0"/>
<pin id="130" dir="0" index="1" bw="32" slack="0"/>
<pin id="131" dir="1" index="2" bw="0" slack="2147483647"/>
</pin_list>
<bind>
<opcode="call(48) " fcode="call"/>
<opset="call_ln0/2 "/>
</bind>
</comp>

<comp id="134" class="1004" name="grp_infer_Pipeline_14_fu_134">
<pin_list>
<pin id="135" dir="0" index="0" bw="0" slack="0"/>
<pin id="136" dir="0" index="1" bw="32" slack="0"/>
<pin id="137" dir="1" index="2" bw="0" slack="2147483647"/>
</pin_list>
<bind>
<opcode="call(48) " fcode="call"/>
<opset="call_ln0/2 "/>
</bind>
</comp>

<comp id="140" class="1004" name="grp_infer_Pipeline_18_fu_140">
<pin_list>
<pin id="141" dir="0" index="0" bw="0" slack="0"/>
<pin id="142" dir="0" index="1" bw="32" slack="2147483647"/>
<pin id="143" dir="1" index="2" bw="0" slack="2147483647"/>
</pin_list>
<bind>
<opcode="call(48) " fcode="call"/>
<opset="call_ln0/2 "/>
</bind>
</comp>

<comp id="145" class="1004" name="grp_infer_Pipeline_22_fu_145">
<pin_list>
<pin id="146" dir="0" index="0" bw="0" slack="0"/>
<pin id="147" dir="0" index="1" bw="32" slack="0"/>
<pin id="148" dir="1" index="2" bw="0" slack="2147483647"/>
</pin_list>
<bind>
<opcode="call(48) " fcode="call"/>
<opset="call_ln0/2 "/>
</bind>
</comp>

<comp id="151" class="1004" name="grp_infer_Pipeline_VITIS_LOOP_91_3_fu_151">
<pin_list>
<pin id="152" dir="0" index="0" bw="0" slack="0"/>
<pin id="153" dir="0" index="1" bw="32" slack="0"/>
<pin id="154" dir="0" index="2" bw="32" slack="2147483647"/>
<pin id="155" dir="1" index="3" bw="0" slack="2147483647"/>
</pin_list>
<bind>
<opcode="call(48) " fcode="call"/>
<opset="call_ln0/4 "/>
</bind>
</comp>

<comp id="158" class="1004" name="grp_infer_Pipeline_VITIS_LOOP_96_4_VITIS_LOOP_96_5_fu_158">
<pin_list>
<pin id="159" dir="0" index="0" bw="0" slack="0"/>
<pin id="160" dir="0" index="1" bw="32" slack="2147483647"/>
<pin id="161" dir="0" index="2" bw="32" slack="0"/>
<pin id="162" dir="0" index="3" bw="32" slack="0"/>
<pin id="163" dir="1" index="4" bw="0" slack="2147483647"/>
</pin_list>
<bind>
<opcode="call(48) " fcode="call"/>
<opset="call_ln0/6 "/>
</bind>
</comp>

<comp id="167" class="1004" name="grp_infer_Pipeline_VITIS_LOOP_34_1_fu_167">
<pin_list>
<pin id="168" dir="0" index="0" bw="0" slack="0"/>
<pin id="169" dir="0" index="1" bw="32" slack="0"/>
<pin id="170" dir="0" index="2" bw="32" slack="0"/>
<pin id="171" dir="1" index="3" bw="0" slack="2147483647"/>
</pin_list>
<bind>
<opcode="call(48) " fcode="call"/>
<opset="call_ln0/8 "/>
</bind>
</comp>

<comp id="175" class="1004" name="grp_infer_Pipeline_VITIS_LOOP_103_6_VITIS_LOOP_103_7_fu_175">
<pin_list>
<pin id="176" dir="0" index="0" bw="0" slack="0"/>
<pin id="177" dir="0" index="1" bw="32" slack="2147483647"/>
<pin id="178" dir="0" index="2" bw="32" slack="0"/>
<pin id="179" dir="0" index="3" bw="32" slack="0"/>
<pin id="180" dir="1" index="4" bw="0" slack="2147483647"/>
</pin_list>
<bind>
<opcode="call(48) " fcode="call"/>
<opset="call_ln0/8 "/>
</bind>
</comp>

<comp id="184" class="1004" name="grp_infer_Pipeline_VITIS_LOOP_20_1_fu_184">
<pin_list>
<pin id="185" dir="0" index="0" bw="0" slack="0"/>
<pin id="186" dir="0" index="1" bw="32" slack="0"/>
<pin id="187" dir="1" index="2" bw="0" slack="2147483647"/>
</pin_list>
<bind>
<opcode="call(48) " fcode="call"/>
<opset="call_ln0/10 "/>
</bind>
</comp>

<comp id="190" class="1004" name="grp_infer_Pipeline_VITIS_LOOP_34_11_fu_190">
<pin_list>
<pin id="191" dir="0" index="0" bw="0" slack="0"/>
<pin id="192" dir="0" index="1" bw="32" slack="0"/>
<pin id="193" dir="0" index="2" bw="32" slack="0"/>
<pin id="194" dir="1" index="3" bw="0" slack="2147483647"/>
</pin_list>
<bind>
<opcode="call(48) " fcode="call"/>
<opset="call_ln0/10 "/>
</bind>
</comp>

<comp id="198" class="1004" name="grp_infer_Pipeline_VITIS_LOOP_110_8_VITIS_LOOP_110_9_fu_198">
<pin_list>
<pin id="199" dir="0" index="0" bw="0" slack="0"/>
<pin id="200" dir="0" index="1" bw="32" slack="2147483647"/>
<pin id="201" dir="0" index="2" bw="32" slack="2147483647"/>
<pin id="202" dir="0" index="3" bw="32" slack="0"/>
<pin id="203" dir="1" index="4" bw="0" slack="2147483647"/>
</pin_list>
<bind>
<opcode="call(48) " fcode="call"/>
<opset="call_ln0/10 "/>
</bind>
</comp>

<comp id="206" class="1004" name="grp_infer_Pipeline_VITIS_LOOP_20_12_fu_206">
<pin_list>
<pin id="207" dir="0" index="0" bw="0" slack="0"/>
<pin id="208" dir="0" index="1" bw="32" slack="0"/>
<pin id="209" dir="1" index="2" bw="0" slack="2147483647"/>
</pin_list>
<bind>
<opcode="call(48) " fcode="call"/>
<opset="call_ln0/12 "/>
</bind>
</comp>

<comp id="212" class="1004" name="grp_infer_Pipeline_VITIS_LOOP_34_13_fu_212">
<pin_list>
<pin id="213" dir="0" index="0" bw="0" slack="0"/>
<pin id="214" dir="0" index="1" bw="32" slack="2147483647"/>
<pin id="215" dir="0" index="2" bw="32" slack="0"/>
<pin id="216" dir="1" index="3" bw="0" slack="2147483647"/>
</pin_list>
<bind>
<opcode="call(48) " fcode="call"/>
<opset="call_ln0/12 "/>
</bind>
</comp>

<comp id="219" class="1004" name="grp_infer_Pipeline_VITIS_LOOP_117_10_VITIS_LOOP_117_11_fu_219">
<pin_list>
<pin id="220" dir="0" index="0" bw="0" slack="0"/>
<pin id="221" dir="0" index="1" bw="32" slack="2147483647"/>
<pin id="222" dir="0" index="2" bw="32" slack="0"/>
<pin id="223" dir="0" index="3" bw="32" slack="0"/>
<pin id="224" dir="1" index="4" bw="0" slack="2147483647"/>
</pin_list>
<bind>
<opcode="call(48) " fcode="call"/>
<opset="call_ln0/12 "/>
</bind>
</comp>

<comp id="228" class="1004" name="grp_infer_Pipeline_VITIS_LOOP_41_1_fu_228">
<pin_list>
<pin id="229" dir="0" index="0" bw="0" slack="0"/>
<pin id="230" dir="0" index="1" bw="32" slack="0"/>
<pin id="231" dir="0" index="2" bw="32" slack="0"/>
<pin id="232" dir="0" index="3" bw="32" slack="0"/>
<pin id="233" dir="1" index="4" bw="0" slack="2147483647"/>
</pin_list>
<bind>
<opcode="call(48) " fcode="call"/>
<opset="call_ln0/12 "/>
</bind>
</comp>

<comp id="238" class="1004" name="grp_infer_Pipeline_VITIS_LOOP_27_1_fu_238">
<pin_list>
<pin id="239" dir="0" index="0" bw="0" slack="0"/>
<pin id="240" dir="0" index="1" bw="32" slack="2147483647"/>
<pin id="241" dir="0" index="2" bw="58" slack="0"/>
<pin id="242" dir="0" index="3" bw="26" slack="0"/>
<pin id="243" dir="0" index="4" bw="42" slack="0"/>
<pin id="244" dir="1" index="5" bw="0" slack="2147483647"/>
</pin_list>
<bind>
<opcode="call(48) " fcode="call"/>
<opset="call_ln0/14 "/>
</bind>
</comp>

<comp id="249" class="1004" name="grp_infer_Pipeline_VITIS_LOOP_34_14_fu_249">
<pin_list>
<pin id="250" dir="0" index="0" bw="0" slack="0"/>
<pin id="251" dir="0" index="1" bw="32" slack="0"/>
<pin id="252" dir="0" index="2" bw="32" slack="0"/>
<pin id="253" dir="1" index="3" bw="0" slack="2147483647"/>
</pin_list>
<bind>
<opcode="call(48) " fcode="call"/>
<opset="call_ln0/14 "/>
</bind>
</comp>

<comp id="257" class="1004" name="grp_infer_Pipeline_VITIS_LOOP_20_15_fu_257">
<pin_list>
<pin id="258" dir="0" index="0" bw="0" slack="0"/>
<pin id="259" dir="0" index="1" bw="32" slack="0"/>
<pin id="260" dir="1" index="2" bw="0" slack="2147483647"/>
</pin_list>
<bind>
<opcode="call(48) " fcode="call"/>
<opset="call_ln0/16 "/>
</bind>
</comp>

<comp id="263" class="1004" name="grp_infer_Pipeline_VITIS_LOOP_41_16_fu_263">
<pin_list>
<pin id="264" dir="0" index="0" bw="0" slack="0"/>
<pin id="265" dir="0" index="1" bw="32" slack="0"/>
<pin id="266" dir="0" index="2" bw="32" slack="2147483647"/>
<pin id="267" dir="1" index="3" bw="0" slack="2147483647"/>
</pin_list>
<bind>
<opcode="call(48) " fcode="call"/>
<opset="call_ln0/16 "/>
</bind>
</comp>

<comp id="270" class="1004" name="grp_infer_Pipeline_VITIS_LOOP_34_17_fu_270">
<pin_list>
<pin id="271" dir="0" index="0" bw="0" slack="0"/>
<pin id="272" dir="0" index="1" bw="32" slack="2147483647"/>
<pin id="273" dir="0" index="2" bw="32" slack="0"/>
<pin id="274" dir="1" index="3" bw="0" slack="2147483647"/>
</pin_list>
<bind>
<opcode="call(48) " fcode="call"/>
<opset="call_ln0/18 "/>
</bind>
</comp>

<comp id="277" class="1004" name="grp_infer_Pipeline_29_fu_277">
<pin_list>
<pin id="278" dir="0" index="0" bw="0" slack="0"/>
<pin id="279" dir="0" index="1" bw="32" slack="0"/>
<pin id="280" dir="0" index="2" bw="32" slack="0"/>
<pin id="281" dir="1" index="3" bw="0" slack="2147483647"/>
</pin_list>
<bind>
<opcode="call(48) " fcode="call"/>
<opset="call_ln0/20 "/>
</bind>
</comp>

<comp id="285" class="1004" name="grp_infer_Pipeline_VITIS_LOOP_27_18_fu_285">
<pin_list>
<pin id="286" dir="0" index="0" bw="0" slack="0"/>
<pin id="287" dir="0" index="1" bw="32" slack="0"/>
<pin id="288" dir="0" index="2" bw="32" slack="2147483647"/>
<pin id="289" dir="0" index="3" bw="58" slack="0"/>
<pin id="290" dir="0" index="4" bw="26" slack="0"/>
<pin id="291" dir="0" index="5" bw="42" slack="0"/>
<pin id="292" dir="1" index="6" bw="0" slack="2147483647"/>
</pin_list>
<bind>
<opcode="call(48) " fcode="call"/>
<opset="call_ln0/22 "/>
</bind>
</comp>

<comp id="298" class="1004" name="grp_infer_Pipeline_VITIS_LOOP_41_19_fu_298">
<pin_list>
<pin id="299" dir="0" index="0" bw="0" slack="0"/>
<pin id="300" dir="0" index="1" bw="32" slack="0"/>
<pin id="301" dir="0" index="2" bw="32" slack="2147483647"/>
<pin id="302" dir="0" index="3" bw="32" slack="0"/>
<pin id="303" dir="1" index="4" bw="0" slack="2147483647"/>
</pin_list>
<bind>
<opcode="call(48) " fcode="call"/>
<opset="call_ln0/24 "/>
</bind>
</comp>

<comp id="307" class="1004" name="store_ln63_store_fu_307">
<pin_list>
<pin id="308" dir="0" index="0" bw="1" slack="0"/>
<pin id="309" dir="0" index="1" bw="5" slack="0"/>
<pin id="310" dir="1" index="2" bw="0" slack="2147483647"/>
</pin_list>
<bind>
<opcode="store(28) " fcode="store"/>
<opset="store_ln63/1 "/>
</bind>
</comp>

<comp id="312" class="1004" name="i_9_load_fu_312">
<pin_list>
<pin id="313" dir="0" index="0" bw="5" slack="1"/>
<pin id="314" dir="1" index="1" bw="5" slack="0"/>
</pin_list>
<bind>
<opcode="load(27) " fcode="load"/>
<opset="i_9/2 "/>
</bind>
</comp>

<comp id="315" class="1004" name="icmp_ln63_fu_315">
<pin_list>
<pin id="316" dir="0" index="0" bw="5" slack="0"/>
<pin id="317" dir="0" index="1" bw="3" slack="0"/>
<pin id="318" dir="1" index="2" bw="1" slack="2147483647"/>
</pin_list>
<bind>
<opcode="icmp(45) " fcode="icmp"/>
<opset="icmp_ln63/2 "/>
</bind>
</comp>

<comp id="321" class="1004" name="add_ln63_fu_321">
<pin_list>
<pin id="322" dir="0" index="0" bw="5" slack="0"/>
<pin id="323" dir="0" index="1" bw="1" slack="0"/>
<pin id="324" dir="1" index="2" bw="5" slack="0"/>
</pin_list>
<bind>
<opcode="add(8) " fcode="add"/>
<opset="add_ln63/2 "/>
</bind>
</comp>

<comp id="327" class="1004" name="p_shl_fu_327">
<pin_list>
<pin id="328" dir="0" index="0" bw="10" slack="0"/>
<pin id="329" dir="0" index="1" bw="5" slack="0"/>
<pin id="330" dir="0" index="2" bw="1" slack="0"/>
<pin id="331" dir="1" index="3" bw="10" slack="0"/>
</pin_list>
<bind>
<opcode="bitconcatenate(1004) " fcode="bitconcatenate"/>
<opset="p_shl/2 "/>
</bind>
</comp>

<comp id="335" class="1004" name="tmp_fu_335">
<pin_list>
<pin id="336" dir="0" index="0" bw="7" slack="0"/>
<pin id="337" dir="0" index="1" bw="5" slack="0"/>
<pin id="338" dir="0" index="2" bw="1" slack="0"/>
<pin id="339" dir="1" index="3" bw="7" slack="0"/>
</pin_list>
<bind>
<opcode="bitconcatenate(1004) " fcode="bitconcatenate"/>
<opset="tmp/2 "/>
</bind>
</comp>

<comp id="343" class="1004" name="p_shl24_fu_343">
<pin_list>
<pin id="344" dir="0" index="0" bw="7" slack="0"/>
<pin id="345" dir="1" index="1" bw="10" slack="0"/>
</pin_list>
<bind>
<opcode="zext(34) " fcode="zext"/>
<opset="p_shl24/2 "/>
</bind>
</comp>

<comp id="347" class="1004" name="empty_fu_347">
<pin_list>
<pin id="348" dir="0" index="0" bw="10" slack="0"/>
<pin id="349" dir="0" index="1" bw="7" slack="0"/>
<pin id="350" dir="1" index="2" bw="10" slack="0"/>
</pin_list>
<bind>
<opcode="sub(10) " fcode="sub"/>
<opset="empty/2 "/>
</bind>
</comp>

<comp id="354" class="1004" name="store_ln63_store_fu_354">
<pin_list>
<pin id="355" dir="0" index="0" bw="5" slack="0"/>
<pin id="356" dir="0" index="1" bw="5" slack="1"/>
<pin id="357" dir="1" index="2" bw="0" slack="2147483647"/>
</pin_list>
<bind>
<opcode="store(28) " fcode="store"/>
<opset="store_ln63/2 "/>
</bind>
</comp>

<comp id="359" class="1005" name="i_reg_359">
<pin_list>
<pin id="360" dir="0" index="0" bw="5" slack="0"/>
<pin id="361" dir="1" index="1" bw="5" slack="0"/>
</pin_list>
<bind>
<opset="i "/>
</bind>
</comp>

<comp id="369" class="1005" name="empty_reg_369">
<pin_list>
<pin id="370" dir="0" index="0" bw="10" slack="1"/>
<pin id="371" dir="1" index="1" bw="10" slack="1"/>
</pin_list>
<bind>
<opset="empty "/>
</bind>
</comp>

</comp_list>

<net_list>
<net id="111"><net_src comp="36" pin="0"/><net_sink comp="108" pin=0"/></net>

<net id="115"><net_src comp="38" pin="0"/><net_sink comp="112" pin=0"/></net>

<net id="119"><net_src comp="38" pin="0"/><net_sink comp="116" pin=0"/></net>

<net id="126"><net_src comp="52" pin="0"/><net_sink comp="120" pin=0"/></net>

<net id="127"><net_src comp="12" pin="0"/><net_sink comp="120" pin=2"/></net>

<net id="132"><net_src comp="54" pin="0"/><net_sink comp="128" pin=0"/></net>

<net id="133"><net_src comp="10" pin="0"/><net_sink comp="128" pin=1"/></net>

<net id="138"><net_src comp="56" pin="0"/><net_sink comp="134" pin=0"/></net>

<net id="139"><net_src comp="8" pin="0"/><net_sink comp="134" pin=1"/></net>

<net id="144"><net_src comp="58" pin="0"/><net_sink comp="140" pin=0"/></net>

<net id="149"><net_src comp="60" pin="0"/><net_sink comp="145" pin=0"/></net>

<net id="150"><net_src comp="0" pin="0"/><net_sink comp="145" pin=1"/></net>

<net id="156"><net_src comp="62" pin="0"/><net_sink comp="151" pin=0"/></net>

<net id="157"><net_src comp="2" pin="0"/><net_sink comp="151" pin=1"/></net>

<net id="164"><net_src comp="64" pin="0"/><net_sink comp="158" pin=0"/></net>

<net id="165"><net_src comp="10" pin="0"/><net_sink comp="158" pin=2"/></net>

<net id="166"><net_src comp="14" pin="0"/><net_sink comp="158" pin=3"/></net>

<net id="172"><net_src comp="66" pin="0"/><net_sink comp="167" pin=0"/></net>

<net id="173"><net_src comp="10" pin="0"/><net_sink comp="167" pin=1"/></net>

<net id="174"><net_src comp="16" pin="0"/><net_sink comp="167" pin=2"/></net>

<net id="181"><net_src comp="68" pin="0"/><net_sink comp="175" pin=0"/></net>

<net id="182"><net_src comp="8" pin="0"/><net_sink comp="175" pin=2"/></net>

<net id="183"><net_src comp="18" pin="0"/><net_sink comp="175" pin=3"/></net>

<net id="188"><net_src comp="70" pin="0"/><net_sink comp="184" pin=0"/></net>

<net id="189"><net_src comp="10" pin="0"/><net_sink comp="184" pin=1"/></net>

<net id="195"><net_src comp="72" pin="0"/><net_sink comp="190" pin=0"/></net>

<net id="196"><net_src comp="8" pin="0"/><net_sink comp="190" pin=1"/></net>

<net id="197"><net_src comp="20" pin="0"/><net_sink comp="190" pin=2"/></net>

<net id="204"><net_src comp="74" pin="0"/><net_sink comp="198" pin=0"/></net>

<net id="205"><net_src comp="22" pin="0"/><net_sink comp="198" pin=3"/></net>

<net id="210"><net_src comp="76" pin="0"/><net_sink comp="206" pin=0"/></net>

<net id="211"><net_src comp="8" pin="0"/><net_sink comp="206" pin=1"/></net>

<net id="217"><net_src comp="78" pin="0"/><net_sink comp="212" pin=0"/></net>

<net id="218"><net_src comp="24" pin="0"/><net_sink comp="212" pin=2"/></net>

<net id="225"><net_src comp="80" pin="0"/><net_sink comp="219" pin=0"/></net>

<net id="226"><net_src comp="0" pin="0"/><net_sink comp="219" pin=2"/></net>

<net id="227"><net_src comp="32" pin="0"/><net_sink comp="219" pin=3"/></net>

<net id="234"><net_src comp="82" pin="0"/><net_sink comp="228" pin=0"/></net>

<net id="235"><net_src comp="10" pin="0"/><net_sink comp="228" pin=1"/></net>

<net id="236"><net_src comp="6" pin="0"/><net_sink comp="228" pin=2"/></net>

<net id="237"><net_src comp="4" pin="0"/><net_sink comp="228" pin=3"/></net>

<net id="245"><net_src comp="84" pin="0"/><net_sink comp="238" pin=0"/></net>

<net id="246"><net_src comp="26" pin="0"/><net_sink comp="238" pin=2"/></net>

<net id="247"><net_src comp="28" pin="0"/><net_sink comp="238" pin=3"/></net>

<net id="248"><net_src comp="30" pin="0"/><net_sink comp="238" pin=4"/></net>

<net id="254"><net_src comp="86" pin="0"/><net_sink comp="249" pin=0"/></net>

<net id="255"><net_src comp="0" pin="0"/><net_sink comp="249" pin=1"/></net>

<net id="256"><net_src comp="34" pin="0"/><net_sink comp="249" pin=2"/></net>

<net id="261"><net_src comp="88" pin="0"/><net_sink comp="257" pin=0"/></net>

<net id="262"><net_src comp="0" pin="0"/><net_sink comp="257" pin=1"/></net>

<net id="268"><net_src comp="90" pin="0"/><net_sink comp="263" pin=0"/></net>

<net id="269"><net_src comp="8" pin="0"/><net_sink comp="263" pin=1"/></net>

<net id="275"><net_src comp="92" pin="0"/><net_sink comp="270" pin=0"/></net>

<net id="276"><net_src comp="4" pin="0"/><net_sink comp="270" pin=2"/></net>

<net id="282"><net_src comp="94" pin="0"/><net_sink comp="277" pin=0"/></net>

<net id="283"><net_src comp="4" pin="0"/><net_sink comp="277" pin=1"/></net>

<net id="284"><net_src comp="6" pin="0"/><net_sink comp="277" pin=2"/></net>

<net id="293"><net_src comp="96" pin="0"/><net_sink comp="285" pin=0"/></net>

<net id="294"><net_src comp="4" pin="0"/><net_sink comp="285" pin=1"/></net>

<net id="295"><net_src comp="26" pin="0"/><net_sink comp="285" pin=3"/></net>

<net id="296"><net_src comp="28" pin="0"/><net_sink comp="285" pin=4"/></net>

<net id="297"><net_src comp="30" pin="0"/><net_sink comp="285" pin=5"/></net>

<net id="304"><net_src comp="98" pin="0"/><net_sink comp="298" pin=0"/></net>

<net id="305"><net_src comp="0" pin="0"/><net_sink comp="298" pin=1"/></net>

<net id="306"><net_src comp="2" pin="0"/><net_sink comp="298" pin=3"/></net>

<net id="311"><net_src comp="40" pin="0"/><net_sink comp="307" pin=0"/></net>

<net id="319"><net_src comp="312" pin="1"/><net_sink comp="315" pin=0"/></net>

<net id="320"><net_src comp="42" pin="0"/><net_sink comp="315" pin=1"/></net>

<net id="325"><net_src comp="312" pin="1"/><net_sink comp="321" pin=0"/></net>

<net id="326"><net_src comp="44" pin="0"/><net_sink comp="321" pin=1"/></net>

<net id="332"><net_src comp="46" pin="0"/><net_sink comp="327" pin=0"/></net>

<net id="333"><net_src comp="312" pin="1"/><net_sink comp="327" pin=1"/></net>

<net id="334"><net_src comp="40" pin="0"/><net_sink comp="327" pin=2"/></net>

<net id="340"><net_src comp="48" pin="0"/><net_sink comp="335" pin=0"/></net>

<net id="341"><net_src comp="312" pin="1"/><net_sink comp="335" pin=1"/></net>

<net id="342"><net_src comp="50" pin="0"/><net_sink comp="335" pin=2"/></net>

<net id="346"><net_src comp="335" pin="3"/><net_sink comp="343" pin=0"/></net>

<net id="351"><net_src comp="327" pin="3"/><net_sink comp="347" pin=0"/></net>

<net id="352"><net_src comp="343" pin="1"/><net_sink comp="347" pin=1"/></net>

<net id="353"><net_src comp="347" pin="2"/><net_sink comp="120" pin=1"/></net>

<net id="358"><net_src comp="321" pin="2"/><net_sink comp="354" pin=0"/></net>

<net id="362"><net_src comp="108" pin="1"/><net_sink comp="359" pin=0"/></net>

<net id="363"><net_src comp="359" pin="1"/><net_sink comp="307" pin=1"/></net>

<net id="364"><net_src comp="359" pin="1"/><net_sink comp="312" pin=0"/></net>

<net id="365"><net_src comp="359" pin="1"/><net_sink comp="354" pin=1"/></net>

<net id="372"><net_src comp="347" pin="2"/><net_sink comp="369" pin=0"/></net>

<net id="373"><net_src comp="369" pin="1"/><net_sink comp="120" pin=1"/></net>

</net_list>

</model> 
---------------- Datapath Model END ------------------

* FSMD analyzer results:
  - Output states:
	Port: gate_o | {2 3 12 13 14 15 16 17 }
	Port: h_t | {24 25 }
	Port: stat_C | {12 13 18 19 }
	Port: C_t | {20 21 }
	Port: gate_i | {2 3 8 9 10 11 12 13 }
	Port: gate_f | {2 3 6 7 8 9 10 11 }
 - Input state : 
	Port: infer_Outline_VITIS_LOOP_63_1 : gate_o | {12 13 14 15 16 17 24 25 }
	Port: infer_Outline_VITIS_LOOP_63_1 : h_t | {4 5 }
	Port: infer_Outline_VITIS_LOOP_63_1 : stat_C | {18 19 20 21 22 23 }
	Port: infer_Outline_VITIS_LOOP_63_1 : C_t | {12 13 }
	Port: infer_Outline_VITIS_LOOP_63_1 : gate_i | {8 9 10 11 12 13 16 17 }
	Port: infer_Outline_VITIS_LOOP_63_1 : gate_f | {6 7 8 9 10 11 12 13 }
	Port: infer_Outline_VITIS_LOOP_63_1 : input_r | {2 3 }
	Port: infer_Outline_VITIS_LOOP_63_1 : Weight0_f | {6 7 }
	Port: infer_Outline_VITIS_LOOP_63_1 : Bias0_f | {8 9 }
	Port: infer_Outline_VITIS_LOOP_63_1 : Weight0_i | {8 9 }
	Port: infer_Outline_VITIS_LOOP_63_1 : Bias0_i | {10 11 }
	Port: infer_Outline_VITIS_LOOP_63_1 : Weight0_c | {10 11 }
	Port: infer_Outline_VITIS_LOOP_63_1 : Bias0_c | {12 13 }
	Port: infer_Outline_VITIS_LOOP_63_1 : table_exp_Z1_ap_ufixed_58_1_ap_q_mode_5_ap_o_mode_3_0_array | {14 15 22 23 }
	Port: infer_Outline_VITIS_LOOP_63_1 : table_f_Z3_ap_ufixed_59_0_ap_q_mode_5_ap_o_mode_3_0_array | {14 15 22 23 }
	Port: infer_Outline_VITIS_LOOP_63_1 : table_f_Z2_ap_ufixed_59_0_ap_q_mode_5_ap_o_mode_3_0_array | {14 15 22 23 }
	Port: infer_Outline_VITIS_LOOP_63_1 : Weight0_o | {12 13 }
	Port: infer_Outline_VITIS_LOOP_63_1 : Bias0_o | {14 15 }
  - Chain level:
	State 1
		store_ln63 : 1
	State 2
		icmp_ln63 : 1
		add_ln63 : 1
		br_ln63 : 2
		p_shl : 1
		tmp : 1
		p_shl24 : 2
		empty : 3
		call_ln63 : 4
		store_ln63 : 2
	State 3
	State 4
	State 5
	State 6
	State 7
	State 8
	State 9
	State 10
	State 11
	State 12
	State 13
	State 14
	State 15
	State 16
	State 17
	State 18
	State 19
	State 20
	State 21
	State 22
	State 23
	State 24
	State 25


============================================================
+ Verbose Summary: Datapath Resource usage 
============================================================

* Functional unit list:
|----------|---------------------------------------------------------------|---------|---------|---------|---------|
| Operation|                        Functional Unit                        |   DSP   |  Delay  |    FF   |   LUT   |
|----------|---------------------------------------------------------------|---------|---------|---------|---------|
|          |           grp_infer_Pipeline_VITIS_LOOP_90_2_fu_120           |    0    |  1.588  |    20   |    48   |
|          |                  grp_infer_Pipeline_10_fu_128                 |    0    |    0    |    8    |    30   |
|          |                  grp_infer_Pipeline_14_fu_134                 |    0    |    0    |    8    |    30   |
|          |                  grp_infer_Pipeline_18_fu_140                 |    0    |    0    |    8    |    30   |
|          |                  grp_infer_Pipeline_22_fu_145                 |    0    |    0    |    8    |    30   |
|          |           grp_infer_Pipeline_VITIS_LOOP_91_3_fu_151           |    0    |  1.588  |    23   |    54   |
|          |   grp_infer_Pipeline_VITIS_LOOP_96_4_VITIS_LOOP_96_5_fu_158   |    5    |  6.352  |   667   |   949   |
|          |           grp_infer_Pipeline_VITIS_LOOP_34_1_fu_167           |    2    |  3.176  |   324   |   438   |
|          |  grp_infer_Pipeline_VITIS_LOOP_103_6_VITIS_LOOP_103_7_fu_175  |    5    |  6.352  |   667   |   949   |
|          |           grp_infer_Pipeline_VITIS_LOOP_20_1_fu_184           |    9    |  3.176  |   698   |   1358  |
|          |           grp_infer_Pipeline_VITIS_LOOP_34_11_fu_190          |    2    |  3.176  |   324   |   438   |
|   call   |  grp_infer_Pipeline_VITIS_LOOP_110_8_VITIS_LOOP_110_9_fu_198  |    5    |  6.352  |   667   |   949   |
|          |           grp_infer_Pipeline_VITIS_LOOP_20_12_fu_206          |    9    |  3.176  |   698   |   1358  |
|          |           grp_infer_Pipeline_VITIS_LOOP_34_13_fu_212          |    2    |  3.176  |   324   |   438   |
|          | grp_infer_Pipeline_VITIS_LOOP_117_10_VITIS_LOOP_117_11_fu_219 |    5    |  6.352  |   667   |   949   |
|          |           grp_infer_Pipeline_VITIS_LOOP_41_1_fu_228           |    3    |  3.176  |   326   |   369   |
|          |           grp_infer_Pipeline_VITIS_LOOP_27_1_fu_238           |    45   | 30.4106 |   5803  |   6602  |
|          |           grp_infer_Pipeline_VITIS_LOOP_34_14_fu_249          |    2    |  3.176  |   324   |   438   |
|          |           grp_infer_Pipeline_VITIS_LOOP_20_15_fu_257          |    9    |  3.176  |   698   |   1358  |
|          |           grp_infer_Pipeline_VITIS_LOOP_41_16_fu_263          |    3    |  3.176  |   262   |   369   |
|          |           grp_infer_Pipeline_VITIS_LOOP_34_17_fu_270          |    2    |  3.176  |   324   |   438   |
|          |                  grp_infer_Pipeline_29_fu_277                 |    0    |  1.588  |    79   |    39   |
|          |           grp_infer_Pipeline_VITIS_LOOP_27_18_fu_285          |    45   | 30.4106 |   5867  |   6602  |
|          |           grp_infer_Pipeline_VITIS_LOOP_41_19_fu_298          |    3    |  3.176  |   326   |   369   |
|----------|---------------------------------------------------------------|---------|---------|---------|---------|
|   icmp   |                        icmp_ln63_fu_315                       |    0    |    0    |    0    |    13   |
|----------|---------------------------------------------------------------|---------|---------|---------|---------|
|    add   |                        add_ln63_fu_321                        |    0    |    0    |    0    |    13   |
|----------|---------------------------------------------------------------|---------|---------|---------|---------|
|    sub   |                          empty_fu_347                         |    0    |    0    |    0    |    13   |
|----------|---------------------------------------------------------------|---------|---------|---------|---------|
|bitconcatenate|                          p_shl_fu_327                         |    0    |    0    |    0    |    0    |
|          |                           tmp_fu_335                          |    0    |    0    |    0    |    0    |
|----------|---------------------------------------------------------------|---------|---------|---------|---------|
|   zext   |                         p_shl24_fu_343                        |    0    |    0    |    0    |    0    |
|----------|---------------------------------------------------------------|---------|---------|---------|---------|
|   Total  |                                                               |   156   | 125.929 |  19120  |  24671  |
|----------|---------------------------------------------------------------|---------|---------|---------|---------|

Memories:
+-------+--------+--------+--------+--------+
|       |  BRAM  |   FF   |   LUT  |  URAM  |
+-------+--------+--------+--------+--------+
| vec_i |    1   |    0   |    0   |    0   |
|vec_tmp|    2   |    0   |    0   |    0   |
+-------+--------+--------+--------+--------+
| Total |    3   |    0   |    0   |    0   |
+-------+--------+--------+--------+--------+

* Register list:
+-------------+--------+
|             |   FF   |
+-------------+--------+
|empty_reg_369|   10   |
|  i_reg_359  |    5   |
+-------------+--------+
|    Total    |   15   |
+-------------+--------+

* Multiplexer (MUX) list: 
|-------------------------------------------|------|------|------|--------||---------||---------||---------|
|                    Comp                   |  Pin | Size |  BW  | S x BW ||  Delay  ||    FF   ||   LUT   |
|-------------------------------------------|------|------|------|--------||---------||---------||---------|
| grp_infer_Pipeline_VITIS_LOOP_90_2_fu_120 |  p1  |   2  |  10  |   20   ||    0    ||    9    |
|-------------------------------------------|------|------|------|--------||---------||---------||---------|
|                   Total                   |      |      |      |   20   ||  1.588  ||    0    ||    9    |
|-------------------------------------------|------|------|------|--------||---------||---------||---------|



* Summary:
+-----------+--------+--------+--------+--------+--------+--------+
|           |  BRAM  |   DSP  |  Delay |   FF   |   LUT  |  URAM  |
+-----------+--------+--------+--------+--------+--------+--------+
|  Function |    -   |   156  |   125  |  19120 |  24671 |    -   |
|   Memory  |    3   |    -   |    -   |    0   |    0   |    0   |
|Multiplexer|    -   |    -   |    1   |    0   |    9   |    -   |
|  Register |    -   |    -   |    -   |   15   |    -   |    -   |
+-----------+--------+--------+--------+--------+--------+--------+
|   Total   |    3   |   156  |   127  |  19135 |  24680 |    0   |
+-----------+--------+--------+--------+--------+--------+--------+
