

================================================================
== Vitis HLS Report for 'infer_Pipeline_VITIS_LOOP_41_1'
================================================================
* Date:           Thu May 22 16:58:33 2025

* Version:        2024.2 (Build 5238294 on Nov  8 2024)
* Project:        lstm_hls
* Solution:       solution1 (Vivado IP Flow Target)
* Product family: zynq
* Target device:  xc7z020-clg400-1


================================================================
== Performance Estimates
================================================================
+ Timing: 
    * Summary: 
    +--------+----------+----------+------------+
    |  Clock |  Target  | Estimated| Uncertainty|
    +--------+----------+----------+------------+
    |ap_clk  |  10.00 ns|  5.702 ns|     2.70 ns|
    +--------+----------+----------+------------+

+ Latency: 
    * Summary: 
    +---------+---------+----------+----------+-----+-----+------------------------------------------------+
    |  Latency (cycles) |  Latency (absolute) |  Interval |                    Pipeline                    |
    |   min   |   max   |    min   |    max   | min | max |                      Type                      |
    +---------+---------+----------+----------+-----+-----+------------------------------------------------+
    |      135|      135|  1.350 us|  1.350 us|  129|  129|  loop auto-rewind stp (delay=0 clock cycles(s))|
    +---------+---------+----------+----------+-----+-----+------------------------------------------------+

    + Detail: 
        * Instance: 
        N/A

        * Loop: 
        +-------------------+---------+---------+----------+-----------+-----------+------+----------+
        |                   |  Latency (cycles) | Iteration|  Initiation Interval  | Trip |          |
        |     Loop Name     |   min   |   max   |  Latency |  achieved |   target  | Count| Pipelined|
        +-------------------+---------+---------+----------+-----------+-----------+------+----------+
        |- VITIS_LOOP_41_1  |      133|      133|         7|          1|          1|   128|       yes|
        +-------------------+---------+---------+----------+-----------+-----------+------+----------+



================================================================
== Utilization Estimates
================================================================
* Summary: 
+-----------------+---------+-----+--------+-------+-----+
|       Name      | BRAM_18K| DSP |   FF   |  LUT  | URAM|
+-----------------+---------+-----+--------+-------+-----+
|DSP              |        -|    -|       -|      -|    -|
|Expression       |        -|    -|       0|     31|    -|
|FIFO             |        -|    -|       -|      -|    -|
|Instance         |        -|    3|     143|    321|    -|
|Memory           |        -|    -|       -|      -|    -|
|Multiplexer      |        -|    -|       0|     36|    -|
|Register         |        -|    -|     189|     32|    -|
+-----------------+---------+-----+--------+-------+-----+
|Total            |        0|    3|     332|    420|    0|
+-----------------+---------+-----+--------+-------+-----+
|Available        |      280|  220|  106400|  53200|    0|
+-----------------+---------+-----+--------+-------+-----+
|Utilization (%)  |        0|    1|      ~0|     ~0|    0|
+-----------------+---------+-----+--------+-------+-----+

+ Detail: 
    * Instance: 
    +------------------------------------+-------------------------------+---------+----+-----+-----+-----+
    |              Instance              |             Module            | BRAM_18K| DSP|  FF | LUT | URAM|
    +------------------------------------+-------------------------------+---------+----+-----+-----+-----+
    |fmul_32ns_32ns_32_4_max_dsp_1_U102  |fmul_32ns_32ns_32_4_max_dsp_1  |        0|   3|  143|  321|    0|
    +------------------------------------+-------------------------------+---------+----+-----+-----+-----+
    |Total                               |                               |        0|   3|  143|  321|    0|
    +------------------------------------+-------------------------------+---------+----+-----+-----+-----+

    * DSP: 
    N/A

    * Memory: 
    N/A

    * FIFO: 
    N/A

    * Expression: 
    +--------------------+----------+----+---+----+------------+------------+
    |    Variable Name   | Operation| DSP| FF| LUT| Bitwidth P0| Bitwidth P1|
    +--------------------+----------+----+---+----+------------+------------+
    |add_ln41_fu_93_p2   |         +|   0|  0|  15|           8|           1|
    |icmp_ln41_fu_87_p2  |      icmp|   0|  0|  14|           8|           9|
    |ap_enable_pp0       |       xor|   0|  0|   2|           1|           2|
    +--------------------+----------+----+---+----+------------+------------+
    |Total               |          |   0|  0|  31|          17|          12|
    +--------------------+----------+----+---+----+------------+------------+

    * Multiplexer: 
    +-------------------------+----+-----------+-----+-----------+
    |           Name          | LUT| Input Size| Bits| Total Bits|
    +-------------------------+----+-----------+-----+-----------+
    |ap_done_int              |   9|          2|    1|          2|
    |ap_enable_reg_pp0_iter1  |   9|          2|    1|          2|
    |ap_sig_allocacmp_i_3     |   9|          2|    8|         16|
    |i_fu_32                  |   9|          2|    8|         16|
    +-------------------------+----+-----------+-----+-----------+
    |Total                    |  36|          8|   18|         36|
    +-------------------------+----+-----------+-----+-----------+

    * Register: 
    +----------------------------------+----+----+-----+-----------+
    |               Name               | FF | LUT| Bits| Const Bits|
    +----------------------------------+----+----+-----+-----------+
    |C_t_load_reg_141                  |  32|   0|   32|          0|
    |ap_CS_fsm                         |   1|   0|    1|          0|
    |ap_done_reg                       |   1|   0|    1|          0|
    |ap_enable_reg_pp0_iter1           |   1|   0|    1|          0|
    |ap_enable_reg_pp0_iter2           |   1|   0|    1|          0|
    |ap_enable_reg_pp0_iter3           |   1|   0|    1|          0|
    |ap_enable_reg_pp0_iter4           |   1|   0|    1|          0|
    |ap_enable_reg_pp0_iter5           |   1|   0|    1|          0|
    |ap_enable_reg_pp0_iter6           |   1|   0|    1|          0|
    |ap_loop_exit_ready_pp0_iter1_reg  |   1|   0|    1|          0|
    |ap_loop_exit_ready_pp0_iter2_reg  |   1|   0|    1|          0|
    |ap_loop_exit_ready_pp0_iter3_reg  |   1|   0|    1|          0|
    |ap_loop_exit_ready_pp0_iter4_reg  |   1|   0|    1|          0|
    |ap_loop_exit_ready_pp0_iter5_reg  |   1|   0|    1|          0|
    |gate_f_load_reg_136               |  32|   0|   32|          0|
    |i_fu_32                           |   8|   0|    8|          0|
    |mul_i_reg_146                     |  32|   0|   32|          0|
    |zext_ln41_reg_121                 |   8|   0|   64|         56|
    |zext_ln41_reg_121                 |  64|  32|   64|         56|
    +----------------------------------+----+----+-----+-----------+
    |Total                             | 189|  32|  245|        112|
    +----------------------------------+----+----+-----+-----------+



================================================================
== Interface
================================================================
* Summary: 
+-----------------+-----+-----+------------+--------------------------------+--------------+
|    RTL Ports    | Dir | Bits|  Protocol  |          Source Object         |    C Type    |
+-----------------+-----+-----+------------+--------------------------------+--------------+
|ap_clk           |   in|    1|  ap_ctrl_hs|  infer_Pipeline_VITIS_LOOP_41_1|  return value|
|ap_rst           |   in|    1|  ap_ctrl_hs|  infer_Pipeline_VITIS_LOOP_41_1|  return value|
|ap_start         |   in|    1|  ap_ctrl_hs|  infer_Pipeline_VITIS_LOOP_41_1|  return value|
|ap_done          |  out|    1|  ap_ctrl_hs|  infer_Pipeline_VITIS_LOOP_41_1|  return value|
|ap_idle          |  out|    1|  ap_ctrl_hs|  infer_Pipeline_VITIS_LOOP_41_1|  return value|
|ap_ready         |  out|    1|  ap_ctrl_hs|  infer_Pipeline_VITIS_LOOP_41_1|  return value|
|gate_f_address0  |  out|    7|   ap_memory|                          gate_f|         array|
|gate_f_ce0       |  out|    1|   ap_memory|                          gate_f|         array|
|gate_f_q0        |   in|   32|   ap_memory|                          gate_f|         array|
|C_t_address0     |  out|    7|   ap_memory|                             C_t|         array|
|C_t_ce0          |  out|    1|   ap_memory|                             C_t|         array|
|C_t_q0           |   in|   32|   ap_memory|                             C_t|         array|
|stat_C_address0  |  out|    7|   ap_memory|                          stat_C|         array|
|stat_C_ce0       |  out|    1|   ap_memory|                          stat_C|         array|
|stat_C_we0       |  out|    1|   ap_memory|                          stat_C|         array|
|stat_C_d0        |  out|   32|   ap_memory|                          stat_C|         array|
+-----------------+-----+-----+------------+--------------------------------+--------------+

============================================================
+ Verbose Summary: Synthesis Manager
============================================================
InlineROM: 1
ExposeGlobal: 0
============================================================
+ Verbose Summary: CDFG Model
============================================================
IsTopModel: 0
ResetActiveHigh: 1
IsCombinational: 2
IsDatapathOnly: 2
HasWiredReturn: 1
HasMFsm: 2
HasVarLatency: 1
IsPipeline: 0
IsRtlPipelined: 0
IsInstanceOverlapped: 0
IsDontTouch: 0
HasImplIP: 0
IsGatedGlobalClock: 0

+ Individual pipeline summary: 
  * Pipeline-0: initiation interval (II) = 1, depth = 7


============================================================
+ Verbose Summary: Schedule
============================================================
* Number of FSM states : 7
* Pipeline : 1
  Pipeline-0 : II = 1, D = 7, States = { 1 2 3 4 5 6 7 }
* Dataflow Pipeline: 0

* FSM state transitions: 
1 --> 2 
2 --> 3 
3 --> 4 
4 --> 5 
5 --> 6 
6 --> 7 
7 --> 

* FSM state operations: 

State 1 <SV = 0> <Delay = 5.09>
ST_1 : Operation 10 [1/1] (0.00ns)   --->   "%i = alloca i32 1" [lstm_hls/rnn.cpp:41->lstm_hls/rnn.cpp:124]   --->   Operation 10 'alloca' 'i' <Predicate = true> <Delay = 0.00>
ST_1 : Operation 11 [1/1] (1.58ns)   --->   "%store_ln41 = store i8 0, i8 %i" [lstm_hls/rnn.cpp:41->lstm_hls/rnn.cpp:124]   --->   Operation 11 'store' 'store_ln41' <Predicate = true> <Delay = 1.58>
ST_1 : Operation 12 [1/1] (0.00ns)   --->   "%br_ln0 = br void %for.inc.i163"   --->   Operation 12 'br' 'br_ln0' <Predicate = true> <Delay = 0.00>
ST_1 : Operation 13 [1/1] (0.00ns)   --->   "%i_3 = load i8 %i" [lstm_hls/rnn.cpp:41->lstm_hls/rnn.cpp:124]   --->   Operation 13 'load' 'i_3' <Predicate = true> <Delay = 0.00>
ST_1 : Operation 14 [1/1] (1.91ns)   --->   "%icmp_ln41 = icmp_eq  i8 %i_3, i8 128" [lstm_hls/rnn.cpp:41->lstm_hls/rnn.cpp:124]   --->   Operation 14 'icmp' 'icmp_ln41' <Predicate = true> <Delay = 1.91> <CoreInst = "Cmp">   --->   Core 9 'Cmp' <Latency = 0> <II = 1> <Delay = 1.82> <FuncUnit> <Opcode : 'seteq' 'setne' 'setle' 'setge' 'setlt' 'setgt'> <InPorts = 2> <OutPorts = 1>
ST_1 : Operation 15 [1/1] (1.91ns)   --->   "%add_ln41 = add i8 %i_3, i8 1" [lstm_hls/rnn.cpp:41->lstm_hls/rnn.cpp:124]   --->   Operation 15 'add' 'add_ln41' <Predicate = true> <Delay = 1.91> <CoreInst = "Adder">   --->   Core 1 'Adder' <Latency = 0> <II = 1> <Delay = 1.91> <FuncUnit> <Opcode : 'add' 'sub'> <InPorts = 2> <OutPorts = 1>
ST_1 : Operation 16 [1/1] (0.00ns)   --->   "%br_ln41 = br i1 %icmp_ln41, void %for.inc.i163.split, void %for.inc.i171.preheader.exitStub" [lstm_hls/rnn.cpp:41->lstm_hls/rnn.cpp:124]   --->   Operation 16 'br' 'br_ln41' <Predicate = true> <Delay = 0.00>
ST_1 : Operation 17 [1/1] (0.00ns)   --->   "%zext_ln41 = zext i8 %i_3" [lstm_hls/rnn.cpp:41->lstm_hls/rnn.cpp:124]   --->   Operation 17 'zext' 'zext_ln41' <Predicate = (!icmp_ln41)> <Delay = 0.00>
ST_1 : Operation 18 [1/1] (0.00ns)   --->   "%gate_f_addr = getelementptr i32 %gate_f, i64 0, i64 %zext_ln41" [lstm_hls/rnn.cpp:42->lstm_hls/rnn.cpp:124]   --->   Operation 18 'getelementptr' 'gate_f_addr' <Predicate = (!icmp_ln41)> <Delay = 0.00>
ST_1 : Operation 19 [2/2] (3.25ns)   --->   "%gate_f_load = load i7 %gate_f_addr" [lstm_hls/rnn.cpp:42->lstm_hls/rnn.cpp:124]   --->   Operation 19 'load' 'gate_f_load' <Predicate = (!icmp_ln41)> <Delay = 3.25> <CoreInst = "RAM">   --->   Core 81 'RAM' <Latency = 1> <II = 1> <Delay = 3.25> <Storage> <Opcode : 'load' 'store'> <Ports = 2> <Width = 32> <Depth = 128> <RAM>
ST_1 : Operation 20 [1/1] (0.00ns)   --->   "%C_t_addr = getelementptr i32 %C_t, i64 0, i64 %zext_ln41" [lstm_hls/rnn.cpp:42->lstm_hls/rnn.cpp:124]   --->   Operation 20 'getelementptr' 'C_t_addr' <Predicate = (!icmp_ln41)> <Delay = 0.00>
ST_1 : Operation 21 [2/2] (3.25ns)   --->   "%C_t_load = load i7 %C_t_addr" [lstm_hls/rnn.cpp:42->lstm_hls/rnn.cpp:124]   --->   Operation 21 'load' 'C_t_load' <Predicate = (!icmp_ln41)> <Delay = 3.25> <CoreInst = "RAM">   --->   Core 81 'RAM' <Latency = 1> <II = 1> <Delay = 3.25> <Storage> <Opcode : 'load' 'store'> <Ports = 2> <Width = 32> <Depth = 128> <RAM>
ST_1 : Operation 22 [1/1] (1.58ns)   --->   "%store_ln41 = store i8 %add_ln41, i8 %i" [lstm_hls/rnn.cpp:41->lstm_hls/rnn.cpp:124]   --->   Operation 22 'store' 'store_ln41' <Predicate = (!icmp_ln41)> <Delay = 1.58>

State 2 <SV = 1> <Delay = 3.25>
ST_2 : Operation 23 [1/2] ( I:3.25ns O:3.25ns )   --->   "%gate_f_load = load i7 %gate_f_addr" [lstm_hls/rnn.cpp:42->lstm_hls/rnn.cpp:124]   --->   Operation 23 'load' 'gate_f_load' <Predicate = true> <Delay = 3.25> <CoreInst = "RAM">   --->   Core 81 'RAM' <Latency = 1> <II = 1> <Delay = 3.25> <Storage> <Opcode : 'load' 'store'> <Ports = 2> <Width = 32> <Depth = 128> <RAM>
ST_2 : Operation 24 [1/2] ( I:3.25ns O:3.25ns )   --->   "%C_t_load = load i7 %C_t_addr" [lstm_hls/rnn.cpp:42->lstm_hls/rnn.cpp:124]   --->   Operation 24 'load' 'C_t_load' <Predicate = true> <Delay = 3.25> <CoreInst = "RAM">   --->   Core 81 'RAM' <Latency = 1> <II = 1> <Delay = 3.25> <Storage> <Opcode : 'load' 'store'> <Ports = 2> <Width = 32> <Depth = 128> <RAM>

State 3 <SV = 2> <Delay = 5.70>
ST_3 : Operation 25 [4/4] (5.70ns)   --->   "%mul_i = fmul i32 %gate_f_load, i32 %C_t_load" [lstm_hls/rnn.cpp:42->lstm_hls/rnn.cpp:124]   --->   Operation 25 'fmul' 'mul_i' <Predicate = true> <Delay = 5.70> <CoreInst = "FMul_maxdsp">   --->   Core 30 'FMul_maxdsp' <Latency = 3> <II = 1> <Delay = 5.70> <FuncUnit> <Opcode : 'fmul'> <InPorts = 2> <OutPorts = 1>

State 4 <SV = 3> <Delay = 5.70>
ST_4 : Operation 26 [3/4] (5.70ns)   --->   "%mul_i = fmul i32 %gate_f_load, i32 %C_t_load" [lstm_hls/rnn.cpp:42->lstm_hls/rnn.cpp:124]   --->   Operation 26 'fmul' 'mul_i' <Predicate = true> <Delay = 5.70> <CoreInst = "FMul_maxdsp">   --->   Core 30 'FMul_maxdsp' <Latency = 3> <II = 1> <Delay = 5.70> <FuncUnit> <Opcode : 'fmul'> <InPorts = 2> <OutPorts = 1>

State 5 <SV = 4> <Delay = 5.70>
ST_5 : Operation 27 [2/4] (5.70ns)   --->   "%mul_i = fmul i32 %gate_f_load, i32 %C_t_load" [lstm_hls/rnn.cpp:42->lstm_hls/rnn.cpp:124]   --->   Operation 27 'fmul' 'mul_i' <Predicate = true> <Delay = 5.70> <CoreInst = "FMul_maxdsp">   --->   Core 30 'FMul_maxdsp' <Latency = 3> <II = 1> <Delay = 5.70> <FuncUnit> <Opcode : 'fmul'> <InPorts = 2> <OutPorts = 1>

State 6 <SV = 5> <Delay = 5.70>
ST_6 : Operation 28 [1/4] (5.70ns)   --->   "%mul_i = fmul i32 %gate_f_load, i32 %C_t_load" [lstm_hls/rnn.cpp:42->lstm_hls/rnn.cpp:124]   --->   Operation 28 'fmul' 'mul_i' <Predicate = true> <Delay = 5.70> <CoreInst = "FMul_maxdsp">   --->   Core 30 'FMul_maxdsp' <Latency = 3> <II = 1> <Delay = 5.70> <FuncUnit> <Opcode : 'fmul'> <InPorts = 2> <OutPorts = 1>
ST_6 : Operation 35 [1/1] (1.58ns)   --->   "%ret_ln0 = ret"   --->   Operation 35 'ret' 'ret_ln0' <Predicate = (icmp_ln41)> <Delay = 1.58>

State 7 <SV = 6> <Delay = 3.25>
ST_7 : Operation 29 [1/1] (0.00ns)   --->   "%specpipeline_ln41 = specpipeline void @_ssdm_op_SpecPipeline, i32 4294967295, i32 0, i32 0, i32 0, void @empty_0" [lstm_hls/rnn.cpp:41->lstm_hls/rnn.cpp:124]   --->   Operation 29 'specpipeline' 'specpipeline_ln41' <Predicate = true> <Delay = 0.00>
ST_7 : Operation 30 [1/1] (0.00ns)   --->   "%speclooptripcount_ln41 = speclooptripcount void @_ssdm_op_SpecLoopTripCount, i64 128, i64 128, i64 128" [lstm_hls/rnn.cpp:41->lstm_hls/rnn.cpp:124]   --->   Operation 30 'speclooptripcount' 'speclooptripcount_ln41' <Predicate = true> <Delay = 0.00>
ST_7 : Operation 31 [1/1] (0.00ns)   --->   "%specloopname_ln41 = specloopname void @_ssdm_op_SpecLoopName, void @empty_10" [lstm_hls/rnn.cpp:41->lstm_hls/rnn.cpp:124]   --->   Operation 31 'specloopname' 'specloopname_ln41' <Predicate = true> <Delay = 0.00>
ST_7 : Operation 32 [1/1] (0.00ns)   --->   "%stat_C_addr = getelementptr i32 %stat_C, i64 0, i64 %zext_ln41" [lstm_hls/rnn.cpp:42->lstm_hls/rnn.cpp:124]   --->   Operation 32 'getelementptr' 'stat_C_addr' <Predicate = true> <Delay = 0.00>
ST_7 : Operation 33 [1/1] ( I:3.25ns O:3.25ns )   --->   "%store_ln42 = store i32 %mul_i, i7 %stat_C_addr" [lstm_hls/rnn.cpp:42->lstm_hls/rnn.cpp:124]   --->   Operation 33 'store' 'store_ln42' <Predicate = true> <Delay = 3.25> <CoreInst = "RAM">   --->   Core 81 'RAM' <Latency = 1> <II = 1> <Delay = 3.25> <Storage> <Opcode : 'load' 'store'> <Ports = 2> <Width = 32> <Depth = 128> <RAM>
ST_7 : Operation 34 [1/1] (0.00ns)   --->   "%br_ln41 = br void %for.inc.i163" [lstm_hls/rnn.cpp:41->lstm_hls/rnn.cpp:124]   --->   Operation 34 'br' 'br_ln41' <Predicate = true> <Delay = 0.00>


============================================================
+ Verbose Summary: Binding
============================================================
STG Binding: 
---------------- STG Properties BEGIN ----------------
- Is combinational: 0
- Is one-state seq: 0
- Is datapath-only: 0
- Is pipelined: 0
- Is top level: 0
Port [ Return ] is wired: 1; IO mode=ap_ctrl_hs:ce=0
Port [ gate_f]:  wired=1; compound=1; hidden=0; nouse=0; global=0; static=0; extern=0; dir=0; type=1; pingpong=0; private_global=0; MemPort=[13]; IO mode=ap_memory:ce=0
Port [ C_t]:  wired=1; compound=1; hidden=0; nouse=0; global=0; static=0; extern=0; dir=0; type=1; pingpong=0; private_global=0; MemPort=[13]; IO mode=ap_memory:ce=0
Port [ stat_C]:  wired=1; compound=1; hidden=0; nouse=0; global=0; static=0; extern=0; dir=1; type=1; pingpong=0; private_global=0; MemPort=[03]; IO mode=ap_memory:ce=0
---------------- STG Properties END ------------------

---------------- Datapath Model BEGIN ----------------

<LifeTime>
<method=bitvector/>
i                      (alloca           ) [ 01000000]
store_ln41             (store            ) [ 00000000]
br_ln0                 (br               ) [ 00000000]
i_3                    (load             ) [ 00000000]
icmp_ln41              (icmp             ) [ 01111110]
add_ln41               (add              ) [ 00000000]
br_ln41                (br               ) [ 00000000]
zext_ln41              (zext             ) [ 01111111]
gate_f_addr            (getelementptr    ) [ 01100000]
C_t_addr               (getelementptr    ) [ 01100000]
store_ln41             (store            ) [ 00000000]
gate_f_load            (load             ) [ 01011110]
C_t_load               (load             ) [ 01011110]
mul_i                  (fmul             ) [ 01000001]
specpipeline_ln41      (specpipeline     ) [ 00000000]
speclooptripcount_ln41 (speclooptripcount) [ 00000000]
specloopname_ln41      (specloopname     ) [ 00000000]
stat_C_addr            (getelementptr    ) [ 00000000]
store_ln42             (store            ) [ 00000000]
br_ln41                (br               ) [ 00000000]
ret_ln0                (ret              ) [ 00000000]
</LifeTime>

<model>

<comp_list>
<comp id="0" class="1000" name="gate_f">
<pin_list>
<pin id="1" dir="1" index="0" bw="1" slack="0"/>
</pin_list>
<bind>
<StgValue><ssdm name="gate_f"/><MemPortTyVec>1 3 </MemPortTyVec>
</StgValue>
</bind>
</comp>

<comp id="2" class="1000" name="C_t">
<pin_list>
<pin id="3" dir="1" index="0" bw="1" slack="0"/>
</pin_list>
<bind>
<StgValue><ssdm name="C_t"/><MemPortTyVec>1 3 </MemPortTyVec>
</StgValue>
</bind>
</comp>

<comp id="4" class="1000" name="stat_C">
<pin_list>
<pin id="5" dir="1" index="0" bw="1" slack="0"/>
</pin_list>
<bind>
<StgValue><ssdm name="stat_C"/><MemPortTyVec>0 3 </MemPortTyVec>
</StgValue>
</bind>
</comp>

<comp id="6" class="1001" name="const_6">
<pin_list>
<pin id="7" dir="1" index="0" bw="1" slack="0"/>
</pin_list>
<bind>
<StgValue><ssdm name=""/></StgValue>
</bind>
</comp>

<comp id="8" class="1001" name="const_8">
<pin_list>
<pin id="9" dir="1" index="0" bw="1" slack="0"/>
</pin_list>
<bind>
<StgValue><ssdm name=""/></StgValue>
</bind>
</comp>

<comp id="10" class="1001" name="const_10">
<pin_list>
<pin id="11" dir="1" index="0" bw="1" slack="0"/>
</pin_list>
<bind>
<StgValue><ssdm name=""/></StgValue>
</bind>
</comp>

<comp id="12" class="1001" name="const_12">
<pin_list>
<pin id="13" dir="1" index="0" bw="1" slack="0"/>
</pin_list>
<bind>
<StgValue><ssdm name=""/></StgValue>
</bind>
</comp>

<comp id="14" class="1001" name="const_14">
<pin_list>
<pin id="15" dir="1" index="0" bw="1" slack="0"/>
</pin_list>
<bind>
<StgValue><ssdm name=""/></StgValue>
</bind>
</comp>

<comp id="16" class="1001" name="const_16">
<pin_list>
<pin id="17" dir="1" index="0" bw="1" slack="2147483647"/>
</pin_list>
<bind>
<StgValue><ssdm name="_ssdm_op_SpecPipeline"/></StgValue>
</bind>
</comp>

<comp id="18" class="1001" name="const_18">
<pin_list>
<pin id="19" dir="1" index="0" bw="1" slack="2147483647"/>
</pin_list>
<bind>
<StgValue><ssdm name=""/></StgValue>
</bind>
</comp>

<comp id="20" class="1001" name="const_20">
<pin_list>
<pin id="21" dir="1" index="0" bw="1" slack="2147483647"/>
</pin_list>
<bind>
<StgValue><ssdm name=""/></StgValue>
</bind>
</comp>

<comp id="22" class="1001" name="const_22">
<pin_list>
<pin id="23" dir="1" index="0" bw="1" slack="2147483647"/>
</pin_list>
<bind>
<StgValue><ssdm name="empty_0"/></StgValue>
</bind>
</comp>

<comp id="24" class="1001" name="const_24">
<pin_list>
<pin id="25" dir="1" index="0" bw="1" slack="2147483647"/>
</pin_list>
<bind>
<StgValue><ssdm name="_ssdm_op_SpecLoopTripCount"/></StgValue>
</bind>
</comp>

<comp id="26" class="1001" name="const_26">
<pin_list>
<pin id="27" dir="1" index="0" bw="1" slack="2147483647"/>
</pin_list>
<bind>
<StgValue><ssdm name=""/></StgValue>
</bind>
</comp>

<comp id="28" class="1001" name="const_28">
<pin_list>
<pin id="29" dir="1" index="0" bw="1" slack="2147483647"/>
</pin_list>
<bind>
<StgValue><ssdm name="_ssdm_op_SpecLoopName"/></StgValue>
</bind>
</comp>

<comp id="30" class="1001" name="const_30">
<pin_list>
<pin id="31" dir="1" index="0" bw="1" slack="2147483647"/>
</pin_list>
<bind>
<StgValue><ssdm name="empty_10"/></StgValue>
</bind>
</comp>

<comp id="32" class="1004" name="i_fu_32">
<pin_list>
<pin id="33" dir="0" index="0" bw="1" slack="0"/>
<pin id="34" dir="1" index="1" bw="8" slack="0"/>
</pin_list>
<bind>
<opcode="alloca(26) " fcode="alloca"/>
<opset="i/1 "/>
</bind>
</comp>

<comp id="36" class="1004" name="gate_f_addr_gep_fu_36">
<pin_list>
<pin id="37" dir="0" index="0" bw="32" slack="0"/>
<pin id="38" dir="0" index="1" bw="1" slack="0"/>
<pin id="39" dir="0" index="2" bw="8" slack="0"/>
<pin id="40" dir="1" index="3" bw="7" slack="0"/>
</pin_list>
<bind>
<opcode="getelementptr(29) " fcode="getelementptr"/>
<opset="gate_f_addr/1 "/>
</bind>
</comp>

<comp id="43" class="1004" name="grp_access_fu_43">
<pin_list>
<pin id="44" dir="0" index="0" bw="7" slack="0"/>
<pin id="45" dir="0" index="1" bw="32" slack="2147483647"/>
<pin id="46" dir="0" index="2" bw="0" slack="2147483647"/>
<pin id="47" dir="1" index="3" bw="32" slack="1"/>
</pin_list>
<bind>
<opcode="load(27) " fcode="load"/>
<opset="gate_f_load/1 "/>
</bind>
</comp>

<comp id="49" class="1004" name="C_t_addr_gep_fu_49">
<pin_list>
<pin id="50" dir="0" index="0" bw="32" slack="0"/>
<pin id="51" dir="0" index="1" bw="1" slack="0"/>
<pin id="52" dir="0" index="2" bw="8" slack="0"/>
<pin id="53" dir="1" index="3" bw="7" slack="0"/>
</pin_list>
<bind>
<opcode="getelementptr(29) " fcode="getelementptr"/>
<opset="C_t_addr/1 "/>
</bind>
</comp>

<comp id="56" class="1004" name="grp_access_fu_56">
<pin_list>
<pin id="57" dir="0" index="0" bw="7" slack="0"/>
<pin id="58" dir="0" index="1" bw="32" slack="2147483647"/>
<pin id="59" dir="0" index="2" bw="0" slack="2147483647"/>
<pin id="60" dir="1" index="3" bw="32" slack="1"/>
</pin_list>
<bind>
<opcode="load(27) " fcode="load"/>
<opset="C_t_load/1 "/>
</bind>
</comp>

<comp id="62" class="1004" name="stat_C_addr_gep_fu_62">
<pin_list>
<pin id="63" dir="0" index="0" bw="32" slack="0"/>
<pin id="64" dir="0" index="1" bw="1" slack="0"/>
<pin id="65" dir="0" index="2" bw="8" slack="6"/>
<pin id="66" dir="1" index="3" bw="7" slack="0"/>
</pin_list>
<bind>
<opcode="getelementptr(29) " fcode="getelementptr"/>
<opset="stat_C_addr/7 "/>
</bind>
</comp>

<comp id="69" class="1004" name="store_ln42_access_fu_69">
<pin_list>
<pin id="70" dir="0" index="0" bw="7" slack="0"/>
<pin id="71" dir="0" index="1" bw="32" slack="1"/>
<pin id="72" dir="0" index="2" bw="0" slack="2147483647"/>
<pin id="73" dir="1" index="3" bw="32" slack="2147483647"/>
</pin_list>
<bind>
<opcode="store(28) " fcode="store"/>
<opset="store_ln42/7 "/>
</bind>
</comp>

<comp id="75" class="1004" name="grp_fu_75">
<pin_list>
<pin id="76" dir="0" index="0" bw="32" slack="1"/>
<pin id="77" dir="0" index="1" bw="32" slack="1"/>
<pin id="78" dir="1" index="2" bw="32" slack="1"/>
</pin_list>
<bind>
<opcode="fmul(13) " fcode="fmul"/>
<opset="mul_i/3 "/>
</bind>
</comp>

<comp id="79" class="1004" name="store_ln41_store_fu_79">
<pin_list>
<pin id="80" dir="0" index="0" bw="1" slack="0"/>
<pin id="81" dir="0" index="1" bw="8" slack="0"/>
<pin id="82" dir="1" index="2" bw="0" slack="2147483647"/>
</pin_list>
<bind>
<opcode="store(28) " fcode="store"/>
<opset="store_ln41/1 "/>
</bind>
</comp>

<comp id="84" class="1004" name="i_3_load_fu_84">
<pin_list>
<pin id="85" dir="0" index="0" bw="8" slack="0"/>
<pin id="86" dir="1" index="1" bw="8" slack="0"/>
</pin_list>
<bind>
<opcode="load(27) " fcode="load"/>
<opset="i_3/1 "/>
</bind>
</comp>

<comp id="87" class="1004" name="icmp_ln41_fu_87">
<pin_list>
<pin id="88" dir="0" index="0" bw="8" slack="0"/>
<pin id="89" dir="0" index="1" bw="8" slack="0"/>
<pin id="90" dir="1" index="2" bw="1" slack="5"/>
</pin_list>
<bind>
<opcode="icmp(45) " fcode="icmp"/>
<opset="icmp_ln41/1 "/>
</bind>
</comp>

<comp id="93" class="1004" name="add_ln41_fu_93">
<pin_list>
<pin id="94" dir="0" index="0" bw="8" slack="0"/>
<pin id="95" dir="0" index="1" bw="1" slack="0"/>
<pin id="96" dir="1" index="2" bw="8" slack="0"/>
</pin_list>
<bind>
<opcode="add(8) " fcode="add"/>
<opset="add_ln41/1 "/>
</bind>
</comp>

<comp id="99" class="1004" name="zext_ln41_fu_99">
<pin_list>
<pin id="100" dir="0" index="0" bw="8" slack="0"/>
<pin id="101" dir="1" index="1" bw="64" slack="0"/>
</pin_list>
<bind>
<opcode="zext(34) " fcode="zext"/>
<opset="zext_ln41/1 "/>
</bind>
</comp>

<comp id="105" class="1004" name="store_ln41_store_fu_105">
<pin_list>
<pin id="106" dir="0" index="0" bw="8" slack="0"/>
<pin id="107" dir="0" index="1" bw="8" slack="0"/>
<pin id="108" dir="1" index="2" bw="0" slack="2147483647"/>
</pin_list>
<bind>
<opcode="store(28) " fcode="store"/>
<opset="store_ln41/1 "/>
</bind>
</comp>

<comp id="110" class="1005" name="i_reg_110">
<pin_list>
<pin id="111" dir="0" index="0" bw="8" slack="0"/>
<pin id="112" dir="1" index="1" bw="8" slack="0"/>
</pin_list>
<bind>
<opset="i "/>
</bind>
</comp>

<comp id="117" class="1005" name="icmp_ln41_reg_117">
<pin_list>
<pin id="118" dir="0" index="0" bw="1" slack="5"/>
<pin id="119" dir="1" index="1" bw="1" slack="2147483647"/>
</pin_list>
<bind>
<opset="icmp_ln41 "/>
</bind>
</comp>

<comp id="121" class="1005" name="zext_ln41_reg_121">
<pin_list>
<pin id="122" dir="0" index="0" bw="64" slack="6"/>
<pin id="123" dir="1" index="1" bw="64" slack="6"/>
</pin_list>
<bind>
<opset="zext_ln41 "/>
</bind>
</comp>

<comp id="126" class="1005" name="gate_f_addr_reg_126">
<pin_list>
<pin id="127" dir="0" index="0" bw="7" slack="1"/>
<pin id="128" dir="1" index="1" bw="7" slack="1"/>
</pin_list>
<bind>
<opset="gate_f_addr "/>
</bind>
</comp>

<comp id="131" class="1005" name="C_t_addr_reg_131">
<pin_list>
<pin id="132" dir="0" index="0" bw="7" slack="1"/>
<pin id="133" dir="1" index="1" bw="7" slack="1"/>
</pin_list>
<bind>
<opset="C_t_addr "/>
</bind>
</comp>

<comp id="136" class="1005" name="gate_f_load_reg_136">
<pin_list>
<pin id="137" dir="0" index="0" bw="32" slack="1"/>
<pin id="138" dir="1" index="1" bw="32" slack="1"/>
</pin_list>
<bind>
<opset="gate_f_load "/>
</bind>
</comp>

<comp id="141" class="1005" name="C_t_load_reg_141">
<pin_list>
<pin id="142" dir="0" index="0" bw="32" slack="1"/>
<pin id="143" dir="1" index="1" bw="32" slack="1"/>
</pin_list>
<bind>
<opset="C_t_load "/>
</bind>
</comp>

<comp id="146" class="1005" name="mul_i_reg_146">
<pin_list>
<pin id="147" dir="0" index="0" bw="32" slack="1"/>
<pin id="148" dir="1" index="1" bw="32" slack="1"/>
</pin_list>
<bind>
<opset="mul_i "/>
</bind>
</comp>

</comp_list>

<net_list>
<net id="35"><net_src comp="6" pin="0"/><net_sink comp="32" pin=0"/></net>

<net id="41"><net_src comp="0" pin="0"/><net_sink comp="36" pin=0"/></net>

<net id="42"><net_src comp="14" pin="0"/><net_sink comp="36" pin=1"/></net>

<net id="48"><net_src comp="36" pin="3"/><net_sink comp="43" pin=0"/></net>

<net id="54"><net_src comp="2" pin="0"/><net_sink comp="49" pin=0"/></net>

<net id="55"><net_src comp="14" pin="0"/><net_sink comp="49" pin=1"/></net>

<net id="61"><net_src comp="49" pin="3"/><net_sink comp="56" pin=0"/></net>

<net id="67"><net_src comp="4" pin="0"/><net_sink comp="62" pin=0"/></net>

<net id="68"><net_src comp="14" pin="0"/><net_sink comp="62" pin=1"/></net>

<net id="74"><net_src comp="62" pin="3"/><net_sink comp="69" pin=0"/></net>

<net id="83"><net_src comp="8" pin="0"/><net_sink comp="79" pin=0"/></net>

<net id="91"><net_src comp="84" pin="1"/><net_sink comp="87" pin=0"/></net>

<net id="92"><net_src comp="10" pin="0"/><net_sink comp="87" pin=1"/></net>

<net id="97"><net_src comp="84" pin="1"/><net_sink comp="93" pin=0"/></net>

<net id="98"><net_src comp="12" pin="0"/><net_sink comp="93" pin=1"/></net>

<net id="102"><net_src comp="84" pin="1"/><net_sink comp="99" pin=0"/></net>

<net id="103"><net_src comp="99" pin="1"/><net_sink comp="36" pin=2"/></net>

<net id="104"><net_src comp="99" pin="1"/><net_sink comp="49" pin=2"/></net>

<net id="109"><net_src comp="93" pin="2"/><net_sink comp="105" pin=0"/></net>

<net id="113"><net_src comp="32" pin="1"/><net_sink comp="110" pin=0"/></net>

<net id="114"><net_src comp="110" pin="1"/><net_sink comp="79" pin=1"/></net>

<net id="115"><net_src comp="110" pin="1"/><net_sink comp="84" pin=0"/></net>

<net id="116"><net_src comp="110" pin="1"/><net_sink comp="105" pin=1"/></net>

<net id="120"><net_src comp="87" pin="2"/><net_sink comp="117" pin=0"/></net>

<net id="124"><net_src comp="99" pin="1"/><net_sink comp="121" pin=0"/></net>

<net id="125"><net_src comp="121" pin="1"/><net_sink comp="62" pin=2"/></net>

<net id="129"><net_src comp="36" pin="3"/><net_sink comp="126" pin=0"/></net>

<net id="130"><net_src comp="126" pin="1"/><net_sink comp="43" pin=0"/></net>

<net id="134"><net_src comp="49" pin="3"/><net_sink comp="131" pin=0"/></net>

<net id="135"><net_src comp="131" pin="1"/><net_sink comp="56" pin=0"/></net>

<net id="139"><net_src comp="43" pin="3"/><net_sink comp="136" pin=0"/></net>

<net id="140"><net_src comp="136" pin="1"/><net_sink comp="75" pin=0"/></net>

<net id="144"><net_src comp="56" pin="3"/><net_sink comp="141" pin=0"/></net>

<net id="145"><net_src comp="141" pin="1"/><net_sink comp="75" pin=1"/></net>

<net id="149"><net_src comp="75" pin="2"/><net_sink comp="146" pin=0"/></net>

<net id="150"><net_src comp="146" pin="1"/><net_sink comp="69" pin=1"/></net>

</net_list>

</model> 
---------------- Datapath Model END ------------------

* FSMD analyzer results:
  - Output states:
	Port: gate_f | {}
	Port: C_t | {}
	Port: stat_C | {7 }
 - Input state : 
	Port: infer_Pipeline_VITIS_LOOP_41_1 : gate_f | {1 2 }
	Port: infer_Pipeline_VITIS_LOOP_41_1 : C_t | {1 2 }
	Port: infer_Pipeline_VITIS_LOOP_41_1 : stat_C | {}
  - Chain level:
	State 1
		store_ln41 : 1
		i_3 : 1
		icmp_ln41 : 2
		add_ln41 : 2
		br_ln41 : 3
		zext_ln41 : 2
		gate_f_addr : 3
		gate_f_load : 4
		C_t_addr : 3
		C_t_load : 4
		store_ln41 : 3
	State 2
	State 3
	State 4
	State 5
	State 6
	State 7
		store_ln42 : 1


============================================================
+ Verbose Summary: Datapath Resource usage 
============================================================

* Functional unit list:
|----------|-----------------|---------|---------|---------|
| Operation| Functional Unit |   DSP   |    FF   |   LUT   |
|----------|-----------------|---------|---------|---------|
|   fmul   |    grp_fu_75    |    3    |   143   |   321   |
|----------|-----------------|---------|---------|---------|
|   icmp   | icmp_ln41_fu_87 |    0    |    0    |    15   |
|----------|-----------------|---------|---------|---------|
|    add   |  add_ln41_fu_93 |    0    |    0    |    15   |
|----------|-----------------|---------|---------|---------|
|   zext   | zext_ln41_fu_99 |    0    |    0    |    0    |
|----------|-----------------|---------|---------|---------|
|   Total  |                 |    3    |   143   |   351   |
|----------|-----------------|---------|---------|---------|

Memories:
N/A

* Register list:
+-------------------+--------+
|                   |   FF   |
+-------------------+--------+
|  C_t_addr_reg_131 |    7   |
|  C_t_load_reg_141 |   32   |
|gate_f_addr_reg_126|    7   |
|gate_f_load_reg_136|   32   |
|     i_reg_110     |    8   |
| icmp_ln41_reg_117 |    1   |
|   mul_i_reg_146   |   32   |
| zext_ln41_reg_121 |   64   |
+-------------------+--------+
|       Total       |   183  |
+-------------------+--------+

* Multiplexer (MUX) list: 
|------------------|------|------|------|--------||---------||---------||---------|
|       Comp       |  Pin | Size |  BW  | S x BW ||  Delay  ||    FF   ||   LUT   |
|------------------|------|------|------|--------||---------||---------||---------|
| grp_access_fu_43 |  p0  |   2  |   7  |   14   ||    0    ||    9    |
| grp_access_fu_56 |  p0  |   2  |   7  |   14   ||    0    ||    9    |
|------------------|------|------|------|--------||---------||---------||---------|
|       Total      |      |      |      |   28   ||  3.176  ||    0    ||    18   |
|------------------|------|------|------|--------||---------||---------||---------|



* Summary:
+-----------+--------+--------+--------+--------+
|           |   DSP  |  Delay |   FF   |   LUT  |
+-----------+--------+--------+--------+--------+
|  Function |    3   |    -   |   143  |   351  |
|   Memory  |    -   |    -   |    -   |    -   |
|Multiplexer|    -   |    3   |    0   |   18   |
|  Register |    -   |    -   |   183  |    -   |
+-----------+--------+--------+--------+--------+
|   Total   |    3   |    3   |   326  |   369  |
+-----------+--------+--------+--------+--------+
