

================================================================
== Vitis HLS Report for 'infer_Pipeline_VITIS_LOOP_34_11'
================================================================
* Date:           Thu May 22 16:58:30 2025

* Version:        2024.2 (Build 5238294 on Nov  8 2024)
* Project:        lstm_hls
* Solution:       solution1 (Vivado IP Flow Target)
* Product family: zynq
* Target device:  xc7z020-clg400-1


================================================================
== Performance Estimates
================================================================
+ Timing: 
    * Summary: 
    +--------+----------+----------+------------+
    |  Clock |  Target  | Estimated| Uncertainty|
    +--------+----------+----------+------------+
    |ap_clk  |  10.00 ns|  7.256 ns|     2.70 ns|
    +--------+----------+----------+------------+

+ Latency: 
    * Summary: 
    +---------+---------+----------+----------+-----+-----+------------------------------------------------+
    |  Latency (cycles) |  Latency (absolute) |  Interval |                    Pipeline                    |
    |   min   |   max   |    min   |    max   | min | max |                      Type                      |
    +---------+---------+----------+----------+-----+-----+------------------------------------------------+
    |      136|      136|  1.360 us|  1.360 us|  129|  129|  loop auto-rewind stp (delay=0 clock cycles(s))|
    +---------+---------+----------+----------+-----+-----+------------------------------------------------+

    + Detail: 
        * Instance: 
        N/A

        * Loop: 
        +-------------------+---------+---------+----------+-----------+-----------+------+----------+
        |                   |  Latency (cycles) | Iteration|  Initiation Interval  | Trip |          |
        |     Loop Name     |   min   |   max   |  Latency |  achieved |   target  | Count| Pipelined|
        +-------------------+---------+---------+----------+-----------+-----------+------+----------+
        |- VITIS_LOOP_34_1  |      134|      134|         8|          1|          1|   128|       yes|
        +-------------------+---------+---------+----------+-----------+-----------+------+----------+

============================================================
+ Verbose Summary: Synthesis Manager
============================================================
InlineROM: 1
ExposeGlobal: 0
============================================================
+ Verbose Summary: CDFG Model
============================================================
IsTopModel: 0
ResetActiveHigh: 1
IsCombinational: 0
IsDatapathOnly: 0
HasWiredReturn: 1
HasMFsm: 2
HasVarLatency: 1
IsPipeline: 0
IsRtlPipelined: 0
IsInstanceOverlapped: 0
IsDontTouch: 0
HasImplIP: 0
IsGatedGlobalClock: 0

+ Individual pipeline summary: 
  * Pipeline-0: initiation interval (II) = 1, depth = 8


============================================================
+ Verbose Summary: Schedule
============================================================
* Number of FSM states : 8
* Pipeline : 1
  Pipeline-0 : II = 1, D = 8, States = { 1 2 3 4 5 6 7 8 }
* Dataflow Pipeline: 0

* FSM state transitions: 
1 --> 2 
2 --> 3 
3 --> 4 
4 --> 5 
5 --> 6 
6 --> 7 
7 --> 8 
8 --> 

* FSM state operations: 

State 1 <SV = 0> <Delay = 5.09>
ST_1 : Operation 11 [1/1] (0.00ns)   --->   "%i_4 = alloca i32 1" [lstm_hls/rnn.cpp:34->lstm_hls/rnn.cpp:104]   --->   Operation 11 'alloca' 'i_4' <Predicate = true> <Delay = 0.00>
ST_1 : Operation 12 [1/1] (1.58ns)   --->   "%store_ln34 = store i8 0, i8 %i_4" [lstm_hls/rnn.cpp:34->lstm_hls/rnn.cpp:104]   --->   Operation 12 'store' 'store_ln34' <Predicate = true> <Delay = 1.58>
ST_1 : Operation 13 [1/1] (0.00ns)   --->   "%br_ln0 = br void %for.inc.i100"   --->   Operation 13 'br' 'br_ln0' <Predicate = true> <Delay = 0.00>
ST_1 : Operation 14 [1/1] (0.00ns)   --->   "%i = load i8 %i_4" [lstm_hls/rnn.cpp:34->lstm_hls/rnn.cpp:104]   --->   Operation 14 'load' 'i' <Predicate = true> <Delay = 0.00>
ST_1 : Operation 15 [1/1] (1.91ns)   --->   "%icmp_ln34 = icmp_eq  i8 %i, i8 128" [lstm_hls/rnn.cpp:34->lstm_hls/rnn.cpp:104]   --->   Operation 15 'icmp' 'icmp_ln34' <Predicate = true> <Delay = 1.91> <CoreInst = "Cmp">   --->   Core 9 'Cmp' <Latency = 0> <II = 1> <Delay = 1.91> <FuncUnit> <Opcode : 'seteq' 'setne' 'setle' 'setge' 'setlt' 'setgt'> <InPorts = 2> <OutPorts = 1>
ST_1 : Operation 16 [1/1] (0.00ns)   --->   "%speclooptripcount_ln0 = speclooptripcount void @_ssdm_op_SpecLoopTripCount, i64 128, i64 128, i64 128"   --->   Operation 16 'speclooptripcount' 'speclooptripcount_ln0' <Predicate = true> <Delay = 0.00>
ST_1 : Operation 17 [1/1] (1.91ns)   --->   "%add_ln34 = add i8 %i, i8 1" [lstm_hls/rnn.cpp:34->lstm_hls/rnn.cpp:104]   --->   Operation 17 'add' 'add_ln34' <Predicate = true> <Delay = 1.91> <CoreInst = "Adder">   --->   Core 1 'Adder' <Latency = 0> <II = 1> <Delay = 1.91> <FuncUnit> <Opcode : 'add' 'sub'> <InPorts = 2> <OutPorts = 1>
ST_1 : Operation 18 [1/1] (0.00ns)   --->   "%br_ln34 = br i1 %icmp_ln34, void %for.inc.i100.split, void %for.inc.i110.preheader.exitStub" [lstm_hls/rnn.cpp:34->lstm_hls/rnn.cpp:104]   --->   Operation 18 'br' 'br_ln34' <Predicate = true> <Delay = 0.00>
ST_1 : Operation 19 [1/1] (0.00ns)   --->   "%zext_ln34 = zext i8 %i" [lstm_hls/rnn.cpp:34->lstm_hls/rnn.cpp:104]   --->   Operation 19 'zext' 'zext_ln34' <Predicate = (!icmp_ln34)> <Delay = 0.00>
ST_1 : Operation 20 [1/1] (0.00ns)   --->   "%Bias0_i_addr = getelementptr i32 %Bias0_i, i64 0, i64 %zext_ln34" [lstm_hls/rnn.cpp:35->lstm_hls/rnn.cpp:104]   --->   Operation 20 'getelementptr' 'Bias0_i_addr' <Predicate = (!icmp_ln34)> <Delay = 0.00>
ST_1 : Operation 21 [2/2] (3.25ns)   --->   "%Bias0_i_load = load i7 %Bias0_i_addr" [lstm_hls/rnn.cpp:35->lstm_hls/rnn.cpp:104]   --->   Operation 21 'load' 'Bias0_i_load' <Predicate = (!icmp_ln34)> <Delay = 3.25> <CoreInst = "ROM">   --->   Core 94 'ROM' <Latency = 1> <II = 1> <Delay = 3.25> <Storage> <Opcode : 'load'> <Ports = 0> <Width = 32> <Depth = 128> <ROM>
ST_1 : Operation 22 [1/1] (0.00ns)   --->   "%gate_i_addr = getelementptr i32 %gate_i, i64 0, i64 %zext_ln34" [lstm_hls/rnn.cpp:35->lstm_hls/rnn.cpp:104]   --->   Operation 22 'getelementptr' 'gate_i_addr' <Predicate = (!icmp_ln34)> <Delay = 0.00>
ST_1 : Operation 23 [2/2] (3.25ns)   --->   "%gate_i_load = load i7 %gate_i_addr" [lstm_hls/rnn.cpp:35->lstm_hls/rnn.cpp:104]   --->   Operation 23 'load' 'gate_i_load' <Predicate = (!icmp_ln34)> <Delay = 3.25> <CoreInst = "RAM">   --->   Core 81 'RAM' <Latency = 1> <II = 1> <Delay = 3.25> <Storage> <Opcode : 'load' 'store'> <Ports = 2> <Width = 32> <Depth = 128> <RAM>
ST_1 : Operation 24 [1/1] (1.58ns)   --->   "%store_ln34 = store i8 %add_ln34, i8 %i_4" [lstm_hls/rnn.cpp:34->lstm_hls/rnn.cpp:104]   --->   Operation 24 'store' 'store_ln34' <Predicate = (!icmp_ln34)> <Delay = 1.58>

State 2 <SV = 1> <Delay = 3.25>
ST_2 : Operation 25 [1/2] ( I:3.25ns O:3.25ns )   --->   "%Bias0_i_load = load i7 %Bias0_i_addr" [lstm_hls/rnn.cpp:35->lstm_hls/rnn.cpp:104]   --->   Operation 25 'load' 'Bias0_i_load' <Predicate = true> <Delay = 3.25> <CoreInst = "ROM">   --->   Core 94 'ROM' <Latency = 1> <II = 1> <Delay = 3.25> <Storage> <Opcode : 'load'> <Ports = 0> <Width = 32> <Depth = 128> <ROM>
ST_2 : Operation 26 [1/2] ( I:3.25ns O:3.25ns )   --->   "%gate_i_load = load i7 %gate_i_addr" [lstm_hls/rnn.cpp:35->lstm_hls/rnn.cpp:104]   --->   Operation 26 'load' 'gate_i_load' <Predicate = true> <Delay = 3.25> <CoreInst = "RAM">   --->   Core 81 'RAM' <Latency = 1> <II = 1> <Delay = 3.25> <Storage> <Opcode : 'load' 'store'> <Ports = 2> <Width = 32> <Depth = 128> <RAM>

State 3 <SV = 2> <Delay = 7.25>
ST_3 : Operation 27 [5/5] (7.25ns)   --->   "%add_i3 = fadd i32 %gate_i_load, i32 %Bias0_i_load" [lstm_hls/rnn.cpp:35->lstm_hls/rnn.cpp:104]   --->   Operation 27 'fadd' 'add_i3' <Predicate = true> <Delay = 7.25> <CoreInst = "FAddSub_fulldsp">   --->   Core 18 'FAddSub_fulldsp' <Latency = 4> <II = 1> <Delay = 7.25> <FuncUnit> <Opcode : 'fadd' 'fsub'> <InPorts = 2> <OutPorts = 1>

State 4 <SV = 3> <Delay = 7.25>
ST_4 : Operation 28 [4/5] (7.25ns)   --->   "%add_i3 = fadd i32 %gate_i_load, i32 %Bias0_i_load" [lstm_hls/rnn.cpp:35->lstm_hls/rnn.cpp:104]   --->   Operation 28 'fadd' 'add_i3' <Predicate = true> <Delay = 7.25> <CoreInst = "FAddSub_fulldsp">   --->   Core 18 'FAddSub_fulldsp' <Latency = 4> <II = 1> <Delay = 7.25> <FuncUnit> <Opcode : 'fadd' 'fsub'> <InPorts = 2> <OutPorts = 1>

State 5 <SV = 4> <Delay = 7.25>
ST_5 : Operation 29 [3/5] (7.25ns)   --->   "%add_i3 = fadd i32 %gate_i_load, i32 %Bias0_i_load" [lstm_hls/rnn.cpp:35->lstm_hls/rnn.cpp:104]   --->   Operation 29 'fadd' 'add_i3' <Predicate = true> <Delay = 7.25> <CoreInst = "FAddSub_fulldsp">   --->   Core 18 'FAddSub_fulldsp' <Latency = 4> <II = 1> <Delay = 7.25> <FuncUnit> <Opcode : 'fadd' 'fsub'> <InPorts = 2> <OutPorts = 1>

State 6 <SV = 5> <Delay = 7.25>
ST_6 : Operation 30 [2/5] (7.25ns)   --->   "%add_i3 = fadd i32 %gate_i_load, i32 %Bias0_i_load" [lstm_hls/rnn.cpp:35->lstm_hls/rnn.cpp:104]   --->   Operation 30 'fadd' 'add_i3' <Predicate = true> <Delay = 7.25> <CoreInst = "FAddSub_fulldsp">   --->   Core 18 'FAddSub_fulldsp' <Latency = 4> <II = 1> <Delay = 7.25> <FuncUnit> <Opcode : 'fadd' 'fsub'> <InPorts = 2> <OutPorts = 1>

State 7 <SV = 6> <Delay = 7.25>
ST_7 : Operation 31 [1/5] (7.25ns)   --->   "%add_i3 = fadd i32 %gate_i_load, i32 %Bias0_i_load" [lstm_hls/rnn.cpp:35->lstm_hls/rnn.cpp:104]   --->   Operation 31 'fadd' 'add_i3' <Predicate = true> <Delay = 7.25> <CoreInst = "FAddSub_fulldsp">   --->   Core 18 'FAddSub_fulldsp' <Latency = 4> <II = 1> <Delay = 7.25> <FuncUnit> <Opcode : 'fadd' 'fsub'> <InPorts = 2> <OutPorts = 1>
ST_7 : Operation 36 [1/1] (1.58ns)   --->   "%ret_ln0 = ret"   --->   Operation 36 'ret' 'ret_ln0' <Predicate = (icmp_ln34)> <Delay = 1.58>

State 8 <SV = 7> <Delay = 3.25>
ST_8 : Operation 32 [1/1] (0.00ns)   --->   "%specpipeline_ln34 = specpipeline void @_ssdm_op_SpecPipeline, i32 4294967295, i32 0, i32 0, i32 0, void @empty_0" [lstm_hls/rnn.cpp:34->lstm_hls/rnn.cpp:104]   --->   Operation 32 'specpipeline' 'specpipeline_ln34' <Predicate = true> <Delay = 0.00>
ST_8 : Operation 33 [1/1] (0.00ns)   --->   "%specloopname_ln34 = specloopname void @_ssdm_op_SpecLoopName, void @empty_3" [lstm_hls/rnn.cpp:34->lstm_hls/rnn.cpp:104]   --->   Operation 33 'specloopname' 'specloopname_ln34' <Predicate = true> <Delay = 0.00>
ST_8 : Operation 34 [1/1] ( I:3.25ns O:3.25ns )   --->   "%store_ln35 = store i32 %add_i3, i7 %gate_i_addr" [lstm_hls/rnn.cpp:35->lstm_hls/rnn.cpp:104]   --->   Operation 34 'store' 'store_ln35' <Predicate = true> <Delay = 3.25> <CoreInst = "RAM">   --->   Core 81 'RAM' <Latency = 1> <II = 1> <Delay = 3.25> <Storage> <Opcode : 'load' 'store'> <Ports = 2> <Width = 32> <Depth = 128> <RAM>
ST_8 : Operation 35 [1/1] (0.00ns)   --->   "%br_ln34 = br void %for.inc.i100" [lstm_hls/rnn.cpp:34->lstm_hls/rnn.cpp:104]   --->   Operation 35 'br' 'br_ln34' <Predicate = true> <Delay = 0.00>


============================================================
+ Verbose Summary: Binding
============================================================
STG Binding: 
---------------- STG Properties BEGIN ----------------
- Is combinational: 0
- Is one-state seq: 0
- Is datapath-only: 0
- Is pipelined: 0
- Is top level: 0
Port [ Return ] is wired: 1; IO mode=ap_ctrl_hs:ce=0
Port [ gate_i]:  wired=1; compound=1; hidden=0; nouse=0; global=0; static=0; extern=0; dir=2; type=1; pingpong=0; private_global=0; MemPort=[01]; IO mode=ap_memory:ce=0
Port [ Bias0_i]:  wired=0; compound=1; hidden=1; nouse=0; global=1; static=1; extern=0; dir=0; type=1; pingpong=0; private_global=1; MemPort=[1]; IO mode=ap_memory:ce=0
---------------- STG Properties END ------------------

---------------- Datapath Model BEGIN ----------------

<LifeTime>
<method=bitvector/>
i_4                   (alloca           ) [ 010000000]
store_ln34            (store            ) [ 000000000]
br_ln0                (br               ) [ 000000000]
i                     (load             ) [ 000000000]
icmp_ln34             (icmp             ) [ 011111110]
speclooptripcount_ln0 (speclooptripcount) [ 000000000]
add_ln34              (add              ) [ 000000000]
br_ln34               (br               ) [ 000000000]
zext_ln34             (zext             ) [ 000000000]
Bias0_i_addr          (getelementptr    ) [ 011000000]
gate_i_addr           (getelementptr    ) [ 011111111]
store_ln34            (store            ) [ 000000000]
Bias0_i_load          (load             ) [ 010111110]
gate_i_load           (load             ) [ 010111110]
add_i3                (fadd             ) [ 010000001]
specpipeline_ln34     (specpipeline     ) [ 000000000]
specloopname_ln34     (specloopname     ) [ 000000000]
store_ln35            (store            ) [ 000000000]
br_ln34               (br               ) [ 000000000]
ret_ln0               (ret              ) [ 000000000]
</LifeTime>

<model>

<comp_list>
<comp id="0" class="1000" name="gate_i">
<pin_list>
<pin id="1" dir="1" index="0" bw="1" slack="0"/>
</pin_list>
<bind>
<StgValue><ssdm name="gate_i"/><MemPortTyVec>0 1 </MemPortTyVec>
</StgValue>
</bind>
</comp>

<comp id="2" class="1000" name="Bias0_i">
<pin_list>
<pin id="3" dir="1" index="0" bw="1" slack="0"/>
</pin_list>
<bind>
<StgValue><ssdm name="Bias0_i"/><MemPortTyVec>1 </MemPortTyVec>
</StgValue>
</bind>
</comp>

<comp id="4" class="1001" name="const_4">
<pin_list>
<pin id="5" dir="1" index="0" bw="1" slack="0"/>
</pin_list>
<bind>
<StgValue><ssdm name=""/></StgValue>
</bind>
</comp>

<comp id="6" class="1001" name="const_6">
<pin_list>
<pin id="7" dir="1" index="0" bw="1" slack="0"/>
</pin_list>
<bind>
<StgValue><ssdm name=""/></StgValue>
</bind>
</comp>

<comp id="8" class="1001" name="const_8">
<pin_list>
<pin id="9" dir="1" index="0" bw="1" slack="0"/>
</pin_list>
<bind>
<StgValue><ssdm name=""/></StgValue>
</bind>
</comp>

<comp id="10" class="1001" name="const_10">
<pin_list>
<pin id="11" dir="1" index="0" bw="1" slack="2147483647"/>
</pin_list>
<bind>
<StgValue><ssdm name="_ssdm_op_SpecLoopTripCount"/></StgValue>
</bind>
</comp>

<comp id="12" class="1001" name="const_12">
<pin_list>
<pin id="13" dir="1" index="0" bw="1" slack="2147483647"/>
</pin_list>
<bind>
<StgValue><ssdm name=""/></StgValue>
</bind>
</comp>

<comp id="14" class="1001" name="const_14">
<pin_list>
<pin id="15" dir="1" index="0" bw="1" slack="0"/>
</pin_list>
<bind>
<StgValue><ssdm name=""/></StgValue>
</bind>
</comp>

<comp id="16" class="1001" name="const_16">
<pin_list>
<pin id="17" dir="1" index="0" bw="1" slack="0"/>
</pin_list>
<bind>
<StgValue><ssdm name=""/></StgValue>
</bind>
</comp>

<comp id="18" class="1001" name="const_18">
<pin_list>
<pin id="19" dir="1" index="0" bw="1" slack="2147483647"/>
</pin_list>
<bind>
<StgValue><ssdm name="_ssdm_op_SpecPipeline"/></StgValue>
</bind>
</comp>

<comp id="20" class="1001" name="const_20">
<pin_list>
<pin id="21" dir="1" index="0" bw="1" slack="2147483647"/>
</pin_list>
<bind>
<StgValue><ssdm name=""/></StgValue>
</bind>
</comp>

<comp id="22" class="1001" name="const_22">
<pin_list>
<pin id="23" dir="1" index="0" bw="1" slack="2147483647"/>
</pin_list>
<bind>
<StgValue><ssdm name=""/></StgValue>
</bind>
</comp>

<comp id="24" class="1001" name="const_24">
<pin_list>
<pin id="25" dir="1" index="0" bw="1" slack="2147483647"/>
</pin_list>
<bind>
<StgValue><ssdm name="empty_0"/></StgValue>
</bind>
</comp>

<comp id="26" class="1001" name="const_26">
<pin_list>
<pin id="27" dir="1" index="0" bw="1" slack="2147483647"/>
</pin_list>
<bind>
<StgValue><ssdm name="_ssdm_op_SpecLoopName"/></StgValue>
</bind>
</comp>

<comp id="28" class="1001" name="const_28">
<pin_list>
<pin id="29" dir="1" index="0" bw="1" slack="2147483647"/>
</pin_list>
<bind>
<StgValue><ssdm name="empty_3"/></StgValue>
</bind>
</comp>

<comp id="30" class="1004" name="i_4_fu_30">
<pin_list>
<pin id="31" dir="0" index="0" bw="1" slack="0"/>
<pin id="32" dir="1" index="1" bw="8" slack="0"/>
</pin_list>
<bind>
<opcode="alloca(26) " fcode="alloca"/>
<opset="i_4/1 "/>
</bind>
</comp>

<comp id="34" class="1004" name="Bias0_i_addr_gep_fu_34">
<pin_list>
<pin id="35" dir="0" index="0" bw="32" slack="0"/>
<pin id="36" dir="0" index="1" bw="1" slack="0"/>
<pin id="37" dir="0" index="2" bw="8" slack="0"/>
<pin id="38" dir="1" index="3" bw="7" slack="0"/>
</pin_list>
<bind>
<opcode="getelementptr(29) " fcode="getelementptr"/>
<opset="Bias0_i_addr/1 "/>
</bind>
</comp>

<comp id="41" class="1004" name="grp_access_fu_41">
<pin_list>
<pin id="42" dir="0" index="0" bw="7" slack="0"/>
<pin id="43" dir="0" index="1" bw="32" slack="2147483647"/>
<pin id="44" dir="0" index="2" bw="0" slack="2147483647"/>
<pin id="45" dir="1" index="3" bw="32" slack="1"/>
</pin_list>
<bind>
<opcode="load(27) " fcode="load"/>
<opset="Bias0_i_load/1 "/>
</bind>
</comp>

<comp id="47" class="1004" name="gate_i_addr_gep_fu_47">
<pin_list>
<pin id="48" dir="0" index="0" bw="32" slack="0"/>
<pin id="49" dir="0" index="1" bw="1" slack="0"/>
<pin id="50" dir="0" index="2" bw="8" slack="0"/>
<pin id="51" dir="1" index="3" bw="7" slack="0"/>
</pin_list>
<bind>
<opcode="getelementptr(29) " fcode="getelementptr"/>
<opset="gate_i_addr/1 "/>
</bind>
</comp>

<comp id="54" class="1004" name="grp_access_fu_54">
<pin_list>
<pin id="55" dir="0" index="0" bw="7" slack="7"/>
<pin id="56" dir="0" index="1" bw="32" slack="1"/>
<pin id="57" dir="0" index="2" bw="0" slack="0"/>
<pin id="59" dir="0" index="4" bw="7" slack="2147483647"/>
<pin id="60" dir="0" index="5" bw="32" slack="2147483647"/>
<pin id="61" dir="0" index="6" bw="0" slack="2147483647"/>
<pin id="58" dir="1" index="3" bw="32" slack="2147483647"/>
<pin id="62" dir="1" index="7" bw="32" slack="1"/>
</pin_list>
<bind>
<opcode="load(27) store(28) " fcode="store"/>
<opset="gate_i_load/1 store_ln35/8 "/>
</bind>
</comp>

<comp id="64" class="1004" name="grp_fu_64">
<pin_list>
<pin id="65" dir="0" index="0" bw="32" slack="1"/>
<pin id="66" dir="0" index="1" bw="32" slack="1"/>
<pin id="67" dir="1" index="2" bw="32" slack="1"/>
</pin_list>
<bind>
<opcode="fadd(9) " fcode="fadd"/>
<opset="add_i3/3 "/>
</bind>
</comp>

<comp id="68" class="1004" name="store_ln34_store_fu_68">
<pin_list>
<pin id="69" dir="0" index="0" bw="1" slack="0"/>
<pin id="70" dir="0" index="1" bw="8" slack="0"/>
<pin id="71" dir="1" index="2" bw="0" slack="2147483647"/>
</pin_list>
<bind>
<opcode="store(28) " fcode="store"/>
<opset="store_ln34/1 "/>
</bind>
</comp>

<comp id="73" class="1004" name="i_load_fu_73">
<pin_list>
<pin id="74" dir="0" index="0" bw="8" slack="0"/>
<pin id="75" dir="1" index="1" bw="8" slack="0"/>
</pin_list>
<bind>
<opcode="load(27) " fcode="load"/>
<opset="i/1 "/>
</bind>
</comp>

<comp id="76" class="1004" name="icmp_ln34_fu_76">
<pin_list>
<pin id="77" dir="0" index="0" bw="8" slack="0"/>
<pin id="78" dir="0" index="1" bw="8" slack="0"/>
<pin id="79" dir="1" index="2" bw="1" slack="6"/>
</pin_list>
<bind>
<opcode="icmp(45) " fcode="icmp"/>
<opset="icmp_ln34/1 "/>
</bind>
</comp>

<comp id="82" class="1004" name="add_ln34_fu_82">
<pin_list>
<pin id="83" dir="0" index="0" bw="8" slack="0"/>
<pin id="84" dir="0" index="1" bw="1" slack="0"/>
<pin id="85" dir="1" index="2" bw="8" slack="0"/>
</pin_list>
<bind>
<opcode="add(8) " fcode="add"/>
<opset="add_ln34/1 "/>
</bind>
</comp>

<comp id="88" class="1004" name="zext_ln34_fu_88">
<pin_list>
<pin id="89" dir="0" index="0" bw="8" slack="0"/>
<pin id="90" dir="1" index="1" bw="64" slack="0"/>
</pin_list>
<bind>
<opcode="zext(34) " fcode="zext"/>
<opset="zext_ln34/1 "/>
</bind>
</comp>

<comp id="94" class="1004" name="store_ln34_store_fu_94">
<pin_list>
<pin id="95" dir="0" index="0" bw="8" slack="0"/>
<pin id="96" dir="0" index="1" bw="8" slack="0"/>
<pin id="97" dir="1" index="2" bw="0" slack="2147483647"/>
</pin_list>
<bind>
<opcode="store(28) " fcode="store"/>
<opset="store_ln34/1 "/>
</bind>
</comp>

<comp id="99" class="1005" name="i_4_reg_99">
<pin_list>
<pin id="100" dir="0" index="0" bw="8" slack="0"/>
<pin id="101" dir="1" index="1" bw="8" slack="0"/>
</pin_list>
<bind>
<opset="i_4 "/>
</bind>
</comp>

<comp id="106" class="1005" name="icmp_ln34_reg_106">
<pin_list>
<pin id="107" dir="0" index="0" bw="1" slack="6"/>
<pin id="108" dir="1" index="1" bw="1" slack="2147483647"/>
</pin_list>
<bind>
<opset="icmp_ln34 "/>
</bind>
</comp>

<comp id="110" class="1005" name="Bias0_i_addr_reg_110">
<pin_list>
<pin id="111" dir="0" index="0" bw="7" slack="1"/>
<pin id="112" dir="1" index="1" bw="7" slack="1"/>
</pin_list>
<bind>
<opset="Bias0_i_addr "/>
</bind>
</comp>

<comp id="115" class="1005" name="gate_i_addr_reg_115">
<pin_list>
<pin id="116" dir="0" index="0" bw="7" slack="1"/>
<pin id="117" dir="1" index="1" bw="7" slack="1"/>
</pin_list>
<bind>
<opset="gate_i_addr "/>
</bind>
</comp>

<comp id="121" class="1005" name="Bias0_i_load_reg_121">
<pin_list>
<pin id="122" dir="0" index="0" bw="32" slack="1"/>
<pin id="123" dir="1" index="1" bw="32" slack="1"/>
</pin_list>
<bind>
<opset="Bias0_i_load "/>
</bind>
</comp>

<comp id="126" class="1005" name="gate_i_load_reg_126">
<pin_list>
<pin id="127" dir="0" index="0" bw="32" slack="1"/>
<pin id="128" dir="1" index="1" bw="32" slack="1"/>
</pin_list>
<bind>
<opset="gate_i_load "/>
</bind>
</comp>

<comp id="131" class="1005" name="add_i3_reg_131">
<pin_list>
<pin id="132" dir="0" index="0" bw="32" slack="1"/>
<pin id="133" dir="1" index="1" bw="32" slack="1"/>
</pin_list>
<bind>
<opset="add_i3 "/>
</bind>
</comp>

</comp_list>

<net_list>
<net id="33"><net_src comp="4" pin="0"/><net_sink comp="30" pin=0"/></net>

<net id="39"><net_src comp="2" pin="0"/><net_sink comp="34" pin=0"/></net>

<net id="40"><net_src comp="16" pin="0"/><net_sink comp="34" pin=1"/></net>

<net id="46"><net_src comp="34" pin="3"/><net_sink comp="41" pin=0"/></net>

<net id="52"><net_src comp="0" pin="0"/><net_sink comp="47" pin=0"/></net>

<net id="53"><net_src comp="16" pin="0"/><net_sink comp="47" pin=1"/></net>

<net id="63"><net_src comp="47" pin="3"/><net_sink comp="54" pin=2"/></net>

<net id="72"><net_src comp="6" pin="0"/><net_sink comp="68" pin=0"/></net>

<net id="80"><net_src comp="73" pin="1"/><net_sink comp="76" pin=0"/></net>

<net id="81"><net_src comp="8" pin="0"/><net_sink comp="76" pin=1"/></net>

<net id="86"><net_src comp="73" pin="1"/><net_sink comp="82" pin=0"/></net>

<net id="87"><net_src comp="14" pin="0"/><net_sink comp="82" pin=1"/></net>

<net id="91"><net_src comp="73" pin="1"/><net_sink comp="88" pin=0"/></net>

<net id="92"><net_src comp="88" pin="1"/><net_sink comp="34" pin=2"/></net>

<net id="93"><net_src comp="88" pin="1"/><net_sink comp="47" pin=2"/></net>

<net id="98"><net_src comp="82" pin="2"/><net_sink comp="94" pin=0"/></net>

<net id="102"><net_src comp="30" pin="1"/><net_sink comp="99" pin=0"/></net>

<net id="103"><net_src comp="99" pin="1"/><net_sink comp="68" pin=1"/></net>

<net id="104"><net_src comp="99" pin="1"/><net_sink comp="73" pin=0"/></net>

<net id="105"><net_src comp="99" pin="1"/><net_sink comp="94" pin=1"/></net>

<net id="109"><net_src comp="76" pin="2"/><net_sink comp="106" pin=0"/></net>

<net id="113"><net_src comp="34" pin="3"/><net_sink comp="110" pin=0"/></net>

<net id="114"><net_src comp="110" pin="1"/><net_sink comp="41" pin=0"/></net>

<net id="118"><net_src comp="47" pin="3"/><net_sink comp="115" pin=0"/></net>

<net id="119"><net_src comp="115" pin="1"/><net_sink comp="54" pin=2"/></net>

<net id="120"><net_src comp="115" pin="1"/><net_sink comp="54" pin=0"/></net>

<net id="124"><net_src comp="41" pin="3"/><net_sink comp="121" pin=0"/></net>

<net id="125"><net_src comp="121" pin="1"/><net_sink comp="64" pin=1"/></net>

<net id="129"><net_src comp="54" pin="7"/><net_sink comp="126" pin=0"/></net>

<net id="130"><net_src comp="126" pin="1"/><net_sink comp="64" pin=0"/></net>

<net id="134"><net_src comp="64" pin="2"/><net_sink comp="131" pin=0"/></net>

<net id="135"><net_src comp="131" pin="1"/><net_sink comp="54" pin=1"/></net>

</net_list>

</model> 
---------------- Datapath Model END ------------------

* FSMD analyzer results:
  - Output states:
	Port: gate_i | {8 }
 - Input state : 
	Port: infer_Pipeline_VITIS_LOOP_34_11 : gate_i | {1 2 }
	Port: infer_Pipeline_VITIS_LOOP_34_11 : Bias0_i | {1 2 }
  - Chain level:
	State 1
		store_ln34 : 1
		i : 1
		icmp_ln34 : 2
		add_ln34 : 2
		br_ln34 : 3
		zext_ln34 : 2
		Bias0_i_addr : 3
		Bias0_i_load : 4
		gate_i_addr : 3
		gate_i_load : 4
		store_ln34 : 3
	State 2
	State 3
	State 4
	State 5
	State 6
	State 7
	State 8


============================================================
+ Verbose Summary: Datapath Resource usage 
============================================================

* Functional unit list:
|----------|-----------------|---------|---------|---------|
| Operation| Functional Unit |   DSP   |    FF   |   LUT   |
|----------|-----------------|---------|---------|---------|
|   fadd   |    grp_fu_64    |    2    |   205   |   390   |
|----------|-----------------|---------|---------|---------|
|   icmp   | icmp_ln34_fu_76 |    0    |    0    |    15   |
|----------|-----------------|---------|---------|---------|
|    add   |  add_ln34_fu_82 |    0    |    0    |    15   |
|----------|-----------------|---------|---------|---------|
|   zext   | zext_ln34_fu_88 |    0    |    0    |    0    |
|----------|-----------------|---------|---------|---------|
|   Total  |                 |    2    |   205   |   420   |
|----------|-----------------|---------|---------|---------|

Memories:
N/A

* Register list:
+--------------------+--------+
|                    |   FF   |
+--------------------+--------+
|Bias0_i_addr_reg_110|    7   |
|Bias0_i_load_reg_121|   32   |
|   add_i3_reg_131   |   32   |
| gate_i_addr_reg_115|    7   |
| gate_i_load_reg_126|   32   |
|     i_4_reg_99     |    8   |
|  icmp_ln34_reg_106 |    1   |
+--------------------+--------+
|        Total       |   119  |
+--------------------+--------+

* Multiplexer (MUX) list: 
|------------------|------|------|------|--------||---------||---------||---------|
|       Comp       |  Pin | Size |  BW  | S x BW ||  Delay  ||    FF   ||   LUT   |
|------------------|------|------|------|--------||---------||---------||---------|
| grp_access_fu_41 |  p0  |   2  |   7  |   14   ||    0    ||    9    |
| grp_access_fu_54 |  p2  |   2  |   0  |    0   ||    0    ||    9    |
|------------------|------|------|------|--------||---------||---------||---------|
|       Total      |      |      |      |   14   ||  3.176  ||    0    ||    18   |
|------------------|------|------|------|--------||---------||---------||---------|



* Summary:
+-----------+--------+--------+--------+--------+
|           |   DSP  |  Delay |   FF   |   LUT  |
+-----------+--------+--------+--------+--------+
|  Function |    2   |    -   |   205  |   420  |
|   Memory  |    -   |    -   |    -   |    -   |
|Multiplexer|    -   |    3   |    0   |   18   |
|  Register |    -   |    -   |   119  |    -   |
+-----------+--------+--------+--------+--------+
|   Total   |    2   |    3   |   324  |   438  |
+-----------+--------+--------+--------+--------+
