

================================================================
== Vitis HLS Report for 'infer_Pipeline_29'
================================================================
* Date:           Thu May 22 16:58:31 2025

* Version:        2024.2 (Build 5238294 on Nov  8 2024)
* Project:        lstm_hls
* Solution:       solution1 (Vivado IP Flow Target)
* Product family: zynq
* Target device:  xc7z020-clg400-1


================================================================
== Performance Estimates
================================================================
+ Timing: 
    * Summary: 
    +--------+----------+----------+------------+
    |  Clock |  Target  | Estimated| Uncertainty|
    +--------+----------+----------+------------+
    |ap_clk  |  10.00 ns|  6.508 ns|     2.70 ns|
    +--------+----------+----------+------------+

+ Latency: 
    * Summary: 
    +---------+---------+----------+----------+-----+-----+------------------------------------------------+
    |  Latency (cycles) |  Latency (absolute) |  Interval |                    Pipeline                    |
    |   min   |   max   |    min   |    max   | min | max |                      Type                      |
    +---------+---------+----------+----------+-----+-----+------------------------------------------------+
    |      130|      130|  1.300 us|  1.300 us|  129|  129|  loop auto-rewind stp (delay=0 clock cycles(s))|
    +---------+---------+----------+----------+-----+-----+------------------------------------------------+

    + Detail: 
        * Instance: 
        N/A

        * Loop: 
        +----------+---------+---------+----------+-----------+-----------+------+----------+
        |          |  Latency (cycles) | Iteration|  Initiation Interval  | Trip |          |
        | Loop Name|   min   |   max   |  Latency |  achieved |   target  | Count| Pipelined|
        +----------+---------+---------+----------+-----------+-----------+------+----------+
        |- Loop 1  |      128|      128|         2|          1|          1|   128|       yes|
        +----------+---------+---------+----------+-----------+-----------+------+----------+

============================================================
+ Verbose Summary: Synthesis Manager
============================================================
InlineROM: 1
ExposeGlobal: 0
============================================================
+ Verbose Summary: CDFG Model
============================================================
IsTopModel: 0
ResetActiveHigh: 1
IsCombinational: 0
IsDatapathOnly: 0
HasWiredReturn: 1
HasMFsm: 2
HasVarLatency: 1
IsPipeline: 0
IsRtlPipelined: 0
IsInstanceOverlapped: 0
IsDontTouch: 0
HasImplIP: 0
IsGatedGlobalClock: 0

+ Individual pipeline summary: 
  * Pipeline-0: initiation interval (II) = 1, depth = 2


============================================================
+ Verbose Summary: Schedule
============================================================
* Number of FSM states : 2
* Pipeline : 1
  Pipeline-0 : II = 1, D = 2, States = { 1 2 }
* Dataflow Pipeline: 0

* FSM state transitions: 
1 --> 2 
2 --> 

* FSM state operations: 

State 1 <SV = 0> <Delay = 5.09>
ST_1 : Operation 5 [1/1] (0.00ns)   --->   "%loop_index = alloca i32 1"   --->   Operation 5 'alloca' 'loop_index' <Predicate = true> <Delay = 0.00>
ST_1 : Operation 6 [1/1] (1.58ns)   --->   "%store_ln0 = store i8 0, i8 %loop_index"   --->   Operation 6 'store' 'store_ln0' <Predicate = true> <Delay = 1.58>
ST_1 : Operation 7 [1/1] (0.00ns)   --->   "%br_ln0 = br void %load-store-loop"   --->   Operation 7 'br' 'br_ln0' <Predicate = true> <Delay = 0.00>
ST_1 : Operation 8 [1/1] (0.00ns)   --->   "%loop_index_load = load i8 %loop_index"   --->   Operation 8 'load' 'loop_index_load' <Predicate = true> <Delay = 0.00>
ST_1 : Operation 9 [1/1] (1.91ns)   --->   "%exitcond6930 = icmp_eq  i8 %loop_index_load, i8 128"   --->   Operation 9 'icmp' 'exitcond6930' <Predicate = true> <Delay = 1.91> <CoreInst = "Cmp">   --->   Core 9 'Cmp' <Latency = 0> <II = 1> <Delay = 1.91> <FuncUnit> <Opcode : 'seteq' 'setne' 'setle' 'setge' 'setlt' 'setgt'> <InPorts = 2> <OutPorts = 1>
ST_1 : Operation 10 [1/1] (1.91ns)   --->   "%empty = add i8 %loop_index_load, i8 1"   --->   Operation 10 'add' 'empty' <Predicate = true> <Delay = 1.91> <CoreInst = "Adder">   --->   Core 1 'Adder' <Latency = 0> <II = 1> <Delay = 1.91> <FuncUnit> <Opcode : 'add' 'sub'> <InPorts = 2> <OutPorts = 1>
ST_1 : Operation 11 [1/1] (0.00ns)   --->   "%br_ln0 = br i1 %exitcond6930, void %load-store-loop.split, void %for.inc.i187.preheader.exitStub"   --->   Operation 11 'br' 'br_ln0' <Predicate = true> <Delay = 0.00>
ST_1 : Operation 12 [1/1] (0.00ns)   --->   "%loop_index_cast = zext i8 %loop_index_load"   --->   Operation 12 'zext' 'loop_index_cast' <Predicate = (!exitcond6930)> <Delay = 0.00>
ST_1 : Operation 13 [1/1] (0.00ns)   --->   "%stat_C_addr = getelementptr i32 %stat_C, i64 0, i64 %loop_index_cast"   --->   Operation 13 'getelementptr' 'stat_C_addr' <Predicate = (!exitcond6930)> <Delay = 0.00>
ST_1 : Operation 14 [2/2] (3.25ns)   --->   "%stat_C_load = load i7 %stat_C_addr"   --->   Operation 14 'load' 'stat_C_load' <Predicate = (!exitcond6930)> <Delay = 3.25> <CoreInst = "RAM">   --->   Core 81 'RAM' <Latency = 1> <II = 1> <Delay = 3.25> <Storage> <Opcode : 'load' 'store'> <Ports = 2> <Width = 32> <Depth = 128> <RAM>
ST_1 : Operation 15 [1/1] (1.58ns)   --->   "%store_ln0 = store i8 %empty, i8 %loop_index"   --->   Operation 15 'store' 'store_ln0' <Predicate = (!exitcond6930)> <Delay = 1.58>
ST_1 : Operation 22 [1/1] (1.58ns)   --->   "%ret_ln0 = ret"   --->   Operation 22 'ret' 'ret_ln0' <Predicate = (exitcond6930)> <Delay = 1.58>

State 2 <SV = 1> <Delay = 6.50>
ST_2 : Operation 16 [1/1] (0.00ns)   --->   "%specpipeline_ln0 = specpipeline void @_ssdm_op_SpecPipeline, i32 4294967295, i32 0, i32 0, i32 0, void @empty_0"   --->   Operation 16 'specpipeline' 'specpipeline_ln0' <Predicate = true> <Delay = 0.00>
ST_2 : Operation 17 [1/1] (0.00ns)   --->   "%speclooptripcount_ln0 = speclooptripcount void @_ssdm_op_SpecLoopTripCount, i64 128, i64 128, i64 128"   --->   Operation 17 'speclooptripcount' 'speclooptripcount_ln0' <Predicate = true> <Delay = 0.00>
ST_2 : Operation 18 [1/2] ( I:3.25ns O:3.25ns )   --->   "%stat_C_load = load i7 %stat_C_addr"   --->   Operation 18 'load' 'stat_C_load' <Predicate = true> <Delay = 3.25> <CoreInst = "RAM">   --->   Core 81 'RAM' <Latency = 1> <II = 1> <Delay = 3.25> <Storage> <Opcode : 'load' 'store'> <Ports = 2> <Width = 32> <Depth = 128> <RAM>
ST_2 : Operation 19 [1/1] (0.00ns)   --->   "%C_t_addr = getelementptr i32 %C_t, i64 0, i64 %loop_index_cast"   --->   Operation 19 'getelementptr' 'C_t_addr' <Predicate = true> <Delay = 0.00>
ST_2 : Operation 20 [1/1] ( I:3.25ns O:3.25ns )   --->   "%store_ln0 = store i32 %stat_C_load, i7 %C_t_addr"   --->   Operation 20 'store' 'store_ln0' <Predicate = true> <Delay = 3.25> <CoreInst = "RAM">   --->   Core 81 'RAM' <Latency = 1> <II = 1> <Delay = 3.25> <Storage> <Opcode : 'load' 'store'> <Ports = 2> <Width = 32> <Depth = 128> <RAM>
ST_2 : Operation 21 [1/1] (0.00ns)   --->   "%br_ln0 = br void %load-store-loop"   --->   Operation 21 'br' 'br_ln0' <Predicate = true> <Delay = 0.00>


============================================================
+ Verbose Summary: Timing violations
============================================================
Target clock period: 10.000ns, clock uncertainty: 2.700ns.

 <State 1>: 5.091ns
The critical path consists of the following:
	'store' operation 0 bit ('store_ln0') of constant 0 on local variable 'loop_index' [4]  (1.588 ns)
	'load' operation 8 bit ('loop_index_load') on local variable 'loop_index' [7]  (0.000 ns)
	'icmp' operation 1 bit ('exitcond6930') [8]  (1.915 ns)
	'store' operation 0 bit ('store_ln0') of variable 'empty' on local variable 'loop_index' [19]  (1.588 ns)

 <State 2>: 6.508ns
The critical path consists of the following:
	'load' operation 32 bit ('stat_C_load') on array 'stat_C' [16]  (3.254 ns)
	'store' operation 0 bit ('store_ln0') of variable 'stat_C_load' on array 'C_t' [18]  (3.254 ns)


============================================================
+ Verbose Summary: Binding
============================================================
N/A
* FSMD analyzer results:
  - Output states:
 - Input state : 
  - Chain level:
	State 1
	State 2


============================================================
+ Verbose Summary: Datapath Resource usage 
============================================================
N/A
