

================================================================
== Vitis HLS Report for 'infer_Pipeline_VITIS_LOOP_27_18'
================================================================
* Date:           Thu May 22 16:58:31 2025

* Version:        2024.2 (Build 5238294 on Nov  8 2024)
* Project:        lstm_hls
* Solution:       solution1 (Vivado IP Flow Target)
* Product family: zynq
* Target device:  xc7z020-clg400-1


================================================================
== Performance Estimates
================================================================
+ Timing: 
    * Summary: 
    +--------+----------+----------+------------+
    |  Clock |  Target  | Estimated| Uncertainty|
    +--------+----------+----------+------------+
    |ap_clk  |  10.00 ns|  7.297 ns|     2.70 ns|
    +--------+----------+----------+------------+

+ Latency: 
    * Summary: 
    +---------+---------+----------+----------+-----+-----+------------------------------------------------+
    |  Latency (cycles) |  Latency (absolute) |  Interval |                    Pipeline                    |
    |   min   |   max   |    min   |    max   | min | max |                      Type                      |
    +---------+---------+----------+----------+-----+-----+------------------------------------------------+
    |      205|      205|  2.050 us|  2.050 us|  129|  129|  loop auto-rewind stp (delay=0 clock cycles(s))|
    +---------+---------+----------+----------+-----+-----+------------------------------------------------+

    + Detail: 
        * Instance: 
        N/A

        * Loop: 
        +-------------------+---------+---------+----------+-----------+-----------+------+----------+
        |                   |  Latency (cycles) | Iteration|  Initiation Interval  | Trip |          |
        |     Loop Name     |   min   |   max   |  Latency |  achieved |   target  | Count| Pipelined|
        +-------------------+---------+---------+----------+-----------+-----------+------+----------+
        |- VITIS_LOOP_27_1  |      203|      203|        77|          1|          1|   128|       yes|
        +-------------------+---------+---------+----------+-----------+-----------+------+----------+

============================================================
+ Verbose Summary: Synthesis Manager
============================================================
InlineROM: 1
ExposeGlobal: 0
============================================================
+ Verbose Summary: CDFG Model
============================================================
IsTopModel: 0
ResetActiveHigh: 1
IsCombinational: 0
IsDatapathOnly: 0
HasWiredReturn: 1
HasMFsm: 2
HasVarLatency: 1
IsPipeline: 0
IsRtlPipelined: 0
IsInstanceOverlapped: 0
IsDontTouch: 0
HasImplIP: 0
IsGatedGlobalClock: 0

+ Individual pipeline summary: 
  * Pipeline-0: initiation interval (II) = 1, depth = 77


============================================================
+ Verbose Summary: Schedule
============================================================
* Number of FSM states : 77
* Pipeline : 1
  Pipeline-0 : II = 1, D = 77, States = { 1 2 3 4 5 6 7 8 9 10 11 12 13 14 15 16 17 18 19 20 21 22 23 24 25 26 27 28 29 30 31 32 33 34 35 36 37 38 39 40 41 42 43 44 45 46 47 48 49 50 51 52 53 54 55 56 57 58 59 60 61 62 63 64 65 66 67 68 69 70 71 72 73 74 75 76 77 }
* Dataflow Pipeline: 0

* FSM state transitions: 
1 --> 2 
2 --> 3 
3 --> 4 
4 --> 5 
5 --> 6 
6 --> 7 
7 --> 8 
8 --> 9 
9 --> 10 
10 --> 11 
11 --> 12 
12 --> 13 
13 --> 14 
14 --> 15 
15 --> 16 
16 --> 17 
17 --> 18 
18 --> 19 
19 --> 20 
20 --> 21 
21 --> 22 
22 --> 23 
23 --> 24 
24 --> 25 
25 --> 26 
26 --> 27 
27 --> 28 
28 --> 29 
29 --> 30 
30 --> 31 
31 --> 32 
32 --> 33 
33 --> 34 
34 --> 35 
35 --> 36 
36 --> 37 
37 --> 38 
38 --> 39 
39 --> 40 
40 --> 41 
41 --> 42 
42 --> 43 
43 --> 44 
44 --> 45 
45 --> 46 
46 --> 47 
47 --> 48 
48 --> 49 
49 --> 50 
50 --> 51 
51 --> 52 
52 --> 53 
53 --> 54 
54 --> 55 
55 --> 56 
56 --> 57 
57 --> 58 
58 --> 59 
59 --> 60 
60 --> 61 
61 --> 62 
62 --> 63 
63 --> 64 
64 --> 65 
65 --> 66 
66 --> 67 
67 --> 68 
68 --> 69 
69 --> 70 
70 --> 71 
71 --> 72 
72 --> 73 
73 --> 74 
74 --> 75 
75 --> 76 
76 --> 77 
77 --> 

* FSM state operations: 

State 1 <SV = 0> <Delay = 5.09>
ST_1 : Operation 80 [1/1] (0.00ns)   --->   "%i = alloca i32 1" [lstm_hls/rnn.cpp:27->lstm_hls/rnn.cpp:132]   --->   Operation 80 'alloca' 'i' <Predicate = true> <Delay = 0.00>
ST_1 : Operation 81 [1/1] (1.58ns)   --->   "%store_ln27 = store i8 0, i8 %i" [lstm_hls/rnn.cpp:27->lstm_hls/rnn.cpp:132]   --->   Operation 81 'store' 'store_ln27' <Predicate = true> <Delay = 1.58>
ST_1 : Operation 82 [1/1] (0.00ns)   --->   "%br_ln0 = br void %for.inc.i187"   --->   Operation 82 'br' 'br_ln0' <Predicate = true> <Delay = 0.00>
ST_1 : Operation 83 [1/1] (0.00ns)   --->   "%i_7 = load i8 %i" [lstm_hls/rnn.cpp:27->lstm_hls/rnn.cpp:132]   --->   Operation 83 'load' 'i_7' <Predicate = true> <Delay = 0.00>
ST_1 : Operation 84 [1/1] (1.91ns)   --->   "%icmp_ln27 = icmp_eq  i8 %i_7, i8 128" [lstm_hls/rnn.cpp:27->lstm_hls/rnn.cpp:132]   --->   Operation 84 'icmp' 'icmp_ln27' <Predicate = true> <Delay = 1.91> <CoreInst = "Cmp">   --->   Core 9 'Cmp' <Latency = 0> <II = 1> <Delay = 1.91> <FuncUnit> <Opcode : 'seteq' 'setne' 'setle' 'setge' 'setlt' 'setgt'> <InPorts = 2> <OutPorts = 1>
ST_1 : Operation 85 [1/1] (1.91ns)   --->   "%add_ln27 = add i8 %i_7, i8 1" [lstm_hls/rnn.cpp:27->lstm_hls/rnn.cpp:132]   --->   Operation 85 'add' 'add_ln27' <Predicate = true> <Delay = 1.91> <CoreInst = "Adder">   --->   Core 1 'Adder' <Latency = 0> <II = 1> <Delay = 1.91> <FuncUnit> <Opcode : 'add' 'sub'> <InPorts = 2> <OutPorts = 1>
ST_1 : Operation 86 [1/1] (0.00ns)   --->   "%br_ln27 = br i1 %icmp_ln27, void %for.inc.i187.split, void %for.inc.i196.preheader.exitStub" [lstm_hls/rnn.cpp:27->lstm_hls/rnn.cpp:132]   --->   Operation 86 'br' 'br_ln27' <Predicate = true> <Delay = 0.00>
ST_1 : Operation 87 [1/1] (0.00ns)   --->   "%zext_ln27 = zext i8 %i_7" [lstm_hls/rnn.cpp:27->lstm_hls/rnn.cpp:132]   --->   Operation 87 'zext' 'zext_ln27' <Predicate = (!icmp_ln27)> <Delay = 0.00>
ST_1 : Operation 88 [1/1] (0.00ns)   --->   "%stat_C_addr = getelementptr i32 %stat_C, i64 0, i64 %zext_ln27" [lstm_hls/rnn.cpp:28->lstm_hls/rnn.cpp:132]   --->   Operation 88 'getelementptr' 'stat_C_addr' <Predicate = (!icmp_ln27)> <Delay = 0.00>
ST_1 : Operation 89 [2/2] (3.25ns)   --->   "%stat_C_load = load i7 %stat_C_addr" [lstm_hls/rnn.cpp:28->lstm_hls/rnn.cpp:132]   --->   Operation 89 'load' 'stat_C_load' <Predicate = (!icmp_ln27)> <Delay = 3.25> <CoreInst = "RAM">   --->   Core 81 'RAM' <Latency = 1> <II = 1> <Delay = 3.25> <Storage> <Opcode : 'load' 'store'> <Ports = 2> <Width = 32> <Depth = 128> <RAM>
ST_1 : Operation 90 [1/1] (1.58ns)   --->   "%store_ln27 = store i8 %add_ln27, i8 %i" [lstm_hls/rnn.cpp:27->lstm_hls/rnn.cpp:132]   --->   Operation 90 'store' 'store_ln27' <Predicate = (!icmp_ln27)> <Delay = 1.58>

State 2 <SV = 1> <Delay = 3.25>
ST_2 : Operation 91 [1/2] ( I:3.25ns O:3.25ns )   --->   "%stat_C_load = load i7 %stat_C_addr" [lstm_hls/rnn.cpp:28->lstm_hls/rnn.cpp:132]   --->   Operation 91 'load' 'stat_C_load' <Predicate = true> <Delay = 3.25> <CoreInst = "RAM">   --->   Core 81 'RAM' <Latency = 1> <II = 1> <Delay = 3.25> <Storage> <Opcode : 'load' 'store'> <Ports = 2> <Width = 32> <Depth = 128> <RAM>

State 3 <SV = 2> <Delay = 7.25>
ST_3 : Operation 92 [75/75] (7.25ns)   --->   "%tmp_4 = call i32 @generic_tanh<float>, i32 %stat_C_load, i58 %table_exp_Z1_ap_ufixed_58_1_ap_q_mode_5_ap_o_mode_3_0_array, i26 %table_f_Z3_ap_ufixed_59_0_ap_q_mode_5_ap_o_mode_3_0_array, i42 %table_f_Z2_ap_ufixed_59_0_ap_q_mode_5_ap_o_mode_3_0_array" [/wrk/ci/prod/2024.2/hls_product/continuous/495/2024.2/src/shared/hls/clib/hlsmath/src/c/tanhfloat.cpp:8->/tools/Xilinx/Vivado/2024.2/tps/lnx64/gcc-8.3.0/lib/gcc/x86_64-pc-linux-gnu/8.3.0/../../../../include/c++/8.3.0/cmath:502->lstm_hls/rnn.cpp:28->lstm_hls/rnn.cpp:132]   --->   Operation 92 'call' 'tmp_4' <Predicate = (!icmp_ln27)> <Delay = 7.25> <CoreType = "Generic">   --->   Generic Core

State 4 <SV = 3> <Delay = 7.29>
ST_4 : Operation 93 [74/75] (7.29ns)   --->   "%tmp_4 = call i32 @generic_tanh<float>, i32 %stat_C_load, i58 %table_exp_Z1_ap_ufixed_58_1_ap_q_mode_5_ap_o_mode_3_0_array, i26 %table_f_Z3_ap_ufixed_59_0_ap_q_mode_5_ap_o_mode_3_0_array, i42 %table_f_Z2_ap_ufixed_59_0_ap_q_mode_5_ap_o_mode_3_0_array" [/wrk/ci/prod/2024.2/hls_product/continuous/495/2024.2/src/shared/hls/clib/hlsmath/src/c/tanhfloat.cpp:8->/tools/Xilinx/Vivado/2024.2/tps/lnx64/gcc-8.3.0/lib/gcc/x86_64-pc-linux-gnu/8.3.0/../../../../include/c++/8.3.0/cmath:502->lstm_hls/rnn.cpp:28->lstm_hls/rnn.cpp:132]   --->   Operation 93 'call' 'tmp_4' <Predicate = (!icmp_ln27)> <Delay = 7.29> <CoreType = "Generic">   --->   Generic Core

State 5 <SV = 4> <Delay = 7.29>
ST_5 : Operation 94 [73/75] (7.29ns)   --->   "%tmp_4 = call i32 @generic_tanh<float>, i32 %stat_C_load, i58 %table_exp_Z1_ap_ufixed_58_1_ap_q_mode_5_ap_o_mode_3_0_array, i26 %table_f_Z3_ap_ufixed_59_0_ap_q_mode_5_ap_o_mode_3_0_array, i42 %table_f_Z2_ap_ufixed_59_0_ap_q_mode_5_ap_o_mode_3_0_array" [/wrk/ci/prod/2024.2/hls_product/continuous/495/2024.2/src/shared/hls/clib/hlsmath/src/c/tanhfloat.cpp:8->/tools/Xilinx/Vivado/2024.2/tps/lnx64/gcc-8.3.0/lib/gcc/x86_64-pc-linux-gnu/8.3.0/../../../../include/c++/8.3.0/cmath:502->lstm_hls/rnn.cpp:28->lstm_hls/rnn.cpp:132]   --->   Operation 94 'call' 'tmp_4' <Predicate = (!icmp_ln27)> <Delay = 7.29> <CoreType = "Generic">   --->   Generic Core

State 6 <SV = 5> <Delay = 7.29>
ST_6 : Operation 95 [72/75] (7.29ns)   --->   "%tmp_4 = call i32 @generic_tanh<float>, i32 %stat_C_load, i58 %table_exp_Z1_ap_ufixed_58_1_ap_q_mode_5_ap_o_mode_3_0_array, i26 %table_f_Z3_ap_ufixed_59_0_ap_q_mode_5_ap_o_mode_3_0_array, i42 %table_f_Z2_ap_ufixed_59_0_ap_q_mode_5_ap_o_mode_3_0_array" [/wrk/ci/prod/2024.2/hls_product/continuous/495/2024.2/src/shared/hls/clib/hlsmath/src/c/tanhfloat.cpp:8->/tools/Xilinx/Vivado/2024.2/tps/lnx64/gcc-8.3.0/lib/gcc/x86_64-pc-linux-gnu/8.3.0/../../../../include/c++/8.3.0/cmath:502->lstm_hls/rnn.cpp:28->lstm_hls/rnn.cpp:132]   --->   Operation 95 'call' 'tmp_4' <Predicate = (!icmp_ln27)> <Delay = 7.29> <CoreType = "Generic">   --->   Generic Core

State 7 <SV = 6> <Delay = 7.29>
ST_7 : Operation 96 [71/75] (7.29ns)   --->   "%tmp_4 = call i32 @generic_tanh<float>, i32 %stat_C_load, i58 %table_exp_Z1_ap_ufixed_58_1_ap_q_mode_5_ap_o_mode_3_0_array, i26 %table_f_Z3_ap_ufixed_59_0_ap_q_mode_5_ap_o_mode_3_0_array, i42 %table_f_Z2_ap_ufixed_59_0_ap_q_mode_5_ap_o_mode_3_0_array" [/wrk/ci/prod/2024.2/hls_product/continuous/495/2024.2/src/shared/hls/clib/hlsmath/src/c/tanhfloat.cpp:8->/tools/Xilinx/Vivado/2024.2/tps/lnx64/gcc-8.3.0/lib/gcc/x86_64-pc-linux-gnu/8.3.0/../../../../include/c++/8.3.0/cmath:502->lstm_hls/rnn.cpp:28->lstm_hls/rnn.cpp:132]   --->   Operation 96 'call' 'tmp_4' <Predicate = (!icmp_ln27)> <Delay = 7.29> <CoreType = "Generic">   --->   Generic Core

State 8 <SV = 7> <Delay = 7.29>
ST_8 : Operation 97 [70/75] (7.29ns)   --->   "%tmp_4 = call i32 @generic_tanh<float>, i32 %stat_C_load, i58 %table_exp_Z1_ap_ufixed_58_1_ap_q_mode_5_ap_o_mode_3_0_array, i26 %table_f_Z3_ap_ufixed_59_0_ap_q_mode_5_ap_o_mode_3_0_array, i42 %table_f_Z2_ap_ufixed_59_0_ap_q_mode_5_ap_o_mode_3_0_array" [/wrk/ci/prod/2024.2/hls_product/continuous/495/2024.2/src/shared/hls/clib/hlsmath/src/c/tanhfloat.cpp:8->/tools/Xilinx/Vivado/2024.2/tps/lnx64/gcc-8.3.0/lib/gcc/x86_64-pc-linux-gnu/8.3.0/../../../../include/c++/8.3.0/cmath:502->lstm_hls/rnn.cpp:28->lstm_hls/rnn.cpp:132]   --->   Operation 97 'call' 'tmp_4' <Predicate = (!icmp_ln27)> <Delay = 7.29> <CoreType = "Generic">   --->   Generic Core

State 9 <SV = 8> <Delay = 7.29>
ST_9 : Operation 98 [69/75] (7.29ns)   --->   "%tmp_4 = call i32 @generic_tanh<float>, i32 %stat_C_load, i58 %table_exp_Z1_ap_ufixed_58_1_ap_q_mode_5_ap_o_mode_3_0_array, i26 %table_f_Z3_ap_ufixed_59_0_ap_q_mode_5_ap_o_mode_3_0_array, i42 %table_f_Z2_ap_ufixed_59_0_ap_q_mode_5_ap_o_mode_3_0_array" [/wrk/ci/prod/2024.2/hls_product/continuous/495/2024.2/src/shared/hls/clib/hlsmath/src/c/tanhfloat.cpp:8->/tools/Xilinx/Vivado/2024.2/tps/lnx64/gcc-8.3.0/lib/gcc/x86_64-pc-linux-gnu/8.3.0/../../../../include/c++/8.3.0/cmath:502->lstm_hls/rnn.cpp:28->lstm_hls/rnn.cpp:132]   --->   Operation 98 'call' 'tmp_4' <Predicate = (!icmp_ln27)> <Delay = 7.29> <CoreType = "Generic">   --->   Generic Core

State 10 <SV = 9> <Delay = 7.29>
ST_10 : Operation 99 [68/75] (7.29ns)   --->   "%tmp_4 = call i32 @generic_tanh<float>, i32 %stat_C_load, i58 %table_exp_Z1_ap_ufixed_58_1_ap_q_mode_5_ap_o_mode_3_0_array, i26 %table_f_Z3_ap_ufixed_59_0_ap_q_mode_5_ap_o_mode_3_0_array, i42 %table_f_Z2_ap_ufixed_59_0_ap_q_mode_5_ap_o_mode_3_0_array" [/wrk/ci/prod/2024.2/hls_product/continuous/495/2024.2/src/shared/hls/clib/hlsmath/src/c/tanhfloat.cpp:8->/tools/Xilinx/Vivado/2024.2/tps/lnx64/gcc-8.3.0/lib/gcc/x86_64-pc-linux-gnu/8.3.0/../../../../include/c++/8.3.0/cmath:502->lstm_hls/rnn.cpp:28->lstm_hls/rnn.cpp:132]   --->   Operation 99 'call' 'tmp_4' <Predicate = (!icmp_ln27)> <Delay = 7.29> <CoreType = "Generic">   --->   Generic Core

State 11 <SV = 10> <Delay = 7.29>
ST_11 : Operation 100 [67/75] (7.29ns)   --->   "%tmp_4 = call i32 @generic_tanh<float>, i32 %stat_C_load, i58 %table_exp_Z1_ap_ufixed_58_1_ap_q_mode_5_ap_o_mode_3_0_array, i26 %table_f_Z3_ap_ufixed_59_0_ap_q_mode_5_ap_o_mode_3_0_array, i42 %table_f_Z2_ap_ufixed_59_0_ap_q_mode_5_ap_o_mode_3_0_array" [/wrk/ci/prod/2024.2/hls_product/continuous/495/2024.2/src/shared/hls/clib/hlsmath/src/c/tanhfloat.cpp:8->/tools/Xilinx/Vivado/2024.2/tps/lnx64/gcc-8.3.0/lib/gcc/x86_64-pc-linux-gnu/8.3.0/../../../../include/c++/8.3.0/cmath:502->lstm_hls/rnn.cpp:28->lstm_hls/rnn.cpp:132]   --->   Operation 100 'call' 'tmp_4' <Predicate = (!icmp_ln27)> <Delay = 7.29> <CoreType = "Generic">   --->   Generic Core

State 12 <SV = 11> <Delay = 7.29>
ST_12 : Operation 101 [66/75] (7.29ns)   --->   "%tmp_4 = call i32 @generic_tanh<float>, i32 %stat_C_load, i58 %table_exp_Z1_ap_ufixed_58_1_ap_q_mode_5_ap_o_mode_3_0_array, i26 %table_f_Z3_ap_ufixed_59_0_ap_q_mode_5_ap_o_mode_3_0_array, i42 %table_f_Z2_ap_ufixed_59_0_ap_q_mode_5_ap_o_mode_3_0_array" [/wrk/ci/prod/2024.2/hls_product/continuous/495/2024.2/src/shared/hls/clib/hlsmath/src/c/tanhfloat.cpp:8->/tools/Xilinx/Vivado/2024.2/tps/lnx64/gcc-8.3.0/lib/gcc/x86_64-pc-linux-gnu/8.3.0/../../../../include/c++/8.3.0/cmath:502->lstm_hls/rnn.cpp:28->lstm_hls/rnn.cpp:132]   --->   Operation 101 'call' 'tmp_4' <Predicate = (!icmp_ln27)> <Delay = 7.29> <CoreType = "Generic">   --->   Generic Core

State 13 <SV = 12> <Delay = 7.29>
ST_13 : Operation 102 [65/75] (7.29ns)   --->   "%tmp_4 = call i32 @generic_tanh<float>, i32 %stat_C_load, i58 %table_exp_Z1_ap_ufixed_58_1_ap_q_mode_5_ap_o_mode_3_0_array, i26 %table_f_Z3_ap_ufixed_59_0_ap_q_mode_5_ap_o_mode_3_0_array, i42 %table_f_Z2_ap_ufixed_59_0_ap_q_mode_5_ap_o_mode_3_0_array" [/wrk/ci/prod/2024.2/hls_product/continuous/495/2024.2/src/shared/hls/clib/hlsmath/src/c/tanhfloat.cpp:8->/tools/Xilinx/Vivado/2024.2/tps/lnx64/gcc-8.3.0/lib/gcc/x86_64-pc-linux-gnu/8.3.0/../../../../include/c++/8.3.0/cmath:502->lstm_hls/rnn.cpp:28->lstm_hls/rnn.cpp:132]   --->   Operation 102 'call' 'tmp_4' <Predicate = (!icmp_ln27)> <Delay = 7.29> <CoreType = "Generic">   --->   Generic Core

State 14 <SV = 13> <Delay = 7.29>
ST_14 : Operation 103 [64/75] (7.29ns)   --->   "%tmp_4 = call i32 @generic_tanh<float>, i32 %stat_C_load, i58 %table_exp_Z1_ap_ufixed_58_1_ap_q_mode_5_ap_o_mode_3_0_array, i26 %table_f_Z3_ap_ufixed_59_0_ap_q_mode_5_ap_o_mode_3_0_array, i42 %table_f_Z2_ap_ufixed_59_0_ap_q_mode_5_ap_o_mode_3_0_array" [/wrk/ci/prod/2024.2/hls_product/continuous/495/2024.2/src/shared/hls/clib/hlsmath/src/c/tanhfloat.cpp:8->/tools/Xilinx/Vivado/2024.2/tps/lnx64/gcc-8.3.0/lib/gcc/x86_64-pc-linux-gnu/8.3.0/../../../../include/c++/8.3.0/cmath:502->lstm_hls/rnn.cpp:28->lstm_hls/rnn.cpp:132]   --->   Operation 103 'call' 'tmp_4' <Predicate = (!icmp_ln27)> <Delay = 7.29> <CoreType = "Generic">   --->   Generic Core

State 15 <SV = 14> <Delay = 7.29>
ST_15 : Operation 104 [63/75] (7.29ns)   --->   "%tmp_4 = call i32 @generic_tanh<float>, i32 %stat_C_load, i58 %table_exp_Z1_ap_ufixed_58_1_ap_q_mode_5_ap_o_mode_3_0_array, i26 %table_f_Z3_ap_ufixed_59_0_ap_q_mode_5_ap_o_mode_3_0_array, i42 %table_f_Z2_ap_ufixed_59_0_ap_q_mode_5_ap_o_mode_3_0_array" [/wrk/ci/prod/2024.2/hls_product/continuous/495/2024.2/src/shared/hls/clib/hlsmath/src/c/tanhfloat.cpp:8->/tools/Xilinx/Vivado/2024.2/tps/lnx64/gcc-8.3.0/lib/gcc/x86_64-pc-linux-gnu/8.3.0/../../../../include/c++/8.3.0/cmath:502->lstm_hls/rnn.cpp:28->lstm_hls/rnn.cpp:132]   --->   Operation 104 'call' 'tmp_4' <Predicate = (!icmp_ln27)> <Delay = 7.29> <CoreType = "Generic">   --->   Generic Core

State 16 <SV = 15> <Delay = 7.29>
ST_16 : Operation 105 [62/75] (7.29ns)   --->   "%tmp_4 = call i32 @generic_tanh<float>, i32 %stat_C_load, i58 %table_exp_Z1_ap_ufixed_58_1_ap_q_mode_5_ap_o_mode_3_0_array, i26 %table_f_Z3_ap_ufixed_59_0_ap_q_mode_5_ap_o_mode_3_0_array, i42 %table_f_Z2_ap_ufixed_59_0_ap_q_mode_5_ap_o_mode_3_0_array" [/wrk/ci/prod/2024.2/hls_product/continuous/495/2024.2/src/shared/hls/clib/hlsmath/src/c/tanhfloat.cpp:8->/tools/Xilinx/Vivado/2024.2/tps/lnx64/gcc-8.3.0/lib/gcc/x86_64-pc-linux-gnu/8.3.0/../../../../include/c++/8.3.0/cmath:502->lstm_hls/rnn.cpp:28->lstm_hls/rnn.cpp:132]   --->   Operation 105 'call' 'tmp_4' <Predicate = (!icmp_ln27)> <Delay = 7.29> <CoreType = "Generic">   --->   Generic Core

State 17 <SV = 16> <Delay = 7.29>
ST_17 : Operation 106 [61/75] (7.29ns)   --->   "%tmp_4 = call i32 @generic_tanh<float>, i32 %stat_C_load, i58 %table_exp_Z1_ap_ufixed_58_1_ap_q_mode_5_ap_o_mode_3_0_array, i26 %table_f_Z3_ap_ufixed_59_0_ap_q_mode_5_ap_o_mode_3_0_array, i42 %table_f_Z2_ap_ufixed_59_0_ap_q_mode_5_ap_o_mode_3_0_array" [/wrk/ci/prod/2024.2/hls_product/continuous/495/2024.2/src/shared/hls/clib/hlsmath/src/c/tanhfloat.cpp:8->/tools/Xilinx/Vivado/2024.2/tps/lnx64/gcc-8.3.0/lib/gcc/x86_64-pc-linux-gnu/8.3.0/../../../../include/c++/8.3.0/cmath:502->lstm_hls/rnn.cpp:28->lstm_hls/rnn.cpp:132]   --->   Operation 106 'call' 'tmp_4' <Predicate = (!icmp_ln27)> <Delay = 7.29> <CoreType = "Generic">   --->   Generic Core

State 18 <SV = 17> <Delay = 7.29>
ST_18 : Operation 107 [60/75] (7.29ns)   --->   "%tmp_4 = call i32 @generic_tanh<float>, i32 %stat_C_load, i58 %table_exp_Z1_ap_ufixed_58_1_ap_q_mode_5_ap_o_mode_3_0_array, i26 %table_f_Z3_ap_ufixed_59_0_ap_q_mode_5_ap_o_mode_3_0_array, i42 %table_f_Z2_ap_ufixed_59_0_ap_q_mode_5_ap_o_mode_3_0_array" [/wrk/ci/prod/2024.2/hls_product/continuous/495/2024.2/src/shared/hls/clib/hlsmath/src/c/tanhfloat.cpp:8->/tools/Xilinx/Vivado/2024.2/tps/lnx64/gcc-8.3.0/lib/gcc/x86_64-pc-linux-gnu/8.3.0/../../../../include/c++/8.3.0/cmath:502->lstm_hls/rnn.cpp:28->lstm_hls/rnn.cpp:132]   --->   Operation 107 'call' 'tmp_4' <Predicate = (!icmp_ln27)> <Delay = 7.29> <CoreType = "Generic">   --->   Generic Core

State 19 <SV = 18> <Delay = 7.29>
ST_19 : Operation 108 [59/75] (7.29ns)   --->   "%tmp_4 = call i32 @generic_tanh<float>, i32 %stat_C_load, i58 %table_exp_Z1_ap_ufixed_58_1_ap_q_mode_5_ap_o_mode_3_0_array, i26 %table_f_Z3_ap_ufixed_59_0_ap_q_mode_5_ap_o_mode_3_0_array, i42 %table_f_Z2_ap_ufixed_59_0_ap_q_mode_5_ap_o_mode_3_0_array" [/wrk/ci/prod/2024.2/hls_product/continuous/495/2024.2/src/shared/hls/clib/hlsmath/src/c/tanhfloat.cpp:8->/tools/Xilinx/Vivado/2024.2/tps/lnx64/gcc-8.3.0/lib/gcc/x86_64-pc-linux-gnu/8.3.0/../../../../include/c++/8.3.0/cmath:502->lstm_hls/rnn.cpp:28->lstm_hls/rnn.cpp:132]   --->   Operation 108 'call' 'tmp_4' <Predicate = (!icmp_ln27)> <Delay = 7.29> <CoreType = "Generic">   --->   Generic Core

State 20 <SV = 19> <Delay = 7.29>
ST_20 : Operation 109 [58/75] (7.29ns)   --->   "%tmp_4 = call i32 @generic_tanh<float>, i32 %stat_C_load, i58 %table_exp_Z1_ap_ufixed_58_1_ap_q_mode_5_ap_o_mode_3_0_array, i26 %table_f_Z3_ap_ufixed_59_0_ap_q_mode_5_ap_o_mode_3_0_array, i42 %table_f_Z2_ap_ufixed_59_0_ap_q_mode_5_ap_o_mode_3_0_array" [/wrk/ci/prod/2024.2/hls_product/continuous/495/2024.2/src/shared/hls/clib/hlsmath/src/c/tanhfloat.cpp:8->/tools/Xilinx/Vivado/2024.2/tps/lnx64/gcc-8.3.0/lib/gcc/x86_64-pc-linux-gnu/8.3.0/../../../../include/c++/8.3.0/cmath:502->lstm_hls/rnn.cpp:28->lstm_hls/rnn.cpp:132]   --->   Operation 109 'call' 'tmp_4' <Predicate = (!icmp_ln27)> <Delay = 7.29> <CoreType = "Generic">   --->   Generic Core

State 21 <SV = 20> <Delay = 7.29>
ST_21 : Operation 110 [57/75] (7.29ns)   --->   "%tmp_4 = call i32 @generic_tanh<float>, i32 %stat_C_load, i58 %table_exp_Z1_ap_ufixed_58_1_ap_q_mode_5_ap_o_mode_3_0_array, i26 %table_f_Z3_ap_ufixed_59_0_ap_q_mode_5_ap_o_mode_3_0_array, i42 %table_f_Z2_ap_ufixed_59_0_ap_q_mode_5_ap_o_mode_3_0_array" [/wrk/ci/prod/2024.2/hls_product/continuous/495/2024.2/src/shared/hls/clib/hlsmath/src/c/tanhfloat.cpp:8->/tools/Xilinx/Vivado/2024.2/tps/lnx64/gcc-8.3.0/lib/gcc/x86_64-pc-linux-gnu/8.3.0/../../../../include/c++/8.3.0/cmath:502->lstm_hls/rnn.cpp:28->lstm_hls/rnn.cpp:132]   --->   Operation 110 'call' 'tmp_4' <Predicate = (!icmp_ln27)> <Delay = 7.29> <CoreType = "Generic">   --->   Generic Core

State 22 <SV = 21> <Delay = 7.29>
ST_22 : Operation 111 [56/75] (7.29ns)   --->   "%tmp_4 = call i32 @generic_tanh<float>, i32 %stat_C_load, i58 %table_exp_Z1_ap_ufixed_58_1_ap_q_mode_5_ap_o_mode_3_0_array, i26 %table_f_Z3_ap_ufixed_59_0_ap_q_mode_5_ap_o_mode_3_0_array, i42 %table_f_Z2_ap_ufixed_59_0_ap_q_mode_5_ap_o_mode_3_0_array" [/wrk/ci/prod/2024.2/hls_product/continuous/495/2024.2/src/shared/hls/clib/hlsmath/src/c/tanhfloat.cpp:8->/tools/Xilinx/Vivado/2024.2/tps/lnx64/gcc-8.3.0/lib/gcc/x86_64-pc-linux-gnu/8.3.0/../../../../include/c++/8.3.0/cmath:502->lstm_hls/rnn.cpp:28->lstm_hls/rnn.cpp:132]   --->   Operation 111 'call' 'tmp_4' <Predicate = (!icmp_ln27)> <Delay = 7.29> <CoreType = "Generic">   --->   Generic Core

State 23 <SV = 22> <Delay = 7.29>
ST_23 : Operation 112 [55/75] (7.29ns)   --->   "%tmp_4 = call i32 @generic_tanh<float>, i32 %stat_C_load, i58 %table_exp_Z1_ap_ufixed_58_1_ap_q_mode_5_ap_o_mode_3_0_array, i26 %table_f_Z3_ap_ufixed_59_0_ap_q_mode_5_ap_o_mode_3_0_array, i42 %table_f_Z2_ap_ufixed_59_0_ap_q_mode_5_ap_o_mode_3_0_array" [/wrk/ci/prod/2024.2/hls_product/continuous/495/2024.2/src/shared/hls/clib/hlsmath/src/c/tanhfloat.cpp:8->/tools/Xilinx/Vivado/2024.2/tps/lnx64/gcc-8.3.0/lib/gcc/x86_64-pc-linux-gnu/8.3.0/../../../../include/c++/8.3.0/cmath:502->lstm_hls/rnn.cpp:28->lstm_hls/rnn.cpp:132]   --->   Operation 112 'call' 'tmp_4' <Predicate = (!icmp_ln27)> <Delay = 7.29> <CoreType = "Generic">   --->   Generic Core

State 24 <SV = 23> <Delay = 7.29>
ST_24 : Operation 113 [54/75] (7.29ns)   --->   "%tmp_4 = call i32 @generic_tanh<float>, i32 %stat_C_load, i58 %table_exp_Z1_ap_ufixed_58_1_ap_q_mode_5_ap_o_mode_3_0_array, i26 %table_f_Z3_ap_ufixed_59_0_ap_q_mode_5_ap_o_mode_3_0_array, i42 %table_f_Z2_ap_ufixed_59_0_ap_q_mode_5_ap_o_mode_3_0_array" [/wrk/ci/prod/2024.2/hls_product/continuous/495/2024.2/src/shared/hls/clib/hlsmath/src/c/tanhfloat.cpp:8->/tools/Xilinx/Vivado/2024.2/tps/lnx64/gcc-8.3.0/lib/gcc/x86_64-pc-linux-gnu/8.3.0/../../../../include/c++/8.3.0/cmath:502->lstm_hls/rnn.cpp:28->lstm_hls/rnn.cpp:132]   --->   Operation 113 'call' 'tmp_4' <Predicate = (!icmp_ln27)> <Delay = 7.29> <CoreType = "Generic">   --->   Generic Core

State 25 <SV = 24> <Delay = 7.29>
ST_25 : Operation 114 [53/75] (7.29ns)   --->   "%tmp_4 = call i32 @generic_tanh<float>, i32 %stat_C_load, i58 %table_exp_Z1_ap_ufixed_58_1_ap_q_mode_5_ap_o_mode_3_0_array, i26 %table_f_Z3_ap_ufixed_59_0_ap_q_mode_5_ap_o_mode_3_0_array, i42 %table_f_Z2_ap_ufixed_59_0_ap_q_mode_5_ap_o_mode_3_0_array" [/wrk/ci/prod/2024.2/hls_product/continuous/495/2024.2/src/shared/hls/clib/hlsmath/src/c/tanhfloat.cpp:8->/tools/Xilinx/Vivado/2024.2/tps/lnx64/gcc-8.3.0/lib/gcc/x86_64-pc-linux-gnu/8.3.0/../../../../include/c++/8.3.0/cmath:502->lstm_hls/rnn.cpp:28->lstm_hls/rnn.cpp:132]   --->   Operation 114 'call' 'tmp_4' <Predicate = (!icmp_ln27)> <Delay = 7.29> <CoreType = "Generic">   --->   Generic Core

State 26 <SV = 25> <Delay = 7.29>
ST_26 : Operation 115 [52/75] (7.29ns)   --->   "%tmp_4 = call i32 @generic_tanh<float>, i32 %stat_C_load, i58 %table_exp_Z1_ap_ufixed_58_1_ap_q_mode_5_ap_o_mode_3_0_array, i26 %table_f_Z3_ap_ufixed_59_0_ap_q_mode_5_ap_o_mode_3_0_array, i42 %table_f_Z2_ap_ufixed_59_0_ap_q_mode_5_ap_o_mode_3_0_array" [/wrk/ci/prod/2024.2/hls_product/continuous/495/2024.2/src/shared/hls/clib/hlsmath/src/c/tanhfloat.cpp:8->/tools/Xilinx/Vivado/2024.2/tps/lnx64/gcc-8.3.0/lib/gcc/x86_64-pc-linux-gnu/8.3.0/../../../../include/c++/8.3.0/cmath:502->lstm_hls/rnn.cpp:28->lstm_hls/rnn.cpp:132]   --->   Operation 115 'call' 'tmp_4' <Predicate = (!icmp_ln27)> <Delay = 7.29> <CoreType = "Generic">   --->   Generic Core

State 27 <SV = 26> <Delay = 7.29>
ST_27 : Operation 116 [51/75] (7.29ns)   --->   "%tmp_4 = call i32 @generic_tanh<float>, i32 %stat_C_load, i58 %table_exp_Z1_ap_ufixed_58_1_ap_q_mode_5_ap_o_mode_3_0_array, i26 %table_f_Z3_ap_ufixed_59_0_ap_q_mode_5_ap_o_mode_3_0_array, i42 %table_f_Z2_ap_ufixed_59_0_ap_q_mode_5_ap_o_mode_3_0_array" [/wrk/ci/prod/2024.2/hls_product/continuous/495/2024.2/src/shared/hls/clib/hlsmath/src/c/tanhfloat.cpp:8->/tools/Xilinx/Vivado/2024.2/tps/lnx64/gcc-8.3.0/lib/gcc/x86_64-pc-linux-gnu/8.3.0/../../../../include/c++/8.3.0/cmath:502->lstm_hls/rnn.cpp:28->lstm_hls/rnn.cpp:132]   --->   Operation 116 'call' 'tmp_4' <Predicate = (!icmp_ln27)> <Delay = 7.29> <CoreType = "Generic">   --->   Generic Core

State 28 <SV = 27> <Delay = 7.29>
ST_28 : Operation 117 [50/75] (7.29ns)   --->   "%tmp_4 = call i32 @generic_tanh<float>, i32 %stat_C_load, i58 %table_exp_Z1_ap_ufixed_58_1_ap_q_mode_5_ap_o_mode_3_0_array, i26 %table_f_Z3_ap_ufixed_59_0_ap_q_mode_5_ap_o_mode_3_0_array, i42 %table_f_Z2_ap_ufixed_59_0_ap_q_mode_5_ap_o_mode_3_0_array" [/wrk/ci/prod/2024.2/hls_product/continuous/495/2024.2/src/shared/hls/clib/hlsmath/src/c/tanhfloat.cpp:8->/tools/Xilinx/Vivado/2024.2/tps/lnx64/gcc-8.3.0/lib/gcc/x86_64-pc-linux-gnu/8.3.0/../../../../include/c++/8.3.0/cmath:502->lstm_hls/rnn.cpp:28->lstm_hls/rnn.cpp:132]   --->   Operation 117 'call' 'tmp_4' <Predicate = (!icmp_ln27)> <Delay = 7.29> <CoreType = "Generic">   --->   Generic Core

State 29 <SV = 28> <Delay = 7.29>
ST_29 : Operation 118 [49/75] (7.29ns)   --->   "%tmp_4 = call i32 @generic_tanh<float>, i32 %stat_C_load, i58 %table_exp_Z1_ap_ufixed_58_1_ap_q_mode_5_ap_o_mode_3_0_array, i26 %table_f_Z3_ap_ufixed_59_0_ap_q_mode_5_ap_o_mode_3_0_array, i42 %table_f_Z2_ap_ufixed_59_0_ap_q_mode_5_ap_o_mode_3_0_array" [/wrk/ci/prod/2024.2/hls_product/continuous/495/2024.2/src/shared/hls/clib/hlsmath/src/c/tanhfloat.cpp:8->/tools/Xilinx/Vivado/2024.2/tps/lnx64/gcc-8.3.0/lib/gcc/x86_64-pc-linux-gnu/8.3.0/../../../../include/c++/8.3.0/cmath:502->lstm_hls/rnn.cpp:28->lstm_hls/rnn.cpp:132]   --->   Operation 118 'call' 'tmp_4' <Predicate = (!icmp_ln27)> <Delay = 7.29> <CoreType = "Generic">   --->   Generic Core

State 30 <SV = 29> <Delay = 7.29>
ST_30 : Operation 119 [48/75] (7.29ns)   --->   "%tmp_4 = call i32 @generic_tanh<float>, i32 %stat_C_load, i58 %table_exp_Z1_ap_ufixed_58_1_ap_q_mode_5_ap_o_mode_3_0_array, i26 %table_f_Z3_ap_ufixed_59_0_ap_q_mode_5_ap_o_mode_3_0_array, i42 %table_f_Z2_ap_ufixed_59_0_ap_q_mode_5_ap_o_mode_3_0_array" [/wrk/ci/prod/2024.2/hls_product/continuous/495/2024.2/src/shared/hls/clib/hlsmath/src/c/tanhfloat.cpp:8->/tools/Xilinx/Vivado/2024.2/tps/lnx64/gcc-8.3.0/lib/gcc/x86_64-pc-linux-gnu/8.3.0/../../../../include/c++/8.3.0/cmath:502->lstm_hls/rnn.cpp:28->lstm_hls/rnn.cpp:132]   --->   Operation 119 'call' 'tmp_4' <Predicate = (!icmp_ln27)> <Delay = 7.29> <CoreType = "Generic">   --->   Generic Core

State 31 <SV = 30> <Delay = 7.29>
ST_31 : Operation 120 [47/75] (7.29ns)   --->   "%tmp_4 = call i32 @generic_tanh<float>, i32 %stat_C_load, i58 %table_exp_Z1_ap_ufixed_58_1_ap_q_mode_5_ap_o_mode_3_0_array, i26 %table_f_Z3_ap_ufixed_59_0_ap_q_mode_5_ap_o_mode_3_0_array, i42 %table_f_Z2_ap_ufixed_59_0_ap_q_mode_5_ap_o_mode_3_0_array" [/wrk/ci/prod/2024.2/hls_product/continuous/495/2024.2/src/shared/hls/clib/hlsmath/src/c/tanhfloat.cpp:8->/tools/Xilinx/Vivado/2024.2/tps/lnx64/gcc-8.3.0/lib/gcc/x86_64-pc-linux-gnu/8.3.0/../../../../include/c++/8.3.0/cmath:502->lstm_hls/rnn.cpp:28->lstm_hls/rnn.cpp:132]   --->   Operation 120 'call' 'tmp_4' <Predicate = (!icmp_ln27)> <Delay = 7.29> <CoreType = "Generic">   --->   Generic Core

State 32 <SV = 31> <Delay = 7.29>
ST_32 : Operation 121 [46/75] (7.29ns)   --->   "%tmp_4 = call i32 @generic_tanh<float>, i32 %stat_C_load, i58 %table_exp_Z1_ap_ufixed_58_1_ap_q_mode_5_ap_o_mode_3_0_array, i26 %table_f_Z3_ap_ufixed_59_0_ap_q_mode_5_ap_o_mode_3_0_array, i42 %table_f_Z2_ap_ufixed_59_0_ap_q_mode_5_ap_o_mode_3_0_array" [/wrk/ci/prod/2024.2/hls_product/continuous/495/2024.2/src/shared/hls/clib/hlsmath/src/c/tanhfloat.cpp:8->/tools/Xilinx/Vivado/2024.2/tps/lnx64/gcc-8.3.0/lib/gcc/x86_64-pc-linux-gnu/8.3.0/../../../../include/c++/8.3.0/cmath:502->lstm_hls/rnn.cpp:28->lstm_hls/rnn.cpp:132]   --->   Operation 121 'call' 'tmp_4' <Predicate = (!icmp_ln27)> <Delay = 7.29> <CoreType = "Generic">   --->   Generic Core

State 33 <SV = 32> <Delay = 7.29>
ST_33 : Operation 122 [45/75] (7.29ns)   --->   "%tmp_4 = call i32 @generic_tanh<float>, i32 %stat_C_load, i58 %table_exp_Z1_ap_ufixed_58_1_ap_q_mode_5_ap_o_mode_3_0_array, i26 %table_f_Z3_ap_ufixed_59_0_ap_q_mode_5_ap_o_mode_3_0_array, i42 %table_f_Z2_ap_ufixed_59_0_ap_q_mode_5_ap_o_mode_3_0_array" [/wrk/ci/prod/2024.2/hls_product/continuous/495/2024.2/src/shared/hls/clib/hlsmath/src/c/tanhfloat.cpp:8->/tools/Xilinx/Vivado/2024.2/tps/lnx64/gcc-8.3.0/lib/gcc/x86_64-pc-linux-gnu/8.3.0/../../../../include/c++/8.3.0/cmath:502->lstm_hls/rnn.cpp:28->lstm_hls/rnn.cpp:132]   --->   Operation 122 'call' 'tmp_4' <Predicate = (!icmp_ln27)> <Delay = 7.29> <CoreType = "Generic">   --->   Generic Core

State 34 <SV = 33> <Delay = 7.29>
ST_34 : Operation 123 [44/75] (7.29ns)   --->   "%tmp_4 = call i32 @generic_tanh<float>, i32 %stat_C_load, i58 %table_exp_Z1_ap_ufixed_58_1_ap_q_mode_5_ap_o_mode_3_0_array, i26 %table_f_Z3_ap_ufixed_59_0_ap_q_mode_5_ap_o_mode_3_0_array, i42 %table_f_Z2_ap_ufixed_59_0_ap_q_mode_5_ap_o_mode_3_0_array" [/wrk/ci/prod/2024.2/hls_product/continuous/495/2024.2/src/shared/hls/clib/hlsmath/src/c/tanhfloat.cpp:8->/tools/Xilinx/Vivado/2024.2/tps/lnx64/gcc-8.3.0/lib/gcc/x86_64-pc-linux-gnu/8.3.0/../../../../include/c++/8.3.0/cmath:502->lstm_hls/rnn.cpp:28->lstm_hls/rnn.cpp:132]   --->   Operation 123 'call' 'tmp_4' <Predicate = (!icmp_ln27)> <Delay = 7.29> <CoreType = "Generic">   --->   Generic Core

State 35 <SV = 34> <Delay = 7.29>
ST_35 : Operation 124 [43/75] (7.29ns)   --->   "%tmp_4 = call i32 @generic_tanh<float>, i32 %stat_C_load, i58 %table_exp_Z1_ap_ufixed_58_1_ap_q_mode_5_ap_o_mode_3_0_array, i26 %table_f_Z3_ap_ufixed_59_0_ap_q_mode_5_ap_o_mode_3_0_array, i42 %table_f_Z2_ap_ufixed_59_0_ap_q_mode_5_ap_o_mode_3_0_array" [/wrk/ci/prod/2024.2/hls_product/continuous/495/2024.2/src/shared/hls/clib/hlsmath/src/c/tanhfloat.cpp:8->/tools/Xilinx/Vivado/2024.2/tps/lnx64/gcc-8.3.0/lib/gcc/x86_64-pc-linux-gnu/8.3.0/../../../../include/c++/8.3.0/cmath:502->lstm_hls/rnn.cpp:28->lstm_hls/rnn.cpp:132]   --->   Operation 124 'call' 'tmp_4' <Predicate = (!icmp_ln27)> <Delay = 7.29> <CoreType = "Generic">   --->   Generic Core

State 36 <SV = 35> <Delay = 7.29>
ST_36 : Operation 125 [42/75] (7.29ns)   --->   "%tmp_4 = call i32 @generic_tanh<float>, i32 %stat_C_load, i58 %table_exp_Z1_ap_ufixed_58_1_ap_q_mode_5_ap_o_mode_3_0_array, i26 %table_f_Z3_ap_ufixed_59_0_ap_q_mode_5_ap_o_mode_3_0_array, i42 %table_f_Z2_ap_ufixed_59_0_ap_q_mode_5_ap_o_mode_3_0_array" [/wrk/ci/prod/2024.2/hls_product/continuous/495/2024.2/src/shared/hls/clib/hlsmath/src/c/tanhfloat.cpp:8->/tools/Xilinx/Vivado/2024.2/tps/lnx64/gcc-8.3.0/lib/gcc/x86_64-pc-linux-gnu/8.3.0/../../../../include/c++/8.3.0/cmath:502->lstm_hls/rnn.cpp:28->lstm_hls/rnn.cpp:132]   --->   Operation 125 'call' 'tmp_4' <Predicate = (!icmp_ln27)> <Delay = 7.29> <CoreType = "Generic">   --->   Generic Core

State 37 <SV = 36> <Delay = 7.29>
ST_37 : Operation 126 [41/75] (7.29ns)   --->   "%tmp_4 = call i32 @generic_tanh<float>, i32 %stat_C_load, i58 %table_exp_Z1_ap_ufixed_58_1_ap_q_mode_5_ap_o_mode_3_0_array, i26 %table_f_Z3_ap_ufixed_59_0_ap_q_mode_5_ap_o_mode_3_0_array, i42 %table_f_Z2_ap_ufixed_59_0_ap_q_mode_5_ap_o_mode_3_0_array" [/wrk/ci/prod/2024.2/hls_product/continuous/495/2024.2/src/shared/hls/clib/hlsmath/src/c/tanhfloat.cpp:8->/tools/Xilinx/Vivado/2024.2/tps/lnx64/gcc-8.3.0/lib/gcc/x86_64-pc-linux-gnu/8.3.0/../../../../include/c++/8.3.0/cmath:502->lstm_hls/rnn.cpp:28->lstm_hls/rnn.cpp:132]   --->   Operation 126 'call' 'tmp_4' <Predicate = (!icmp_ln27)> <Delay = 7.29> <CoreType = "Generic">   --->   Generic Core

State 38 <SV = 37> <Delay = 7.29>
ST_38 : Operation 127 [40/75] (7.29ns)   --->   "%tmp_4 = call i32 @generic_tanh<float>, i32 %stat_C_load, i58 %table_exp_Z1_ap_ufixed_58_1_ap_q_mode_5_ap_o_mode_3_0_array, i26 %table_f_Z3_ap_ufixed_59_0_ap_q_mode_5_ap_o_mode_3_0_array, i42 %table_f_Z2_ap_ufixed_59_0_ap_q_mode_5_ap_o_mode_3_0_array" [/wrk/ci/prod/2024.2/hls_product/continuous/495/2024.2/src/shared/hls/clib/hlsmath/src/c/tanhfloat.cpp:8->/tools/Xilinx/Vivado/2024.2/tps/lnx64/gcc-8.3.0/lib/gcc/x86_64-pc-linux-gnu/8.3.0/../../../../include/c++/8.3.0/cmath:502->lstm_hls/rnn.cpp:28->lstm_hls/rnn.cpp:132]   --->   Operation 127 'call' 'tmp_4' <Predicate = (!icmp_ln27)> <Delay = 7.29> <CoreType = "Generic">   --->   Generic Core

State 39 <SV = 38> <Delay = 7.29>
ST_39 : Operation 128 [39/75] (7.29ns)   --->   "%tmp_4 = call i32 @generic_tanh<float>, i32 %stat_C_load, i58 %table_exp_Z1_ap_ufixed_58_1_ap_q_mode_5_ap_o_mode_3_0_array, i26 %table_f_Z3_ap_ufixed_59_0_ap_q_mode_5_ap_o_mode_3_0_array, i42 %table_f_Z2_ap_ufixed_59_0_ap_q_mode_5_ap_o_mode_3_0_array" [/wrk/ci/prod/2024.2/hls_product/continuous/495/2024.2/src/shared/hls/clib/hlsmath/src/c/tanhfloat.cpp:8->/tools/Xilinx/Vivado/2024.2/tps/lnx64/gcc-8.3.0/lib/gcc/x86_64-pc-linux-gnu/8.3.0/../../../../include/c++/8.3.0/cmath:502->lstm_hls/rnn.cpp:28->lstm_hls/rnn.cpp:132]   --->   Operation 128 'call' 'tmp_4' <Predicate = (!icmp_ln27)> <Delay = 7.29> <CoreType = "Generic">   --->   Generic Core

State 40 <SV = 39> <Delay = 7.29>
ST_40 : Operation 129 [38/75] (7.29ns)   --->   "%tmp_4 = call i32 @generic_tanh<float>, i32 %stat_C_load, i58 %table_exp_Z1_ap_ufixed_58_1_ap_q_mode_5_ap_o_mode_3_0_array, i26 %table_f_Z3_ap_ufixed_59_0_ap_q_mode_5_ap_o_mode_3_0_array, i42 %table_f_Z2_ap_ufixed_59_0_ap_q_mode_5_ap_o_mode_3_0_array" [/wrk/ci/prod/2024.2/hls_product/continuous/495/2024.2/src/shared/hls/clib/hlsmath/src/c/tanhfloat.cpp:8->/tools/Xilinx/Vivado/2024.2/tps/lnx64/gcc-8.3.0/lib/gcc/x86_64-pc-linux-gnu/8.3.0/../../../../include/c++/8.3.0/cmath:502->lstm_hls/rnn.cpp:28->lstm_hls/rnn.cpp:132]   --->   Operation 129 'call' 'tmp_4' <Predicate = (!icmp_ln27)> <Delay = 7.29> <CoreType = "Generic">   --->   Generic Core

State 41 <SV = 40> <Delay = 7.29>
ST_41 : Operation 130 [37/75] (7.29ns)   --->   "%tmp_4 = call i32 @generic_tanh<float>, i32 %stat_C_load, i58 %table_exp_Z1_ap_ufixed_58_1_ap_q_mode_5_ap_o_mode_3_0_array, i26 %table_f_Z3_ap_ufixed_59_0_ap_q_mode_5_ap_o_mode_3_0_array, i42 %table_f_Z2_ap_ufixed_59_0_ap_q_mode_5_ap_o_mode_3_0_array" [/wrk/ci/prod/2024.2/hls_product/continuous/495/2024.2/src/shared/hls/clib/hlsmath/src/c/tanhfloat.cpp:8->/tools/Xilinx/Vivado/2024.2/tps/lnx64/gcc-8.3.0/lib/gcc/x86_64-pc-linux-gnu/8.3.0/../../../../include/c++/8.3.0/cmath:502->lstm_hls/rnn.cpp:28->lstm_hls/rnn.cpp:132]   --->   Operation 130 'call' 'tmp_4' <Predicate = (!icmp_ln27)> <Delay = 7.29> <CoreType = "Generic">   --->   Generic Core

State 42 <SV = 41> <Delay = 7.29>
ST_42 : Operation 131 [36/75] (7.29ns)   --->   "%tmp_4 = call i32 @generic_tanh<float>, i32 %stat_C_load, i58 %table_exp_Z1_ap_ufixed_58_1_ap_q_mode_5_ap_o_mode_3_0_array, i26 %table_f_Z3_ap_ufixed_59_0_ap_q_mode_5_ap_o_mode_3_0_array, i42 %table_f_Z2_ap_ufixed_59_0_ap_q_mode_5_ap_o_mode_3_0_array" [/wrk/ci/prod/2024.2/hls_product/continuous/495/2024.2/src/shared/hls/clib/hlsmath/src/c/tanhfloat.cpp:8->/tools/Xilinx/Vivado/2024.2/tps/lnx64/gcc-8.3.0/lib/gcc/x86_64-pc-linux-gnu/8.3.0/../../../../include/c++/8.3.0/cmath:502->lstm_hls/rnn.cpp:28->lstm_hls/rnn.cpp:132]   --->   Operation 131 'call' 'tmp_4' <Predicate = (!icmp_ln27)> <Delay = 7.29> <CoreType = "Generic">   --->   Generic Core

State 43 <SV = 42> <Delay = 7.29>
ST_43 : Operation 132 [35/75] (7.29ns)   --->   "%tmp_4 = call i32 @generic_tanh<float>, i32 %stat_C_load, i58 %table_exp_Z1_ap_ufixed_58_1_ap_q_mode_5_ap_o_mode_3_0_array, i26 %table_f_Z3_ap_ufixed_59_0_ap_q_mode_5_ap_o_mode_3_0_array, i42 %table_f_Z2_ap_ufixed_59_0_ap_q_mode_5_ap_o_mode_3_0_array" [/wrk/ci/prod/2024.2/hls_product/continuous/495/2024.2/src/shared/hls/clib/hlsmath/src/c/tanhfloat.cpp:8->/tools/Xilinx/Vivado/2024.2/tps/lnx64/gcc-8.3.0/lib/gcc/x86_64-pc-linux-gnu/8.3.0/../../../../include/c++/8.3.0/cmath:502->lstm_hls/rnn.cpp:28->lstm_hls/rnn.cpp:132]   --->   Operation 132 'call' 'tmp_4' <Predicate = (!icmp_ln27)> <Delay = 7.29> <CoreType = "Generic">   --->   Generic Core

State 44 <SV = 43> <Delay = 7.29>
ST_44 : Operation 133 [34/75] (7.29ns)   --->   "%tmp_4 = call i32 @generic_tanh<float>, i32 %stat_C_load, i58 %table_exp_Z1_ap_ufixed_58_1_ap_q_mode_5_ap_o_mode_3_0_array, i26 %table_f_Z3_ap_ufixed_59_0_ap_q_mode_5_ap_o_mode_3_0_array, i42 %table_f_Z2_ap_ufixed_59_0_ap_q_mode_5_ap_o_mode_3_0_array" [/wrk/ci/prod/2024.2/hls_product/continuous/495/2024.2/src/shared/hls/clib/hlsmath/src/c/tanhfloat.cpp:8->/tools/Xilinx/Vivado/2024.2/tps/lnx64/gcc-8.3.0/lib/gcc/x86_64-pc-linux-gnu/8.3.0/../../../../include/c++/8.3.0/cmath:502->lstm_hls/rnn.cpp:28->lstm_hls/rnn.cpp:132]   --->   Operation 133 'call' 'tmp_4' <Predicate = (!icmp_ln27)> <Delay = 7.29> <CoreType = "Generic">   --->   Generic Core

State 45 <SV = 44> <Delay = 7.29>
ST_45 : Operation 134 [33/75] (7.29ns)   --->   "%tmp_4 = call i32 @generic_tanh<float>, i32 %stat_C_load, i58 %table_exp_Z1_ap_ufixed_58_1_ap_q_mode_5_ap_o_mode_3_0_array, i26 %table_f_Z3_ap_ufixed_59_0_ap_q_mode_5_ap_o_mode_3_0_array, i42 %table_f_Z2_ap_ufixed_59_0_ap_q_mode_5_ap_o_mode_3_0_array" [/wrk/ci/prod/2024.2/hls_product/continuous/495/2024.2/src/shared/hls/clib/hlsmath/src/c/tanhfloat.cpp:8->/tools/Xilinx/Vivado/2024.2/tps/lnx64/gcc-8.3.0/lib/gcc/x86_64-pc-linux-gnu/8.3.0/../../../../include/c++/8.3.0/cmath:502->lstm_hls/rnn.cpp:28->lstm_hls/rnn.cpp:132]   --->   Operation 134 'call' 'tmp_4' <Predicate = (!icmp_ln27)> <Delay = 7.29> <CoreType = "Generic">   --->   Generic Core

State 46 <SV = 45> <Delay = 7.29>
ST_46 : Operation 135 [32/75] (7.29ns)   --->   "%tmp_4 = call i32 @generic_tanh<float>, i32 %stat_C_load, i58 %table_exp_Z1_ap_ufixed_58_1_ap_q_mode_5_ap_o_mode_3_0_array, i26 %table_f_Z3_ap_ufixed_59_0_ap_q_mode_5_ap_o_mode_3_0_array, i42 %table_f_Z2_ap_ufixed_59_0_ap_q_mode_5_ap_o_mode_3_0_array" [/wrk/ci/prod/2024.2/hls_product/continuous/495/2024.2/src/shared/hls/clib/hlsmath/src/c/tanhfloat.cpp:8->/tools/Xilinx/Vivado/2024.2/tps/lnx64/gcc-8.3.0/lib/gcc/x86_64-pc-linux-gnu/8.3.0/../../../../include/c++/8.3.0/cmath:502->lstm_hls/rnn.cpp:28->lstm_hls/rnn.cpp:132]   --->   Operation 135 'call' 'tmp_4' <Predicate = (!icmp_ln27)> <Delay = 7.29> <CoreType = "Generic">   --->   Generic Core

State 47 <SV = 46> <Delay = 7.29>
ST_47 : Operation 136 [31/75] (7.29ns)   --->   "%tmp_4 = call i32 @generic_tanh<float>, i32 %stat_C_load, i58 %table_exp_Z1_ap_ufixed_58_1_ap_q_mode_5_ap_o_mode_3_0_array, i26 %table_f_Z3_ap_ufixed_59_0_ap_q_mode_5_ap_o_mode_3_0_array, i42 %table_f_Z2_ap_ufixed_59_0_ap_q_mode_5_ap_o_mode_3_0_array" [/wrk/ci/prod/2024.2/hls_product/continuous/495/2024.2/src/shared/hls/clib/hlsmath/src/c/tanhfloat.cpp:8->/tools/Xilinx/Vivado/2024.2/tps/lnx64/gcc-8.3.0/lib/gcc/x86_64-pc-linux-gnu/8.3.0/../../../../include/c++/8.3.0/cmath:502->lstm_hls/rnn.cpp:28->lstm_hls/rnn.cpp:132]   --->   Operation 136 'call' 'tmp_4' <Predicate = (!icmp_ln27)> <Delay = 7.29> <CoreType = "Generic">   --->   Generic Core

State 48 <SV = 47> <Delay = 7.29>
ST_48 : Operation 137 [30/75] (7.29ns)   --->   "%tmp_4 = call i32 @generic_tanh<float>, i32 %stat_C_load, i58 %table_exp_Z1_ap_ufixed_58_1_ap_q_mode_5_ap_o_mode_3_0_array, i26 %table_f_Z3_ap_ufixed_59_0_ap_q_mode_5_ap_o_mode_3_0_array, i42 %table_f_Z2_ap_ufixed_59_0_ap_q_mode_5_ap_o_mode_3_0_array" [/wrk/ci/prod/2024.2/hls_product/continuous/495/2024.2/src/shared/hls/clib/hlsmath/src/c/tanhfloat.cpp:8->/tools/Xilinx/Vivado/2024.2/tps/lnx64/gcc-8.3.0/lib/gcc/x86_64-pc-linux-gnu/8.3.0/../../../../include/c++/8.3.0/cmath:502->lstm_hls/rnn.cpp:28->lstm_hls/rnn.cpp:132]   --->   Operation 137 'call' 'tmp_4' <Predicate = (!icmp_ln27)> <Delay = 7.29> <CoreType = "Generic">   --->   Generic Core

State 49 <SV = 48> <Delay = 7.29>
ST_49 : Operation 138 [29/75] (7.29ns)   --->   "%tmp_4 = call i32 @generic_tanh<float>, i32 %stat_C_load, i58 %table_exp_Z1_ap_ufixed_58_1_ap_q_mode_5_ap_o_mode_3_0_array, i26 %table_f_Z3_ap_ufixed_59_0_ap_q_mode_5_ap_o_mode_3_0_array, i42 %table_f_Z2_ap_ufixed_59_0_ap_q_mode_5_ap_o_mode_3_0_array" [/wrk/ci/prod/2024.2/hls_product/continuous/495/2024.2/src/shared/hls/clib/hlsmath/src/c/tanhfloat.cpp:8->/tools/Xilinx/Vivado/2024.2/tps/lnx64/gcc-8.3.0/lib/gcc/x86_64-pc-linux-gnu/8.3.0/../../../../include/c++/8.3.0/cmath:502->lstm_hls/rnn.cpp:28->lstm_hls/rnn.cpp:132]   --->   Operation 138 'call' 'tmp_4' <Predicate = (!icmp_ln27)> <Delay = 7.29> <CoreType = "Generic">   --->   Generic Core

State 50 <SV = 49> <Delay = 7.29>
ST_50 : Operation 139 [28/75] (7.29ns)   --->   "%tmp_4 = call i32 @generic_tanh<float>, i32 %stat_C_load, i58 %table_exp_Z1_ap_ufixed_58_1_ap_q_mode_5_ap_o_mode_3_0_array, i26 %table_f_Z3_ap_ufixed_59_0_ap_q_mode_5_ap_o_mode_3_0_array, i42 %table_f_Z2_ap_ufixed_59_0_ap_q_mode_5_ap_o_mode_3_0_array" [/wrk/ci/prod/2024.2/hls_product/continuous/495/2024.2/src/shared/hls/clib/hlsmath/src/c/tanhfloat.cpp:8->/tools/Xilinx/Vivado/2024.2/tps/lnx64/gcc-8.3.0/lib/gcc/x86_64-pc-linux-gnu/8.3.0/../../../../include/c++/8.3.0/cmath:502->lstm_hls/rnn.cpp:28->lstm_hls/rnn.cpp:132]   --->   Operation 139 'call' 'tmp_4' <Predicate = (!icmp_ln27)> <Delay = 7.29> <CoreType = "Generic">   --->   Generic Core

State 51 <SV = 50> <Delay = 7.29>
ST_51 : Operation 140 [27/75] (7.29ns)   --->   "%tmp_4 = call i32 @generic_tanh<float>, i32 %stat_C_load, i58 %table_exp_Z1_ap_ufixed_58_1_ap_q_mode_5_ap_o_mode_3_0_array, i26 %table_f_Z3_ap_ufixed_59_0_ap_q_mode_5_ap_o_mode_3_0_array, i42 %table_f_Z2_ap_ufixed_59_0_ap_q_mode_5_ap_o_mode_3_0_array" [/wrk/ci/prod/2024.2/hls_product/continuous/495/2024.2/src/shared/hls/clib/hlsmath/src/c/tanhfloat.cpp:8->/tools/Xilinx/Vivado/2024.2/tps/lnx64/gcc-8.3.0/lib/gcc/x86_64-pc-linux-gnu/8.3.0/../../../../include/c++/8.3.0/cmath:502->lstm_hls/rnn.cpp:28->lstm_hls/rnn.cpp:132]   --->   Operation 140 'call' 'tmp_4' <Predicate = (!icmp_ln27)> <Delay = 7.29> <CoreType = "Generic">   --->   Generic Core

State 52 <SV = 51> <Delay = 7.29>
ST_52 : Operation 141 [26/75] (7.29ns)   --->   "%tmp_4 = call i32 @generic_tanh<float>, i32 %stat_C_load, i58 %table_exp_Z1_ap_ufixed_58_1_ap_q_mode_5_ap_o_mode_3_0_array, i26 %table_f_Z3_ap_ufixed_59_0_ap_q_mode_5_ap_o_mode_3_0_array, i42 %table_f_Z2_ap_ufixed_59_0_ap_q_mode_5_ap_o_mode_3_0_array" [/wrk/ci/prod/2024.2/hls_product/continuous/495/2024.2/src/shared/hls/clib/hlsmath/src/c/tanhfloat.cpp:8->/tools/Xilinx/Vivado/2024.2/tps/lnx64/gcc-8.3.0/lib/gcc/x86_64-pc-linux-gnu/8.3.0/../../../../include/c++/8.3.0/cmath:502->lstm_hls/rnn.cpp:28->lstm_hls/rnn.cpp:132]   --->   Operation 141 'call' 'tmp_4' <Predicate = (!icmp_ln27)> <Delay = 7.29> <CoreType = "Generic">   --->   Generic Core

State 53 <SV = 52> <Delay = 7.29>
ST_53 : Operation 142 [25/75] (7.29ns)   --->   "%tmp_4 = call i32 @generic_tanh<float>, i32 %stat_C_load, i58 %table_exp_Z1_ap_ufixed_58_1_ap_q_mode_5_ap_o_mode_3_0_array, i26 %table_f_Z3_ap_ufixed_59_0_ap_q_mode_5_ap_o_mode_3_0_array, i42 %table_f_Z2_ap_ufixed_59_0_ap_q_mode_5_ap_o_mode_3_0_array" [/wrk/ci/prod/2024.2/hls_product/continuous/495/2024.2/src/shared/hls/clib/hlsmath/src/c/tanhfloat.cpp:8->/tools/Xilinx/Vivado/2024.2/tps/lnx64/gcc-8.3.0/lib/gcc/x86_64-pc-linux-gnu/8.3.0/../../../../include/c++/8.3.0/cmath:502->lstm_hls/rnn.cpp:28->lstm_hls/rnn.cpp:132]   --->   Operation 142 'call' 'tmp_4' <Predicate = (!icmp_ln27)> <Delay = 7.29> <CoreType = "Generic">   --->   Generic Core

State 54 <SV = 53> <Delay = 7.29>
ST_54 : Operation 143 [24/75] (7.29ns)   --->   "%tmp_4 = call i32 @generic_tanh<float>, i32 %stat_C_load, i58 %table_exp_Z1_ap_ufixed_58_1_ap_q_mode_5_ap_o_mode_3_0_array, i26 %table_f_Z3_ap_ufixed_59_0_ap_q_mode_5_ap_o_mode_3_0_array, i42 %table_f_Z2_ap_ufixed_59_0_ap_q_mode_5_ap_o_mode_3_0_array" [/wrk/ci/prod/2024.2/hls_product/continuous/495/2024.2/src/shared/hls/clib/hlsmath/src/c/tanhfloat.cpp:8->/tools/Xilinx/Vivado/2024.2/tps/lnx64/gcc-8.3.0/lib/gcc/x86_64-pc-linux-gnu/8.3.0/../../../../include/c++/8.3.0/cmath:502->lstm_hls/rnn.cpp:28->lstm_hls/rnn.cpp:132]   --->   Operation 143 'call' 'tmp_4' <Predicate = (!icmp_ln27)> <Delay = 7.29> <CoreType = "Generic">   --->   Generic Core

State 55 <SV = 54> <Delay = 7.29>
ST_55 : Operation 144 [23/75] (7.29ns)   --->   "%tmp_4 = call i32 @generic_tanh<float>, i32 %stat_C_load, i58 %table_exp_Z1_ap_ufixed_58_1_ap_q_mode_5_ap_o_mode_3_0_array, i26 %table_f_Z3_ap_ufixed_59_0_ap_q_mode_5_ap_o_mode_3_0_array, i42 %table_f_Z2_ap_ufixed_59_0_ap_q_mode_5_ap_o_mode_3_0_array" [/wrk/ci/prod/2024.2/hls_product/continuous/495/2024.2/src/shared/hls/clib/hlsmath/src/c/tanhfloat.cpp:8->/tools/Xilinx/Vivado/2024.2/tps/lnx64/gcc-8.3.0/lib/gcc/x86_64-pc-linux-gnu/8.3.0/../../../../include/c++/8.3.0/cmath:502->lstm_hls/rnn.cpp:28->lstm_hls/rnn.cpp:132]   --->   Operation 144 'call' 'tmp_4' <Predicate = (!icmp_ln27)> <Delay = 7.29> <CoreType = "Generic">   --->   Generic Core

State 56 <SV = 55> <Delay = 7.29>
ST_56 : Operation 145 [22/75] (7.29ns)   --->   "%tmp_4 = call i32 @generic_tanh<float>, i32 %stat_C_load, i58 %table_exp_Z1_ap_ufixed_58_1_ap_q_mode_5_ap_o_mode_3_0_array, i26 %table_f_Z3_ap_ufixed_59_0_ap_q_mode_5_ap_o_mode_3_0_array, i42 %table_f_Z2_ap_ufixed_59_0_ap_q_mode_5_ap_o_mode_3_0_array" [/wrk/ci/prod/2024.2/hls_product/continuous/495/2024.2/src/shared/hls/clib/hlsmath/src/c/tanhfloat.cpp:8->/tools/Xilinx/Vivado/2024.2/tps/lnx64/gcc-8.3.0/lib/gcc/x86_64-pc-linux-gnu/8.3.0/../../../../include/c++/8.3.0/cmath:502->lstm_hls/rnn.cpp:28->lstm_hls/rnn.cpp:132]   --->   Operation 145 'call' 'tmp_4' <Predicate = (!icmp_ln27)> <Delay = 7.29> <CoreType = "Generic">   --->   Generic Core

State 57 <SV = 56> <Delay = 7.29>
ST_57 : Operation 146 [21/75] (7.29ns)   --->   "%tmp_4 = call i32 @generic_tanh<float>, i32 %stat_C_load, i58 %table_exp_Z1_ap_ufixed_58_1_ap_q_mode_5_ap_o_mode_3_0_array, i26 %table_f_Z3_ap_ufixed_59_0_ap_q_mode_5_ap_o_mode_3_0_array, i42 %table_f_Z2_ap_ufixed_59_0_ap_q_mode_5_ap_o_mode_3_0_array" [/wrk/ci/prod/2024.2/hls_product/continuous/495/2024.2/src/shared/hls/clib/hlsmath/src/c/tanhfloat.cpp:8->/tools/Xilinx/Vivado/2024.2/tps/lnx64/gcc-8.3.0/lib/gcc/x86_64-pc-linux-gnu/8.3.0/../../../../include/c++/8.3.0/cmath:502->lstm_hls/rnn.cpp:28->lstm_hls/rnn.cpp:132]   --->   Operation 146 'call' 'tmp_4' <Predicate = (!icmp_ln27)> <Delay = 7.29> <CoreType = "Generic">   --->   Generic Core

State 58 <SV = 57> <Delay = 7.29>
ST_58 : Operation 147 [20/75] (7.29ns)   --->   "%tmp_4 = call i32 @generic_tanh<float>, i32 %stat_C_load, i58 %table_exp_Z1_ap_ufixed_58_1_ap_q_mode_5_ap_o_mode_3_0_array, i26 %table_f_Z3_ap_ufixed_59_0_ap_q_mode_5_ap_o_mode_3_0_array, i42 %table_f_Z2_ap_ufixed_59_0_ap_q_mode_5_ap_o_mode_3_0_array" [/wrk/ci/prod/2024.2/hls_product/continuous/495/2024.2/src/shared/hls/clib/hlsmath/src/c/tanhfloat.cpp:8->/tools/Xilinx/Vivado/2024.2/tps/lnx64/gcc-8.3.0/lib/gcc/x86_64-pc-linux-gnu/8.3.0/../../../../include/c++/8.3.0/cmath:502->lstm_hls/rnn.cpp:28->lstm_hls/rnn.cpp:132]   --->   Operation 147 'call' 'tmp_4' <Predicate = (!icmp_ln27)> <Delay = 7.29> <CoreType = "Generic">   --->   Generic Core

State 59 <SV = 58> <Delay = 7.29>
ST_59 : Operation 148 [19/75] (7.29ns)   --->   "%tmp_4 = call i32 @generic_tanh<float>, i32 %stat_C_load, i58 %table_exp_Z1_ap_ufixed_58_1_ap_q_mode_5_ap_o_mode_3_0_array, i26 %table_f_Z3_ap_ufixed_59_0_ap_q_mode_5_ap_o_mode_3_0_array, i42 %table_f_Z2_ap_ufixed_59_0_ap_q_mode_5_ap_o_mode_3_0_array" [/wrk/ci/prod/2024.2/hls_product/continuous/495/2024.2/src/shared/hls/clib/hlsmath/src/c/tanhfloat.cpp:8->/tools/Xilinx/Vivado/2024.2/tps/lnx64/gcc-8.3.0/lib/gcc/x86_64-pc-linux-gnu/8.3.0/../../../../include/c++/8.3.0/cmath:502->lstm_hls/rnn.cpp:28->lstm_hls/rnn.cpp:132]   --->   Operation 148 'call' 'tmp_4' <Predicate = (!icmp_ln27)> <Delay = 7.29> <CoreType = "Generic">   --->   Generic Core

State 60 <SV = 59> <Delay = 7.29>
ST_60 : Operation 149 [18/75] (7.29ns)   --->   "%tmp_4 = call i32 @generic_tanh<float>, i32 %stat_C_load, i58 %table_exp_Z1_ap_ufixed_58_1_ap_q_mode_5_ap_o_mode_3_0_array, i26 %table_f_Z3_ap_ufixed_59_0_ap_q_mode_5_ap_o_mode_3_0_array, i42 %table_f_Z2_ap_ufixed_59_0_ap_q_mode_5_ap_o_mode_3_0_array" [/wrk/ci/prod/2024.2/hls_product/continuous/495/2024.2/src/shared/hls/clib/hlsmath/src/c/tanhfloat.cpp:8->/tools/Xilinx/Vivado/2024.2/tps/lnx64/gcc-8.3.0/lib/gcc/x86_64-pc-linux-gnu/8.3.0/../../../../include/c++/8.3.0/cmath:502->lstm_hls/rnn.cpp:28->lstm_hls/rnn.cpp:132]   --->   Operation 149 'call' 'tmp_4' <Predicate = (!icmp_ln27)> <Delay = 7.29> <CoreType = "Generic">   --->   Generic Core

State 61 <SV = 60> <Delay = 7.29>
ST_61 : Operation 150 [17/75] (7.29ns)   --->   "%tmp_4 = call i32 @generic_tanh<float>, i32 %stat_C_load, i58 %table_exp_Z1_ap_ufixed_58_1_ap_q_mode_5_ap_o_mode_3_0_array, i26 %table_f_Z3_ap_ufixed_59_0_ap_q_mode_5_ap_o_mode_3_0_array, i42 %table_f_Z2_ap_ufixed_59_0_ap_q_mode_5_ap_o_mode_3_0_array" [/wrk/ci/prod/2024.2/hls_product/continuous/495/2024.2/src/shared/hls/clib/hlsmath/src/c/tanhfloat.cpp:8->/tools/Xilinx/Vivado/2024.2/tps/lnx64/gcc-8.3.0/lib/gcc/x86_64-pc-linux-gnu/8.3.0/../../../../include/c++/8.3.0/cmath:502->lstm_hls/rnn.cpp:28->lstm_hls/rnn.cpp:132]   --->   Operation 150 'call' 'tmp_4' <Predicate = (!icmp_ln27)> <Delay = 7.29> <CoreType = "Generic">   --->   Generic Core

State 62 <SV = 61> <Delay = 7.29>
ST_62 : Operation 151 [16/75] (7.29ns)   --->   "%tmp_4 = call i32 @generic_tanh<float>, i32 %stat_C_load, i58 %table_exp_Z1_ap_ufixed_58_1_ap_q_mode_5_ap_o_mode_3_0_array, i26 %table_f_Z3_ap_ufixed_59_0_ap_q_mode_5_ap_o_mode_3_0_array, i42 %table_f_Z2_ap_ufixed_59_0_ap_q_mode_5_ap_o_mode_3_0_array" [/wrk/ci/prod/2024.2/hls_product/continuous/495/2024.2/src/shared/hls/clib/hlsmath/src/c/tanhfloat.cpp:8->/tools/Xilinx/Vivado/2024.2/tps/lnx64/gcc-8.3.0/lib/gcc/x86_64-pc-linux-gnu/8.3.0/../../../../include/c++/8.3.0/cmath:502->lstm_hls/rnn.cpp:28->lstm_hls/rnn.cpp:132]   --->   Operation 151 'call' 'tmp_4' <Predicate = (!icmp_ln27)> <Delay = 7.29> <CoreType = "Generic">   --->   Generic Core

State 63 <SV = 62> <Delay = 7.29>
ST_63 : Operation 152 [15/75] (7.29ns)   --->   "%tmp_4 = call i32 @generic_tanh<float>, i32 %stat_C_load, i58 %table_exp_Z1_ap_ufixed_58_1_ap_q_mode_5_ap_o_mode_3_0_array, i26 %table_f_Z3_ap_ufixed_59_0_ap_q_mode_5_ap_o_mode_3_0_array, i42 %table_f_Z2_ap_ufixed_59_0_ap_q_mode_5_ap_o_mode_3_0_array" [/wrk/ci/prod/2024.2/hls_product/continuous/495/2024.2/src/shared/hls/clib/hlsmath/src/c/tanhfloat.cpp:8->/tools/Xilinx/Vivado/2024.2/tps/lnx64/gcc-8.3.0/lib/gcc/x86_64-pc-linux-gnu/8.3.0/../../../../include/c++/8.3.0/cmath:502->lstm_hls/rnn.cpp:28->lstm_hls/rnn.cpp:132]   --->   Operation 152 'call' 'tmp_4' <Predicate = (!icmp_ln27)> <Delay = 7.29> <CoreType = "Generic">   --->   Generic Core

State 64 <SV = 63> <Delay = 7.29>
ST_64 : Operation 153 [14/75] (7.29ns)   --->   "%tmp_4 = call i32 @generic_tanh<float>, i32 %stat_C_load, i58 %table_exp_Z1_ap_ufixed_58_1_ap_q_mode_5_ap_o_mode_3_0_array, i26 %table_f_Z3_ap_ufixed_59_0_ap_q_mode_5_ap_o_mode_3_0_array, i42 %table_f_Z2_ap_ufixed_59_0_ap_q_mode_5_ap_o_mode_3_0_array" [/wrk/ci/prod/2024.2/hls_product/continuous/495/2024.2/src/shared/hls/clib/hlsmath/src/c/tanhfloat.cpp:8->/tools/Xilinx/Vivado/2024.2/tps/lnx64/gcc-8.3.0/lib/gcc/x86_64-pc-linux-gnu/8.3.0/../../../../include/c++/8.3.0/cmath:502->lstm_hls/rnn.cpp:28->lstm_hls/rnn.cpp:132]   --->   Operation 153 'call' 'tmp_4' <Predicate = (!icmp_ln27)> <Delay = 7.29> <CoreType = "Generic">   --->   Generic Core

State 65 <SV = 64> <Delay = 7.29>
ST_65 : Operation 154 [13/75] (7.29ns)   --->   "%tmp_4 = call i32 @generic_tanh<float>, i32 %stat_C_load, i58 %table_exp_Z1_ap_ufixed_58_1_ap_q_mode_5_ap_o_mode_3_0_array, i26 %table_f_Z3_ap_ufixed_59_0_ap_q_mode_5_ap_o_mode_3_0_array, i42 %table_f_Z2_ap_ufixed_59_0_ap_q_mode_5_ap_o_mode_3_0_array" [/wrk/ci/prod/2024.2/hls_product/continuous/495/2024.2/src/shared/hls/clib/hlsmath/src/c/tanhfloat.cpp:8->/tools/Xilinx/Vivado/2024.2/tps/lnx64/gcc-8.3.0/lib/gcc/x86_64-pc-linux-gnu/8.3.0/../../../../include/c++/8.3.0/cmath:502->lstm_hls/rnn.cpp:28->lstm_hls/rnn.cpp:132]   --->   Operation 154 'call' 'tmp_4' <Predicate = (!icmp_ln27)> <Delay = 7.29> <CoreType = "Generic">   --->   Generic Core

State 66 <SV = 65> <Delay = 7.29>
ST_66 : Operation 155 [12/75] (7.29ns)   --->   "%tmp_4 = call i32 @generic_tanh<float>, i32 %stat_C_load, i58 %table_exp_Z1_ap_ufixed_58_1_ap_q_mode_5_ap_o_mode_3_0_array, i26 %table_f_Z3_ap_ufixed_59_0_ap_q_mode_5_ap_o_mode_3_0_array, i42 %table_f_Z2_ap_ufixed_59_0_ap_q_mode_5_ap_o_mode_3_0_array" [/wrk/ci/prod/2024.2/hls_product/continuous/495/2024.2/src/shared/hls/clib/hlsmath/src/c/tanhfloat.cpp:8->/tools/Xilinx/Vivado/2024.2/tps/lnx64/gcc-8.3.0/lib/gcc/x86_64-pc-linux-gnu/8.3.0/../../../../include/c++/8.3.0/cmath:502->lstm_hls/rnn.cpp:28->lstm_hls/rnn.cpp:132]   --->   Operation 155 'call' 'tmp_4' <Predicate = (!icmp_ln27)> <Delay = 7.29> <CoreType = "Generic">   --->   Generic Core

State 67 <SV = 66> <Delay = 7.29>
ST_67 : Operation 156 [11/75] (7.29ns)   --->   "%tmp_4 = call i32 @generic_tanh<float>, i32 %stat_C_load, i58 %table_exp_Z1_ap_ufixed_58_1_ap_q_mode_5_ap_o_mode_3_0_array, i26 %table_f_Z3_ap_ufixed_59_0_ap_q_mode_5_ap_o_mode_3_0_array, i42 %table_f_Z2_ap_ufixed_59_0_ap_q_mode_5_ap_o_mode_3_0_array" [/wrk/ci/prod/2024.2/hls_product/continuous/495/2024.2/src/shared/hls/clib/hlsmath/src/c/tanhfloat.cpp:8->/tools/Xilinx/Vivado/2024.2/tps/lnx64/gcc-8.3.0/lib/gcc/x86_64-pc-linux-gnu/8.3.0/../../../../include/c++/8.3.0/cmath:502->lstm_hls/rnn.cpp:28->lstm_hls/rnn.cpp:132]   --->   Operation 156 'call' 'tmp_4' <Predicate = (!icmp_ln27)> <Delay = 7.29> <CoreType = "Generic">   --->   Generic Core

State 68 <SV = 67> <Delay = 7.29>
ST_68 : Operation 157 [10/75] (7.29ns)   --->   "%tmp_4 = call i32 @generic_tanh<float>, i32 %stat_C_load, i58 %table_exp_Z1_ap_ufixed_58_1_ap_q_mode_5_ap_o_mode_3_0_array, i26 %table_f_Z3_ap_ufixed_59_0_ap_q_mode_5_ap_o_mode_3_0_array, i42 %table_f_Z2_ap_ufixed_59_0_ap_q_mode_5_ap_o_mode_3_0_array" [/wrk/ci/prod/2024.2/hls_product/continuous/495/2024.2/src/shared/hls/clib/hlsmath/src/c/tanhfloat.cpp:8->/tools/Xilinx/Vivado/2024.2/tps/lnx64/gcc-8.3.0/lib/gcc/x86_64-pc-linux-gnu/8.3.0/../../../../include/c++/8.3.0/cmath:502->lstm_hls/rnn.cpp:28->lstm_hls/rnn.cpp:132]   --->   Operation 157 'call' 'tmp_4' <Predicate = (!icmp_ln27)> <Delay = 7.29> <CoreType = "Generic">   --->   Generic Core

State 69 <SV = 68> <Delay = 7.29>
ST_69 : Operation 158 [9/75] (7.29ns)   --->   "%tmp_4 = call i32 @generic_tanh<float>, i32 %stat_C_load, i58 %table_exp_Z1_ap_ufixed_58_1_ap_q_mode_5_ap_o_mode_3_0_array, i26 %table_f_Z3_ap_ufixed_59_0_ap_q_mode_5_ap_o_mode_3_0_array, i42 %table_f_Z2_ap_ufixed_59_0_ap_q_mode_5_ap_o_mode_3_0_array" [/wrk/ci/prod/2024.2/hls_product/continuous/495/2024.2/src/shared/hls/clib/hlsmath/src/c/tanhfloat.cpp:8->/tools/Xilinx/Vivado/2024.2/tps/lnx64/gcc-8.3.0/lib/gcc/x86_64-pc-linux-gnu/8.3.0/../../../../include/c++/8.3.0/cmath:502->lstm_hls/rnn.cpp:28->lstm_hls/rnn.cpp:132]   --->   Operation 158 'call' 'tmp_4' <Predicate = (!icmp_ln27)> <Delay = 7.29> <CoreType = "Generic">   --->   Generic Core

State 70 <SV = 69> <Delay = 7.29>
ST_70 : Operation 159 [8/75] (7.29ns)   --->   "%tmp_4 = call i32 @generic_tanh<float>, i32 %stat_C_load, i58 %table_exp_Z1_ap_ufixed_58_1_ap_q_mode_5_ap_o_mode_3_0_array, i26 %table_f_Z3_ap_ufixed_59_0_ap_q_mode_5_ap_o_mode_3_0_array, i42 %table_f_Z2_ap_ufixed_59_0_ap_q_mode_5_ap_o_mode_3_0_array" [/wrk/ci/prod/2024.2/hls_product/continuous/495/2024.2/src/shared/hls/clib/hlsmath/src/c/tanhfloat.cpp:8->/tools/Xilinx/Vivado/2024.2/tps/lnx64/gcc-8.3.0/lib/gcc/x86_64-pc-linux-gnu/8.3.0/../../../../include/c++/8.3.0/cmath:502->lstm_hls/rnn.cpp:28->lstm_hls/rnn.cpp:132]   --->   Operation 159 'call' 'tmp_4' <Predicate = (!icmp_ln27)> <Delay = 7.29> <CoreType = "Generic">   --->   Generic Core

State 71 <SV = 70> <Delay = 7.29>
ST_71 : Operation 160 [7/75] (7.29ns)   --->   "%tmp_4 = call i32 @generic_tanh<float>, i32 %stat_C_load, i58 %table_exp_Z1_ap_ufixed_58_1_ap_q_mode_5_ap_o_mode_3_0_array, i26 %table_f_Z3_ap_ufixed_59_0_ap_q_mode_5_ap_o_mode_3_0_array, i42 %table_f_Z2_ap_ufixed_59_0_ap_q_mode_5_ap_o_mode_3_0_array" [/wrk/ci/prod/2024.2/hls_product/continuous/495/2024.2/src/shared/hls/clib/hlsmath/src/c/tanhfloat.cpp:8->/tools/Xilinx/Vivado/2024.2/tps/lnx64/gcc-8.3.0/lib/gcc/x86_64-pc-linux-gnu/8.3.0/../../../../include/c++/8.3.0/cmath:502->lstm_hls/rnn.cpp:28->lstm_hls/rnn.cpp:132]   --->   Operation 160 'call' 'tmp_4' <Predicate = (!icmp_ln27)> <Delay = 7.29> <CoreType = "Generic">   --->   Generic Core

State 72 <SV = 71> <Delay = 7.29>
ST_72 : Operation 161 [6/75] (7.29ns)   --->   "%tmp_4 = call i32 @generic_tanh<float>, i32 %stat_C_load, i58 %table_exp_Z1_ap_ufixed_58_1_ap_q_mode_5_ap_o_mode_3_0_array, i26 %table_f_Z3_ap_ufixed_59_0_ap_q_mode_5_ap_o_mode_3_0_array, i42 %table_f_Z2_ap_ufixed_59_0_ap_q_mode_5_ap_o_mode_3_0_array" [/wrk/ci/prod/2024.2/hls_product/continuous/495/2024.2/src/shared/hls/clib/hlsmath/src/c/tanhfloat.cpp:8->/tools/Xilinx/Vivado/2024.2/tps/lnx64/gcc-8.3.0/lib/gcc/x86_64-pc-linux-gnu/8.3.0/../../../../include/c++/8.3.0/cmath:502->lstm_hls/rnn.cpp:28->lstm_hls/rnn.cpp:132]   --->   Operation 161 'call' 'tmp_4' <Predicate = (!icmp_ln27)> <Delay = 7.29> <CoreType = "Generic">   --->   Generic Core

State 73 <SV = 72> <Delay = 7.29>
ST_73 : Operation 162 [5/75] (7.29ns)   --->   "%tmp_4 = call i32 @generic_tanh<float>, i32 %stat_C_load, i58 %table_exp_Z1_ap_ufixed_58_1_ap_q_mode_5_ap_o_mode_3_0_array, i26 %table_f_Z3_ap_ufixed_59_0_ap_q_mode_5_ap_o_mode_3_0_array, i42 %table_f_Z2_ap_ufixed_59_0_ap_q_mode_5_ap_o_mode_3_0_array" [/wrk/ci/prod/2024.2/hls_product/continuous/495/2024.2/src/shared/hls/clib/hlsmath/src/c/tanhfloat.cpp:8->/tools/Xilinx/Vivado/2024.2/tps/lnx64/gcc-8.3.0/lib/gcc/x86_64-pc-linux-gnu/8.3.0/../../../../include/c++/8.3.0/cmath:502->lstm_hls/rnn.cpp:28->lstm_hls/rnn.cpp:132]   --->   Operation 162 'call' 'tmp_4' <Predicate = (!icmp_ln27)> <Delay = 7.29> <CoreType = "Generic">   --->   Generic Core

State 74 <SV = 73> <Delay = 7.29>
ST_74 : Operation 163 [4/75] (7.29ns)   --->   "%tmp_4 = call i32 @generic_tanh<float>, i32 %stat_C_load, i58 %table_exp_Z1_ap_ufixed_58_1_ap_q_mode_5_ap_o_mode_3_0_array, i26 %table_f_Z3_ap_ufixed_59_0_ap_q_mode_5_ap_o_mode_3_0_array, i42 %table_f_Z2_ap_ufixed_59_0_ap_q_mode_5_ap_o_mode_3_0_array" [/wrk/ci/prod/2024.2/hls_product/continuous/495/2024.2/src/shared/hls/clib/hlsmath/src/c/tanhfloat.cpp:8->/tools/Xilinx/Vivado/2024.2/tps/lnx64/gcc-8.3.0/lib/gcc/x86_64-pc-linux-gnu/8.3.0/../../../../include/c++/8.3.0/cmath:502->lstm_hls/rnn.cpp:28->lstm_hls/rnn.cpp:132]   --->   Operation 163 'call' 'tmp_4' <Predicate = (!icmp_ln27)> <Delay = 7.29> <CoreType = "Generic">   --->   Generic Core

State 75 <SV = 74> <Delay = 7.29>
ST_75 : Operation 164 [3/75] (7.29ns)   --->   "%tmp_4 = call i32 @generic_tanh<float>, i32 %stat_C_load, i58 %table_exp_Z1_ap_ufixed_58_1_ap_q_mode_5_ap_o_mode_3_0_array, i26 %table_f_Z3_ap_ufixed_59_0_ap_q_mode_5_ap_o_mode_3_0_array, i42 %table_f_Z2_ap_ufixed_59_0_ap_q_mode_5_ap_o_mode_3_0_array" [/wrk/ci/prod/2024.2/hls_product/continuous/495/2024.2/src/shared/hls/clib/hlsmath/src/c/tanhfloat.cpp:8->/tools/Xilinx/Vivado/2024.2/tps/lnx64/gcc-8.3.0/lib/gcc/x86_64-pc-linux-gnu/8.3.0/../../../../include/c++/8.3.0/cmath:502->lstm_hls/rnn.cpp:28->lstm_hls/rnn.cpp:132]   --->   Operation 164 'call' 'tmp_4' <Predicate = (!icmp_ln27)> <Delay = 7.29> <CoreType = "Generic">   --->   Generic Core

State 76 <SV = 75> <Delay = 7.29>
ST_76 : Operation 165 [2/75] (7.29ns)   --->   "%tmp_4 = call i32 @generic_tanh<float>, i32 %stat_C_load, i58 %table_exp_Z1_ap_ufixed_58_1_ap_q_mode_5_ap_o_mode_3_0_array, i26 %table_f_Z3_ap_ufixed_59_0_ap_q_mode_5_ap_o_mode_3_0_array, i42 %table_f_Z2_ap_ufixed_59_0_ap_q_mode_5_ap_o_mode_3_0_array" [/wrk/ci/prod/2024.2/hls_product/continuous/495/2024.2/src/shared/hls/clib/hlsmath/src/c/tanhfloat.cpp:8->/tools/Xilinx/Vivado/2024.2/tps/lnx64/gcc-8.3.0/lib/gcc/x86_64-pc-linux-gnu/8.3.0/../../../../include/c++/8.3.0/cmath:502->lstm_hls/rnn.cpp:28->lstm_hls/rnn.cpp:132]   --->   Operation 165 'call' 'tmp_4' <Predicate = (!icmp_ln27)> <Delay = 7.29> <CoreType = "Generic">   --->   Generic Core
ST_76 : Operation 173 [1/1] (1.58ns)   --->   "%ret_ln0 = ret"   --->   Operation 173 'ret' 'ret_ln0' <Predicate = (icmp_ln27)> <Delay = 1.58>

State 77 <SV = 76> <Delay = 6.17>
ST_77 : Operation 166 [1/1] (0.00ns)   --->   "%specpipeline_ln27 = specpipeline void @_ssdm_op_SpecPipeline, i32 4294967295, i32 0, i32 0, i32 0, void @empty_0" [lstm_hls/rnn.cpp:27->lstm_hls/rnn.cpp:132]   --->   Operation 166 'specpipeline' 'specpipeline_ln27' <Predicate = true> <Delay = 0.00>
ST_77 : Operation 167 [1/1] (0.00ns)   --->   "%speclooptripcount_ln27 = speclooptripcount void @_ssdm_op_SpecLoopTripCount, i64 128, i64 128, i64 128" [lstm_hls/rnn.cpp:27->lstm_hls/rnn.cpp:132]   --->   Operation 167 'speclooptripcount' 'speclooptripcount_ln27' <Predicate = true> <Delay = 0.00>
ST_77 : Operation 168 [1/1] (0.00ns)   --->   "%specloopname_ln27 = specloopname void @_ssdm_op_SpecLoopName, void @empty_9" [lstm_hls/rnn.cpp:27->lstm_hls/rnn.cpp:132]   --->   Operation 168 'specloopname' 'specloopname_ln27' <Predicate = true> <Delay = 0.00>
ST_77 : Operation 169 [1/75] (2.92ns)   --->   "%tmp_4 = call i32 @generic_tanh<float>, i32 %stat_C_load, i58 %table_exp_Z1_ap_ufixed_58_1_ap_q_mode_5_ap_o_mode_3_0_array, i26 %table_f_Z3_ap_ufixed_59_0_ap_q_mode_5_ap_o_mode_3_0_array, i42 %table_f_Z2_ap_ufixed_59_0_ap_q_mode_5_ap_o_mode_3_0_array" [/wrk/ci/prod/2024.2/hls_product/continuous/495/2024.2/src/shared/hls/clib/hlsmath/src/c/tanhfloat.cpp:8->/tools/Xilinx/Vivado/2024.2/tps/lnx64/gcc-8.3.0/lib/gcc/x86_64-pc-linux-gnu/8.3.0/../../../../include/c++/8.3.0/cmath:502->lstm_hls/rnn.cpp:28->lstm_hls/rnn.cpp:132]   --->   Operation 169 'call' 'tmp_4' <Predicate = (!icmp_ln27)> <Delay = 2.92> <CoreType = "Generic">   --->   Generic Core
ST_77 : Operation 170 [1/1] (0.00ns)   --->   "%vec_tmp_addr = getelementptr i32 %vec_tmp, i64 0, i64 %zext_ln27" [lstm_hls/rnn.cpp:28->lstm_hls/rnn.cpp:132]   --->   Operation 170 'getelementptr' 'vec_tmp_addr' <Predicate = true> <Delay = 0.00>
ST_77 : Operation 171 [1/1] ( I:3.25ns O:3.25ns )   --->   "%store_ln28 = store i32 %tmp_4, i7 %vec_tmp_addr" [lstm_hls/rnn.cpp:28->lstm_hls/rnn.cpp:132]   --->   Operation 171 'store' 'store_ln28' <Predicate = true> <Delay = 3.25> <CoreInst = "RAM">   --->   Core 81 'RAM' <Latency = 1> <II = 1> <Delay = 3.25> <Storage> <Opcode : 'load' 'store'> <Ports = 2> <Width = 32> <Depth = 128> <RAM>
ST_77 : Operation 172 [1/1] (0.00ns)   --->   "%br_ln27 = br void %for.inc.i187" [lstm_hls/rnn.cpp:27->lstm_hls/rnn.cpp:132]   --->   Operation 172 'br' 'br_ln27' <Predicate = true> <Delay = 0.00>


============================================================
+ Verbose Summary: Timing violations
============================================================
Target clock period: 10.000ns, clock uncertainty: 2.700ns.

 <State 1>: 5.091ns
The critical path consists of the following:
	'store' operation 0 bit ('store_ln27', lstm_hls/rnn.cpp:27->lstm_hls/rnn.cpp:132) of constant 0 on local variable 'i', lstm_hls/rnn.cpp:27->lstm_hls/rnn.cpp:132 [7]  (1.588 ns)
	'load' operation 8 bit ('i', lstm_hls/rnn.cpp:27->lstm_hls/rnn.cpp:132) on local variable 'i', lstm_hls/rnn.cpp:27->lstm_hls/rnn.cpp:132 [10]  (0.000 ns)
	'icmp' operation 1 bit ('icmp_ln27', lstm_hls/rnn.cpp:27->lstm_hls/rnn.cpp:132) [11]  (1.915 ns)
	'store' operation 0 bit ('store_ln27', lstm_hls/rnn.cpp:27->lstm_hls/rnn.cpp:132) of variable 'add_ln27', lstm_hls/rnn.cpp:27->lstm_hls/rnn.cpp:132 on local variable 'i', lstm_hls/rnn.cpp:27->lstm_hls/rnn.cpp:132 [24]  (1.588 ns)

 <State 2>: 3.254ns
The critical path consists of the following:
	'load' operation 32 bit ('__x', lstm_hls/rnn.cpp:28->lstm_hls/rnn.cpp:132) on array 'stat_C' [20]  (3.254 ns)

 <State 3>: 7.256ns
The critical path consists of the following:
	'call' operation 32 bit ('tmp_4', /wrk/ci/prod/2024.2/hls_product/continuous/495/2024.2/src/shared/hls/clib/hlsmath/src/c/tanhfloat.cpp:8->/tools/Xilinx/Vivado/2024.2/tps/lnx64/gcc-8.3.0/lib/gcc/x86_64-pc-linux-gnu/8.3.0/../../../../include/c++/8.3.0/cmath:502->lstm_hls/rnn.cpp:28->lstm_hls/rnn.cpp:132) to 'generic_tanh<float>' [21]  (7.256 ns)

 <State 4>: 7.297ns
The critical path consists of the following:
	'call' operation 32 bit ('tmp_4', /wrk/ci/prod/2024.2/hls_product/continuous/495/2024.2/src/shared/hls/clib/hlsmath/src/c/tanhfloat.cpp:8->/tools/Xilinx/Vivado/2024.2/tps/lnx64/gcc-8.3.0/lib/gcc/x86_64-pc-linux-gnu/8.3.0/../../../../include/c++/8.3.0/cmath:502->lstm_hls/rnn.cpp:28->lstm_hls/rnn.cpp:132) to 'generic_tanh<float>' [21]  (7.297 ns)

 <State 5>: 7.297ns
The critical path consists of the following:
	'call' operation 32 bit ('tmp_4', /wrk/ci/prod/2024.2/hls_product/continuous/495/2024.2/src/shared/hls/clib/hlsmath/src/c/tanhfloat.cpp:8->/tools/Xilinx/Vivado/2024.2/tps/lnx64/gcc-8.3.0/lib/gcc/x86_64-pc-linux-gnu/8.3.0/../../../../include/c++/8.3.0/cmath:502->lstm_hls/rnn.cpp:28->lstm_hls/rnn.cpp:132) to 'generic_tanh<float>' [21]  (7.297 ns)

 <State 6>: 7.297ns
The critical path consists of the following:
	'call' operation 32 bit ('tmp_4', /wrk/ci/prod/2024.2/hls_product/continuous/495/2024.2/src/shared/hls/clib/hlsmath/src/c/tanhfloat.cpp:8->/tools/Xilinx/Vivado/2024.2/tps/lnx64/gcc-8.3.0/lib/gcc/x86_64-pc-linux-gnu/8.3.0/../../../../include/c++/8.3.0/cmath:502->lstm_hls/rnn.cpp:28->lstm_hls/rnn.cpp:132) to 'generic_tanh<float>' [21]  (7.297 ns)

 <State 7>: 7.297ns
The critical path consists of the following:
	'call' operation 32 bit ('tmp_4', /wrk/ci/prod/2024.2/hls_product/continuous/495/2024.2/src/shared/hls/clib/hlsmath/src/c/tanhfloat.cpp:8->/tools/Xilinx/Vivado/2024.2/tps/lnx64/gcc-8.3.0/lib/gcc/x86_64-pc-linux-gnu/8.3.0/../../../../include/c++/8.3.0/cmath:502->lstm_hls/rnn.cpp:28->lstm_hls/rnn.cpp:132) to 'generic_tanh<float>' [21]  (7.297 ns)

 <State 8>: 7.297ns
The critical path consists of the following:
	'call' operation 32 bit ('tmp_4', /wrk/ci/prod/2024.2/hls_product/continuous/495/2024.2/src/shared/hls/clib/hlsmath/src/c/tanhfloat.cpp:8->/tools/Xilinx/Vivado/2024.2/tps/lnx64/gcc-8.3.0/lib/gcc/x86_64-pc-linux-gnu/8.3.0/../../../../include/c++/8.3.0/cmath:502->lstm_hls/rnn.cpp:28->lstm_hls/rnn.cpp:132) to 'generic_tanh<float>' [21]  (7.297 ns)

 <State 9>: 7.297ns
The critical path consists of the following:
	'call' operation 32 bit ('tmp_4', /wrk/ci/prod/2024.2/hls_product/continuous/495/2024.2/src/shared/hls/clib/hlsmath/src/c/tanhfloat.cpp:8->/tools/Xilinx/Vivado/2024.2/tps/lnx64/gcc-8.3.0/lib/gcc/x86_64-pc-linux-gnu/8.3.0/../../../../include/c++/8.3.0/cmath:502->lstm_hls/rnn.cpp:28->lstm_hls/rnn.cpp:132) to 'generic_tanh<float>' [21]  (7.297 ns)

 <State 10>: 7.297ns
The critical path consists of the following:
	'call' operation 32 bit ('tmp_4', /wrk/ci/prod/2024.2/hls_product/continuous/495/2024.2/src/shared/hls/clib/hlsmath/src/c/tanhfloat.cpp:8->/tools/Xilinx/Vivado/2024.2/tps/lnx64/gcc-8.3.0/lib/gcc/x86_64-pc-linux-gnu/8.3.0/../../../../include/c++/8.3.0/cmath:502->lstm_hls/rnn.cpp:28->lstm_hls/rnn.cpp:132) to 'generic_tanh<float>' [21]  (7.297 ns)

 <State 11>: 7.297ns
The critical path consists of the following:
	'call' operation 32 bit ('tmp_4', /wrk/ci/prod/2024.2/hls_product/continuous/495/2024.2/src/shared/hls/clib/hlsmath/src/c/tanhfloat.cpp:8->/tools/Xilinx/Vivado/2024.2/tps/lnx64/gcc-8.3.0/lib/gcc/x86_64-pc-linux-gnu/8.3.0/../../../../include/c++/8.3.0/cmath:502->lstm_hls/rnn.cpp:28->lstm_hls/rnn.cpp:132) to 'generic_tanh<float>' [21]  (7.297 ns)

 <State 12>: 7.297ns
The critical path consists of the following:
	'call' operation 32 bit ('tmp_4', /wrk/ci/prod/2024.2/hls_product/continuous/495/2024.2/src/shared/hls/clib/hlsmath/src/c/tanhfloat.cpp:8->/tools/Xilinx/Vivado/2024.2/tps/lnx64/gcc-8.3.0/lib/gcc/x86_64-pc-linux-gnu/8.3.0/../../../../include/c++/8.3.0/cmath:502->lstm_hls/rnn.cpp:28->lstm_hls/rnn.cpp:132) to 'generic_tanh<float>' [21]  (7.297 ns)

 <State 13>: 7.297ns
The critical path consists of the following:
	'call' operation 32 bit ('tmp_4', /wrk/ci/prod/2024.2/hls_product/continuous/495/2024.2/src/shared/hls/clib/hlsmath/src/c/tanhfloat.cpp:8->/tools/Xilinx/Vivado/2024.2/tps/lnx64/gcc-8.3.0/lib/gcc/x86_64-pc-linux-gnu/8.3.0/../../../../include/c++/8.3.0/cmath:502->lstm_hls/rnn.cpp:28->lstm_hls/rnn.cpp:132) to 'generic_tanh<float>' [21]  (7.297 ns)

 <State 14>: 7.297ns
The critical path consists of the following:
	'call' operation 32 bit ('tmp_4', /wrk/ci/prod/2024.2/hls_product/continuous/495/2024.2/src/shared/hls/clib/hlsmath/src/c/tanhfloat.cpp:8->/tools/Xilinx/Vivado/2024.2/tps/lnx64/gcc-8.3.0/lib/gcc/x86_64-pc-linux-gnu/8.3.0/../../../../include/c++/8.3.0/cmath:502->lstm_hls/rnn.cpp:28->lstm_hls/rnn.cpp:132) to 'generic_tanh<float>' [21]  (7.297 ns)

 <State 15>: 7.297ns
The critical path consists of the following:
	'call' operation 32 bit ('tmp_4', /wrk/ci/prod/2024.2/hls_product/continuous/495/2024.2/src/shared/hls/clib/hlsmath/src/c/tanhfloat.cpp:8->/tools/Xilinx/Vivado/2024.2/tps/lnx64/gcc-8.3.0/lib/gcc/x86_64-pc-linux-gnu/8.3.0/../../../../include/c++/8.3.0/cmath:502->lstm_hls/rnn.cpp:28->lstm_hls/rnn.cpp:132) to 'generic_tanh<float>' [21]  (7.297 ns)

 <State 16>: 7.297ns
The critical path consists of the following:
	'call' operation 32 bit ('tmp_4', /wrk/ci/prod/2024.2/hls_product/continuous/495/2024.2/src/shared/hls/clib/hlsmath/src/c/tanhfloat.cpp:8->/tools/Xilinx/Vivado/2024.2/tps/lnx64/gcc-8.3.0/lib/gcc/x86_64-pc-linux-gnu/8.3.0/../../../../include/c++/8.3.0/cmath:502->lstm_hls/rnn.cpp:28->lstm_hls/rnn.cpp:132) to 'generic_tanh<float>' [21]  (7.297 ns)

 <State 17>: 7.297ns
The critical path consists of the following:
	'call' operation 32 bit ('tmp_4', /wrk/ci/prod/2024.2/hls_product/continuous/495/2024.2/src/shared/hls/clib/hlsmath/src/c/tanhfloat.cpp:8->/tools/Xilinx/Vivado/2024.2/tps/lnx64/gcc-8.3.0/lib/gcc/x86_64-pc-linux-gnu/8.3.0/../../../../include/c++/8.3.0/cmath:502->lstm_hls/rnn.cpp:28->lstm_hls/rnn.cpp:132) to 'generic_tanh<float>' [21]  (7.297 ns)

 <State 18>: 7.297ns
The critical path consists of the following:
	'call' operation 32 bit ('tmp_4', /wrk/ci/prod/2024.2/hls_product/continuous/495/2024.2/src/shared/hls/clib/hlsmath/src/c/tanhfloat.cpp:8->/tools/Xilinx/Vivado/2024.2/tps/lnx64/gcc-8.3.0/lib/gcc/x86_64-pc-linux-gnu/8.3.0/../../../../include/c++/8.3.0/cmath:502->lstm_hls/rnn.cpp:28->lstm_hls/rnn.cpp:132) to 'generic_tanh<float>' [21]  (7.297 ns)

 <State 19>: 7.297ns
The critical path consists of the following:
	'call' operation 32 bit ('tmp_4', /wrk/ci/prod/2024.2/hls_product/continuous/495/2024.2/src/shared/hls/clib/hlsmath/src/c/tanhfloat.cpp:8->/tools/Xilinx/Vivado/2024.2/tps/lnx64/gcc-8.3.0/lib/gcc/x86_64-pc-linux-gnu/8.3.0/../../../../include/c++/8.3.0/cmath:502->lstm_hls/rnn.cpp:28->lstm_hls/rnn.cpp:132) to 'generic_tanh<float>' [21]  (7.297 ns)

 <State 20>: 7.297ns
The critical path consists of the following:
	'call' operation 32 bit ('tmp_4', /wrk/ci/prod/2024.2/hls_product/continuous/495/2024.2/src/shared/hls/clib/hlsmath/src/c/tanhfloat.cpp:8->/tools/Xilinx/Vivado/2024.2/tps/lnx64/gcc-8.3.0/lib/gcc/x86_64-pc-linux-gnu/8.3.0/../../../../include/c++/8.3.0/cmath:502->lstm_hls/rnn.cpp:28->lstm_hls/rnn.cpp:132) to 'generic_tanh<float>' [21]  (7.297 ns)

 <State 21>: 7.297ns
The critical path consists of the following:
	'call' operation 32 bit ('tmp_4', /wrk/ci/prod/2024.2/hls_product/continuous/495/2024.2/src/shared/hls/clib/hlsmath/src/c/tanhfloat.cpp:8->/tools/Xilinx/Vivado/2024.2/tps/lnx64/gcc-8.3.0/lib/gcc/x86_64-pc-linux-gnu/8.3.0/../../../../include/c++/8.3.0/cmath:502->lstm_hls/rnn.cpp:28->lstm_hls/rnn.cpp:132) to 'generic_tanh<float>' [21]  (7.297 ns)

 <State 22>: 7.297ns
The critical path consists of the following:
	'call' operation 32 bit ('tmp_4', /wrk/ci/prod/2024.2/hls_product/continuous/495/2024.2/src/shared/hls/clib/hlsmath/src/c/tanhfloat.cpp:8->/tools/Xilinx/Vivado/2024.2/tps/lnx64/gcc-8.3.0/lib/gcc/x86_64-pc-linux-gnu/8.3.0/../../../../include/c++/8.3.0/cmath:502->lstm_hls/rnn.cpp:28->lstm_hls/rnn.cpp:132) to 'generic_tanh<float>' [21]  (7.297 ns)

 <State 23>: 7.297ns
The critical path consists of the following:
	'call' operation 32 bit ('tmp_4', /wrk/ci/prod/2024.2/hls_product/continuous/495/2024.2/src/shared/hls/clib/hlsmath/src/c/tanhfloat.cpp:8->/tools/Xilinx/Vivado/2024.2/tps/lnx64/gcc-8.3.0/lib/gcc/x86_64-pc-linux-gnu/8.3.0/../../../../include/c++/8.3.0/cmath:502->lstm_hls/rnn.cpp:28->lstm_hls/rnn.cpp:132) to 'generic_tanh<float>' [21]  (7.297 ns)

 <State 24>: 7.297ns
The critical path consists of the following:
	'call' operation 32 bit ('tmp_4', /wrk/ci/prod/2024.2/hls_product/continuous/495/2024.2/src/shared/hls/clib/hlsmath/src/c/tanhfloat.cpp:8->/tools/Xilinx/Vivado/2024.2/tps/lnx64/gcc-8.3.0/lib/gcc/x86_64-pc-linux-gnu/8.3.0/../../../../include/c++/8.3.0/cmath:502->lstm_hls/rnn.cpp:28->lstm_hls/rnn.cpp:132) to 'generic_tanh<float>' [21]  (7.297 ns)

 <State 25>: 7.297ns
The critical path consists of the following:
	'call' operation 32 bit ('tmp_4', /wrk/ci/prod/2024.2/hls_product/continuous/495/2024.2/src/shared/hls/clib/hlsmath/src/c/tanhfloat.cpp:8->/tools/Xilinx/Vivado/2024.2/tps/lnx64/gcc-8.3.0/lib/gcc/x86_64-pc-linux-gnu/8.3.0/../../../../include/c++/8.3.0/cmath:502->lstm_hls/rnn.cpp:28->lstm_hls/rnn.cpp:132) to 'generic_tanh<float>' [21]  (7.297 ns)

 <State 26>: 7.297ns
The critical path consists of the following:
	'call' operation 32 bit ('tmp_4', /wrk/ci/prod/2024.2/hls_product/continuous/495/2024.2/src/shared/hls/clib/hlsmath/src/c/tanhfloat.cpp:8->/tools/Xilinx/Vivado/2024.2/tps/lnx64/gcc-8.3.0/lib/gcc/x86_64-pc-linux-gnu/8.3.0/../../../../include/c++/8.3.0/cmath:502->lstm_hls/rnn.cpp:28->lstm_hls/rnn.cpp:132) to 'generic_tanh<float>' [21]  (7.297 ns)

 <State 27>: 7.297ns
The critical path consists of the following:
	'call' operation 32 bit ('tmp_4', /wrk/ci/prod/2024.2/hls_product/continuous/495/2024.2/src/shared/hls/clib/hlsmath/src/c/tanhfloat.cpp:8->/tools/Xilinx/Vivado/2024.2/tps/lnx64/gcc-8.3.0/lib/gcc/x86_64-pc-linux-gnu/8.3.0/../../../../include/c++/8.3.0/cmath:502->lstm_hls/rnn.cpp:28->lstm_hls/rnn.cpp:132) to 'generic_tanh<float>' [21]  (7.297 ns)

 <State 28>: 7.297ns
The critical path consists of the following:
	'call' operation 32 bit ('tmp_4', /wrk/ci/prod/2024.2/hls_product/continuous/495/2024.2/src/shared/hls/clib/hlsmath/src/c/tanhfloat.cpp:8->/tools/Xilinx/Vivado/2024.2/tps/lnx64/gcc-8.3.0/lib/gcc/x86_64-pc-linux-gnu/8.3.0/../../../../include/c++/8.3.0/cmath:502->lstm_hls/rnn.cpp:28->lstm_hls/rnn.cpp:132) to 'generic_tanh<float>' [21]  (7.297 ns)

 <State 29>: 7.297ns
The critical path consists of the following:
	'call' operation 32 bit ('tmp_4', /wrk/ci/prod/2024.2/hls_product/continuous/495/2024.2/src/shared/hls/clib/hlsmath/src/c/tanhfloat.cpp:8->/tools/Xilinx/Vivado/2024.2/tps/lnx64/gcc-8.3.0/lib/gcc/x86_64-pc-linux-gnu/8.3.0/../../../../include/c++/8.3.0/cmath:502->lstm_hls/rnn.cpp:28->lstm_hls/rnn.cpp:132) to 'generic_tanh<float>' [21]  (7.297 ns)

 <State 30>: 7.297ns
The critical path consists of the following:
	'call' operation 32 bit ('tmp_4', /wrk/ci/prod/2024.2/hls_product/continuous/495/2024.2/src/shared/hls/clib/hlsmath/src/c/tanhfloat.cpp:8->/tools/Xilinx/Vivado/2024.2/tps/lnx64/gcc-8.3.0/lib/gcc/x86_64-pc-linux-gnu/8.3.0/../../../../include/c++/8.3.0/cmath:502->lstm_hls/rnn.cpp:28->lstm_hls/rnn.cpp:132) to 'generic_tanh<float>' [21]  (7.297 ns)

 <State 31>: 7.297ns
The critical path consists of the following:
	'call' operation 32 bit ('tmp_4', /wrk/ci/prod/2024.2/hls_product/continuous/495/2024.2/src/shared/hls/clib/hlsmath/src/c/tanhfloat.cpp:8->/tools/Xilinx/Vivado/2024.2/tps/lnx64/gcc-8.3.0/lib/gcc/x86_64-pc-linux-gnu/8.3.0/../../../../include/c++/8.3.0/cmath:502->lstm_hls/rnn.cpp:28->lstm_hls/rnn.cpp:132) to 'generic_tanh<float>' [21]  (7.297 ns)

 <State 32>: 7.297ns
The critical path consists of the following:
	'call' operation 32 bit ('tmp_4', /wrk/ci/prod/2024.2/hls_product/continuous/495/2024.2/src/shared/hls/clib/hlsmath/src/c/tanhfloat.cpp:8->/tools/Xilinx/Vivado/2024.2/tps/lnx64/gcc-8.3.0/lib/gcc/x86_64-pc-linux-gnu/8.3.0/../../../../include/c++/8.3.0/cmath:502->lstm_hls/rnn.cpp:28->lstm_hls/rnn.cpp:132) to 'generic_tanh<float>' [21]  (7.297 ns)

 <State 33>: 7.297ns
The critical path consists of the following:
	'call' operation 32 bit ('tmp_4', /wrk/ci/prod/2024.2/hls_product/continuous/495/2024.2/src/shared/hls/clib/hlsmath/src/c/tanhfloat.cpp:8->/tools/Xilinx/Vivado/2024.2/tps/lnx64/gcc-8.3.0/lib/gcc/x86_64-pc-linux-gnu/8.3.0/../../../../include/c++/8.3.0/cmath:502->lstm_hls/rnn.cpp:28->lstm_hls/rnn.cpp:132) to 'generic_tanh<float>' [21]  (7.297 ns)

 <State 34>: 7.297ns
The critical path consists of the following:
	'call' operation 32 bit ('tmp_4', /wrk/ci/prod/2024.2/hls_product/continuous/495/2024.2/src/shared/hls/clib/hlsmath/src/c/tanhfloat.cpp:8->/tools/Xilinx/Vivado/2024.2/tps/lnx64/gcc-8.3.0/lib/gcc/x86_64-pc-linux-gnu/8.3.0/../../../../include/c++/8.3.0/cmath:502->lstm_hls/rnn.cpp:28->lstm_hls/rnn.cpp:132) to 'generic_tanh<float>' [21]  (7.297 ns)

 <State 35>: 7.297ns
The critical path consists of the following:
	'call' operation 32 bit ('tmp_4', /wrk/ci/prod/2024.2/hls_product/continuous/495/2024.2/src/shared/hls/clib/hlsmath/src/c/tanhfloat.cpp:8->/tools/Xilinx/Vivado/2024.2/tps/lnx64/gcc-8.3.0/lib/gcc/x86_64-pc-linux-gnu/8.3.0/../../../../include/c++/8.3.0/cmath:502->lstm_hls/rnn.cpp:28->lstm_hls/rnn.cpp:132) to 'generic_tanh<float>' [21]  (7.297 ns)

 <State 36>: 7.297ns
The critical path consists of the following:
	'call' operation 32 bit ('tmp_4', /wrk/ci/prod/2024.2/hls_product/continuous/495/2024.2/src/shared/hls/clib/hlsmath/src/c/tanhfloat.cpp:8->/tools/Xilinx/Vivado/2024.2/tps/lnx64/gcc-8.3.0/lib/gcc/x86_64-pc-linux-gnu/8.3.0/../../../../include/c++/8.3.0/cmath:502->lstm_hls/rnn.cpp:28->lstm_hls/rnn.cpp:132) to 'generic_tanh<float>' [21]  (7.297 ns)

 <State 37>: 7.297ns
The critical path consists of the following:
	'call' operation 32 bit ('tmp_4', /wrk/ci/prod/2024.2/hls_product/continuous/495/2024.2/src/shared/hls/clib/hlsmath/src/c/tanhfloat.cpp:8->/tools/Xilinx/Vivado/2024.2/tps/lnx64/gcc-8.3.0/lib/gcc/x86_64-pc-linux-gnu/8.3.0/../../../../include/c++/8.3.0/cmath:502->lstm_hls/rnn.cpp:28->lstm_hls/rnn.cpp:132) to 'generic_tanh<float>' [21]  (7.297 ns)

 <State 38>: 7.297ns
The critical path consists of the following:
	'call' operation 32 bit ('tmp_4', /wrk/ci/prod/2024.2/hls_product/continuous/495/2024.2/src/shared/hls/clib/hlsmath/src/c/tanhfloat.cpp:8->/tools/Xilinx/Vivado/2024.2/tps/lnx64/gcc-8.3.0/lib/gcc/x86_64-pc-linux-gnu/8.3.0/../../../../include/c++/8.3.0/cmath:502->lstm_hls/rnn.cpp:28->lstm_hls/rnn.cpp:132) to 'generic_tanh<float>' [21]  (7.297 ns)

 <State 39>: 7.297ns
The critical path consists of the following:
	'call' operation 32 bit ('tmp_4', /wrk/ci/prod/2024.2/hls_product/continuous/495/2024.2/src/shared/hls/clib/hlsmath/src/c/tanhfloat.cpp:8->/tools/Xilinx/Vivado/2024.2/tps/lnx64/gcc-8.3.0/lib/gcc/x86_64-pc-linux-gnu/8.3.0/../../../../include/c++/8.3.0/cmath:502->lstm_hls/rnn.cpp:28->lstm_hls/rnn.cpp:132) to 'generic_tanh<float>' [21]  (7.297 ns)

 <State 40>: 7.297ns
The critical path consists of the following:
	'call' operation 32 bit ('tmp_4', /wrk/ci/prod/2024.2/hls_product/continuous/495/2024.2/src/shared/hls/clib/hlsmath/src/c/tanhfloat.cpp:8->/tools/Xilinx/Vivado/2024.2/tps/lnx64/gcc-8.3.0/lib/gcc/x86_64-pc-linux-gnu/8.3.0/../../../../include/c++/8.3.0/cmath:502->lstm_hls/rnn.cpp:28->lstm_hls/rnn.cpp:132) to 'generic_tanh<float>' [21]  (7.297 ns)

 <State 41>: 7.297ns
The critical path consists of the following:
	'call' operation 32 bit ('tmp_4', /wrk/ci/prod/2024.2/hls_product/continuous/495/2024.2/src/shared/hls/clib/hlsmath/src/c/tanhfloat.cpp:8->/tools/Xilinx/Vivado/2024.2/tps/lnx64/gcc-8.3.0/lib/gcc/x86_64-pc-linux-gnu/8.3.0/../../../../include/c++/8.3.0/cmath:502->lstm_hls/rnn.cpp:28->lstm_hls/rnn.cpp:132) to 'generic_tanh<float>' [21]  (7.297 ns)

 <State 42>: 7.297ns
The critical path consists of the following:
	'call' operation 32 bit ('tmp_4', /wrk/ci/prod/2024.2/hls_product/continuous/495/2024.2/src/shared/hls/clib/hlsmath/src/c/tanhfloat.cpp:8->/tools/Xilinx/Vivado/2024.2/tps/lnx64/gcc-8.3.0/lib/gcc/x86_64-pc-linux-gnu/8.3.0/../../../../include/c++/8.3.0/cmath:502->lstm_hls/rnn.cpp:28->lstm_hls/rnn.cpp:132) to 'generic_tanh<float>' [21]  (7.297 ns)

 <State 43>: 7.297ns
The critical path consists of the following:
	'call' operation 32 bit ('tmp_4', /wrk/ci/prod/2024.2/hls_product/continuous/495/2024.2/src/shared/hls/clib/hlsmath/src/c/tanhfloat.cpp:8->/tools/Xilinx/Vivado/2024.2/tps/lnx64/gcc-8.3.0/lib/gcc/x86_64-pc-linux-gnu/8.3.0/../../../../include/c++/8.3.0/cmath:502->lstm_hls/rnn.cpp:28->lstm_hls/rnn.cpp:132) to 'generic_tanh<float>' [21]  (7.297 ns)

 <State 44>: 7.297ns
The critical path consists of the following:
	'call' operation 32 bit ('tmp_4', /wrk/ci/prod/2024.2/hls_product/continuous/495/2024.2/src/shared/hls/clib/hlsmath/src/c/tanhfloat.cpp:8->/tools/Xilinx/Vivado/2024.2/tps/lnx64/gcc-8.3.0/lib/gcc/x86_64-pc-linux-gnu/8.3.0/../../../../include/c++/8.3.0/cmath:502->lstm_hls/rnn.cpp:28->lstm_hls/rnn.cpp:132) to 'generic_tanh<float>' [21]  (7.297 ns)

 <State 45>: 7.297ns
The critical path consists of the following:
	'call' operation 32 bit ('tmp_4', /wrk/ci/prod/2024.2/hls_product/continuous/495/2024.2/src/shared/hls/clib/hlsmath/src/c/tanhfloat.cpp:8->/tools/Xilinx/Vivado/2024.2/tps/lnx64/gcc-8.3.0/lib/gcc/x86_64-pc-linux-gnu/8.3.0/../../../../include/c++/8.3.0/cmath:502->lstm_hls/rnn.cpp:28->lstm_hls/rnn.cpp:132) to 'generic_tanh<float>' [21]  (7.297 ns)

 <State 46>: 7.297ns
The critical path consists of the following:
	'call' operation 32 bit ('tmp_4', /wrk/ci/prod/2024.2/hls_product/continuous/495/2024.2/src/shared/hls/clib/hlsmath/src/c/tanhfloat.cpp:8->/tools/Xilinx/Vivado/2024.2/tps/lnx64/gcc-8.3.0/lib/gcc/x86_64-pc-linux-gnu/8.3.0/../../../../include/c++/8.3.0/cmath:502->lstm_hls/rnn.cpp:28->lstm_hls/rnn.cpp:132) to 'generic_tanh<float>' [21]  (7.297 ns)

 <State 47>: 7.297ns
The critical path consists of the following:
	'call' operation 32 bit ('tmp_4', /wrk/ci/prod/2024.2/hls_product/continuous/495/2024.2/src/shared/hls/clib/hlsmath/src/c/tanhfloat.cpp:8->/tools/Xilinx/Vivado/2024.2/tps/lnx64/gcc-8.3.0/lib/gcc/x86_64-pc-linux-gnu/8.3.0/../../../../include/c++/8.3.0/cmath:502->lstm_hls/rnn.cpp:28->lstm_hls/rnn.cpp:132) to 'generic_tanh<float>' [21]  (7.297 ns)

 <State 48>: 7.297ns
The critical path consists of the following:
	'call' operation 32 bit ('tmp_4', /wrk/ci/prod/2024.2/hls_product/continuous/495/2024.2/src/shared/hls/clib/hlsmath/src/c/tanhfloat.cpp:8->/tools/Xilinx/Vivado/2024.2/tps/lnx64/gcc-8.3.0/lib/gcc/x86_64-pc-linux-gnu/8.3.0/../../../../include/c++/8.3.0/cmath:502->lstm_hls/rnn.cpp:28->lstm_hls/rnn.cpp:132) to 'generic_tanh<float>' [21]  (7.297 ns)

 <State 49>: 7.297ns
The critical path consists of the following:
	'call' operation 32 bit ('tmp_4', /wrk/ci/prod/2024.2/hls_product/continuous/495/2024.2/src/shared/hls/clib/hlsmath/src/c/tanhfloat.cpp:8->/tools/Xilinx/Vivado/2024.2/tps/lnx64/gcc-8.3.0/lib/gcc/x86_64-pc-linux-gnu/8.3.0/../../../../include/c++/8.3.0/cmath:502->lstm_hls/rnn.cpp:28->lstm_hls/rnn.cpp:132) to 'generic_tanh<float>' [21]  (7.297 ns)

 <State 50>: 7.297ns
The critical path consists of the following:
	'call' operation 32 bit ('tmp_4', /wrk/ci/prod/2024.2/hls_product/continuous/495/2024.2/src/shared/hls/clib/hlsmath/src/c/tanhfloat.cpp:8->/tools/Xilinx/Vivado/2024.2/tps/lnx64/gcc-8.3.0/lib/gcc/x86_64-pc-linux-gnu/8.3.0/../../../../include/c++/8.3.0/cmath:502->lstm_hls/rnn.cpp:28->lstm_hls/rnn.cpp:132) to 'generic_tanh<float>' [21]  (7.297 ns)

 <State 51>: 7.297ns
The critical path consists of the following:
	'call' operation 32 bit ('tmp_4', /wrk/ci/prod/2024.2/hls_product/continuous/495/2024.2/src/shared/hls/clib/hlsmath/src/c/tanhfloat.cpp:8->/tools/Xilinx/Vivado/2024.2/tps/lnx64/gcc-8.3.0/lib/gcc/x86_64-pc-linux-gnu/8.3.0/../../../../include/c++/8.3.0/cmath:502->lstm_hls/rnn.cpp:28->lstm_hls/rnn.cpp:132) to 'generic_tanh<float>' [21]  (7.297 ns)

 <State 52>: 7.297ns
The critical path consists of the following:
	'call' operation 32 bit ('tmp_4', /wrk/ci/prod/2024.2/hls_product/continuous/495/2024.2/src/shared/hls/clib/hlsmath/src/c/tanhfloat.cpp:8->/tools/Xilinx/Vivado/2024.2/tps/lnx64/gcc-8.3.0/lib/gcc/x86_64-pc-linux-gnu/8.3.0/../../../../include/c++/8.3.0/cmath:502->lstm_hls/rnn.cpp:28->lstm_hls/rnn.cpp:132) to 'generic_tanh<float>' [21]  (7.297 ns)

 <State 53>: 7.297ns
The critical path consists of the following:
	'call' operation 32 bit ('tmp_4', /wrk/ci/prod/2024.2/hls_product/continuous/495/2024.2/src/shared/hls/clib/hlsmath/src/c/tanhfloat.cpp:8->/tools/Xilinx/Vivado/2024.2/tps/lnx64/gcc-8.3.0/lib/gcc/x86_64-pc-linux-gnu/8.3.0/../../../../include/c++/8.3.0/cmath:502->lstm_hls/rnn.cpp:28->lstm_hls/rnn.cpp:132) to 'generic_tanh<float>' [21]  (7.297 ns)

 <State 54>: 7.297ns
The critical path consists of the following:
	'call' operation 32 bit ('tmp_4', /wrk/ci/prod/2024.2/hls_product/continuous/495/2024.2/src/shared/hls/clib/hlsmath/src/c/tanhfloat.cpp:8->/tools/Xilinx/Vivado/2024.2/tps/lnx64/gcc-8.3.0/lib/gcc/x86_64-pc-linux-gnu/8.3.0/../../../../include/c++/8.3.0/cmath:502->lstm_hls/rnn.cpp:28->lstm_hls/rnn.cpp:132) to 'generic_tanh<float>' [21]  (7.297 ns)

 <State 55>: 7.297ns
The critical path consists of the following:
	'call' operation 32 bit ('tmp_4', /wrk/ci/prod/2024.2/hls_product/continuous/495/2024.2/src/shared/hls/clib/hlsmath/src/c/tanhfloat.cpp:8->/tools/Xilinx/Vivado/2024.2/tps/lnx64/gcc-8.3.0/lib/gcc/x86_64-pc-linux-gnu/8.3.0/../../../../include/c++/8.3.0/cmath:502->lstm_hls/rnn.cpp:28->lstm_hls/rnn.cpp:132) to 'generic_tanh<float>' [21]  (7.297 ns)

 <State 56>: 7.297ns
The critical path consists of the following:
	'call' operation 32 bit ('tmp_4', /wrk/ci/prod/2024.2/hls_product/continuous/495/2024.2/src/shared/hls/clib/hlsmath/src/c/tanhfloat.cpp:8->/tools/Xilinx/Vivado/2024.2/tps/lnx64/gcc-8.3.0/lib/gcc/x86_64-pc-linux-gnu/8.3.0/../../../../include/c++/8.3.0/cmath:502->lstm_hls/rnn.cpp:28->lstm_hls/rnn.cpp:132) to 'generic_tanh<float>' [21]  (7.297 ns)

 <State 57>: 7.297ns
The critical path consists of the following:
	'call' operation 32 bit ('tmp_4', /wrk/ci/prod/2024.2/hls_product/continuous/495/2024.2/src/shared/hls/clib/hlsmath/src/c/tanhfloat.cpp:8->/tools/Xilinx/Vivado/2024.2/tps/lnx64/gcc-8.3.0/lib/gcc/x86_64-pc-linux-gnu/8.3.0/../../../../include/c++/8.3.0/cmath:502->lstm_hls/rnn.cpp:28->lstm_hls/rnn.cpp:132) to 'generic_tanh<float>' [21]  (7.297 ns)

 <State 58>: 7.297ns
The critical path consists of the following:
	'call' operation 32 bit ('tmp_4', /wrk/ci/prod/2024.2/hls_product/continuous/495/2024.2/src/shared/hls/clib/hlsmath/src/c/tanhfloat.cpp:8->/tools/Xilinx/Vivado/2024.2/tps/lnx64/gcc-8.3.0/lib/gcc/x86_64-pc-linux-gnu/8.3.0/../../../../include/c++/8.3.0/cmath:502->lstm_hls/rnn.cpp:28->lstm_hls/rnn.cpp:132) to 'generic_tanh<float>' [21]  (7.297 ns)

 <State 59>: 7.297ns
The critical path consists of the following:
	'call' operation 32 bit ('tmp_4', /wrk/ci/prod/2024.2/hls_product/continuous/495/2024.2/src/shared/hls/clib/hlsmath/src/c/tanhfloat.cpp:8->/tools/Xilinx/Vivado/2024.2/tps/lnx64/gcc-8.3.0/lib/gcc/x86_64-pc-linux-gnu/8.3.0/../../../../include/c++/8.3.0/cmath:502->lstm_hls/rnn.cpp:28->lstm_hls/rnn.cpp:132) to 'generic_tanh<float>' [21]  (7.297 ns)

 <State 60>: 7.297ns
The critical path consists of the following:
	'call' operation 32 bit ('tmp_4', /wrk/ci/prod/2024.2/hls_product/continuous/495/2024.2/src/shared/hls/clib/hlsmath/src/c/tanhfloat.cpp:8->/tools/Xilinx/Vivado/2024.2/tps/lnx64/gcc-8.3.0/lib/gcc/x86_64-pc-linux-gnu/8.3.0/../../../../include/c++/8.3.0/cmath:502->lstm_hls/rnn.cpp:28->lstm_hls/rnn.cpp:132) to 'generic_tanh<float>' [21]  (7.297 ns)

 <State 61>: 7.297ns
The critical path consists of the following:
	'call' operation 32 bit ('tmp_4', /wrk/ci/prod/2024.2/hls_product/continuous/495/2024.2/src/shared/hls/clib/hlsmath/src/c/tanhfloat.cpp:8->/tools/Xilinx/Vivado/2024.2/tps/lnx64/gcc-8.3.0/lib/gcc/x86_64-pc-linux-gnu/8.3.0/../../../../include/c++/8.3.0/cmath:502->lstm_hls/rnn.cpp:28->lstm_hls/rnn.cpp:132) to 'generic_tanh<float>' [21]  (7.297 ns)

 <State 62>: 7.297ns
The critical path consists of the following:
	'call' operation 32 bit ('tmp_4', /wrk/ci/prod/2024.2/hls_product/continuous/495/2024.2/src/shared/hls/clib/hlsmath/src/c/tanhfloat.cpp:8->/tools/Xilinx/Vivado/2024.2/tps/lnx64/gcc-8.3.0/lib/gcc/x86_64-pc-linux-gnu/8.3.0/../../../../include/c++/8.3.0/cmath:502->lstm_hls/rnn.cpp:28->lstm_hls/rnn.cpp:132) to 'generic_tanh<float>' [21]  (7.297 ns)

 <State 63>: 7.297ns
The critical path consists of the following:
	'call' operation 32 bit ('tmp_4', /wrk/ci/prod/2024.2/hls_product/continuous/495/2024.2/src/shared/hls/clib/hlsmath/src/c/tanhfloat.cpp:8->/tools/Xilinx/Vivado/2024.2/tps/lnx64/gcc-8.3.0/lib/gcc/x86_64-pc-linux-gnu/8.3.0/../../../../include/c++/8.3.0/cmath:502->lstm_hls/rnn.cpp:28->lstm_hls/rnn.cpp:132) to 'generic_tanh<float>' [21]  (7.297 ns)

 <State 64>: 7.297ns
The critical path consists of the following:
	'call' operation 32 bit ('tmp_4', /wrk/ci/prod/2024.2/hls_product/continuous/495/2024.2/src/shared/hls/clib/hlsmath/src/c/tanhfloat.cpp:8->/tools/Xilinx/Vivado/2024.2/tps/lnx64/gcc-8.3.0/lib/gcc/x86_64-pc-linux-gnu/8.3.0/../../../../include/c++/8.3.0/cmath:502->lstm_hls/rnn.cpp:28->lstm_hls/rnn.cpp:132) to 'generic_tanh<float>' [21]  (7.297 ns)

 <State 65>: 7.297ns
The critical path consists of the following:
	'call' operation 32 bit ('tmp_4', /wrk/ci/prod/2024.2/hls_product/continuous/495/2024.2/src/shared/hls/clib/hlsmath/src/c/tanhfloat.cpp:8->/tools/Xilinx/Vivado/2024.2/tps/lnx64/gcc-8.3.0/lib/gcc/x86_64-pc-linux-gnu/8.3.0/../../../../include/c++/8.3.0/cmath:502->lstm_hls/rnn.cpp:28->lstm_hls/rnn.cpp:132) to 'generic_tanh<float>' [21]  (7.297 ns)

 <State 66>: 7.297ns
The critical path consists of the following:
	'call' operation 32 bit ('tmp_4', /wrk/ci/prod/2024.2/hls_product/continuous/495/2024.2/src/shared/hls/clib/hlsmath/src/c/tanhfloat.cpp:8->/tools/Xilinx/Vivado/2024.2/tps/lnx64/gcc-8.3.0/lib/gcc/x86_64-pc-linux-gnu/8.3.0/../../../../include/c++/8.3.0/cmath:502->lstm_hls/rnn.cpp:28->lstm_hls/rnn.cpp:132) to 'generic_tanh<float>' [21]  (7.297 ns)

 <State 67>: 7.297ns
The critical path consists of the following:
	'call' operation 32 bit ('tmp_4', /wrk/ci/prod/2024.2/hls_product/continuous/495/2024.2/src/shared/hls/clib/hlsmath/src/c/tanhfloat.cpp:8->/tools/Xilinx/Vivado/2024.2/tps/lnx64/gcc-8.3.0/lib/gcc/x86_64-pc-linux-gnu/8.3.0/../../../../include/c++/8.3.0/cmath:502->lstm_hls/rnn.cpp:28->lstm_hls/rnn.cpp:132) to 'generic_tanh<float>' [21]  (7.297 ns)

 <State 68>: 7.297ns
The critical path consists of the following:
	'call' operation 32 bit ('tmp_4', /wrk/ci/prod/2024.2/hls_product/continuous/495/2024.2/src/shared/hls/clib/hlsmath/src/c/tanhfloat.cpp:8->/tools/Xilinx/Vivado/2024.2/tps/lnx64/gcc-8.3.0/lib/gcc/x86_64-pc-linux-gnu/8.3.0/../../../../include/c++/8.3.0/cmath:502->lstm_hls/rnn.cpp:28->lstm_hls/rnn.cpp:132) to 'generic_tanh<float>' [21]  (7.297 ns)

 <State 69>: 7.297ns
The critical path consists of the following:
	'call' operation 32 bit ('tmp_4', /wrk/ci/prod/2024.2/hls_product/continuous/495/2024.2/src/shared/hls/clib/hlsmath/src/c/tanhfloat.cpp:8->/tools/Xilinx/Vivado/2024.2/tps/lnx64/gcc-8.3.0/lib/gcc/x86_64-pc-linux-gnu/8.3.0/../../../../include/c++/8.3.0/cmath:502->lstm_hls/rnn.cpp:28->lstm_hls/rnn.cpp:132) to 'generic_tanh<float>' [21]  (7.297 ns)

 <State 70>: 7.297ns
The critical path consists of the following:
	'call' operation 32 bit ('tmp_4', /wrk/ci/prod/2024.2/hls_product/continuous/495/2024.2/src/shared/hls/clib/hlsmath/src/c/tanhfloat.cpp:8->/tools/Xilinx/Vivado/2024.2/tps/lnx64/gcc-8.3.0/lib/gcc/x86_64-pc-linux-gnu/8.3.0/../../../../include/c++/8.3.0/cmath:502->lstm_hls/rnn.cpp:28->lstm_hls/rnn.cpp:132) to 'generic_tanh<float>' [21]  (7.297 ns)

 <State 71>: 7.297ns
The critical path consists of the following:
	'call' operation 32 bit ('tmp_4', /wrk/ci/prod/2024.2/hls_product/continuous/495/2024.2/src/shared/hls/clib/hlsmath/src/c/tanhfloat.cpp:8->/tools/Xilinx/Vivado/2024.2/tps/lnx64/gcc-8.3.0/lib/gcc/x86_64-pc-linux-gnu/8.3.0/../../../../include/c++/8.3.0/cmath:502->lstm_hls/rnn.cpp:28->lstm_hls/rnn.cpp:132) to 'generic_tanh<float>' [21]  (7.297 ns)

 <State 72>: 7.297ns
The critical path consists of the following:
	'call' operation 32 bit ('tmp_4', /wrk/ci/prod/2024.2/hls_product/continuous/495/2024.2/src/shared/hls/clib/hlsmath/src/c/tanhfloat.cpp:8->/tools/Xilinx/Vivado/2024.2/tps/lnx64/gcc-8.3.0/lib/gcc/x86_64-pc-linux-gnu/8.3.0/../../../../include/c++/8.3.0/cmath:502->lstm_hls/rnn.cpp:28->lstm_hls/rnn.cpp:132) to 'generic_tanh<float>' [21]  (7.297 ns)

 <State 73>: 7.297ns
The critical path consists of the following:
	'call' operation 32 bit ('tmp_4', /wrk/ci/prod/2024.2/hls_product/continuous/495/2024.2/src/shared/hls/clib/hlsmath/src/c/tanhfloat.cpp:8->/tools/Xilinx/Vivado/2024.2/tps/lnx64/gcc-8.3.0/lib/gcc/x86_64-pc-linux-gnu/8.3.0/../../../../include/c++/8.3.0/cmath:502->lstm_hls/rnn.cpp:28->lstm_hls/rnn.cpp:132) to 'generic_tanh<float>' [21]  (7.297 ns)

 <State 74>: 7.297ns
The critical path consists of the following:
	'call' operation 32 bit ('tmp_4', /wrk/ci/prod/2024.2/hls_product/continuous/495/2024.2/src/shared/hls/clib/hlsmath/src/c/tanhfloat.cpp:8->/tools/Xilinx/Vivado/2024.2/tps/lnx64/gcc-8.3.0/lib/gcc/x86_64-pc-linux-gnu/8.3.0/../../../../include/c++/8.3.0/cmath:502->lstm_hls/rnn.cpp:28->lstm_hls/rnn.cpp:132) to 'generic_tanh<float>' [21]  (7.297 ns)

 <State 75>: 7.297ns
The critical path consists of the following:
	'call' operation 32 bit ('tmp_4', /wrk/ci/prod/2024.2/hls_product/continuous/495/2024.2/src/shared/hls/clib/hlsmath/src/c/tanhfloat.cpp:8->/tools/Xilinx/Vivado/2024.2/tps/lnx64/gcc-8.3.0/lib/gcc/x86_64-pc-linux-gnu/8.3.0/../../../../include/c++/8.3.0/cmath:502->lstm_hls/rnn.cpp:28->lstm_hls/rnn.cpp:132) to 'generic_tanh<float>' [21]  (7.297 ns)

 <State 76>: 7.297ns
The critical path consists of the following:
	'call' operation 32 bit ('tmp_4', /wrk/ci/prod/2024.2/hls_product/continuous/495/2024.2/src/shared/hls/clib/hlsmath/src/c/tanhfloat.cpp:8->/tools/Xilinx/Vivado/2024.2/tps/lnx64/gcc-8.3.0/lib/gcc/x86_64-pc-linux-gnu/8.3.0/../../../../include/c++/8.3.0/cmath:502->lstm_hls/rnn.cpp:28->lstm_hls/rnn.cpp:132) to 'generic_tanh<float>' [21]  (7.297 ns)

 <State 77>: 6.178ns
The critical path consists of the following:
	'call' operation 32 bit ('tmp_4', /wrk/ci/prod/2024.2/hls_product/continuous/495/2024.2/src/shared/hls/clib/hlsmath/src/c/tanhfloat.cpp:8->/tools/Xilinx/Vivado/2024.2/tps/lnx64/gcc-8.3.0/lib/gcc/x86_64-pc-linux-gnu/8.3.0/../../../../include/c++/8.3.0/cmath:502->lstm_hls/rnn.cpp:28->lstm_hls/rnn.cpp:132) to 'generic_tanh<float>' [21]  (2.924 ns)
	'store' operation 0 bit ('store_ln28', lstm_hls/rnn.cpp:28->lstm_hls/rnn.cpp:132) of variable 'tmp_4', /wrk/ci/prod/2024.2/hls_product/continuous/495/2024.2/src/shared/hls/clib/hlsmath/src/c/tanhfloat.cpp:8->/tools/Xilinx/Vivado/2024.2/tps/lnx64/gcc-8.3.0/lib/gcc/x86_64-pc-linux-gnu/8.3.0/../../../../include/c++/8.3.0/cmath:502->lstm_hls/rnn.cpp:28->lstm_hls/rnn.cpp:132 on array 'vec_tmp' [23]  (3.254 ns)


============================================================
+ Verbose Summary: Binding
============================================================
N/A
* FSMD analyzer results:
  - Output states:
 - Input state : 
  - Chain level:
	State 1
	State 2
	State 3
	State 4
	State 5
	State 6
	State 7
	State 8
	State 9
	State 10
	State 11
	State 12
	State 13
	State 14
	State 15
	State 16
	State 17
	State 18
	State 19
	State 20
	State 21
	State 22
	State 23
	State 24
	State 25
	State 26
	State 27
	State 28
	State 29
	State 30
	State 31
	State 32
	State 33
	State 34
	State 35
	State 36
	State 37
	State 38
	State 39
	State 40
	State 41
	State 42
	State 43
	State 44
	State 45
	State 46
	State 47
	State 48
	State 49
	State 50
	State 51
	State 52
	State 53
	State 54
	State 55
	State 56
	State 57
	State 58
	State 59
	State 60
	State 61
	State 62
	State 63
	State 64
	State 65
	State 66
	State 67
	State 68
	State 69
	State 70
	State 71
	State 72
	State 73
	State 74
	State 75
	State 76
	State 77


============================================================
+ Verbose Summary: Datapath Resource usage 
============================================================
N/A
