

================================================================
== Vitis HLS Report for 'infer_Pipeline_18'
================================================================
* Date:           Thu May 22 16:58:30 2025

* Version:        2024.2 (Build 5238294 on Nov  8 2024)
* Project:        lstm_hls
* Solution:       solution1 (Vivado IP Flow Target)
* Product family: zynq
* Target device:  xc7z020-clg400-1


================================================================
== Performance Estimates
================================================================
+ Timing: 
    * Summary: 
    +--------+----------+----------+------------+
    |  Clock |  Target  | Estimated| Uncertainty|
    +--------+----------+----------+------------+
    |ap_clk  |  10.00 ns|  6.757 ns|     2.70 ns|
    +--------+----------+----------+------------+

+ Latency: 
    * Summary: 
    +---------+---------+----------+----------+-----+-----+------------------------------------------------+
    |  Latency (cycles) |  Latency (absolute) |  Interval |                    Pipeline                    |
    |   min   |   max   |    min   |    max   | min | max |                      Type                      |
    +---------+---------+----------+----------+-----+-----+------------------------------------------------+
    |      130|      130|  1.300 us|  1.300 us|  129|  129|  loop auto-rewind stp (delay=0 clock cycles(s))|
    +---------+---------+----------+----------+-----+-----+------------------------------------------------+

    + Detail: 
        * Instance: 
        N/A

        * Loop: 
        +----------+---------+---------+----------+-----------+-----------+------+----------+
        |          |  Latency (cycles) | Iteration|  Initiation Interval  | Trip |          |
        | Loop Name|   min   |   max   |  Latency |  achieved |   target  | Count| Pipelined|
        +----------+---------+---------+----------+-----------+-----------+------+----------+
        |- Loop 1  |      128|      128|         1|          1|          1|   128|       yes|
        +----------+---------+---------+----------+-----------+-----------+------+----------+

============================================================
+ Verbose Summary: Synthesis Manager
============================================================
InlineROM: 1
ExposeGlobal: 0
============================================================
+ Verbose Summary: CDFG Model
============================================================
IsTopModel: 0
ResetActiveHigh: 1
IsCombinational: 0
IsDatapathOnly: 0
HasWiredReturn: 1
HasMFsm: 2
HasVarLatency: 1
IsPipeline: 0
IsRtlPipelined: 0
IsInstanceOverlapped: 0
IsDontTouch: 0
HasImplIP: 0
IsGatedGlobalClock: 0

+ Individual pipeline summary: 
  * Pipeline-0: initiation interval (II) = 1, depth = 1


============================================================
+ Verbose Summary: Schedule
============================================================
* Number of FSM states : 1
* Pipeline : 1
  Pipeline-0 : II = 1, D = 1, States = { 1 }
* Dataflow Pipeline: 0

* FSM state transitions: 
1 --> 

* FSM state operations: 

State 1 <SV = 0> <Delay = 6.75>
ST_1 : Operation 4 [1/1] (0.00ns)   --->   "%idx245 = alloca i32 1"   --->   Operation 4 'alloca' 'idx245' <Predicate = true> <Delay = 0.00>
ST_1 : Operation 5 [1/1] (1.58ns)   --->   "%store_ln0 = store i8 0, i8 %idx245"   --->   Operation 5 'store' 'store_ln0' <Predicate = true> <Delay = 1.58>
ST_1 : Operation 6 [1/1] (0.00ns)   --->   "%br_ln0 = br void %for.inc.i.i117"   --->   Operation 6 'br' 'br_ln0' <Predicate = true> <Delay = 0.00>
ST_1 : Operation 7 [1/1] (0.00ns)   --->   "%idx245_load = load i8 %idx245" [/tools/Xilinx/Vivado/2024.2/tps/lnx64/gcc-8.3.0/lib/gcc/x86_64-pc-linux-gnu/8.3.0/../../../../include/c++/8.3.0/bits/stl_algobase.h:752->/tools/Xilinx/Vivado/2024.2/tps/lnx64/gcc-8.3.0/lib/gcc/x86_64-pc-linux-gnu/8.3.0/../../../../include/c++/8.3.0/bits/stl_algobase.h:789->lstm_hls/rnn.cpp:110]   --->   Operation 7 'load' 'idx245_load' <Predicate = true> <Delay = 0.00>
ST_1 : Operation 8 [1/1] (1.91ns)   --->   "%icmp_ln753 = icmp_eq  i8 %idx245_load, i8 128" [/tools/Xilinx/Vivado/2024.2/tps/lnx64/gcc-8.3.0/lib/gcc/x86_64-pc-linux-gnu/8.3.0/../../../../include/c++/8.3.0/bits/stl_algobase.h:753->/tools/Xilinx/Vivado/2024.2/tps/lnx64/gcc-8.3.0/lib/gcc/x86_64-pc-linux-gnu/8.3.0/../../../../include/c++/8.3.0/bits/stl_algobase.h:789->lstm_hls/rnn.cpp:110]   --->   Operation 8 'icmp' 'icmp_ln753' <Predicate = true> <Delay = 1.91> <CoreInst = "Cmp">   --->   Core 9 'Cmp' <Latency = 0> <II = 1> <Delay = 1.91> <FuncUnit> <Opcode : 'seteq' 'setne' 'setle' 'setge' 'setlt' 'setgt'> <InPorts = 2> <OutPorts = 1>
ST_1 : Operation 9 [1/1] (0.00ns)   --->   "%speclooptripcount_ln0 = speclooptripcount void @_ssdm_op_SpecLoopTripCount, i64 128, i64 128, i64 128"   --->   Operation 9 'speclooptripcount' 'speclooptripcount_ln0' <Predicate = true> <Delay = 0.00>
ST_1 : Operation 10 [1/1] (1.91ns)   --->   "%add_ln752 = add i8 %idx245_load, i8 1" [/tools/Xilinx/Vivado/2024.2/tps/lnx64/gcc-8.3.0/lib/gcc/x86_64-pc-linux-gnu/8.3.0/../../../../include/c++/8.3.0/bits/stl_algobase.h:752->/tools/Xilinx/Vivado/2024.2/tps/lnx64/gcc-8.3.0/lib/gcc/x86_64-pc-linux-gnu/8.3.0/../../../../include/c++/8.3.0/bits/stl_algobase.h:789->lstm_hls/rnn.cpp:110]   --->   Operation 10 'add' 'add_ln752' <Predicate = true> <Delay = 1.91> <CoreInst = "Adder">   --->   Core 1 'Adder' <Latency = 0> <II = 1> <Delay = 1.91> <FuncUnit> <Opcode : 'add' 'sub'> <InPorts = 2> <OutPorts = 1>
ST_1 : Operation 11 [1/1] (0.00ns)   --->   "%br_ln752 = br i1 %icmp_ln753, void %for.inc.i.i117.split, void %for.inc102.preheader.exitStub" [/tools/Xilinx/Vivado/2024.2/tps/lnx64/gcc-8.3.0/lib/gcc/x86_64-pc-linux-gnu/8.3.0/../../../../include/c++/8.3.0/bits/stl_algobase.h:752->/tools/Xilinx/Vivado/2024.2/tps/lnx64/gcc-8.3.0/lib/gcc/x86_64-pc-linux-gnu/8.3.0/../../../../include/c++/8.3.0/bits/stl_algobase.h:789->lstm_hls/rnn.cpp:110]   --->   Operation 11 'br' 'br_ln752' <Predicate = true> <Delay = 0.00>
ST_1 : Operation 12 [1/1] (0.00ns)   --->   "%zext_ln753 = zext i8 %idx245_load" [/tools/Xilinx/Vivado/2024.2/tps/lnx64/gcc-8.3.0/lib/gcc/x86_64-pc-linux-gnu/8.3.0/../../../../include/c++/8.3.0/bits/stl_algobase.h:753->/tools/Xilinx/Vivado/2024.2/tps/lnx64/gcc-8.3.0/lib/gcc/x86_64-pc-linux-gnu/8.3.0/../../../../include/c++/8.3.0/bits/stl_algobase.h:789->lstm_hls/rnn.cpp:110]   --->   Operation 12 'zext' 'zext_ln753' <Predicate = (!icmp_ln753)> <Delay = 0.00>
ST_1 : Operation 13 [1/1] (0.00ns)   --->   "%specpipeline_ln752 = specpipeline void @_ssdm_op_SpecPipeline, i32 4294967295, i32 0, i32 0, i32 0, void @empty_0" [/tools/Xilinx/Vivado/2024.2/tps/lnx64/gcc-8.3.0/lib/gcc/x86_64-pc-linux-gnu/8.3.0/../../../../include/c++/8.3.0/bits/stl_algobase.h:752->/tools/Xilinx/Vivado/2024.2/tps/lnx64/gcc-8.3.0/lib/gcc/x86_64-pc-linux-gnu/8.3.0/../../../../include/c++/8.3.0/bits/stl_algobase.h:789->lstm_hls/rnn.cpp:110]   --->   Operation 13 'specpipeline' 'specpipeline_ln752' <Predicate = (!icmp_ln753)> <Delay = 0.00>
ST_1 : Operation 14 [1/1] (0.00ns)   --->   "%vec_tmp_addr = getelementptr i32 %vec_tmp, i64 0, i64 %zext_ln753" [/tools/Xilinx/Vivado/2024.2/tps/lnx64/gcc-8.3.0/lib/gcc/x86_64-pc-linux-gnu/8.3.0/../../../../include/c++/8.3.0/bits/stl_algobase.h:752->/tools/Xilinx/Vivado/2024.2/tps/lnx64/gcc-8.3.0/lib/gcc/x86_64-pc-linux-gnu/8.3.0/../../../../include/c++/8.3.0/bits/stl_algobase.h:789->lstm_hls/rnn.cpp:110]   --->   Operation 14 'getelementptr' 'vec_tmp_addr' <Predicate = (!icmp_ln753)> <Delay = 0.00>
ST_1 : Operation 15 [1/1] ( I:3.25ns O:3.25ns )   --->   "%store_ln754 = store i32 0, i7 %vec_tmp_addr" [/tools/Xilinx/Vivado/2024.2/tps/lnx64/gcc-8.3.0/lib/gcc/x86_64-pc-linux-gnu/8.3.0/../../../../include/c++/8.3.0/bits/stl_algobase.h:754->/tools/Xilinx/Vivado/2024.2/tps/lnx64/gcc-8.3.0/lib/gcc/x86_64-pc-linux-gnu/8.3.0/../../../../include/c++/8.3.0/bits/stl_algobase.h:789->lstm_hls/rnn.cpp:110]   --->   Operation 15 'store' 'store_ln754' <Predicate = (!icmp_ln753)> <Delay = 3.25> <CoreInst = "RAM">   --->   Core 81 'RAM' <Latency = 1> <II = 1> <Delay = 3.25> <Storage> <Opcode : 'load' 'store'> <Ports = 2> <Width = 32> <Depth = 128> <RAM>
ST_1 : Operation 16 [1/1] (1.58ns)   --->   "%store_ln752 = store i8 %add_ln752, i8 %idx245" [/tools/Xilinx/Vivado/2024.2/tps/lnx64/gcc-8.3.0/lib/gcc/x86_64-pc-linux-gnu/8.3.0/../../../../include/c++/8.3.0/bits/stl_algobase.h:752->/tools/Xilinx/Vivado/2024.2/tps/lnx64/gcc-8.3.0/lib/gcc/x86_64-pc-linux-gnu/8.3.0/../../../../include/c++/8.3.0/bits/stl_algobase.h:789->lstm_hls/rnn.cpp:110]   --->   Operation 16 'store' 'store_ln752' <Predicate = (!icmp_ln753)> <Delay = 1.58>
ST_1 : Operation 17 [1/1] (0.00ns)   --->   "%br_ln752 = br void %for.inc.i.i117" [/tools/Xilinx/Vivado/2024.2/tps/lnx64/gcc-8.3.0/lib/gcc/x86_64-pc-linux-gnu/8.3.0/../../../../include/c++/8.3.0/bits/stl_algobase.h:752->/tools/Xilinx/Vivado/2024.2/tps/lnx64/gcc-8.3.0/lib/gcc/x86_64-pc-linux-gnu/8.3.0/../../../../include/c++/8.3.0/bits/stl_algobase.h:789->lstm_hls/rnn.cpp:110]   --->   Operation 17 'br' 'br_ln752' <Predicate = (!icmp_ln753)> <Delay = 0.00>
ST_1 : Operation 18 [1/1] (1.58ns)   --->   "%ret_ln0 = ret"   --->   Operation 18 'ret' 'ret_ln0' <Predicate = (icmp_ln753)> <Delay = 1.58>


============================================================
+ Verbose Summary: Timing violations
============================================================
Target clock period: 10.000ns, clock uncertainty: 2.700ns.

 <State 1>: 6.757ns
The critical path consists of the following:
	'store' operation 0 bit ('store_ln0') of constant 0 on local variable 'idx245' [3]  (1.588 ns)
	'load' operation 8 bit ('idx245_load', /tools/Xilinx/Vivado/2024.2/tps/lnx64/gcc-8.3.0/lib/gcc/x86_64-pc-linux-gnu/8.3.0/../../../../include/c++/8.3.0/bits/stl_algobase.h:752->/tools/Xilinx/Vivado/2024.2/tps/lnx64/gcc-8.3.0/lib/gcc/x86_64-pc-linux-gnu/8.3.0/../../../../include/c++/8.3.0/bits/stl_algobase.h:789->lstm_hls/rnn.cpp:110) on local variable 'idx245' [6]  (0.000 ns)
	'icmp' operation 1 bit ('icmp_ln753', /tools/Xilinx/Vivado/2024.2/tps/lnx64/gcc-8.3.0/lib/gcc/x86_64-pc-linux-gnu/8.3.0/../../../../include/c++/8.3.0/bits/stl_algobase.h:753->/tools/Xilinx/Vivado/2024.2/tps/lnx64/gcc-8.3.0/lib/gcc/x86_64-pc-linux-gnu/8.3.0/../../../../include/c++/8.3.0/bits/stl_algobase.h:789->lstm_hls/rnn.cpp:110) [7]  (1.915 ns)
	'store' operation 0 bit ('store_ln754', /tools/Xilinx/Vivado/2024.2/tps/lnx64/gcc-8.3.0/lib/gcc/x86_64-pc-linux-gnu/8.3.0/../../../../include/c++/8.3.0/bits/stl_algobase.h:754->/tools/Xilinx/Vivado/2024.2/tps/lnx64/gcc-8.3.0/lib/gcc/x86_64-pc-linux-gnu/8.3.0/../../../../include/c++/8.3.0/bits/stl_algobase.h:789->lstm_hls/rnn.cpp:110) of constant 0 on array 'vec_tmp' [15]  (3.254 ns)


============================================================
+ Verbose Summary: Binding
============================================================
N/A
* FSMD analyzer results:
  - Output states:
 - Input state : 
  - Chain level:
	State 1


============================================================
+ Verbose Summary: Datapath Resource usage 
============================================================
N/A
