

================================================================
== Vitis HLS Report for 'infer_Pipeline_VITIS_LOOP_41_1'
================================================================
* Date:           Thu May 22 16:58:31 2025

* Version:        2024.2 (Build 5238294 on Nov  8 2024)
* Project:        lstm_hls
* Solution:       solution1 (Vivado IP Flow Target)
* Product family: zynq
* Target device:  xc7z020-clg400-1


================================================================
== Performance Estimates
================================================================
+ Timing: 
    * Summary: 
    +--------+----------+----------+------------+
    |  Clock |  Target  | Estimated| Uncertainty|
    +--------+----------+----------+------------+
    |ap_clk  |  10.00 ns|  5.702 ns|     2.70 ns|
    +--------+----------+----------+------------+

+ Latency: 
    * Summary: 
    +---------+---------+----------+----------+-----+-----+------------------------------------------------+
    |  Latency (cycles) |  Latency (absolute) |  Interval |                    Pipeline                    |
    |   min   |   max   |    min   |    max   | min | max |                      Type                      |
    +---------+---------+----------+----------+-----+-----+------------------------------------------------+
    |      135|      135|  1.350 us|  1.350 us|  129|  129|  loop auto-rewind stp (delay=0 clock cycles(s))|
    +---------+---------+----------+----------+-----+-----+------------------------------------------------+

    + Detail: 
        * Instance: 
        N/A

        * Loop: 
        +-------------------+---------+---------+----------+-----------+-----------+------+----------+
        |                   |  Latency (cycles) | Iteration|  Initiation Interval  | Trip |          |
        |     Loop Name     |   min   |   max   |  Latency |  achieved |   target  | Count| Pipelined|
        +-------------------+---------+---------+----------+-----------+-----------+------+----------+
        |- VITIS_LOOP_41_1  |      133|      133|         7|          1|          1|   128|       yes|
        +-------------------+---------+---------+----------+-----------+-----------+------+----------+

============================================================
+ Verbose Summary: Synthesis Manager
============================================================
InlineROM: 1
ExposeGlobal: 0
============================================================
+ Verbose Summary: CDFG Model
============================================================
IsTopModel: 0
ResetActiveHigh: 1
IsCombinational: 0
IsDatapathOnly: 0
HasWiredReturn: 1
HasMFsm: 2
HasVarLatency: 1
IsPipeline: 0
IsRtlPipelined: 0
IsInstanceOverlapped: 0
IsDontTouch: 0
HasImplIP: 0
IsGatedGlobalClock: 0

+ Individual pipeline summary: 
  * Pipeline-0: initiation interval (II) = 1, depth = 7


============================================================
+ Verbose Summary: Schedule
============================================================
* Number of FSM states : 7
* Pipeline : 1
  Pipeline-0 : II = 1, D = 7, States = { 1 2 3 4 5 6 7 }
* Dataflow Pipeline: 0

* FSM state transitions: 
1 --> 2 
2 --> 3 
3 --> 4 
4 --> 5 
5 --> 6 
6 --> 7 
7 --> 

* FSM state operations: 

State 1 <SV = 0> <Delay = 5.09>
ST_1 : Operation 10 [1/1] (0.00ns)   --->   "%i = alloca i32 1" [lstm_hls/rnn.cpp:41->lstm_hls/rnn.cpp:124]   --->   Operation 10 'alloca' 'i' <Predicate = true> <Delay = 0.00>
ST_1 : Operation 11 [1/1] (1.58ns)   --->   "%store_ln41 = store i8 0, i8 %i" [lstm_hls/rnn.cpp:41->lstm_hls/rnn.cpp:124]   --->   Operation 11 'store' 'store_ln41' <Predicate = true> <Delay = 1.58>
ST_1 : Operation 12 [1/1] (0.00ns)   --->   "%br_ln0 = br void %for.inc.i163"   --->   Operation 12 'br' 'br_ln0' <Predicate = true> <Delay = 0.00>
ST_1 : Operation 13 [1/1] (0.00ns)   --->   "%i_3 = load i8 %i" [lstm_hls/rnn.cpp:41->lstm_hls/rnn.cpp:124]   --->   Operation 13 'load' 'i_3' <Predicate = true> <Delay = 0.00>
ST_1 : Operation 14 [1/1] (1.91ns)   --->   "%icmp_ln41 = icmp_eq  i8 %i_3, i8 128" [lstm_hls/rnn.cpp:41->lstm_hls/rnn.cpp:124]   --->   Operation 14 'icmp' 'icmp_ln41' <Predicate = true> <Delay = 1.91> <CoreInst = "Cmp">   --->   Core 9 'Cmp' <Latency = 0> <II = 1> <Delay = 1.91> <FuncUnit> <Opcode : 'seteq' 'setne' 'setle' 'setge' 'setlt' 'setgt'> <InPorts = 2> <OutPorts = 1>
ST_1 : Operation 15 [1/1] (1.91ns)   --->   "%add_ln41 = add i8 %i_3, i8 1" [lstm_hls/rnn.cpp:41->lstm_hls/rnn.cpp:124]   --->   Operation 15 'add' 'add_ln41' <Predicate = true> <Delay = 1.91> <CoreInst = "Adder">   --->   Core 1 'Adder' <Latency = 0> <II = 1> <Delay = 1.91> <FuncUnit> <Opcode : 'add' 'sub'> <InPorts = 2> <OutPorts = 1>
ST_1 : Operation 16 [1/1] (0.00ns)   --->   "%br_ln41 = br i1 %icmp_ln41, void %for.inc.i163.split, void %for.inc.i171.preheader.exitStub" [lstm_hls/rnn.cpp:41->lstm_hls/rnn.cpp:124]   --->   Operation 16 'br' 'br_ln41' <Predicate = true> <Delay = 0.00>
ST_1 : Operation 17 [1/1] (0.00ns)   --->   "%zext_ln41 = zext i8 %i_3" [lstm_hls/rnn.cpp:41->lstm_hls/rnn.cpp:124]   --->   Operation 17 'zext' 'zext_ln41' <Predicate = (!icmp_ln41)> <Delay = 0.00>
ST_1 : Operation 18 [1/1] (0.00ns)   --->   "%gate_f_addr = getelementptr i32 %gate_f, i64 0, i64 %zext_ln41" [lstm_hls/rnn.cpp:42->lstm_hls/rnn.cpp:124]   --->   Operation 18 'getelementptr' 'gate_f_addr' <Predicate = (!icmp_ln41)> <Delay = 0.00>
ST_1 : Operation 19 [2/2] (3.25ns)   --->   "%gate_f_load = load i7 %gate_f_addr" [lstm_hls/rnn.cpp:42->lstm_hls/rnn.cpp:124]   --->   Operation 19 'load' 'gate_f_load' <Predicate = (!icmp_ln41)> <Delay = 3.25> <CoreInst = "RAM">   --->   Core 81 'RAM' <Latency = 1> <II = 1> <Delay = 3.25> <Storage> <Opcode : 'load' 'store'> <Ports = 2> <Width = 32> <Depth = 128> <RAM>
ST_1 : Operation 20 [1/1] (0.00ns)   --->   "%C_t_addr = getelementptr i32 %C_t, i64 0, i64 %zext_ln41" [lstm_hls/rnn.cpp:42->lstm_hls/rnn.cpp:124]   --->   Operation 20 'getelementptr' 'C_t_addr' <Predicate = (!icmp_ln41)> <Delay = 0.00>
ST_1 : Operation 21 [2/2] (3.25ns)   --->   "%C_t_load = load i7 %C_t_addr" [lstm_hls/rnn.cpp:42->lstm_hls/rnn.cpp:124]   --->   Operation 21 'load' 'C_t_load' <Predicate = (!icmp_ln41)> <Delay = 3.25> <CoreInst = "RAM">   --->   Core 81 'RAM' <Latency = 1> <II = 1> <Delay = 3.25> <Storage> <Opcode : 'load' 'store'> <Ports = 2> <Width = 32> <Depth = 128> <RAM>
ST_1 : Operation 22 [1/1] (1.58ns)   --->   "%store_ln41 = store i8 %add_ln41, i8 %i" [lstm_hls/rnn.cpp:41->lstm_hls/rnn.cpp:124]   --->   Operation 22 'store' 'store_ln41' <Predicate = (!icmp_ln41)> <Delay = 1.58>

State 2 <SV = 1> <Delay = 3.25>
ST_2 : Operation 23 [1/2] ( I:3.25ns O:3.25ns )   --->   "%gate_f_load = load i7 %gate_f_addr" [lstm_hls/rnn.cpp:42->lstm_hls/rnn.cpp:124]   --->   Operation 23 'load' 'gate_f_load' <Predicate = true> <Delay = 3.25> <CoreInst = "RAM">   --->   Core 81 'RAM' <Latency = 1> <II = 1> <Delay = 3.25> <Storage> <Opcode : 'load' 'store'> <Ports = 2> <Width = 32> <Depth = 128> <RAM>
ST_2 : Operation 24 [1/2] ( I:3.25ns O:3.25ns )   --->   "%C_t_load = load i7 %C_t_addr" [lstm_hls/rnn.cpp:42->lstm_hls/rnn.cpp:124]   --->   Operation 24 'load' 'C_t_load' <Predicate = true> <Delay = 3.25> <CoreInst = "RAM">   --->   Core 81 'RAM' <Latency = 1> <II = 1> <Delay = 3.25> <Storage> <Opcode : 'load' 'store'> <Ports = 2> <Width = 32> <Depth = 128> <RAM>

State 3 <SV = 2> <Delay = 5.70>
ST_3 : Operation 25 [4/4] (5.70ns)   --->   "%mul_i = fmul i32 %gate_f_load, i32 %C_t_load" [lstm_hls/rnn.cpp:42->lstm_hls/rnn.cpp:124]   --->   Operation 25 'fmul' 'mul_i' <Predicate = true> <Delay = 5.70> <CoreInst = "FMul_maxdsp">   --->   Core 30 'FMul_maxdsp' <Latency = 3> <II = 1> <Delay = 5.70> <FuncUnit> <Opcode : 'fmul'> <InPorts = 2> <OutPorts = 1>

State 4 <SV = 3> <Delay = 5.70>
ST_4 : Operation 26 [3/4] (5.70ns)   --->   "%mul_i = fmul i32 %gate_f_load, i32 %C_t_load" [lstm_hls/rnn.cpp:42->lstm_hls/rnn.cpp:124]   --->   Operation 26 'fmul' 'mul_i' <Predicate = true> <Delay = 5.70> <CoreInst = "FMul_maxdsp">   --->   Core 30 'FMul_maxdsp' <Latency = 3> <II = 1> <Delay = 5.70> <FuncUnit> <Opcode : 'fmul'> <InPorts = 2> <OutPorts = 1>

State 5 <SV = 4> <Delay = 5.70>
ST_5 : Operation 27 [2/4] (5.70ns)   --->   "%mul_i = fmul i32 %gate_f_load, i32 %C_t_load" [lstm_hls/rnn.cpp:42->lstm_hls/rnn.cpp:124]   --->   Operation 27 'fmul' 'mul_i' <Predicate = true> <Delay = 5.70> <CoreInst = "FMul_maxdsp">   --->   Core 30 'FMul_maxdsp' <Latency = 3> <II = 1> <Delay = 5.70> <FuncUnit> <Opcode : 'fmul'> <InPorts = 2> <OutPorts = 1>

State 6 <SV = 5> <Delay = 5.70>
ST_6 : Operation 28 [1/4] (5.70ns)   --->   "%mul_i = fmul i32 %gate_f_load, i32 %C_t_load" [lstm_hls/rnn.cpp:42->lstm_hls/rnn.cpp:124]   --->   Operation 28 'fmul' 'mul_i' <Predicate = true> <Delay = 5.70> <CoreInst = "FMul_maxdsp">   --->   Core 30 'FMul_maxdsp' <Latency = 3> <II = 1> <Delay = 5.70> <FuncUnit> <Opcode : 'fmul'> <InPorts = 2> <OutPorts = 1>
ST_6 : Operation 35 [1/1] (1.58ns)   --->   "%ret_ln0 = ret"   --->   Operation 35 'ret' 'ret_ln0' <Predicate = (icmp_ln41)> <Delay = 1.58>

State 7 <SV = 6> <Delay = 3.25>
ST_7 : Operation 29 [1/1] (0.00ns)   --->   "%specpipeline_ln41 = specpipeline void @_ssdm_op_SpecPipeline, i32 4294967295, i32 0, i32 0, i32 0, void @empty_0" [lstm_hls/rnn.cpp:41->lstm_hls/rnn.cpp:124]   --->   Operation 29 'specpipeline' 'specpipeline_ln41' <Predicate = true> <Delay = 0.00>
ST_7 : Operation 30 [1/1] (0.00ns)   --->   "%speclooptripcount_ln41 = speclooptripcount void @_ssdm_op_SpecLoopTripCount, i64 128, i64 128, i64 128" [lstm_hls/rnn.cpp:41->lstm_hls/rnn.cpp:124]   --->   Operation 30 'speclooptripcount' 'speclooptripcount_ln41' <Predicate = true> <Delay = 0.00>
ST_7 : Operation 31 [1/1] (0.00ns)   --->   "%specloopname_ln41 = specloopname void @_ssdm_op_SpecLoopName, void @empty_10" [lstm_hls/rnn.cpp:41->lstm_hls/rnn.cpp:124]   --->   Operation 31 'specloopname' 'specloopname_ln41' <Predicate = true> <Delay = 0.00>
ST_7 : Operation 32 [1/1] (0.00ns)   --->   "%stat_C_addr = getelementptr i32 %stat_C, i64 0, i64 %zext_ln41" [lstm_hls/rnn.cpp:42->lstm_hls/rnn.cpp:124]   --->   Operation 32 'getelementptr' 'stat_C_addr' <Predicate = true> <Delay = 0.00>
ST_7 : Operation 33 [1/1] ( I:3.25ns O:3.25ns )   --->   "%store_ln42 = store i32 %mul_i, i7 %stat_C_addr" [lstm_hls/rnn.cpp:42->lstm_hls/rnn.cpp:124]   --->   Operation 33 'store' 'store_ln42' <Predicate = true> <Delay = 3.25> <CoreInst = "RAM">   --->   Core 81 'RAM' <Latency = 1> <II = 1> <Delay = 3.25> <Storage> <Opcode : 'load' 'store'> <Ports = 2> <Width = 32> <Depth = 128> <RAM>
ST_7 : Operation 34 [1/1] (0.00ns)   --->   "%br_ln41 = br void %for.inc.i163" [lstm_hls/rnn.cpp:41->lstm_hls/rnn.cpp:124]   --->   Operation 34 'br' 'br_ln41' <Predicate = true> <Delay = 0.00>


============================================================
+ Verbose Summary: Timing violations
============================================================
Target clock period: 10.000ns, clock uncertainty: 2.700ns.

 <State 1>: 5.091ns
The critical path consists of the following:
	'store' operation 0 bit ('store_ln41', lstm_hls/rnn.cpp:41->lstm_hls/rnn.cpp:124) of constant 0 on local variable 'i', lstm_hls/rnn.cpp:41->lstm_hls/rnn.cpp:124 [5]  (1.588 ns)
	'load' operation 8 bit ('i', lstm_hls/rnn.cpp:41->lstm_hls/rnn.cpp:124) on local variable 'i', lstm_hls/rnn.cpp:41->lstm_hls/rnn.cpp:124 [8]  (0.000 ns)
	'icmp' operation 1 bit ('icmp_ln41', lstm_hls/rnn.cpp:41->lstm_hls/rnn.cpp:124) [9]  (1.915 ns)
	'store' operation 0 bit ('store_ln41', lstm_hls/rnn.cpp:41->lstm_hls/rnn.cpp:124) of variable 'add_ln41', lstm_hls/rnn.cpp:41->lstm_hls/rnn.cpp:124 on local variable 'i', lstm_hls/rnn.cpp:41->lstm_hls/rnn.cpp:124 [24]  (1.588 ns)

 <State 2>: 3.254ns
The critical path consists of the following:
	'load' operation 32 bit ('gate_f_load', lstm_hls/rnn.cpp:42->lstm_hls/rnn.cpp:124) on array 'gate_f' [18]  (3.254 ns)

 <State 3>: 5.702ns
The critical path consists of the following:
	'fmul' operation 32 bit ('mul_i', lstm_hls/rnn.cpp:42->lstm_hls/rnn.cpp:124) [21]  (5.702 ns)

 <State 4>: 5.702ns
The critical path consists of the following:
	'fmul' operation 32 bit ('mul_i', lstm_hls/rnn.cpp:42->lstm_hls/rnn.cpp:124) [21]  (5.702 ns)

 <State 5>: 5.702ns
The critical path consists of the following:
	'fmul' operation 32 bit ('mul_i', lstm_hls/rnn.cpp:42->lstm_hls/rnn.cpp:124) [21]  (5.702 ns)

 <State 6>: 5.702ns
The critical path consists of the following:
	'fmul' operation 32 bit ('mul_i', lstm_hls/rnn.cpp:42->lstm_hls/rnn.cpp:124) [21]  (5.702 ns)

 <State 7>: 3.254ns
The critical path consists of the following:
	'getelementptr' operation 7 bit ('stat_C_addr', lstm_hls/rnn.cpp:42->lstm_hls/rnn.cpp:124) [22]  (0.000 ns)
	'store' operation 0 bit ('store_ln42', lstm_hls/rnn.cpp:42->lstm_hls/rnn.cpp:124) of variable 'mul_i', lstm_hls/rnn.cpp:42->lstm_hls/rnn.cpp:124 on array 'stat_C' [23]  (3.254 ns)


============================================================
+ Verbose Summary: Binding
============================================================
N/A
* FSMD analyzer results:
  - Output states:
 - Input state : 
  - Chain level:
	State 1
	State 2
	State 3
	State 4
	State 5
	State 6
	State 7


============================================================
+ Verbose Summary: Datapath Resource usage 
============================================================
N/A
