

================================================================
== Vitis HLS Report for 'infer_Pipeline_VITIS_LOOP_91_3'
================================================================
* Date:           Thu May 22 16:58:30 2025

* Version:        2024.2 (Build 5238294 on Nov  8 2024)
* Project:        lstm_hls
* Solution:       solution1 (Vivado IP Flow Target)
* Product family: zynq
* Target device:  xc7z020-clg400-1


================================================================
== Performance Estimates
================================================================
+ Timing: 
    * Summary: 
    +--------+----------+----------+------------+
    |  Clock |  Target  | Estimated| Uncertainty|
    +--------+----------+----------+------------+
    |ap_clk  |  10.00 ns|  6.508 ns|     2.70 ns|
    +--------+----------+----------+------------+

+ Latency: 
    * Summary: 
    +---------+---------+----------+----------+-----+-----+------------------------------------------------+
    |  Latency (cycles) |  Latency (absolute) |  Interval |                    Pipeline                    |
    |   min   |   max   |    min   |    max   | min | max |                      Type                      |
    +---------+---------+----------+----------+-----+-----+------------------------------------------------+
    |      130|      130|  1.300 us|  1.300 us|  129|  129|  loop auto-rewind stp (delay=0 clock cycles(s))|
    +---------+---------+----------+----------+-----+-----+------------------------------------------------+

    + Detail: 
        * Instance: 
        N/A

        * Loop: 
        +-------------------+---------+---------+----------+-----------+-----------+------+----------+
        |                   |  Latency (cycles) | Iteration|  Initiation Interval  | Trip |          |
        |     Loop Name     |   min   |   max   |  Latency |  achieved |   target  | Count| Pipelined|
        +-------------------+---------+---------+----------+-----------+-----------+------+----------+
        |- VITIS_LOOP_91_3  |      128|      128|         2|          1|          1|   128|       yes|
        +-------------------+---------+---------+----------+-----------+-----------+------+----------+

============================================================
+ Verbose Summary: Synthesis Manager
============================================================
InlineROM: 1
ExposeGlobal: 0
============================================================
+ Verbose Summary: CDFG Model
============================================================
IsTopModel: 0
ResetActiveHigh: 1
IsCombinational: 0
IsDatapathOnly: 0
HasWiredReturn: 1
HasMFsm: 2
HasVarLatency: 1
IsPipeline: 0
IsRtlPipelined: 0
IsInstanceOverlapped: 0
IsDontTouch: 0
HasImplIP: 0
IsGatedGlobalClock: 0

+ Individual pipeline summary: 
  * Pipeline-0: initiation interval (II) = 1, depth = 2


============================================================
+ Verbose Summary: Schedule
============================================================
* Number of FSM states : 2
* Pipeline : 1
  Pipeline-0 : II = 1, D = 2, States = { 1 2 }
* Dataflow Pipeline: 0

* FSM state transitions: 
1 --> 2 
2 --> 

* FSM state operations: 

State 1 <SV = 0> <Delay = 5.09>
ST_1 : Operation 5 [1/1] (0.00ns)   --->   "%j = alloca i32 1" [lstm_hls/rnn.cpp:91]   --->   Operation 5 'alloca' 'j' <Predicate = true> <Delay = 0.00>
ST_1 : Operation 6 [1/1] (1.58ns)   --->   "%store_ln91 = store i8 0, i8 %j" [lstm_hls/rnn.cpp:91]   --->   Operation 6 'store' 'store_ln91' <Predicate = true> <Delay = 1.58>
ST_1 : Operation 7 [1/1] (0.00ns)   --->   "%br_ln0 = br void %for.inc17"   --->   Operation 7 'br' 'br_ln0' <Predicate = true> <Delay = 0.00>
ST_1 : Operation 8 [1/1] (0.00ns)   --->   "%j_1 = load i8 %j" [lstm_hls/rnn.cpp:91]   --->   Operation 8 'load' 'j_1' <Predicate = true> <Delay = 0.00>
ST_1 : Operation 9 [1/1] (1.91ns)   --->   "%icmp_ln91 = icmp_eq  i8 %j_1, i8 128" [lstm_hls/rnn.cpp:91]   --->   Operation 9 'icmp' 'icmp_ln91' <Predicate = true> <Delay = 1.91> <CoreInst = "Cmp">   --->   Core 9 'Cmp' <Latency = 0> <II = 1> <Delay = 1.91> <FuncUnit> <Opcode : 'seteq' 'setne' 'setle' 'setge' 'setlt' 'setgt'> <InPorts = 2> <OutPorts = 1>
ST_1 : Operation 10 [1/1] (1.91ns)   --->   "%add_ln91_1 = add i8 %j_1, i8 1" [lstm_hls/rnn.cpp:91]   --->   Operation 10 'add' 'add_ln91_1' <Predicate = true> <Delay = 1.91> <CoreInst = "Adder">   --->   Core 1 'Adder' <Latency = 0> <II = 1> <Delay = 1.91> <FuncUnit> <Opcode : 'add' 'sub'> <InPorts = 2> <OutPorts = 1>
ST_1 : Operation 11 [1/1] (0.00ns)   --->   "%br_ln91 = br i1 %icmp_ln91, void %for.inc17.split, void %for.inc.i.i.preheader.exitStub" [lstm_hls/rnn.cpp:91]   --->   Operation 11 'br' 'br_ln91' <Predicate = true> <Delay = 0.00>
ST_1 : Operation 12 [1/1] (0.00ns)   --->   "%zext_ln91 = zext i8 %j_1" [lstm_hls/rnn.cpp:91]   --->   Operation 12 'zext' 'zext_ln91' <Predicate = (!icmp_ln91)> <Delay = 0.00>
ST_1 : Operation 13 [1/1] (0.00ns)   --->   "%h_t_addr = getelementptr i32 %h_t, i64 0, i64 %zext_ln91" [lstm_hls/rnn.cpp:91]   --->   Operation 13 'getelementptr' 'h_t_addr' <Predicate = (!icmp_ln91)> <Delay = 0.00>
ST_1 : Operation 14 [2/2] (3.25ns)   --->   "%h_t_load = load i7 %h_t_addr" [lstm_hls/rnn.cpp:91]   --->   Operation 14 'load' 'h_t_load' <Predicate = (!icmp_ln91)> <Delay = 3.25> <CoreInst = "RAM">   --->   Core 81 'RAM' <Latency = 1> <II = 1> <Delay = 3.25> <Storage> <Opcode : 'load' 'store'> <Ports = 2> <Width = 32> <Depth = 128> <RAM>
ST_1 : Operation 15 [1/1] (1.58ns)   --->   "%store_ln91 = store i8 %add_ln91_1, i8 %j" [lstm_hls/rnn.cpp:91]   --->   Operation 15 'store' 'store_ln91' <Predicate = (!icmp_ln91)> <Delay = 1.58>
ST_1 : Operation 25 [1/1] (1.58ns)   --->   "%ret_ln0 = ret"   --->   Operation 25 'ret' 'ret_ln0' <Predicate = (icmp_ln91)> <Delay = 1.58>

State 2 <SV = 1> <Delay = 6.50>
ST_2 : Operation 16 [1/1] (0.00ns)   --->   "%specpipeline_ln91 = specpipeline void @_ssdm_op_SpecPipeline, i32 4294967295, i32 0, i32 0, i32 0, void @empty_0" [lstm_hls/rnn.cpp:91]   --->   Operation 16 'specpipeline' 'specpipeline_ln91' <Predicate = true> <Delay = 0.00>
ST_2 : Operation 17 [1/1] (0.00ns)   --->   "%speclooptripcount_ln91 = speclooptripcount void @_ssdm_op_SpecLoopTripCount, i64 128, i64 128, i64 128" [lstm_hls/rnn.cpp:91]   --->   Operation 17 'speclooptripcount' 'speclooptripcount_ln91' <Predicate = true> <Delay = 0.00>
ST_2 : Operation 18 [1/1] (0.00ns)   --->   "%specloopname_ln91 = specloopname void @_ssdm_op_SpecLoopName, void @empty_5" [lstm_hls/rnn.cpp:91]   --->   Operation 18 'specloopname' 'specloopname_ln91' <Predicate = true> <Delay = 0.00>
ST_2 : Operation 19 [1/2] ( I:3.25ns O:3.25ns )   --->   "%h_t_load = load i7 %h_t_addr" [lstm_hls/rnn.cpp:91]   --->   Operation 19 'load' 'h_t_load' <Predicate = true> <Delay = 3.25> <CoreInst = "RAM">   --->   Core 81 'RAM' <Latency = 1> <II = 1> <Delay = 3.25> <Storage> <Opcode : 'load' 'store'> <Ports = 2> <Width = 32> <Depth = 128> <RAM>
ST_2 : Operation 20 [1/1] (1.91ns)   --->   "%add_ln91 = add i8 %j_1, i8 28" [lstm_hls/rnn.cpp:91]   --->   Operation 20 'add' 'add_ln91' <Predicate = true> <Delay = 1.91> <CoreInst = "Adder">   --->   Core 1 'Adder' <Latency = 0> <II = 1> <Delay = 1.91> <FuncUnit> <Opcode : 'add' 'sub'> <InPorts = 2> <OutPorts = 1>
ST_2 : Operation 21 [1/1] (0.00ns)   --->   "%zext_ln91_1 = zext i8 %add_ln91" [lstm_hls/rnn.cpp:91]   --->   Operation 21 'zext' 'zext_ln91_1' <Predicate = true> <Delay = 0.00>
ST_2 : Operation 22 [1/1] (0.00ns)   --->   "%vec_i_addr = getelementptr i32 %vec_i, i64 0, i64 %zext_ln91_1" [lstm_hls/rnn.cpp:91]   --->   Operation 22 'getelementptr' 'vec_i_addr' <Predicate = true> <Delay = 0.00>
ST_2 : Operation 23 [1/1] ( I:3.25ns O:3.25ns )   --->   "%store_ln91 = store i32 %h_t_load, i8 %vec_i_addr" [lstm_hls/rnn.cpp:91]   --->   Operation 23 'store' 'store_ln91' <Predicate = true> <Delay = 3.25> <CoreInst = "RAM">   --->   Core 81 'RAM' <Latency = 1> <II = 1> <Delay = 3.25> <Storage> <Opcode : 'load' 'store'> <Ports = 2> <Width = 32> <Depth = 156> <RAM>
ST_2 : Operation 24 [1/1] (0.00ns)   --->   "%br_ln91 = br void %for.inc17" [lstm_hls/rnn.cpp:91]   --->   Operation 24 'br' 'br_ln91' <Predicate = true> <Delay = 0.00>


============================================================
+ Verbose Summary: Timing violations
============================================================
Target clock period: 10.000ns, clock uncertainty: 2.700ns.

 <State 1>: 5.091ns
The critical path consists of the following:
	'store' operation 0 bit ('store_ln91', lstm_hls/rnn.cpp:91) of constant 0 on local variable 'j', lstm_hls/rnn.cpp:91 [4]  (1.588 ns)
	'load' operation 8 bit ('j', lstm_hls/rnn.cpp:91) on local variable 'j', lstm_hls/rnn.cpp:91 [7]  (0.000 ns)
	'icmp' operation 1 bit ('icmp_ln91', lstm_hls/rnn.cpp:91) [8]  (1.915 ns)
	'store' operation 0 bit ('store_ln91', lstm_hls/rnn.cpp:91) of variable 'add_ln91_1', lstm_hls/rnn.cpp:91 on local variable 'j', lstm_hls/rnn.cpp:91 [22]  (1.588 ns)

 <State 2>: 6.508ns
The critical path consists of the following:
	'load' operation 32 bit ('h_t_load', lstm_hls/rnn.cpp:91) on array 'h_t' [17]  (3.254 ns)
	'store' operation 0 bit ('store_ln91', lstm_hls/rnn.cpp:91) of variable 'h_t_load', lstm_hls/rnn.cpp:91 on array 'vec_i' [21]  (3.254 ns)


============================================================
+ Verbose Summary: Binding
============================================================
N/A
* FSMD analyzer results:
  - Output states:
 - Input state : 
  - Chain level:
	State 1
	State 2


============================================================
+ Verbose Summary: Datapath Resource usage 
============================================================
N/A
