/home/llb/college/dla/npu_dla/lab3_student/lstm_hls/solution1/.autopilot/db/rnn.pp.0.cpp:49588:5: warning: Added loop label VITIS_LOOP_20_1:   [xilinx-label-all-loops]
    for (int i = 0; i < size; i++)
    ^~~
    VITIS_LOOP_20_1: 
/home/llb/college/dla/npu_dla/lab3_student/lstm_hls/solution1/.autopilot/db/rnn.pp.0.cpp:49588:5: note: FIX-IT applied suggested code changes
/home/llb/college/dla/npu_dla/lab3_student/lstm_hls/solution1/.autopilot/db/rnn.pp.0.cpp:49595:5: warning: Added loop label VITIS_LOOP_27_1:   [xilinx-label-all-loops]
    for (int i = 0; i < size; i++)
    ^~~
    VITIS_LOOP_27_1: 
/home/llb/college/dla/npu_dla/lab3_student/lstm_hls/solution1/.autopilot/db/rnn.pp.0.cpp:49595:5: note: FIX-IT applied suggested code changes
/home/llb/college/dla/npu_dla/lab3_student/lstm_hls/solution1/.autopilot/db/rnn.pp.0.cpp:49602:5: warning: Added loop label VITIS_LOOP_34_1:   [xilinx-label-all-loops]
    for (int i = 0; i < size; i++)
    ^~~
    VITIS_LOOP_34_1: 
/home/llb/college/dla/npu_dla/lab3_student/lstm_hls/solution1/.autopilot/db/rnn.pp.0.cpp:49602:5: note: FIX-IT applied suggested code changes
/home/llb/college/dla/npu_dla/lab3_student/lstm_hls/solution1/.autopilot/db/rnn.pp.0.cpp:49609:5: warning: Added loop label VITIS_LOOP_41_1:   [xilinx-label-all-loops]
    for (int i = 0; i < size; i++)
    ^~~
    VITIS_LOOP_41_1: 
/home/llb/college/dla/npu_dla/lab3_student/lstm_hls/solution1/.autopilot/db/rnn.pp.0.cpp:49609:5: note: FIX-IT applied suggested code changes
/home/llb/college/dla/npu_dla/lab3_student/lstm_hls/solution1/.autopilot/db/rnn.pp.0.cpp:49631:2: warning: Added loop label VITIS_LOOP_63_1:   [xilinx-label-all-loops]
 for (int i = 0; i < 28; i++)
 ^~~
 VITIS_LOOP_63_1: 
/home/llb/college/dla/npu_dla/lab3_student/lstm_hls/solution1/.autopilot/db/rnn.pp.0.cpp:49631:2: note: FIX-IT applied suggested code changes
/home/llb/college/dla/npu_dla/lab3_student/lstm_hls/solution1/.autopilot/db/rnn.pp.0.cpp:49634:3: warning: Added loop label VITIS_LOOP_90_2:   [xilinx-label-all-loops]
  for (int j = 0; j < 28; j++) vec_i[j] = input[i * 28 + j];
  ^~~
  VITIS_LOOP_90_2: 
/home/llb/college/dla/npu_dla/lab3_student/lstm_hls/solution1/.autopilot/db/rnn.pp.0.cpp:49634:3: note: FIX-IT applied suggested code changes
/home/llb/college/dla/npu_dla/lab3_student/lstm_hls/solution1/.autopilot/db/rnn.pp.0.cpp:49635:3: warning: Added loop label VITIS_LOOP_91_3:   [xilinx-label-all-loops]
  for (int j = 0; j < 128; j++) vec_i[28 + j] = h_t[j];
  ^~~
  VITIS_LOOP_91_3: 
/home/llb/college/dla/npu_dla/lab3_student/lstm_hls/solution1/.autopilot/db/rnn.pp.0.cpp:49635:3: note: FIX-IT applied suggested code changes
/home/llb/college/dla/npu_dla/lab3_student/lstm_hls/solution1/.autopilot/db/rnn.pp.0.cpp:49640:42: warning: Added loop label VITIS_LOOP_96_4:   [xilinx-label-all-loops]
        { std::fill_n(gate_f, 128, 0.0); for (int r = 0; r < 128; r++) for (int c = 0; c < 28 + 128; c++) gate_f[r] += Weight0_f[r][c] * vec_i[c]; };
                                         ^~~
                                         VITIS_LOOP_96_4: 
/home/llb/college/dla/npu_dla/lab3_student/lstm_hls/solution1/.autopilot/db/rnn.pp.0.cpp:49640:42: note: FIX-IT applied suggested code changes
/home/llb/college/dla/npu_dla/lab3_student/lstm_hls/solution1/.autopilot/db/rnn.pp.0.cpp:49640:72: warning: Added loop label VITIS_LOOP_96_5:   [xilinx-label-all-loops]
        { std::fill_n(gate_f, 128, 0.0); for (int r = 0; r < 128; r++) for (int c = 0; c < 28 + 128; c++) gate_f[r] += Weight0_f[r][c] * vec_i[c]; };
                                                                       ^~~
                                                                       VITIS_LOOP_96_5: 
/home/llb/college/dla/npu_dla/lab3_student/lstm_hls/solution1/.autopilot/db/rnn.pp.0.cpp:49640:72: note: FIX-IT applied suggested code changes
/home/llb/college/dla/npu_dla/lab3_student/lstm_hls/solution1/.autopilot/db/rnn.pp.0.cpp:49647:42: warning: Added loop label VITIS_LOOP_103_6:   [xilinx-label-all-loops]
        { std::fill_n(gate_i, 128, 0.0); for (int r = 0; r < 128; r++) for (int c = 0; c < 28 + 128; c++) gate_i[r] += Weight0_i[r][c] * vec_i[c]; };
                                         ^~~
                                         VITIS_LOOP_103_6: 
/home/llb/college/dla/npu_dla/lab3_student/lstm_hls/solution1/.autopilot/db/rnn.pp.0.cpp:49647:42: note: FIX-IT applied suggested code changes
/home/llb/college/dla/npu_dla/lab3_student/lstm_hls/solution1/.autopilot/db/rnn.pp.0.cpp:49647:72: warning: Added loop label VITIS_LOOP_103_7:   [xilinx-label-all-loops]
        { std::fill_n(gate_i, 128, 0.0); for (int r = 0; r < 128; r++) for (int c = 0; c < 28 + 128; c++) gate_i[r] += Weight0_i[r][c] * vec_i[c]; };
                                                                       ^~~
                                                                       VITIS_LOOP_103_7: 
/home/llb/college/dla/npu_dla/lab3_student/lstm_hls/solution1/.autopilot/db/rnn.pp.0.cpp:49647:72: note: FIX-IT applied suggested code changes
/home/llb/college/dla/npu_dla/lab3_student/lstm_hls/solution1/.autopilot/db/rnn.pp.0.cpp:49654:43: warning: Added loop label VITIS_LOOP_110_8:   [xilinx-label-all-loops]
        { std::fill_n(vec_tmp, 128, 0.0); for (int r = 0; r < 128; r++) for (int c = 0; c < 28 + 128; c++) vec_tmp[r] += Weight0_c[r][c] * vec_i[c]; };
                                          ^~~
                                          VITIS_LOOP_110_8: 
/home/llb/college/dla/npu_dla/lab3_student/lstm_hls/solution1/.autopilot/db/rnn.pp.0.cpp:49654:43: note: FIX-IT applied suggested code changes
/home/llb/college/dla/npu_dla/lab3_student/lstm_hls/solution1/.autopilot/db/rnn.pp.0.cpp:49654:73: warning: Added loop label VITIS_LOOP_110_9:   [xilinx-label-all-loops]
        { std::fill_n(vec_tmp, 128, 0.0); for (int r = 0; r < 128; r++) for (int c = 0; c < 28 + 128; c++) vec_tmp[r] += Weight0_c[r][c] * vec_i[c]; };
                                                                        ^~~
                                                                        VITIS_LOOP_110_9: 
/home/llb/college/dla/npu_dla/lab3_student/lstm_hls/solution1/.autopilot/db/rnn.pp.0.cpp:49654:73: note: FIX-IT applied suggested code changes
/home/llb/college/dla/npu_dla/lab3_student/lstm_hls/solution1/.autopilot/db/rnn.pp.0.cpp:49661:42: warning: Added loop label VITIS_LOOP_117_10:   [xilinx-label-all-loops]
        { std::fill_n(gate_o, 128, 0.0); for (int r = 0; r < 128; r++) for (int c = 0; c < 28 + 128; c++) gate_o[r] += Weight0_o[r][c] * vec_i[c]; };
                                         ^~~
                                         VITIS_LOOP_117_10: 
/home/llb/college/dla/npu_dla/lab3_student/lstm_hls/solution1/.autopilot/db/rnn.pp.0.cpp:49661:42: note: FIX-IT applied suggested code changes
/home/llb/college/dla/npu_dla/lab3_student/lstm_hls/solution1/.autopilot/db/rnn.pp.0.cpp:49661:72: warning: Added loop label VITIS_LOOP_117_11:   [xilinx-label-all-loops]
        { std::fill_n(gate_o, 128, 0.0); for (int r = 0; r < 128; r++) for (int c = 0; c < 28 + 128; c++) gate_o[r] += Weight0_o[r][c] * vec_i[c]; };
                                                                       ^~~
                                                                       VITIS_LOOP_117_11: 
/home/llb/college/dla/npu_dla/lab3_student/lstm_hls/solution1/.autopilot/db/rnn.pp.0.cpp:49661:72: note: FIX-IT applied suggested code changes
/home/llb/college/dla/npu_dla/lab3_student/lstm_hls/solution1/.autopilot/db/rnn.pp.0.cpp:49685:31: warning: Added loop label VITIS_LOOP_141_12:   [xilinx-label-all-loops]
 { std::fill_n(res, 10, 0.0); for (int r = 0; r < 10; r++) for (int c = 0; c < 128; c++) res[r] += Weight_lc[r][c] * h_t[c]; };
                              ^~~
                              VITIS_LOOP_141_12: 
/home/llb/college/dla/npu_dla/lab3_student/lstm_hls/solution1/.autopilot/db/rnn.pp.0.cpp:49685:31: note: FIX-IT applied suggested code changes
/home/llb/college/dla/npu_dla/lab3_student/lstm_hls/solution1/.autopilot/db/rnn.pp.0.cpp:49685:60: warning: Added loop label VITIS_LOOP_141_13:   [xilinx-label-all-loops]
 { std::fill_n(res, 10, 0.0); for (int r = 0; r < 10; r++) for (int c = 0; c < 128; c++) res[r] += Weight_lc[r][c] * h_t[c]; };
                                                           ^~~
                                                           VITIS_LOOP_141_13: 
/home/llb/college/dla/npu_dla/lab3_student/lstm_hls/solution1/.autopilot/db/rnn.pp.0.cpp:49685:60: note: FIX-IT applied suggested code changes
