/home/llb/college/dla/npu_dla/lab3_student/lstm_hls/solution1/.autopilot/db/rnn_top.pp.0.cpp:2316:5: warning: Added loop label VITIS_LOOP_676_1:   [xilinx-label-all-loops]
    for (unsigned i = low; i != high+1; ++i) {
    ^~~
    VITIS_LOOP_676_1: 
/home/llb/college/dla/npu_dla/lab3_student/lstm_hls/solution1/.autopilot/db/rnn_top.pp.0.cpp:2316:5: note: FIX-IT applied suggested code changes
/home/llb/college/dla/npu_dla/lab3_student/lstm_hls/solution1/.autopilot/db/rnn_top.pp.0.cpp:2330:5: warning: Added loop label VITIS_LOOP_690_1:   [xilinx-label-all-loops]
    for (unsigned i = low; i != high+1; ++i) {
    ^~~
    VITIS_LOOP_690_1: 
/home/llb/college/dla/npu_dla/lab3_student/lstm_hls/solution1/.autopilot/db/rnn_top.pp.0.cpp:2330:5: note: FIX-IT applied suggested code changes
/home/llb/college/dla/npu_dla/lab3_student/lstm_hls/solution1/.autopilot/db/rnn_top.pp.0.cpp:2344:5: warning: Added loop label VITIS_LOOP_704_1:   [xilinx-label-all-loops]
    for (unsigned i = low; i != high+1; ++i) {
    ^~~
    VITIS_LOOP_704_1: 
/home/llb/college/dla/npu_dla/lab3_student/lstm_hls/solution1/.autopilot/db/rnn_top.pp.0.cpp:2344:5: note: FIX-IT applied suggested code changes
/home/llb/college/dla/npu_dla/lab3_student/lstm_hls/solution1/.autopilot/db/rnn_top.pp.0.cpp:3978:7: warning: Added loop label VITIS_LOOP_1248_1:   [xilinx-label-all-loops]
      for (i = 0; i < __N - 1; ++i) {
      ^~~
      VITIS_LOOP_1248_1: 
/home/llb/college/dla/npu_dla/lab3_student/lstm_hls/solution1/.autopilot/db/rnn_top.pp.0.cpp:3978:7: note: FIX-IT applied suggested code changes
/home/llb/college/dla/npu_dla/lab3_student/lstm_hls/solution1/.autopilot/db/rnn_top.pp.0.cpp:9076:5: warning: Added loop label VITIS_LOOP_13_1:   [xilinx-label-all-loops]
    for (int i = 0; i < 28 * 28; i++)
    ^~~
    VITIS_LOOP_13_1: 
/home/llb/college/dla/npu_dla/lab3_student/lstm_hls/solution1/.autopilot/db/rnn_top.pp.0.cpp:9076:5: note: FIX-IT applied suggested code changes
/home/llb/college/dla/npu_dla/lab3_student/lstm_hls/solution1/.autopilot/db/rnn_top.pp.0.cpp:9090:2: warning: Added loop label VITIS_LOOP_27_2:   [xilinx-label-all-loops]
 for (int i = 0; i < 10; i++)
 ^~~
 VITIS_LOOP_27_2: 
/home/llb/college/dla/npu_dla/lab3_student/lstm_hls/solution1/.autopilot/db/rnn_top.pp.0.cpp:9090:2: note: FIX-IT applied suggested code changes
