#
# An unexpected error has occurred (11)
#
Stack:
/lib/x86_64-linux-gnu/libc.so.6(+0x45330) [0x7a309ba45330]
/tools/Xilinx/Vitis/2024.2/lib/lnx64.o/libxv_hls_main.so(+0x136ef1) [0x7a3093d36ef1]
/tools/Xilinx/Vitis/2024.2/lib/lnx64.o/libxv_hls_support.so(xpcl::TclCommand::callbackInternal(int, Tcl_Obj* const*)+0x533) [0x7a30a812a263]
/tools/Xilinx/Vitis/2024.2/lib/lnx64.o/libxv_hls_support.so(xpcl::TclCommand::callback(int, Tcl_Obj* const*)+0x2b) [0x7a30a812afeb]
/tools/Xilinx/Vitis/2024.2/lib/lnx64.o/libtcl8.6.so(TclNRRunCallbacks+0x47) [0x7a30a2c84497]
/tools/Xilinx/Vitis/2024.2/lib/lnx64.o/libxv_commontasks.so(+0x31ce91) [0x7a3098f1ce91]
/tools/Xilinx/Vitis/2024.2/lib/lnx64.o/libtcl8.6.so(TclNRRunCallbacks+0x47) [0x7a30a2c84497]
/tools/Xilinx/Vitis/2024.2/lib/lnx64.o/libxv_commontasks.so(+0x31daba) [0x7a3098f1daba]
/tools/Xilinx/Vitis/2024.2/lib/lnx64.o/libtcl8.6.so(TclNRRunCallbacks+0x47) [0x7a30a2c84497]
/tools/Xilinx/Vitis/2024.2/lib/lnx64.o/libxv_commontasks.so(+0x31ce91) [0x7a3098f1ce91]
/tools/Xilinx/Vitis/2024.2/lib/lnx64.o/libtcl8.6.so(TclNRRunCallbacks+0x47) [0x7a30a2c84497]
/tools/Xilinx/Vitis/2024.2/lib/lnx64.o/libxv_commontasks.so(+0x31daba) [0x7a3098f1daba]
/tools/Xilinx/Vitis/2024.2/lib/lnx64.o/libtcl8.6.so(TclNRRunCallbacks+0x47) [0x7a30a2c84497]
/tools/Xilinx/Vitis/2024.2/lib/lnx64.o/libxv_commontasks.so(+0x31ce91) [0x7a3098f1ce91]
/tools/Xilinx/Vitis/2024.2/lib/lnx64.o/libtcl8.6.so(TclNRRunCallbacks+0x47) [0x7a30a2c84497]
/tools/Xilinx/Vitis/2024.2/lib/lnx64.o/libxv_commontasks.so(+0x31ce91) [0x7a3098f1ce91]
/tools/Xilinx/Vitis/2024.2/lib/lnx64.o/libtcl8.6.so(TclNRRunCallbacks+0x47) [0x7a30a2c84497]
/tools/Xilinx/Vitis/2024.2/lib/lnx64.o/libtcl8.6.so(+0x45309) [0x7a30a2c86309]
/tools/Xilinx/Vitis/2024.2/lib/lnx64.o/libtcl8.6.so(Tcl_EvalEx+0x13) [0x7a30a2c86a03]
/tools/Xilinx/Vitis/2024.2/lib/lnx64.o/libtcl8.6.so(Tcl_Eval+0x15) [0x7a30a2c86a25]
/tools/Xilinx/Vitis/2024.2/lib/lnx64.o/libxv_hls_main.so(+0x88cdf) [0x7a3093c88cdf]
/tools/Xilinx/Vitis/2024.2/lib/lnx64.o/libxv_hls_support.so(xpcl::TclCommand::callbackInternal(int, Tcl_Obj* const*)+0x533) [0x7a30a812a263]
/tools/Xilinx/Vitis/2024.2/lib/lnx64.o/libxv_hls_support.so(xpcl::TclCommand::callback(int, Tcl_Obj* const*)+0x2b) [0x7a30a812afeb]
/tools/Xilinx/Vitis/2024.2/lib/lnx64.o/libtcl8.6.so(TclNRRunCallbacks+0x47) [0x7a30a2c84497]
/tools/Xilinx/Vitis/2024.2/lib/lnx64.o/libtcl8.6.so(+0x45309) [0x7a30a2c86309]
/tools/Xilinx/Vitis/2024.2/lib/lnx64.o/libtcl8.6.so(Tcl_FSEvalFileEx+0x1f8) [0x7a30a2d3bae8]
/tools/Xilinx/Vitis/2024.2/lib/lnx64.o/libxv_hls_main.so(ApSourceTclFile(std::__cxx11::basic_string<char, std::char_traits<char>, std::allocator<char> > const&, char const*)+0x76) [0x7a3093c77196]
/tools/Xilinx/Vitis/2024.2/lib/lnx64.o/libxv_hls_main.so(+0x7ec35) [0x7a3093c7ec35]
/tools/Xilinx/Vitis/2024.2/lib/lnx64.o/libxv_hls_support.so(xpcl::TclCommand::callbackInternal(int, Tcl_Obj* const*)+0x533) [0x7a30a812a263]
/tools/Xilinx/Vitis/2024.2/lib/lnx64.o/libxv_hls_support.so(xpcl::TclCommand::callback(int, Tcl_Obj* const*)+0x2b) [0x7a30a812afeb]
/tools/Xilinx/Vitis/2024.2/lib/lnx64.o/libtcl8.6.so(TclNRRunCallbacks+0x47) [0x7a30a2c84497]
/tools/Xilinx/Vitis/2024.2/lib/lnx64.o/libxv_hlstasks.so(+0xe925) [0x7a30a1be2925]
/tools/Xilinx/Vitis/2024.2/lib/lnx64.o/libxv_common.so(+0x78ec1a) [0x7a30a758ec1a]
/tools/Xilinx/Vitis/2024.2/lib/lnx64.o/libtcl8.6.so(TclNRRunCallbacks+0x47) [0x7a30a2c84497]
/tools/Xilinx/Vitis/2024.2/lib/lnx64.o/libxv_commontasks.so(+0x31cdee) [0x7a3098f1cdee]
/tools/Xilinx/Vitis/2024.2/lib/lnx64.o/libtcl8.6.so(TclNRRunCallbacks+0x47) [0x7a30a2c84497]
/tools/Xilinx/Vitis/2024.2/lib/lnx64.o/libtcl8.6.so(+0x45309) [0x7a30a2c86309]
/tools/Xilinx/Vitis/2024.2/lib/lnx64.o/libtcl8.6.so(TclSubstTokens+0x4a9) [0x7a30a2d4ed59]
/tools/Xilinx/Vitis/2024.2/lib/lnx64.o/libtcl8.6.so(+0x45153) [0x7a30a2c86153]
/tools/Xilinx/Vitis/2024.2/lib/lnx64.o/libtcl8.6.so(Tcl_FSEvalFileEx+0x1f8) [0x7a30a2d3bae8]
/tools/Xilinx/Vitis/2024.2/lib/lnx64.o/libxv_commontasks.so(+0x33fe95) [0x7a3098f3fe95]
/tools/Xilinx/Vitis/2024.2/lib/lnx64.o/libxv_common.so(+0x78ec1a) [0x7a30a758ec1a]
/tools/Xilinx/Vitis/2024.2/lib/lnx64.o/libtcl8.6.so(TclNRRunCallbacks+0x47) [0x7a30a2c84497]
/tools/Xilinx/Vitis/2024.2/lib/lnx64.o/libxv_commontasks.so(+0x38974d) [0x7a3098f8974d]
/tools/Xilinx/Vitis/2024.2/lib/lnx64.o/libxv_commontasks.so(+0x38ad6f) [0x7a3098f8ad6f]
/tools/Xilinx/Vitis/2024.2/lib/lnx64.o/libxv_common.so(+0x78ec1a) [0x7a30a758ec1a]
/tools/Xilinx/Vitis/2024.2/lib/lnx64.o/libtcl8.6.so(TclNRRunCallbacks+0x47) [0x7a30a2c84497]
/tools/Xilinx/Vitis/2024.2/lib/lnx64.o/libxv_commonmain.so(+0xeae2) [0x7a30a8092ae2]
/tools/Xilinx/Vitis/2024.2/lib/lnx64.o/libtcl8.6.so(Tcl_MainEx+0x1a8) [0x7a30a2d43038]
/tools/Xilinx/Vitis/2024.2/lib/lnx64.o/libxv_common.so(+0xb8194e) [0x7a30a798194e]
/lib/x86_64-linux-gnu/libc.so.6(+0x9caa4) [0x7a309ba9caa4]
/lib/x86_64-linux-gnu/libc.so.6(+0x129c3c) [0x7a309bb29c3c]
