

================================================================
== Vivado HLS Report for 'geva_1'
================================================================
* Date:           Thu May 22 20:21:38 2025

* Version:        2019.2 (Build 2704478 on Wed Nov 06 22:10:23 MST 2019)
* Project:        lstm_hls
* Solution:       solution1
* Product family: zynq
* Target device:  xc7z020-clg400-1


================================================================
== Performance Estimates
================================================================
+ Timing: 
    * Summary: 
    +--------+----------+----------+------------+
    |  Clock |  Target  | Estimated| Uncertainty|
    +--------+----------+----------+------------+
    |ap_clk  | 10.00 ns | 7.256 ns |   1.25 ns  |
    +--------+----------+----------+------------+

+ Latency: 
    * Summary: 
    +---------+---------+-----------+-----------+------+------+---------+
    |  Latency (cycles) |   Latency (absolute)  |   Interval  | Pipeline|
    |   min   |   max   |    min    |    max    |  min |  max |   Type  |
    +---------+---------+-----------+-----------+------+------+---------+
    |     1025|     1025| 10.250 us | 10.250 us |  1025|  1025|   none  |
    +---------+---------+-----------+-----------+------+------+---------+

    + Detail: 
        * Instance: 
        N/A

        * Loop: 
        +----------+---------+---------+----------+-----------+-----------+------+----------+
        |          |  Latency (cycles) | Iteration|  Initiation Interval  | Trip |          |
        | Loop Name|   min   |   max   |  Latency |  achieved |   target  | Count| Pipelined|
        +----------+---------+---------+----------+-----------+-----------+------+----------+
        |- Loop 1  |     1024|     1024|         8|          -|          -|   128|    no    |
        +----------+---------+---------+----------+-----------+-----------+------+----------+

============================================================
+ Verbose Summary: Synthesis Manager
============================================================
InlineROM: 1
ExposeGlobal: 0
============================================================
+ Verbose Summary: CDFG Model
============================================================
IsTopModel: 0
ResetActiveHigh: 1
IsCombinational: 0
IsDatapathOnly: 0
HasWiredReturn: 1
HasMFsm: 0
HasVarLatency: 1
IsPipeline: 0
IsRtlPipelined: 0
IsInstanceOverlapped: 0
IsDontTouch: 0
HasImplIP: 0
IsGatedGlobalClock: 0


============================================================
+ Verbose Summary: Schedule
============================================================
* Number of FSM states : 9
* Pipeline : 0
* Dataflow Pipeline: 0

* FSM state transitions: 
1 --> 2 
2 --> 3 
3 --> 4 
4 --> 5 
5 --> 6 
6 --> 7 
7 --> 8 
8 --> 9 
9 --> 2 

* FSM state operations: 

State 1 <SV = 0> <Delay = 1.76>
ST_1 : Operation 10 [1/1] (1.76ns)   --->   "br label %1" [lstm_hls/rnn.cpp:43]   --->   Operation 10 'br' <Predicate = true> <Delay = 1.76>

State 2 <SV = 1> <Delay = 3.25>
ST_2 : Operation 11 [1/1] (0.00ns)   --->   "%i_0 = phi i8 [ 0, %0 ], [ %i, %2 ]"   --->   Operation 11 'phi' 'i_0' <Predicate = true> <Delay = 0.00>
ST_2 : Operation 12 [1/1] (0.00ns)   --->   "%empty = call i32 (...)* @_ssdm_op_SpecLoopTripCount(i64 128, i64 128, i64 128)"   --->   Operation 12 'speclooptripcount' 'empty' <Predicate = true> <Delay = 0.00>
ST_2 : Operation 13 [1/1] (1.55ns)   --->   "%icmp_ln43 = icmp eq i8 %i_0, -128" [lstm_hls/rnn.cpp:43]   --->   Operation 13 'icmp' 'icmp_ln43' <Predicate = true> <Delay = 1.55> <Core = "Cmp">   --->   Core 25 'Cmp' <Latency = 0> <II = 1> <Delay = 1.55> <FuncUnit> <Opcode : 'icmp'> <InPorts = 2> <OutPorts = 1>
ST_2 : Operation 14 [1/1] (1.91ns)   --->   "%i = add i8 %i_0, 1" [lstm_hls/rnn.cpp:43]   --->   Operation 14 'add' 'i' <Predicate = true> <Delay = 1.91> <Core = "AddSub">   --->   Core 14 'AddSub' <Latency = 0> <II = 1> <Delay = 1.91> <FuncUnit> <Opcode : 'add' 'sub'> <InPorts = 2> <OutPorts = 1>
ST_2 : Operation 15 [1/1] (0.00ns)   --->   "br i1 %icmp_ln43, label %3, label %2" [lstm_hls/rnn.cpp:43]   --->   Operation 15 'br' <Predicate = true> <Delay = 0.00>
ST_2 : Operation 16 [1/1] (0.00ns)   --->   "%zext_ln45 = zext i8 %i_0 to i64" [lstm_hls/rnn.cpp:45]   --->   Operation 16 'zext' 'zext_ln45' <Predicate = (!icmp_ln43)> <Delay = 0.00>
ST_2 : Operation 17 [1/1] (0.00ns)   --->   "%a_addr = getelementptr [128 x float]* %a, i64 0, i64 %zext_ln45" [lstm_hls/rnn.cpp:45]   --->   Operation 17 'getelementptr' 'a_addr' <Predicate = (!icmp_ln43)> <Delay = 0.00>
ST_2 : Operation 18 [2/2] (3.25ns)   --->   "%a_load = load float* %a_addr, align 4" [lstm_hls/rnn.cpp:45]   --->   Operation 18 'load' 'a_load' <Predicate = (!icmp_ln43)> <Delay = 3.25> <Core = "RAM">   --->   Core 37 'RAM' <Latency = 1> <II = 1> <Delay = 3.25> <Storage> <Opcode : 'load' 'store'> <Ports = 2> <Width = 32> <Depth = 128> <RAM>
ST_2 : Operation 19 [1/1] (0.00ns)   --->   "%res_addr = getelementptr [128 x float]* %res, i64 0, i64 %zext_ln45" [lstm_hls/rnn.cpp:45]   --->   Operation 19 'getelementptr' 'res_addr' <Predicate = (!icmp_ln43)> <Delay = 0.00>
ST_2 : Operation 20 [2/2] (3.25ns)   --->   "%res_load = load float* %res_addr, align 4" [lstm_hls/rnn.cpp:45]   --->   Operation 20 'load' 'res_load' <Predicate = (!icmp_ln43)> <Delay = 3.25> <Core = "RAM">   --->   Core 37 'RAM' <Latency = 1> <II = 1> <Delay = 3.25> <Storage> <Opcode : 'load' 'store'> <Ports = 2> <Width = 32> <Depth = 128> <RAM>
ST_2 : Operation 21 [1/1] (0.00ns)   --->   "ret void" [lstm_hls/rnn.cpp:47]   --->   Operation 21 'ret' <Predicate = (icmp_ln43)> <Delay = 0.00>

State 3 <SV = 2> <Delay = 3.25>
ST_3 : Operation 22 [1/2] (3.25ns)   --->   "%a_load = load float* %a_addr, align 4" [lstm_hls/rnn.cpp:45]   --->   Operation 22 'load' 'a_load' <Predicate = true> <Delay = 3.25> <Core = "RAM">   --->   Core 37 'RAM' <Latency = 1> <II = 1> <Delay = 3.25> <Storage> <Opcode : 'load' 'store'> <Ports = 2> <Width = 32> <Depth = 128> <RAM>
ST_3 : Operation 23 [1/2] (3.25ns)   --->   "%res_load = load float* %res_addr, align 4" [lstm_hls/rnn.cpp:45]   --->   Operation 23 'load' 'res_load' <Predicate = true> <Delay = 3.25> <Core = "RAM">   --->   Core 37 'RAM' <Latency = 1> <II = 1> <Delay = 3.25> <Storage> <Opcode : 'load' 'store'> <Ports = 2> <Width = 32> <Depth = 128> <RAM>

State 4 <SV = 3> <Delay = 7.25>
ST_4 : Operation 24 [5/5] (7.25ns)   --->   "%tmp = fadd float %res_load, %a_load" [lstm_hls/rnn.cpp:45]   --->   Operation 24 'fadd' 'tmp' <Predicate = true> <Delay = 7.25> <Core = "FAddSub">   --->   Core 105 'FAddSub' <Latency = 4> <II = 1> <Delay = 7.25> <FuncUnit> <Opcode : 'fadd' 'fsub'> <InPorts = 2> <OutPorts = 1>

State 5 <SV = 4> <Delay = 7.25>
ST_5 : Operation 25 [4/5] (7.25ns)   --->   "%tmp = fadd float %res_load, %a_load" [lstm_hls/rnn.cpp:45]   --->   Operation 25 'fadd' 'tmp' <Predicate = true> <Delay = 7.25> <Core = "FAddSub">   --->   Core 105 'FAddSub' <Latency = 4> <II = 1> <Delay = 7.25> <FuncUnit> <Opcode : 'fadd' 'fsub'> <InPorts = 2> <OutPorts = 1>

State 6 <SV = 5> <Delay = 7.25>
ST_6 : Operation 26 [3/5] (7.25ns)   --->   "%tmp = fadd float %res_load, %a_load" [lstm_hls/rnn.cpp:45]   --->   Operation 26 'fadd' 'tmp' <Predicate = true> <Delay = 7.25> <Core = "FAddSub">   --->   Core 105 'FAddSub' <Latency = 4> <II = 1> <Delay = 7.25> <FuncUnit> <Opcode : 'fadd' 'fsub'> <InPorts = 2> <OutPorts = 1>

State 7 <SV = 6> <Delay = 7.25>
ST_7 : Operation 27 [2/5] (7.25ns)   --->   "%tmp = fadd float %res_load, %a_load" [lstm_hls/rnn.cpp:45]   --->   Operation 27 'fadd' 'tmp' <Predicate = true> <Delay = 7.25> <Core = "FAddSub">   --->   Core 105 'FAddSub' <Latency = 4> <II = 1> <Delay = 7.25> <FuncUnit> <Opcode : 'fadd' 'fsub'> <InPorts = 2> <OutPorts = 1>

State 8 <SV = 7> <Delay = 7.25>
ST_8 : Operation 28 [1/5] (7.25ns)   --->   "%tmp = fadd float %res_load, %a_load" [lstm_hls/rnn.cpp:45]   --->   Operation 28 'fadd' 'tmp' <Predicate = true> <Delay = 7.25> <Core = "FAddSub">   --->   Core 105 'FAddSub' <Latency = 4> <II = 1> <Delay = 7.25> <FuncUnit> <Opcode : 'fadd' 'fsub'> <InPorts = 2> <OutPorts = 1>

State 9 <SV = 8> <Delay = 3.25>
ST_9 : Operation 29 [1/1] (3.25ns)   --->   "store float %tmp, float* %res_addr, align 4" [lstm_hls/rnn.cpp:45]   --->   Operation 29 'store' <Predicate = true> <Delay = 3.25> <Core = "RAM">   --->   Core 37 'RAM' <Latency = 1> <II = 1> <Delay = 3.25> <Storage> <Opcode : 'load' 'store'> <Ports = 2> <Width = 32> <Depth = 128> <RAM>
ST_9 : Operation 30 [1/1] (0.00ns)   --->   "br label %1" [lstm_hls/rnn.cpp:43]   --->   Operation 30 'br' <Predicate = true> <Delay = 0.00>


============================================================
+ Verbose Summary: Timing violations
============================================================
Target clock period: 10ns, clock uncertainty: 1.25ns.

 <State 1>: 1.77ns
The critical path consists of the following:
	multiplexor before 'phi' operation ('i') with incoming values : ('i', lstm_hls/rnn.cpp:43) [5]  (1.77 ns)

 <State 2>: 3.25ns
The critical path consists of the following:
	'phi' operation ('i') with incoming values : ('i', lstm_hls/rnn.cpp:43) [5]  (0 ns)
	'getelementptr' operation ('a_addr', lstm_hls/rnn.cpp:45) [12]  (0 ns)
	'load' operation ('a_load', lstm_hls/rnn.cpp:45) on array 'a' [13]  (3.25 ns)

 <State 3>: 3.25ns
The critical path consists of the following:
	'load' operation ('a_load', lstm_hls/rnn.cpp:45) on array 'a' [13]  (3.25 ns)

 <State 4>: 7.26ns
The critical path consists of the following:
	'fadd' operation ('tmp', lstm_hls/rnn.cpp:45) [16]  (7.26 ns)

 <State 5>: 7.26ns
The critical path consists of the following:
	'fadd' operation ('tmp', lstm_hls/rnn.cpp:45) [16]  (7.26 ns)

 <State 6>: 7.26ns
The critical path consists of the following:
	'fadd' operation ('tmp', lstm_hls/rnn.cpp:45) [16]  (7.26 ns)

 <State 7>: 7.26ns
The critical path consists of the following:
	'fadd' operation ('tmp', lstm_hls/rnn.cpp:45) [16]  (7.26 ns)

 <State 8>: 7.26ns
The critical path consists of the following:
	'fadd' operation ('tmp', lstm_hls/rnn.cpp:45) [16]  (7.26 ns)

 <State 9>: 3.25ns
The critical path consists of the following:
	'store' operation ('store_ln45', lstm_hls/rnn.cpp:45) of variable 'tmp', lstm_hls/rnn.cpp:45 on array 'res' [17]  (3.25 ns)


============================================================
+ Verbose Summary: Binding
============================================================
N/A
* FSMD analyzer results:
  - Output states:
 - Input state : 
  - Chain level:
	State 1
	State 2
	State 3
	State 4
	State 5
	State 6
	State 7
	State 8
	State 9


============================================================
+ Verbose Summary: Datapath Resource usage 
============================================================
N/A
