

================================================================
== Vivado HLS Report for 'infer'
================================================================
* Date:           Thu May 22 20:21:42 2025

* Version:        2019.2 (Build 2704478 on Wed Nov 06 22:10:23 MST 2019)
* Project:        lstm_hls
* Solution:       solution1
* Product family: zynq
* Target device:  xc7z020-clg400-1


================================================================
== Performance Estimates
================================================================
+ Timing: 
    * Summary: 
    +--------+----------+----------+------------+
    |  Clock |  Target  | Estimated| Uncertainty|
    +--------+----------+----------+------------+
    |ap_clk  | 10.00 ns | 9.514 ns |   1.25 ns  |
    +--------+----------+----------+------------+

+ Latency: 
    * Summary: 
    +----------+----------+-----------+-----------+----------+----------+---------+
    |   Latency (cycles)  |   Latency (absolute)  |       Interval      | Pipeline|
    |    min   |    max   |    min    |    max    |    min   |    max   |   Type  |
    +----------+----------+-----------+-----------+----------+----------+---------+
    |  27795126|  28225206| 0.278 sec | 0.282 sec |  27795126|  28225206|   none  |
    +----------+----------+-----------+-----------+----------+----------+---------+

    + Detail: 
        * Instance: 
        +---------------------------------+----------------------+---------+---------+-----------+-----------+------+------+---------+
        |                                 |                      |  Latency (cycles) |   Latency (absolute)  |   Interval  | Pipeline|
        |             Instance            |        Module        |   min   |   max   |    min    |    max    |  min |  max |   Type  |
        +---------------------------------+----------------------+---------+---------+-----------+-----------+------+------+---------+
        |grp_sigmoid_fu_763               |sigmoid               |     7553|     7553| 75.530 us | 75.530 us |  7553|  7553|   none  |
        |grp_generic_tanh_float_s_fu_769  |generic_tanh_float_s  |        1|       61| 10.000 ns |  0.610 us |     1|    61|   none  |
        |grp_geva_1_fu_782                |geva_1                |     1025|     1025| 10.250 us | 10.250 us |  1025|  1025|   none  |
        |grp_hprod_fu_792                 |hprod                 |      897|      897|  8.970 us |  8.970 us |   897|   897|   none  |
        |grp_fill_n_fu_799                |fill_n                |      129|      129|  1.290 us |  1.290 us |   129|   129|   none  |
        +---------------------------------+----------------------+---------+---------+-----------+-----------+------+------+---------+

        * Loop: 
        +-----------------+----------+----------+------------------+-----------+-----------+------+----------+
        |                 |   Latency (cycles)  |     Iteration    |  Initiation Interval  | Trip |          |
        |    Loop Name    |    min   |    max   |      Latency     |  achieved |   target  | Count| Pipelined|
        +-----------------+----------+----------+------------------+-----------+-----------+------+----------+
        |- memset_gate_f  |       127|       127|                 1|          -|          -|   128|    no    |
        |- memset_gate_i  |       127|       127|                 1|          -|          -|   128|    no    |
        |- memset_stat_C  |       127|       127|                 1|          -|          -|   128|    no    |
        |- memset_C_t     |       127|       127|                 1|          -|          -|   128|    no    |
        |- memset_gate_o  |       127|       127|                 1|          -|          -|   128|    no    |
        |- memset_h_t     |       127|       127|                 1|          -|          -|   128|    no    |
        |- Loop 7         |  27778884|  28208964| 992103 ~ 1007463 |          -|          -|    28|    no    |
        | + Loop 7.1      |        56|        56|                 2|          -|          -|    28|    no    |
        | + Loop 7.2      |       256|       256|                 2|          -|          -|   128|    no    |
        | + Loop 7.3      |    239872|    239872|              1874|          -|          -|   128|    no    |
        |  ++ Loop 7.3.1  |      1872|      1872|                12|          -|          -|   156|    no    |
        | + Loop 7.4      |    239872|    239872|              1874|          -|          -|   128|    no    |
        |  ++ Loop 7.4.1  |      1872|      1872|                12|          -|          -|   156|    no    |
        | + Loop 7.5      |    239872|    239872|              1874|          -|          -|   128|    no    |
        |  ++ Loop 7.5.1  |      1872|      1872|                12|          -|          -|   156|    no    |
        | + Loop 7.6      |       640|      8320|      5 ~ 65      |          -|          -|   128|    no    |
        | + Loop 7.7      |    239872|    239872|              1874|          -|          -|   128|    no    |
        |  ++ Loop 7.7.1  |      1872|      1872|                12|          -|          -|   156|    no    |
        | + Loop 7.8      |       640|      8320|      5 ~ 65      |          -|          -|   128|    no    |
        |- Loop 8         |        10|        10|                 1|          -|          -|    10|    no    |
        |- Loop 9         |     15380|     15380|              1538|          -|          -|    10|    no    |
        | + Loop 9.1      |      1536|      1536|                12|          -|          -|   128|    no    |
        |- Loop 10        |        80|        80|                 8|          -|          -|    10|    no    |
        +-----------------+----------+----------+------------------+-----------+-----------+------+----------+



================================================================
== Utilization Estimates
================================================================
* Summary: 
+-----------------+---------+-------+--------+-------+-----+
|       Name      | BRAM_18K| DSP48E|   FF   |  LUT  | URAM|
+-----------------+---------+-------+--------+-------+-----+
|DSP              |        -|      -|       -|      -|    -|
|Expression       |        -|      -|       0|    823|    -|
|FIFO             |        -|      -|       -|      -|    -|
|Instance         |       15|     76|   11999|  17425|    -|
|Memory           |      272|      -|      32|      5|    0|
|Multiplexer      |        -|      -|       -|   1670|    -|
|Register         |        -|      -|     997|      -|    -|
+-----------------+---------+-------+--------+-------+-----+
|Total            |      287|     76|   13028|  19923|    0|
+-----------------+---------+-------+--------+-------+-----+
|Available        |      280|    220|  106400|  53200|    0|
+-----------------+---------+-------+--------+-------+-----+
|Utilization (%)  |      102|     34|      12|     37|    0|
+-----------------+---------+-------+--------+-------+-----+

+ Detail: 
    * Instance: 
    +---------------------------------+----------------------+---------+-------+------+------+-----+
    |             Instance            |        Module        | BRAM_18K| DSP48E|  FF  |  LUT | URAM|
    +---------------------------------+----------------------+---------+-------+------+------+-----+
    |LSTM_Top_fadd_32nbkb_U48         |LSTM_Top_fadd_32nbkb  |        0|      2|   205|   390|    0|
    |LSTM_Top_fmul_32nqcK_U49         |LSTM_Top_fmul_32nqcK  |        0|      3|   143|   321|    0|
    |grp_fill_n_fu_799                |fill_n                |        0|      0|    10|    52|    0|
    |grp_generic_tanh_float_s_fu_769  |generic_tanh_float_s  |       15|     37|  5264|  7619|    0|
    |grp_geva_1_fu_782                |geva_1                |        0|      2|   333|   489|    0|
    |grp_hprod_fu_792                 |hprod                 |        0|      3|   271|   402|    0|
    |grp_sigmoid_fu_763               |sigmoid               |        0|     29|  5773|  8152|    0|
    +---------------------------------+----------------------+---------+-------+------+------+-----+
    |Total                            |                      |       15|     76| 11999| 17425|    0|
    +---------------------------------+----------------------+---------+-------+------+------+-----+

    * DSP48E: 
    N/A

    * Memory: 
    +-------------+-----------------+---------+----+----+-----+-------+-----+------+-------------+
    |    Memory   |      Module     | BRAM_18K| FF | LUT| URAM| Words | Bits| Banks| W*Bits*Banks|
    +-------------+-----------------+---------+----+----+-----+-------+-----+------+-------------+
    |Bias0_c_U    |infer_Bias0_c    |        1|   0|   0|    0|    128|   32|     1|         4096|
    |Bias0_f_U    |infer_Bias0_f    |        1|   0|   0|    0|    128|   32|     1|         4096|
    |Bias0_i_U    |infer_Bias0_i    |        1|   0|   0|    0|    128|   32|     1|         4096|
    |Bias0_o_U    |infer_Bias0_o    |        1|   0|   0|    0|    128|   32|     1|         4096|
    |Bias_lc_U    |infer_Bias_lc    |        0|  32|   5|    0|     10|   32|     1|          320|
    |Weight0_c_U  |infer_Weight0_c  |       64|   0|   0|    0|  19968|   32|     1|       638976|
    |Weight0_f_U  |infer_Weight0_f  |       64|   0|   0|    0|  19968|   32|     1|       638976|
    |Weight0_i_U  |infer_Weight0_i  |       64|   0|   0|    0|  19968|   32|     1|       638976|
    |Weight0_o_U  |infer_Weight0_o  |       64|   0|   0|    0|  19968|   32|     1|       638976|
    |Weight_lc_U  |infer_Weight_lc  |        4|   0|   0|    0|   1280|   32|     1|        40960|
    |gate_f_U     |infer_gate_f     |        1|   0|   0|    0|    128|   32|     1|         4096|
    |gate_i_U     |infer_gate_f     |        1|   0|   0|    0|    128|   32|     1|         4096|
    |stat_C_U     |infer_gate_f     |        1|   0|   0|    0|    128|   32|     1|         4096|
    |C_t_U        |infer_gate_f     |        1|   0|   0|    0|    128|   32|     1|         4096|
    |gate_o_U     |infer_gate_f     |        1|   0|   0|    0|    128|   32|     1|         4096|
    |h_t_U        |infer_gate_f     |        1|   0|   0|    0|    128|   32|     1|         4096|
    |vec_tmp_U    |infer_gate_f     |        1|   0|   0|    0|    128|   32|     1|         4096|
    |vec_i_U      |infer_vec_i      |        1|   0|   0|    0|    156|   32|     1|         4992|
    +-------------+-----------------+---------+----+----+-----+-------+-----+------+-------------+
    |Total        |                 |      272|  32|   5|    0|  82726|  576|    18|      2647232|
    +-------------+-----------------+---------+----+----+-----+-------+-----+------+-------------+

    * FIFO: 
    N/A

    * Expression: 
    +-------------------------+----------+-------+---+----+------------+------------+
    |      Variable Name      | Operation| DSP48E| FF| LUT| Bitwidth P0| Bitwidth P1|
    +-------------------------+----------+-------+---+----+------------+------------+
    |add_ln106_fu_999_p2      |     +    |      0|  0|  13|          11|          11|
    |add_ln108_fu_1035_p2     |     +    |      0|  0|  15|           8|           5|
    |add_ln113_1_fu_1046_p2   |     +    |      0|  0|  21|          15|           8|
    |add_ln113_fu_1090_p2     |     +    |      0|  0|  21|          15|          15|
    |add_ln120_1_fu_1101_p2   |     +    |      0|  0|  21|          15|           8|
    |add_ln120_fu_1145_p2     |     +    |      0|  0|  21|          15|          15|
    |add_ln127_1_fu_1156_p2   |     +    |      0|  0|  21|          15|           8|
    |add_ln127_fu_1200_p2     |     +    |      0|  0|  21|          15|          15|
    |add_ln134_1_fu_1228_p2   |     +    |      0|  0|  21|          15|           8|
    |add_ln134_fu_1272_p2     |     +    |      0|  0|  21|          15|          15|
    |add_ln157_fu_1367_p2     |     +    |      0|  0|  12|          12|          12|
    |add_ln67_fu_839_p2       |     +    |      0|  0|  15|           7|           1|
    |add_ln68_fu_856_p2       |     +    |      0|  0|  15|           7|           1|
    |add_ln69_fu_873_p2       |     +    |      0|  0|  15|           7|           1|
    |add_ln70_fu_890_p2       |     +    |      0|  0|  15|           7|           1|
    |add_ln71_fu_907_p2       |     +    |      0|  0|  15|           7|           1|
    |add_ln72_fu_924_p2       |     +    |      0|  0|  15|           7|           1|
    |add_ln762_fu_1311_p2     |     +    |      0|  0|  13|           4|           1|
    |c_1_fu_1075_p2           |     +    |      0|  0|  15|           8|           1|
    |c_2_fu_1130_p2           |     +    |      0|  0|  15|           8|           1|
    |c_3_fu_1185_p2           |     +    |      0|  0|  15|           8|           1|
    |c_4_fu_1257_p2           |     +    |      0|  0|  15|           8|           1|
    |c_fu_1352_p2             |     +    |      0|  0|  15|           8|           1|
    |i_2_fu_1217_p2           |     +    |      0|  0|  15|           8|           1|
    |i_3_fu_947_p2            |     +    |      0|  0|  15|           5|           1|
    |i_4_fu_1289_p2           |     +    |      0|  0|  15|           8|           1|
    |i_fu_1383_p2             |     +    |      0|  0|  13|           4|           1|
    |j_1_fu_1024_p2           |     +    |      0|  0|  15|           8|           1|
    |j_fu_993_p2              |     +    |      0|  0|  15|           5|           1|
    |r_1_fu_1058_p2           |     +    |      0|  0|  15|           8|           1|
    |r_2_fu_1113_p2           |     +    |      0|  0|  15|           8|           1|
    |r_3_fu_1168_p2           |     +    |      0|  0|  15|           8|           1|
    |r_4_fu_1240_p2           |     +    |      0|  0|  15|           8|           1|
    |r_fu_1323_p2             |     +    |      0|  0|  13|           4|           1|
    |sub_ln106_fu_977_p2      |     -    |      0|  0|  13|          11|          11|
    |icmp_ln105_fu_987_p2     |   icmp   |      0|  0|  11|           5|           4|
    |icmp_ln107_fu_1018_p2    |   icmp   |      0|  0|  13|           8|           9|
    |icmp_ln113_1_fu_1069_p2  |   icmp   |      0|  0|  11|           8|           8|
    |icmp_ln113_fu_1052_p2    |   icmp   |      0|  0|  13|           8|           9|
    |icmp_ln120_1_fu_1124_p2  |   icmp   |      0|  0|  11|           8|           8|
    |icmp_ln120_fu_1107_p2    |   icmp   |      0|  0|  13|           8|           9|
    |icmp_ln127_1_fu_1179_p2  |   icmp   |      0|  0|  11|           8|           8|
    |icmp_ln127_fu_1162_p2    |   icmp   |      0|  0|  13|           8|           9|
    |icmp_ln134_1_fu_1251_p2  |   icmp   |      0|  0|  11|           8|           8|
    |icmp_ln134_fu_1234_p2    |   icmp   |      0|  0|  13|           8|           9|
    |icmp_ln157_1_fu_1346_p2  |   icmp   |      0|  0|  13|           8|           9|
    |icmp_ln157_fu_1317_p2    |   icmp   |      0|  0|   9|           4|           4|
    |icmp_ln32_1_fu_1283_p2   |   icmp   |      0|  0|  13|           8|           9|
    |icmp_ln32_fu_1211_p2     |   icmp   |      0|  0|  13|           8|           9|
    |icmp_ln43_fu_1377_p2     |   icmp   |      0|  0|   9|           4|           4|
    |icmp_ln67_fu_850_p2      |   icmp   |      0|  0|  11|           7|           2|
    |icmp_ln68_fu_867_p2      |   icmp   |      0|  0|  11|           7|           2|
    |icmp_ln69_fu_884_p2      |   icmp   |      0|  0|  11|           7|           2|
    |icmp_ln70_fu_901_p2      |   icmp   |      0|  0|  11|           7|           2|
    |icmp_ln71_fu_918_p2      |   icmp   |      0|  0|  11|           7|           2|
    |icmp_ln72_fu_935_p2      |   icmp   |      0|  0|  11|           7|           2|
    |icmp_ln762_fu_1305_p2    |   icmp   |      0|  0|   9|           4|           4|
    |icmp_ln78_fu_941_p2      |   icmp   |      0|  0|  11|           5|           4|
    +-------------------------+----------+-------+---+----+------------+------------+
    |Total                    |          |      0|  0| 823|         482|         290|
    +-------------------------+----------+-------+---+----+------------+------------+

    * Multiplexer: 
    +--------------------------------------+-----+-----------+-----+-----------+
    |                 Name                 | LUT | Input Size| Bits| Total Bits|
    +--------------------------------------+-----+-----------+-----+-----------+
    |Bias0_c_ce0                           |    9|          2|    1|          2|
    |Bias0_f_ce0                           |    9|          2|    1|          2|
    |Bias0_i_ce0                           |    9|          2|    1|          2|
    |Bias0_o_ce0                           |    9|          2|    1|          2|
    |C_t_address0                          |   33|          6|    7|         42|
    |C_t_ce0                               |   27|          5|    1|          5|
    |C_t_d0                                |   21|          4|   32|        128|
    |C_t_we0                               |   21|          4|    1|          4|
    |ap_NS_fsm                             |  515|        118|    1|        118|
    |c3_0_reg_618                          |    9|          2|    8|         16|
    |c5_0_reg_652                          |    9|          2|    8|         16|
    |c7_0_reg_697                          |    9|          2|    8|         16|
    |c9_0_reg_741                          |    9|          2|    8|         16|
    |c_0_reg_584                           |    9|          2|    8|         16|
    |gate_f_address0                       |   21|          4|    7|         28|
    |gate_f_ce0                            |   21|          4|    1|          4|
    |gate_f_d0                             |   15|          3|   32|         96|
    |gate_f_we0                            |   15|          3|    1|          3|
    |gate_i_address0                       |   21|          4|    7|         28|
    |gate_i_ce0                            |   21|          4|    1|          4|
    |gate_i_d0                             |   15|          3|   32|         96|
    |gate_i_we0                            |   15|          3|    1|          3|
    |gate_o_address0                       |   21|          4|    7|         28|
    |gate_o_ce0                            |   21|          4|    1|          4|
    |gate_o_d0                             |   15|          3|   32|         96|
    |gate_o_we0                            |   15|          3|    1|          3|
    |grp_fu_804_p0                         |   15|          3|   32|         96|
    |grp_fu_804_p1                         |   15|          3|   32|         96|
    |grp_fu_808_p0                         |   33|          6|   32|        192|
    |grp_fu_808_p1                         |   15|          3|   32|         96|
    |grp_generic_tanh_float_s_fu_769_t_in  |   15|          3|   32|         96|
    |grp_geva_1_fu_782_a_q0                |   33|          6|   32|        192|
    |grp_geva_1_fu_782_res_q0              |   15|          3|   32|         96|
    |grp_hprod_fu_792_a_q0                 |   21|          4|   32|        128|
    |grp_hprod_fu_792_b_q0                 |   21|          4|   32|        128|
    |h_t_address0                          |   27|          5|    7|         35|
    |h_t_ce0                               |   15|          3|    1|          3|
    |h_t_d0                                |   15|          3|   32|         96|
    |h_t_we0                               |   15|          3|    1|          3|
    |i_0_i18_reg_752                       |    9|          2|    4|          8|
    |i_0_i9_reg_708                        |    9|          2|    8|         16|
    |i_0_i_reg_663                         |    9|          2|    8|         16|
    |i_0_reg_526                           |    9|          2|    5|         10|
    |j1_0_reg_549                          |    9|          2|    8|         16|
    |j_0_reg_537                           |    9|          2|    5|         10|
    |p_0_rec_i_i_reg_719                   |    9|          2|    4|          8|
    |phi_ln67_reg_460                      |    9|          2|    7|         14|
    |phi_ln68_reg_471                      |    9|          2|    7|         14|
    |phi_ln69_reg_482                      |    9|          2|    7|         14|
    |phi_ln70_reg_493                      |    9|          2|    7|         14|
    |phi_ln71_reg_504                      |    9|          2|    7|         14|
    |phi_ln72_reg_515                      |    9|          2|    7|         14|
    |phi_mul889_reg_606                    |    9|          2|   15|         30|
    |phi_mul891_reg_640                    |    9|          2|   15|         30|
    |phi_mul893_reg_685                    |    9|          2|   15|         30|
    |phi_mul_reg_572                       |    9|          2|   15|         30|
    |r2_0_reg_595                          |    9|          2|    8|         16|
    |r4_0_reg_629                          |    9|          2|    8|         16|
    |r6_0_reg_674                          |    9|          2|    8|         16|
    |r8_0_reg_730                          |    9|          2|    4|          8|
    |r_0_reg_561                           |    9|          2|    8|         16|
    |res_address0                          |   27|          5|    4|         20|
    |res_d0                                |   15|          3|   32|         96|
    |stat_C_address0                       |   21|          4|    7|         28|
    |stat_C_ce0                            |   15|          3|    1|          3|
    |stat_C_d0                             |   15|          3|   32|         96|
    |vec_i_address0                        |   38|          7|    8|         56|
    |vec_i_d0                              |   15|          3|   32|         96|
    |vec_tmp_address0                      |   56|         13|    7|         91|
    |vec_tmp_ce0                           |   41|          8|    1|          8|
    |vec_tmp_d0                            |   33|          6|   32|        192|
    |vec_tmp_we0                           |   27|          5|    1|          5|
    +--------------------------------------+-----+-----------+-----+-----------+
    |Total                                 | 1670|        350|  875|       3086|
    +--------------------------------------+-----+-----------+-----+-----------+

    * Register: 
    +----------------------------------------------+-----+----+-----+-----------+
    |                     Name                     |  FF | LUT| Bits| Const Bits|
    +----------------------------------------------+-----+----+-----+-----------+
    |Bias_lc_load_reg_1759                         |   32|   0|   32|          0|
    |C_t_load_reg_1682                             |   32|   0|   32|          0|
    |Weight0_c_load_reg_1600                       |   32|   0|   32|          0|
    |Weight0_f_load_reg_1518                       |   32|   0|   32|          0|
    |Weight0_i_load_reg_1559                       |   32|   0|   32|          0|
    |Weight0_o_load_reg_1659                       |   32|   0|   32|          0|
    |Weight_lc_load_reg_1731                       |   32|   0|   32|          0|
    |add_ln113_1_reg_1482                          |   15|   0|   15|          0|
    |add_ln120_1_reg_1523                          |   15|   0|   15|          0|
    |add_ln127_1_reg_1564                          |   15|   0|   15|          0|
    |add_ln134_1_reg_1623                          |   15|   0|   15|          0|
    |ap_CS_fsm                                     |  117|   0|  117|          0|
    |c3_0_reg_618                                  |    8|   0|    8|          0|
    |c5_0_reg_652                                  |    8|   0|    8|          0|
    |c7_0_reg_697                                  |    8|   0|    8|          0|
    |c9_0_reg_741                                  |    8|   0|    8|          0|
    |c_0_reg_584                                   |    8|   0|    8|          0|
    |c_1_reg_1503                                  |    8|   0|    8|          0|
    |c_2_reg_1544                                  |    8|   0|    8|          0|
    |c_3_reg_1585                                  |    8|   0|    8|          0|
    |c_4_reg_1644                                  |    8|   0|    8|          0|
    |c_reg_1716                                    |    8|   0|    8|          0|
    |grp_fill_n_fu_799_ap_start_reg                |    1|   0|    1|          0|
    |grp_generic_tanh_float_s_fu_769_ap_start_reg  |    1|   0|    1|          0|
    |grp_geva_1_fu_782_ap_start_reg                |    1|   0|    1|          0|
    |grp_hprod_fu_792_ap_start_reg                 |    1|   0|    1|          0|
    |grp_sigmoid_fu_763_ap_start_reg               |    1|   0|    1|          0|
    |h_t_load_reg_1736                             |   32|   0|   32|          0|
    |i_0_i18_reg_752                               |    4|   0|    4|          0|
    |i_0_i9_reg_708                                |    8|   0|    8|          0|
    |i_0_i_reg_663                                 |    8|   0|    8|          0|
    |i_0_reg_526                                   |    5|   0|    5|          0|
    |i_2_reg_1608                                  |    8|   0|    8|          0|
    |i_3_reg_1446                                  |    5|   0|    5|          0|
    |i_4_reg_1667                                  |    8|   0|    8|          0|
    |i_reg_1744                                    |    4|   0|    4|          0|
    |j1_0_reg_549                                  |    8|   0|    8|          0|
    |j_0_reg_537                                   |    5|   0|    5|          0|
    |j_1_reg_1472                                  |    8|   0|    8|          0|
    |j_reg_1459                                    |    5|   0|    5|          0|
    |p_0_rec_i_i_reg_719                           |    4|   0|    4|          0|
    |phi_ln67_reg_460                              |    7|   0|    7|          0|
    |phi_ln68_reg_471                              |    7|   0|    7|          0|
    |phi_ln69_reg_482                              |    7|   0|    7|          0|
    |phi_ln70_reg_493                              |    7|   0|    7|          0|
    |phi_ln71_reg_504                              |    7|   0|    7|          0|
    |phi_ln72_reg_515                              |    7|   0|    7|          0|
    |phi_mul889_reg_606                            |   15|   0|   15|          0|
    |phi_mul891_reg_640                            |   15|   0|   15|          0|
    |phi_mul893_reg_685                            |   15|   0|   15|          0|
    |phi_mul_reg_572                               |   15|   0|   15|          0|
    |r2_0_reg_595                                  |    8|   0|    8|          0|
    |r4_0_reg_629                                  |    8|   0|    8|          0|
    |r6_0_reg_674                                  |    8|   0|    8|          0|
    |r8_0_reg_730                                  |    4|   0|    4|          0|
    |r_0_reg_561                                   |    8|   0|    8|          0|
    |r_1_reg_1490                                  |    8|   0|    8|          0|
    |r_2_reg_1531                                  |    8|   0|    8|          0|
    |r_3_reg_1572                                  |    8|   0|    8|          0|
    |r_4_reg_1631                                  |    8|   0|    8|          0|
    |r_reg_1698                                    |    4|   0|    4|          0|
    |reg_812                                       |   32|   0|   32|          0|
    |reg_817                                       |   32|   0|   32|          0|
    |reg_822                                       |   32|   0|   32|          0|
    |reg_828                                       |   32|   0|   32|          0|
    |reg_834                                       |   32|   0|   32|          0|
    |res_addr_2_reg_1754                           |    4|   0|    4|          0|
    |res_addr_reg_1708                             |    4|   0|    4|          0|
    |sub_ln106_reg_1451                            |    9|   0|   11|          2|
    |vec_tmp_addr_1_reg_1536                       |    7|   0|    7|          0|
    |vec_tmp_addr_2_reg_1577                       |    7|   0|    7|          0|
    |vec_tmp_addr_4_reg_1636                       |    7|   0|    7|          0|
    |vec_tmp_addr_reg_1495                         |    7|   0|    7|          0|
    |zext_ln157_2_reg_1703                         |    4|   0|   12|          8|
    |zext_ln34_1_reg_1672                          |    8|   0|   64|         56|
    |zext_ln34_reg_1613                            |    8|   0|   64|         56|
    +----------------------------------------------+-----+----+-----+-----------+
    |Total                                         |  997|   0| 1119|        122|
    +----------------------------------------------+-----+----+-----+-----------+



================================================================
== Interface
================================================================
* Summary: 
+------------------+-----+-----+------------+--------------+--------------+
|     RTL Ports    | Dir | Bits|  Protocol  | Source Object|    C Type    |
+------------------+-----+-----+------------+--------------+--------------+
|ap_clk            |  in |    1| ap_ctrl_hs |     infer    | return value |
|ap_rst            |  in |    1| ap_ctrl_hs |     infer    | return value |
|ap_start          |  in |    1| ap_ctrl_hs |     infer    | return value |
|ap_done           | out |    1| ap_ctrl_hs |     infer    | return value |
|ap_idle           | out |    1| ap_ctrl_hs |     infer    | return value |
|ap_ready          | out |    1| ap_ctrl_hs |     infer    | return value |
|input_r_address0  | out |   10|  ap_memory |    input_r   |     array    |
|input_r_ce0       | out |    1|  ap_memory |    input_r   |     array    |
|input_r_q0        |  in |   32|  ap_memory |    input_r   |     array    |
|res_address0      | out |    4|  ap_memory |      res     |     array    |
|res_ce0           | out |    1|  ap_memory |      res     |     array    |
|res_we0           | out |    1|  ap_memory |      res     |     array    |
|res_d0            | out |   32|  ap_memory |      res     |     array    |
|res_q0            |  in |   32|  ap_memory |      res     |     array    |
+------------------+-----+-----+------------+--------------+--------------+

