

================================================================
== Vivado HLS Report for 'LSTM_Top'
================================================================
* Date:           Thu May 22 20:21:43 2025

* Version:        2019.2 (Build 2704478 on Wed Nov 06 22:10:23 MST 2019)
* Project:        lstm_hls
* Solution:       solution1
* Product family: zynq
* Target device:  xc7z020-clg400-1


================================================================
== Performance Estimates
================================================================
+ Timing: 
    * Summary: 
    +--------+----------+----------+------------+
    |  Clock |  Target  | Estimated| Uncertainty|
    +--------+----------+----------+------------+
    |ap_clk  | 10.00 ns | 9.514 ns |   1.25 ns  |
    +--------+----------+----------+------------+

+ Latency: 
    * Summary: 
    +----------+----------+-----------+-----------+----------+----------+---------+
    |   Latency (cycles)  |   Latency (absolute)  |       Interval      | Pipeline|
    |    min   |    max   |    min    |    max    |    min   |    max   |   Type  |
    +----------+----------+-----------+-----------+----------+----------+---------+
    |  27795943|  28226023| 0.278 sec | 0.282 sec |  27795943|  28226023|   none  |
    +----------+----------+-----------+-----------+----------+----------+---------+

    + Detail: 
        * Instance: 
        +----------------------+------------+----------+----------+-----------+-----------+----------+----------+---------+
        |                      |            |   Latency (cycles)  |   Latency (absolute)  |       Interval      | Pipeline|
        |       Instance       |   Module   |    min   |    max   |    min    |    max    |    min   |    max   |   Type  |
        +----------------------+------------+----------+----------+-----------+-----------+----------+----------+---------+
        |grp_mnist_lstm_fu_76  |mnist_lstm  |  27795940|  28226020| 0.278 sec | 0.282 sec |  27795940|  28226020|   none  |
        +----------------------+------------+----------+----------+-----------+-----------+----------+----------+---------+

        * Loop: 
        N/A



================================================================
== Utilization Estimates
================================================================
* Summary: 
+-----------------+---------+-------+--------+-------+-----+
|       Name      | BRAM_18K| DSP48E|   FF   |  LUT  | URAM|
+-----------------+---------+-------+--------+-------+-----+
|DSP              |        -|      -|       -|      -|    -|
|Expression       |        -|      -|       0|      2|    -|
|FIFO             |        -|      -|       -|      -|    -|
|Instance         |      289|     76|   14066|  21245|    0|
|Memory           |        -|      -|       -|      -|    -|
|Multiplexer      |        -|      -|       -|     36|    -|
|Register         |        -|      -|       5|      -|    -|
+-----------------+---------+-------+--------+-------+-----+
|Total            |      289|     76|   14071|  21283|    0|
+-----------------+---------+-------+--------+-------+-----+
|Available        |      280|    220|  106400|  53200|    0|
+-----------------+---------+-------+--------+-------+-----+
|Utilization (%)  |      103|     34|      13|     40|    0|
+-----------------+---------+-------+--------+-------+-----+

+ Detail: 
    * Instance: 
    +----------------------+------------+---------+-------+-------+-------+-----+
    |       Instance       |   Module   | BRAM_18K| DSP48E|   FF  |  LUT  | URAM|
    +----------------------+------------+---------+-------+-------+-------+-----+
    |grp_mnist_lstm_fu_76  |mnist_lstm  |      289|     76|  14066|  21245|    0|
    +----------------------+------------+---------+-------+-------+-------+-----+
    |Total                 |            |      289|     76|  14066|  21245|    0|
    +----------------------+------------+---------+-------+-------+-------+-----+

    * DSP48E: 
    N/A

    * Memory: 
    N/A

    * FIFO: 
    N/A

    * Expression: 
    +-----------------------------------+----------+-------+---+----+------------+------------+
    |           Variable Name           | Operation| DSP48E| FF| LUT| Bitwidth P0| Bitwidth P1|
    +-----------------------------------+----------+-------+---+----+------------+------------+
    |grp_mnist_lstm_fu_76_out_r_TREADY  |    and   |      0|  0|   2|           1|           1|
    +-----------------------------------+----------+-------+---+----+------------+------------+
    |Total                              |          |      0|  0|   2|           1|           1|
    +-----------------------------------+----------+-------+---+----+------------+------------+

    * Multiplexer: 
    +-----------------+----+-----------+-----+-----------+
    |       Name      | LUT| Input Size| Bits| Total Bits|
    +-----------------+----+-----------+-----+-----------+
    |ap_NS_fsm        |  27|          5|    1|          5|
    |in_r_TREADY_int  |   9|          2|    1|          2|
    +-----------------+----+-----------+-----+-----------+
    |Total            |  36|          7|    2|          7|
    +-----------------+----+-----------+-----+-----------+

    * Register: 
    +-----------------------------------+---+----+-----+-----------+
    |                Name               | FF| LUT| Bits| Const Bits|
    +-----------------------------------+---+----+-----+-----------+
    |ap_CS_fsm                          |  4|   0|    4|          0|
    |grp_mnist_lstm_fu_76_ap_start_reg  |  1|   0|    1|          0|
    +-----------------------------------+---+----+-----+-----------+
    |Total                              |  5|   0|    5|          0|
    +-----------------------------------+---+----+-----+-----------+



================================================================
== Interface
================================================================
* Summary: 
+--------------+-----+-----+--------------+--------------+--------------+
|   RTL Ports  | Dir | Bits|   Protocol   | Source Object|    C Type    |
+--------------+-----+-----+--------------+--------------+--------------+
|ap_clk        |  in |    1| ap_ctrl_none |   LSTM_Top   | return value |
|ap_rst_n      |  in |    1| ap_ctrl_none |   LSTM_Top   | return value |
|in_r_TDATA    |  in |   32|     axis     |   in_data_V  |    pointer   |
|in_r_TVALID   |  in |    1|     axis     |   in_dest_V  |    pointer   |
|in_r_TREADY   | out |    1|     axis     |   in_dest_V  |    pointer   |
|in_r_TDEST    |  in |    1|     axis     |   in_dest_V  |    pointer   |
|in_r_TKEEP    |  in |    4|     axis     |   in_keep_V  |    pointer   |
|in_r_TSTRB    |  in |    4|     axis     |   in_strb_V  |    pointer   |
|in_r_TUSER    |  in |    1|     axis     |   in_user_V  |    pointer   |
|in_r_TLAST    |  in |    1|     axis     |   in_last_V  |    pointer   |
|in_r_TID      |  in |    1|     axis     |    in_id_V   |    pointer   |
|out_r_TDATA   | out |   32|     axis     |  out_data_V  |    pointer   |
|out_r_TVALID  | out |    1|     axis     |  out_dest_V  |    pointer   |
|out_r_TREADY  |  in |    1|     axis     |  out_dest_V  |    pointer   |
|out_r_TDEST   | out |    1|     axis     |  out_dest_V  |    pointer   |
|out_r_TKEEP   | out |    4|     axis     |  out_keep_V  |    pointer   |
|out_r_TSTRB   | out |    4|     axis     |  out_strb_V  |    pointer   |
|out_r_TUSER   | out |    1|     axis     |  out_user_V  |    pointer   |
|out_r_TLAST   | out |    1|     axis     |  out_last_V  |    pointer   |
|out_r_TID     | out |    1|     axis     |   out_id_V   |    pointer   |
+--------------+-----+-----+--------------+--------------+--------------+

