INFO: [SIM 2] *************** CSIM start ***************
INFO: [SIM 4] CSIM will launch CLANG as the compiler.
   Compiling ../../../main.cpp in debug mode
   Compiling ../../../rnn.cpp in debug mode
   Generating csim.exe
Testing all images...
now:0
now:1
now:2
now:3
now:4
now:5
now:6
now:7
now:8
now:9
now:10
now:11
now:12
now:13
now:14
now:15
now:16
now:17
now:18
now:19
now:20
now:21
now:22
now:23
now:24
now:25
now:26
now:27
now:28
now:29
now:30
now:31
now:32
now:33
now:34
now:35
now:36
now:37
now:38
now:39
now:40
now:41
now:42
now:43
now:44
now:45
now:46
now:47
now:48
now:49
now:50
now:51
now:52
now:53
now:54
now:55
now:56
now:57
now:58
now:59
now:60
now:61
now:62
now:63
now:64
now:65
now:66
now:67
now:68
now:69
now:70
now:71
now:72
now:73
now:74
now:75
now:76
now:77
now:78
now:79
now:80
now:81
now:82
now:83
now:84
now:85
now:86
now:87
now:88
now:89
now:90
now:91
now:92
now:93
now:94
now:95
now:96
now:97
now:98
now:99
now:100
now:101
now:102
now:103
now:104
now:105
now:106
now:107
now:108
now:109
now:110
now:111
now:112
now:113
now:114
now:115
now:116
now:117
now:118
now:119
now:120
now:121
now:122
now:123
now:124
now:125
now:126
now:127
now:128
now:129
now:130
now:131
now:132
now:133
now:134
now:135
now:136
now:137
now:138
now:139
now:140
now:141
now:142
now:143
now:144
now:145
now:146
now:147
now:148
now:149
now:150
now:151
now:152
now:153
now:154
now:155
now:156
now:157
now:158
now:159
now:160
now:161
now:162
now:163
now:164
now:165
now:166
now:167
now:168
now:169
now:170
now:171
now:172
now:173
now:174
now:175
now:176
now:177
now:178
now:179
now:180
now:181
now:182
now:183
now:184
now:185
now:186
now:187
now:188
now:189
now:190
now:191
now:192
now:193
now:194
now:195
now:196
now:197
now:198
now:199
now:200
now:201
now:202
now:203
now:204
now:205
now:206
now:207
now:208
now:209
now:210
now:211
now:212
now:213
now:214
now:215
now:216
now:217
now:218
now:219
now:220
now:221
now:222
now:223
now:224
now:225
now:226
now:227
now:228
now:229
now:230
now:231
now:232
now:233
now:234
now:235
now:236
now:237
now:238
now:239
now:240
now:241
now:242
now:243
now:244
now:245
now:246
now:247
now:248
now:249
now:250
now:251
now:252
now:253
now:254
now:255
now:256
now:257
now:258
now:259
now:260
now:261
now:262
now:263
now:264
now:265
now:266
now:267
now:268
now:269
now:270
now:271
now:272
now:273
now:274
now:275
now:276
now:277
now:278
now:279
now:280
now:281
now:282
now:283
now:284
now:285
now:286
now:287
now:288
now:289
now:290
now:291
now:292
now:293
now:294
now:295
now:296
now:297
now:298
now:299
now:300
now:301
now:302
now:303
now:304
now:305
now:306
now:307
now:308
now:309
now:310
now:311
now:312
now:313
now:314
now:315
now:316
now:317
now:318
now:319
now:320
now:321
now:322
now:323
now:324
now:325
now:326
now:327
now:328
now:329
now:330
now:331
now:332
now:333
now:334
now:335
now:336
now:337
now:338
now:339
now:340
now:341
now:342
now:343
now:344
now:345
now:346
now:347
now:348
now:349
now:350
now:351
now:352
now:353
now:354
now:355
now:356
now:357
now:358
now:359
now:360
now:361
now:362
now:363
now:364
now:365
now:366
now:367
now:368
now:369
now:370
now:371
now:372
now:373
now:374
now:375
now:376
now:377
now:378
now:379
now:380
now:381
now:382
now:383
now:384
now:385
now:386
now:387
now:388
now:389
now:390
now:391
now:392
now:393
now:394
now:395
now:396
now:397
now:398
now:399
now:400
now:401
now:402
now:403
now:404
now:405
now:406
now:407
now:408
now:409
now:410
now:411
now:412
now:413
now:414
now:415
now:416
now:417
now:418
now:419
now:420
now:421
now:422
now:423
now:424
now:425
now:426
now:427
now:428
now:429
now:430
now:431
now:432
now:433
now:434
now:435
now:436
now:437
now:438
now:439
now:440
now:441
now:442
now:443
now:444
now:445
now:446
now:447
now:448
now:449
now:450
now:451
now:452
now:453
now:454
now:455
now:456
now:457
now:458
now:459
now:460
now:461
now:462
now:463
now:464
now:465
now:466
now:467
now:468
now:469
now:470
now:471
now:472
now:473
now:474
now:475
now:476
now:477
now:478
now:479
now:480
now:481
now:482
now:483
now:484
now:485
now:486
now:487
now:488
now:489
now:490
now:491
now:492
now:493
now:494
now:495
now:496
now:497
now:498
now:499
now:500
now:501
now:502
now:503
now:504
now:505
now:506
now:507
now:508
now:509
now:510
now:511
now:512
now:513
now:514
now:515
now:516
now:517
now:518
now:519
now:520
now:521
now:522
now:523
now:524
now:525
now:526
now:527
now:528
now:529
now:530
now:531
now:532
now:533
now:534
now:535
now:536
now:537
now:538
now:539
now:540
now:541
now:542
now:543
now:544
now:545
now:546
now:547
now:548
now:549
now:550
now:551
now:552
now:553
now:554
now:555
now:556
now:557
now:558
now:559
now:560
now:561
now:562
now:563
now:564
now:565
now:566
now:567
now:568
now:569
now:570
now:571
now:572
now:573
now:574
now:575
now:576
now:577
now:578
now:579
now:580
now:581
now:582
now:583
now:584
now:585
now:586
now:587
now:588
now:589
now:590
now:591
now:592
now:593
now:594
now:595
now:596
now:597
now:598
now:599
now:600
now:601
now:602
now:603
now:604
now:605
now:606
now:607
now:608
now:609
now:610
now:611
now:612
now:613
now:614
now:615
now:616
now:617
now:618
now:619
now:620
now:621
now:622
now:623
now:624
now:625
now:626
now:627
now:628
now:629
now:630
now:631
now:632
now:633
now:634
now:635
now:636
now:637
now:638
now:639
now:640
now:641
now:642
now:643
now:644
now:645
now:646
now:647
now:648
now:649
now:650
now:651
now:652
now:653
now:654
now:655
now:656
now:657
now:658
now:659
now:660
now:661
now:662
now:663
now:664
now:665
now:666
now:667
now:668
now:669
now:670
now:671
now:672
now:673
now:674
now:675
now:676
now:677
now:678
now:679
now:680
now:681
now:682
now:683
now:684
now:685
now:686
now:687
now:688
now:689
now:690
now:691
now:692
now:693
now:694
now:695
now:696
now:697
now:698
now:699
now:700
now:701
now:702
now:703
now:704
now:705
now:706
now:707
now:708
now:709
now:710
now:711
now:712
now:713
now:714
now:715
now:716
now:717
now:718
now:719
now:720
now:721
now:722
now:723
now:724
now:725
now:726
now:727
now:728
now:729
now:730
now:731
now:732
now:733
now:734
now:735
now:736
now:737
now:738
now:739
now:740
now:741
now:742
now:743
now:744
now:745
now:746
now:747
now:748
now:749
now:750
now:751
now:752
now:753
now:754
now:755
now:756
now:757
now:758
now:759
now:760
now:761
now:762
now:763
now:764
now:765
now:766
now:767
now:768
now:769
now:770
now:771
now:772
now:773
now:774
now:775
now:776
now:777
now:778
now:779
now:780
now:781
now:782
now:783
now:784
now:785
now:786
now:787
now:788
now:789
now:790
now:791
now:792
now:793
now:794
now:795
now:796
now:797
now:798
now:799
now:800
now:801
now:802
now:803
now:804
now:805
now:806
now:807
now:808
now:809
now:810
now:811
now:812
now:813
now:814
now:815
now:816
now:817
now:818
now:819
now:820
now:821
now:822
now:823
now:824
now:825
now:826
now:827
now:828
now:829
now:830
now:831
now:832
now:833
now:834
now:835
now:836
now:837
now:838
now:839
now:840
now:841
now:842
now:843
now:844
now:845
now:846
now:847
now:848
now:849
now:850
now:851
now:852
now:853
now:854
now:855
now:856
now:857
now:858
now:859
now:860
now:861
now:862
now:863
now:864
now:865
now:866
now:867
now:868
now:869
now:870
now:871
now:872
now:873
now:874
now:875
now:876
now:877
now:878
now:879
now:880
now:881
now:882
now:883
now:884
now:885
now:886
now:887
now:888
now:889
now:890
now:891
now:892
now:893
now:894
now:895
now:896
now:897
now:898
now:899
now:900
now:901
now:902
now:903
now:904
now:905
now:906
now:907
now:908
now:909
now:910
now:911
now:912
now:913
now:914
now:915
now:916
now:917
now:918
now:919
now:920
now:921
now:922
now:923
now:924
now:925
now:926
now:927
now:928
now:929
now:930
now:931
now:932
now:933
now:934
now:935
now:936
now:937
now:938
now:939
now:940
now:941
now:942
now:943
now:944
now:945
now:946
now:947
now:948
now:949
now:950
now:951
now:952
now:953
now:954
now:955
now:956
now:957
now:958
now:959
now:960
now:961
now:962
now:963
now:964
now:965
now:966
now:967
now:968
now:969
now:970
now:971
now:972
now:973
now:974
now:975
now:976
now:977
now:978
now:979
now:980
now:981
now:982
now:983
now:984
now:985
now:986
now:987
now:988
now:989
now:990
now:991
now:992
now:993
now:994
now:995
now:996
now:997
now:998
now:999
now:1000
now:1001
now:1002
now:1003
now:1004
now:1005
now:1006
now:1007
now:1008
now:1009
now:1010
now:1011
now:1012
now:1013
now:1014
now:1015
now:1016
now:1017
now:1018
now:1019
now:1020
now:1021
now:1022
now:1023
now:1024
now:1025
now:1026
now:1027
now:1028
now:1029
now:1030
now:1031
now:1032
now:1033
now:1034
now:1035
now:1036
now:1037
now:1038
now:1039
now:1040
now:1041
now:1042
now:1043
now:1044
now:1045
now:1046
now:1047
now:1048
now:1049
now:1050
now:1051
now:1052
now:1053
now:1054
now:1055
now:1056
now:1057
now:1058
now:1059
now:1060
now:1061
now:1062
now:1063
now:1064
now:1065
now:1066
now:1067
now:1068
now:1069
now:1070
now:1071
now:1072
now:1073
now:1074
now:1075
now:1076
now:1077
now:1078
now:1079
now:1080
now:1081
now:1082
now:1083
now:1084
now:1085
now:1086
now:1087
now:1088
now:1089
now:1090
now:1091
now:1092
now:1093
now:1094
now:1095
now:1096
now:1097
now:1098
now:1099
now:1100
now:1101
now:1102
now:1103
now:1104
now:1105
now:1106
now:1107
now:1108
now:1109
now:1110
now:1111
now:1112
now:1113
now:1114
now:1115
now:1116
now:1117
now:1118
now:1119
now:1120
now:1121
now:1122
now:1123
now:1124
now:1125
now:1126
now:1127
now:1128
now:1129
now:1130
now:1131
now:1132
now:1133
now:1134
now:1135
now:1136
now:1137
now:1138
now:1139
now:1140
now:1141
now:1142
now:1143
now:1144
now:1145
now:1146
now:1147
now:1148
now:1149
now:1150
now:1151
now:1152
now:1153
now:1154
now:1155
now:1156
now:1157
now:1158
now:1159
now:1160
now:1161
now:1162
now:1163
now:1164
now:1165
now:1166
now:1167
now:1168
now:1169
now:1170
now:1171
now:1172
now:1173
now:1174
now:1175
now:1176
now:1177
now:1178
now:1179
now:1180
now:1181
now:1182
now:1183
now:1184
now:1185
now:1186
now:1187
now:1188
now:1189
now:1190
now:1191
now:1192
now:1193
now:1194
now:1195
now:1196
now:1197
now:1198
now:1199
now:1200
now:1201
now:1202
now:1203
now:1204
now:1205
now:1206
now:1207
now:1208
now:1209
now:1210
now:1211
now:1212
now:1213
now:1214
now:1215
now:1216
now:1217
now:1218
now:1219
now:1220
now:1221
now:1222
now:1223
now:1224
now:1225
now:1226
now:1227
now:1228
now:1229
now:1230
now:1231
now:1232
now:1233
now:1234
now:1235
now:1236
now:1237
now:1238
now:1239
now:1240
now:1241
now:1242
now:1243
now:1244
now:1245
now:1246
now:1247
now:1248
now:1249
now:1250
now:1251
now:1252
now:1253
now:1254
now:1255
now:1256
now:1257
now:1258
now:1259
now:1260
now:1261
now:1262
now:1263
now:1264
now:1265
now:1266
now:1267
now:1268
now:1269
now:1270
now:1271
now:1272
now:1273
now:1274
now:1275
now:1276
now:1277
now:1278
now:1279
now:1280
now:1281
now:1282
now:1283
now:1284
now:1285
now:1286
now:1287
now:1288
now:1289
now:1290
now:1291
now:1292
now:1293
now:1294
now:1295
now:1296
now:1297
now:1298
now:1299
now:1300
now:1301
now:1302
now:1303
now:1304
now:1305
now:1306
now:1307
now:1308
now:1309
now:1310
now:1311
now:1312
now:1313
now:1314
now:1315
now:1316
now:1317
now:1318
now:1319
now:1320
now:1321
now:1322
now:1323
now:1324
now:1325
now:1326
now:1327
now:1328
now:1329
now:1330
now:1331
now:1332
now:1333
now:1334
now:1335
now:1336
now:1337
now:1338
now:1339
now:1340
now:1341
now:1342
now:1343
now:1344
now:1345
now:1346
now:1347
now:1348
now:1349
now:1350
now:1351
now:1352
now:1353
now:1354
now:1355
now:1356
now:1357
now:1358
now:1359
now:1360
now:1361
now:1362
now:1363
now:1364
now:1365
now:1366
now:1367
now:1368
now:1369
now:1370
now:1371
now:1372
now:1373
now:1374
now:1375
now:1376
now:1377
now:1378
now:1379
now:1380
now:1381
now:1382
now:1383
now:1384
now:1385
now:1386
now:1387
now:1388
now:1389
now:1390
now:1391
now:1392
now:1393
now:1394
now:1395
now:1396
now:1397
now:1398
now:1399
now:1400
now:1401
now:1402
now:1403
now:1404
now:1405
now:1406
now:1407
now:1408
now:1409
now:1410
now:1411
now:1412
now:1413
now:1414
now:1415
now:1416
now:1417
now:1418
now:1419
now:1420
now:1421
now:1422
now:1423
now:1424
now:1425
now:1426
now:1427
now:1428
now:1429
now:1430
now:1431
now:1432
now:1433
now:1434
now:1435
now:1436
now:1437
now:1438
now:1439
now:1440
now:1441
now:1442
now:1443
now:1444
now:1445
now:1446
now:1447
now:1448
now:1449
now:1450
now:1451
now:1452
now:1453
now:1454
now:1455
now:1456
now:1457
now:1458
now:1459
now:1460
now:1461
now:1462
now:1463
now:1464
now:1465
now:1466
now:1467
now:1468
now:1469
now:1470
now:1471
now:1472
now:1473
now:1474
now:1475
now:1476
now:1477
now:1478
now:1479
now:1480
now:1481
now:1482
now:1483
now:1484
now:1485
now:1486
now:1487
now:1488
now:1489
now:1490
now:1491
now:1492
now:1493
now:1494
now:1495
now:1496
now:1497
now:1498
now:1499
now:1500
now:1501
now:1502
now:1503
now:1504
now:1505
now:1506
now:1507
now:1508
now:1509
now:1510
now:1511
now:1512
now:1513
now:1514
now:1515
now:1516
now:1517
now:1518
now:1519
now:1520
now:1521
now:1522
now:1523
now:1524
now:1525
now:1526
now:1527
now:1528
now:1529
now:1530
now:1531
now:1532
now:1533
now:1534
now:1535
now:1536
now:1537
now:1538
now:1539
now:1540
now:1541
now:1542
now:1543
now:1544
now:1545
now:1546
now:1547
now:1548
now:1549
now:1550
now:1551
now:1552
now:1553
now:1554
now:1555
now:1556
now:1557
now:1558
now:1559
now:1560
now:1561
now:1562
now:1563
now:1564
now:1565
now:1566
now:1567
now:1568
now:1569
now:1570
now:1571
now:1572
now:1573
now:1574
now:1575
now:1576
now:1577
now:1578
now:1579
now:1580
now:1581
now:1582
now:1583
now:1584
now:1585
now:1586
now:1587
now:1588
now:1589
now:1590
now:1591
now:1592
now:1593
now:1594
now:1595
now:1596
now:1597
now:1598
now:1599
now:1600
now:1601
now:1602
now:1603
now:1604
now:1605
now:1606
now:1607
now:1608
now:1609
now:1610
now:1611
now:1612
now:1613
now:1614
now:1615
now:1616
now:1617
now:1618
now:1619
now:1620
now:1621
now:1622
now:1623
now:1624
now:1625
now:1626
now:1627
now:1628
now:1629
now:1630
now:1631
now:1632
now:1633
now:1634
now:1635
now:1636
now:1637
now:1638
now:1639
now:1640
now:1641
now:1642
now:1643
now:1644
now:1645
now:1646
now:1647
now:1648
now:1649
now:1650
now:1651
now:1652
now:1653
now:1654
now:1655
now:1656
now:1657
now:1658
now:1659
now:1660
now:1661
now:1662
now:1663
now:1664
now:1665
now:1666
now:1667
now:1668
now:1669
now:1670
now:1671
now:1672
now:1673
now:1674
now:1675
now:1676
now:1677
now:1678
now:1679
now:1680
now:1681
now:1682
now:1683
now:1684
now:1685
now:1686
now:1687
now:1688
now:1689
now:1690
now:1691
now:1692
now:1693
now:1694
now:1695
now:1696
now:1697
now:1698
now:1699
now:1700
now:1701
now:1702
now:1703
now:1704
now:1705
now:1706
now:1707
now:1708
now:1709
now:1710
now:1711
now:1712
now:1713
now:1714
now:1715
now:1716
now:1717
now:1718
now:1719
now:1720
now:1721
now:1722
now:1723
now:1724
now:1725
now:1726
now:1727
now:1728
now:1729
now:1730
now:1731
now:1732
now:1733
now:1734
now:1735
now:1736
now:1737
now:1738
now:1739
now:1740
now:1741
now:1742
now:1743
now:1744
now:1745
now:1746
now:1747
now:1748
now:1749
now:1750
now:1751
now:1752
now:1753
now:1754
now:1755
now:1756
now:1757
now:1758
now:1759
now:1760
now:1761
now:1762
now:1763
now:1764
now:1765
now:1766
now:1767
now:1768
now:1769
now:1770
now:1771
now:1772
now:1773
now:1774
now:1775
now:1776
now:1777
now:1778
now:1779
now:1780
now:1781
now:1782
now:1783
now:1784
now:1785
now:1786
now:1787
now:1788
now:1789
now:1790
now:1791
now:1792
now:1793
now:1794
now:1795
now:1796
now:1797
now:1798
now:1799
now:1800
now:1801
now:1802
now:1803
now:1804
now:1805
now:1806
now:1807
now:1808
now:1809
now:1810
now:1811
now:1812
now:1813
now:1814
now:1815
now:1816
now:1817
now:1818
now:1819
now:1820
now:1821
now:1822
now:1823
now:1824
now:1825
now:1826
now:1827
now:1828
now:1829
now:1830
now:1831
now:1832
now:1833
now:1834
now:1835
now:1836
now:1837
now:1838
now:1839
now:1840
now:1841
now:1842
now:1843
now:1844
now:1845
now:1846
now:1847
now:1848
now:1849
now:1850
now:1851
now:1852
now:1853
now:1854
now:1855
now:1856
now:1857
now:1858
now:1859
now:1860
now:1861
now:1862
now:1863
now:1864
now:1865
now:1866
now:1867
now:1868
now:1869
now:1870
now:1871
now:1872
now:1873
now:1874
now:1875
now:1876
now:1877
now:1878
now:1879
now:1880
now:1881
now:1882
now:1883
now:1884
now:1885
now:1886
now:1887
now:1888
now:1889
now:1890
now:1891
now:1892
now:1893
now:1894
now:1895
now:1896
now:1897
now:1898
now:1899
now:1900
now:1901
now:1902
now:1903
now:1904
now:1905
now:1906
now:1907
now:1908
now:1909
now:1910
now:1911
now:1912
now:1913
now:1914
now:1915
now:1916
now:1917
now:1918
now:1919
now:1920
now:1921
now:1922
now:1923
now:1924
now:1925
now:1926
now:1927
now:1928
now:1929
now:1930
now:1931
now:1932
now:1933
now:1934
now:1935
now:1936
now:1937
now:1938
now:1939
now:1940
now:1941
now:1942
now:1943
now:1944
now:1945
now:1946
now:1947
now:1948
now:1949
now:1950
now:1951
now:1952
now:1953
now:1954
now:1955
now:1956
now:1957
now:1958
now:1959
now:1960
now:1961
now:1962
now:1963
now:1964
now:1965
now:1966
now:1967
now:1968
now:1969
now:1970
now:1971
now:1972
now:1973
now:1974
now:1975
now:1976
now:1977
now:1978
now:1979
now:1980
now:1981
now:1982
now:1983
now:1984
now:1985
now:1986
now:1987
now:1988
now:1989
now:1990
now:1991
now:1992
now:1993
now:1994
now:1995
now:1996
now:1997
now:1998
now:1999
now:2000
now:2001
now:2002
now:2003
now:2004
now:2005
now:2006
now:2007
now:2008
now:2009
now:2010
now:2011
now:2012
now:2013
now:2014
now:2015
now:2016
now:2017
now:2018
now:2019
now:2020
now:2021
now:2022
now:2023
now:2024
now:2025
now:2026
now:2027
now:2028
now:2029
now:2030
now:2031
now:2032
now:2033
now:2034
now:2035
now:2036
now:2037
now:2038
now:2039
now:2040
now:2041
now:2042
now:2043
now:2044
now:2045
now:2046
now:2047
now:2048
now:2049
now:2050
now:2051
now:2052
now:2053
now:2054
now:2055
now:2056
now:2057
now:2058
now:2059
now:2060
now:2061
now:2062
now:2063
now:2064
now:2065
now:2066
now:2067
now:2068
now:2069
now:2070
now:2071
now:2072
now:2073
now:2074
now:2075
now:2076
now:2077
now:2078
now:2079
now:2080
now:2081
now:2082
now:2083
now:2084
now:2085
now:2086
now:2087
now:2088
now:2089
now:2090
now:2091
now:2092
now:2093
now:2094
now:2095
now:2096
now:2097
now:2098
now:2099
now:2100
now:2101
now:2102
now:2103
now:2104
now:2105
now:2106
now:2107
now:2108
now:2109
now:2110
now:2111
now:2112
now:2113
now:2114
now:2115
now:2116
now:2117
now:2118
now:2119
now:2120
now:2121
now:2122
now:2123
now:2124
now:2125
now:2126
now:2127
now:2128
now:2129
now:2130
now:2131
now:2132
now:2133
now:2134
now:2135
now:2136
now:2137
now:2138
now:2139
now:2140
now:2141
now:2142
now:2143
now:2144
now:2145
now:2146
now:2147
now:2148
now:2149
now:2150
now:2151
now:2152
now:2153
now:2154
now:2155
now:2156
now:2157
now:2158
now:2159
now:2160
now:2161
now:2162
now:2163
now:2164
now:2165
now:2166
now:2167
now:2168
now:2169
now:2170
now:2171
now:2172
now:2173
now:2174
now:2175
now:2176
now:2177
now:2178
now:2179
now:2180
now:2181
now:2182
now:2183
now:2184
now:2185
now:2186
now:2187
now:2188
now:2189
now:2190
now:2191
now:2192
now:2193
now:2194
now:2195
now:2196
now:2197
now:2198
now:2199
now:2200
now:2201
now:2202
now:2203
now:2204
now:2205
now:2206
now:2207
now:2208
now:2209
now:2210
now:2211
now:2212
now:2213
now:2214
now:2215
now:2216
now:2217
now:2218
now:2219
now:2220
now:2221
now:2222
now:2223
now:2224
now:2225
now:2226
now:2227
now:2228
now:2229
now:2230
now:2231
now:2232
now:2233
now:2234
now:2235
now:2236
now:2237
now:2238
now:2239
now:2240
now:2241
now:2242
now:2243
now:2244
now:2245
now:2246
now:2247
now:2248
now:2249
now:2250
now:2251
now:2252
now:2253
now:2254
now:2255
now:2256
now:2257
now:2258
now:2259
now:2260
now:2261
now:2262
now:2263
now:2264
now:2265
now:2266
now:2267
now:2268
now:2269
now:2270
now:2271
now:2272
now:2273
now:2274
now:2275
now:2276
now:2277
now:2278
now:2279
now:2280
now:2281
now:2282
now:2283
now:2284
now:2285
now:2286
now:2287
now:2288
now:2289
now:2290
now:2291
now:2292
now:2293
now:2294
now:2295
now:2296
now:2297
now:2298
now:2299
now:2300
now:2301
now:2302
now:2303
now:2304
now:2305
now:2306
now:2307
now:2308
now:2309
now:2310
now:2311
now:2312
now:2313
now:2314
now:2315
now:2316
now:2317
now:2318
now:2319
now:2320
now:2321
now:2322
now:2323
now:2324
now:2325
now:2326
now:2327
now:2328
now:2329
now:2330
now:2331
now:2332
now:2333
now:2334
now:2335
now:2336
now:2337
now:2338
now:2339
now:2340
now:2341
now:2342
now:2343
now:2344
now:2345
now:2346
now:2347
now:2348
now:2349
now:2350
now:2351
now:2352
now:2353
now:2354
now:2355
now:2356
now:2357
now:2358
now:2359
now:2360
now:2361
now:2362
now:2363
now:2364
now:2365
now:2366
now:2367
now:2368
now:2369
now:2370
now:2371
now:2372
now:2373
now:2374
now:2375
now:2376
now:2377
now:2378
now:2379
now:2380
now:2381
now:2382
now:2383
now:2384
now:2385
now:2386
now:2387
now:2388
now:2389
now:2390
now:2391
now:2392
now:2393
now:2394
now:2395
now:2396
now:2397
now:2398
now:2399
now:2400
now:2401
now:2402
now:2403
now:2404
now:2405
now:2406
now:2407
now:2408
now:2409
now:2410
now:2411
now:2412
now:2413
now:2414
now:2415
now:2416
now:2417
now:2418
now:2419
now:2420
now:2421
now:2422
now:2423
now:2424
now:2425
now:2426
now:2427
now:2428
now:2429
now:2430
now:2431
now:2432
now:2433
now:2434
now:2435
now:2436
now:2437
now:2438
now:2439
now:2440
now:2441
now:2442
now:2443
now:2444
now:2445
now:2446
now:2447
now:2448
now:2449
now:2450
now:2451
now:2452
now:2453
now:2454
now:2455
now:2456
now:2457
now:2458
now:2459
now:2460
now:2461
now:2462
now:2463
now:2464
now:2465
now:2466
now:2467
now:2468
now:2469
now:2470
now:2471
now:2472
now:2473
now:2474
now:2475
now:2476
now:2477
now:2478
now:2479
now:2480
now:2481
now:2482
now:2483
now:2484
now:2485
now:2486
now:2487
now:2488
now:2489
now:2490
now:2491
now:2492
now:2493
now:2494
now:2495
now:2496
now:2497
now:2498
now:2499
now:2500
now:2501
now:2502
now:2503
now:2504
now:2505
now:2506
now:2507
now:2508
now:2509
now:2510
now:2511
now:2512
now:2513
now:2514
now:2515
now:2516
now:2517
now:2518
now:2519
now:2520
now:2521
now:2522
now:2523
now:2524
now:2525
now:2526
now:2527
now:2528
now:2529
now:2530
now:2531
now:2532
now:2533
now:2534
now:2535
now:2536
now:2537
now:2538
now:2539
now:2540
now:2541
now:2542
now:2543
now:2544
now:2545
now:2546
now:2547
now:2548
now:2549
now:2550
now:2551
now:2552
now:2553
now:2554
now:2555
now:2556
now:2557
now:2558
now:2559
now:2560
now:2561
now:2562
now:2563
now:2564
now:2565
now:2566
now:2567
now:2568
now:2569
now:2570
now:2571
now:2572
now:2573
now:2574
now:2575
now:2576
now:2577
now:2578
now:2579
now:2580
now:2581
now:2582
now:2583
now:2584
now:2585
now:2586
now:2587
now:2588
now:2589
now:2590
now:2591
now:2592
now:2593
now:2594
now:2595
now:2596
now:2597
now:2598
now:2599
now:2600
now:2601
now:2602
now:2603
now:2604
now:2605
now:2606
now:2607
now:2608
now:2609
now:2610
now:2611
now:2612
now:2613
now:2614
now:2615
now:2616
now:2617
now:2618
now:2619
now:2620
now:2621
now:2622
now:2623
now:2624
now:2625
now:2626
now:2627
now:2628
now:2629
now:2630
now:2631
now:2632
now:2633
now:2634
now:2635
now:2636
now:2637
now:2638
now:2639
now:2640
now:2641
now:2642
now:2643
now:2644
now:2645
now:2646
now:2647
now:2648
now:2649
now:2650
now:2651
now:2652
now:2653
now:2654
now:2655
now:2656
now:2657
now:2658
now:2659
now:2660
now:2661
now:2662
now:2663
now:2664
now:2665
now:2666
now:2667
now:2668
now:2669
now:2670
now:2671
now:2672
now:2673
now:2674
now:2675
now:2676
now:2677
now:2678
now:2679
now:2680
now:2681
now:2682
now:2683
now:2684
now:2685
now:2686
now:2687
now:2688
now:2689
now:2690
now:2691
now:2692
now:2693
now:2694
now:2695
now:2696
now:2697
now:2698
now:2699
now:2700
now:2701
now:2702
now:2703
now:2704
now:2705
now:2706
now:2707
now:2708
now:2709
now:2710
now:2711
now:2712
now:2713
now:2714
now:2715
now:2716
now:2717
now:2718
now:2719
now:2720
now:2721
now:2722
now:2723
now:2724
now:2725
now:2726
now:2727
now:2728
now:2729
now:2730
now:2731
now:2732
now:2733
now:2734
now:2735
now:2736
now:2737
now:2738
now:2739
now:2740
now:2741
now:2742
now:2743
now:2744
now:2745
now:2746
now:2747
now:2748
now:2749
now:2750
now:2751
now:2752
now:2753
now:2754
now:2755
now:2756
now:2757
now:2758
now:2759
now:2760
now:2761
now:2762
now:2763
now:2764
now:2765
now:2766
now:2767
now:2768
now:2769
now:2770
now:2771
now:2772
now:2773
now:2774
now:2775
now:2776
now:2777
now:2778
now:2779
now:2780
now:2781
now:2782
now:2783
now:2784
now:2785
now:2786
now:2787
now:2788
now:2789
now:2790
now:2791
now:2792
now:2793
now:2794
now:2795
now:2796
now:2797
now:2798
now:2799
now:2800
now:2801
now:2802
now:2803
now:2804
now:2805
now:2806
now:2807
now:2808
now:2809
now:2810
now:2811
now:2812
now:2813
now:2814
now:2815
now:2816
now:2817
now:2818
now:2819
now:2820
now:2821
now:2822
now:2823
now:2824
now:2825
now:2826
now:2827
now:2828
now:2829
now:2830
now:2831
now:2832
now:2833
now:2834
now:2835
now:2836
now:2837
now:2838
now:2839
now:2840
now:2841
now:2842
now:2843
now:2844
now:2845
now:2846
now:2847
now:2848
now:2849
now:2850
now:2851
now:2852
now:2853
now:2854
now:2855
now:2856
now:2857
now:2858
now:2859
now:2860
now:2861
now:2862
now:2863
now:2864
now:2865
now:2866
now:2867
now:2868
now:2869
now:2870
now:2871
now:2872
now:2873
now:2874
now:2875
now:2876
now:2877
now:2878
now:2879
now:2880
now:2881
now:2882
now:2883
now:2884
now:2885
now:2886
now:2887
now:2888
now:2889
now:2890
now:2891
now:2892
now:2893
now:2894
now:2895
now:2896
now:2897
now:2898
now:2899
now:2900
now:2901
now:2902
now:2903
now:2904
now:2905
now:2906
now:2907
now:2908
now:2909
now:2910
now:2911
now:2912
now:2913
now:2914
now:2915
now:2916
now:2917
now:2918
now:2919
now:2920
now:2921
now:2922
now:2923
now:2924
now:2925
now:2926
now:2927
now:2928
now:2929
now:2930
now:2931
now:2932
now:2933
now:2934
now:2935
now:2936
now:2937
now:2938
now:2939
now:2940
now:2941
now:2942
now:2943
now:2944
now:2945
now:2946
now:2947
now:2948
now:2949
now:2950
now:2951
now:2952
now:2953
now:2954
now:2955
now:2956
now:2957
now:2958
now:2959
now:2960
now:2961
now:2962
now:2963
now:2964
now:2965
now:2966
now:2967
now:2968
now:2969
now:2970
now:2971
now:2972
now:2973
now:2974
now:2975
now:2976
now:2977
now:2978
now:2979
now:2980
now:2981
now:2982
now:2983
now:2984
now:2985
now:2986
now:2987
now:2988
now:2989
now:2990
now:2991
now:2992
now:2993
now:2994
now:2995
now:2996
now:2997
now:2998
now:2999
now:3000
now:3001
now:3002
now:3003
now:3004
now:3005
now:3006
now:3007
now:3008
now:3009
now:3010
now:3011
now:3012
now:3013
now:3014
now:3015
now:3016
now:3017
now:3018
now:3019
now:3020
now:3021
now:3022
now:3023
now:3024
now:3025
now:3026
now:3027
now:3028
now:3029
now:3030
now:3031
now:3032
now:3033
now:3034
now:3035
now:3036
now:3037
now:3038
now:3039
now:3040
now:3041
now:3042
now:3043
now:3044
now:3045
now:3046
now:3047
now:3048
now:3049
now:3050
now:3051
now:3052
now:3053
now:3054
now:3055
now:3056
now:3057
now:3058
now:3059
now:3060
now:3061
now:3062
now:3063
now:3064
now:3065
now:3066
now:3067
now:3068
now:3069
now:3070
now:3071
now:3072
now:3073
now:3074
now:3075
now:3076
now:3077
now:3078
now:3079
now:3080
now:3081
now:3082
now:3083
now:3084
now:3085
now:3086
now:3087
now:3088
now:3089
now:3090
now:3091
now:3092
now:3093
now:3094
now:3095
now:3096
now:3097
now:3098
now:3099
now:3100
now:3101
now:3102
now:3103
now:3104
now:3105
now:3106
now:3107
now:3108
now:3109
now:3110
now:3111
now:3112
now:3113
now:3114
now:3115
now:3116
now:3117
now:3118
now:3119
now:3120
now:3121
now:3122
now:3123
now:3124
now:3125
now:3126
now:3127
now:3128
now:3129
now:3130
now:3131
now:3132
now:3133
now:3134
now:3135
now:3136
now:3137
now:3138
now:3139
now:3140
now:3141
now:3142
now:3143
now:3144
now:3145
now:3146
now:3147
now:3148
now:3149
now:3150
now:3151
now:3152
now:3153
now:3154
now:3155
now:3156
now:3157
now:3158
now:3159
now:3160
now:3161
now:3162
now:3163
now:3164
now:3165
now:3166
now:3167
now:3168
now:3169
now:3170
now:3171
now:3172
now:3173
now:3174
now:3175
now:3176
now:3177
now:3178
now:3179
now:3180
now:3181
now:3182
now:3183
now:3184
now:3185
now:3186
now:3187
now:3188
now:3189
now:3190
now:3191
now:3192
now:3193
now:3194
now:3195
now:3196
now:3197
now:3198
now:3199
now:3200
now:3201
now:3202
now:3203
now:3204
now:3205
now:3206
now:3207
now:3208
now:3209
now:3210
now:3211
now:3212
now:3213
now:3214
now:3215
now:3216
now:3217
now:3218
now:3219
now:3220
now:3221
now:3222
now:3223
now:3224
now:3225
now:3226
now:3227
now:3228
now:3229
now:3230
now:3231
now:3232
now:3233
now:3234
now:3235
now:3236
now:3237
now:3238
now:3239
now:3240
now:3241
now:3242
now:3243
now:3244
now:3245
now:3246
now:3247
now:3248
now:3249
now:3250
now:3251
now:3252
now:3253
now:3254
now:3255
now:3256
now:3257
now:3258
now:3259
now:3260
now:3261
now:3262
now:3263
now:3264
now:3265
now:3266
now:3267
now:3268
now:3269
now:3270
now:3271
now:3272
now:3273
now:3274
now:3275
now:3276
now:3277
now:3278
now:3279
now:3280
now:3281
now:3282
now:3283
now:3284
now:3285
now:3286
now:3287
now:3288
now:3289
now:3290
now:3291
now:3292
now:3293
now:3294
now:3295
now:3296
now:3297
now:3298
now:3299
now:3300
now:3301
now:3302
now:3303
now:3304
now:3305
now:3306
now:3307
now:3308
now:3309
now:3310
now:3311
now:3312
now:3313
now:3314
now:3315
now:3316
now:3317
now:3318
now:3319
now:3320
now:3321
now:3322
now:3323
now:3324
now:3325
now:3326
now:3327
now:3328
now:3329
now:3330
now:3331
now:3332
now:3333
now:3334
now:3335
now:3336
now:3337
now:3338
now:3339
now:3340
now:3341
now:3342
now:3343
now:3344
now:3345
now:3346
now:3347
now:3348
now:3349
now:3350
now:3351
now:3352
now:3353
now:3354
now:3355
now:3356
now:3357
now:3358
now:3359
now:3360
now:3361
now:3362
now:3363
now:3364
now:3365
now:3366
now:3367
now:3368
now:3369
now:3370
now:3371
now:3372
now:3373
now:3374
now:3375
now:3376
now:3377
now:3378
now:3379
now:3380
now:3381
now:3382
now:3383
now:3384
now:3385
now:3386
now:3387
now:3388
now:3389
now:3390
now:3391
now:3392
now:3393
now:3394
now:3395
now:3396
now:3397
now:3398
now:3399
now:3400
now:3401
now:3402
now:3403
now:3404
now:3405
now:3406
now:3407
now:3408
now:3409
now:3410
now:3411
now:3412
now:3413
now:3414
now:3415
now:3416
now:3417
now:3418
now:3419
now:3420
now:3421
now:3422
now:3423
now:3424
now:3425
now:3426
now:3427
now:3428
now:3429
now:3430
now:3431
now:3432
now:3433
now:3434
now:3435
now:3436
now:3437
now:3438
now:3439
now:3440
now:3441
now:3442
now:3443
now:3444
now:3445
now:3446
now:3447
now:3448
now:3449
now:3450
now:3451
now:3452
now:3453
now:3454
now:3455
now:3456
now:3457
now:3458
now:3459
now:3460
now:3461
now:3462
now:3463
now:3464
now:3465
now:3466
now:3467
now:3468
now:3469
now:3470
now:3471
now:3472
now:3473
now:3474
now:3475
now:3476
now:3477
now:3478
now:3479
now:3480
now:3481
now:3482
now:3483
now:3484
now:3485
now:3486
now:3487
now:3488
now:3489
now:3490
now:3491
now:3492
now:3493
now:3494
now:3495
now:3496
now:3497
now:3498
now:3499
now:3500
now:3501
now:3502
now:3503
now:3504
now:3505
now:3506
now:3507
now:3508
now:3509
now:3510
now:3511
now:3512
now:3513
now:3514
now:3515
now:3516
now:3517
now:3518
now:3519
now:3520
now:3521
now:3522
now:3523
now:3524
now:3525
now:3526
now:3527
now:3528
now:3529
now:3530
now:3531
now:3532
now:3533
now:3534
now:3535
now:3536
now:3537
now:3538
now:3539
now:3540
now:3541
now:3542
now:3543
now:3544
now:3545
now:3546
now:3547
now:3548
now:3549
now:3550
now:3551
now:3552
now:3553
now:3554
now:3555
now:3556
now:3557
now:3558
now:3559
now:3560
now:3561
now:3562
now:3563
now:3564
now:3565
now:3566
now:3567
now:3568
now:3569
now:3570
now:3571
now:3572
now:3573
now:3574
now:3575
now:3576
now:3577
now:3578
now:3579
now:3580
now:3581
now:3582
now:3583
now:3584
now:3585
now:3586
now:3587
now:3588
now:3589
now:3590
now:3591
now:3592
now:3593
now:3594
now:3595
now:3596
now:3597
now:3598
now:3599
now:3600
now:3601
now:3602
now:3603
now:3604
now:3605
now:3606
now:3607
now:3608
now:3609
now:3610
now:3611
now:3612
now:3613
now:3614
now:3615
now:3616
now:3617
now:3618
now:3619
now:3620
now:3621
now:3622
now:3623
now:3624
now:3625
now:3626
now:3627
now:3628
now:3629
now:3630
now:3631
now:3632
now:3633
now:3634
now:3635
now:3636
now:3637
now:3638
now:3639
now:3640
now:3641
now:3642
now:3643
now:3644
now:3645
now:3646
now:3647
now:3648
now:3649
now:3650
now:3651
now:3652
now:3653
now:3654
now:3655
now:3656
now:3657
now:3658
now:3659
now:3660
now:3661
now:3662
now:3663
now:3664
now:3665
now:3666
now:3667
now:3668
now:3669
now:3670
now:3671
now:3672
now:3673
now:3674
now:3675
now:3676
now:3677
now:3678
now:3679
now:3680
now:3681
now:3682
now:3683
now:3684
now:3685
now:3686
now:3687
now:3688
now:3689
now:3690
now:3691
now:3692
now:3693
now:3694
now:3695
now:3696
now:3697
now:3698
now:3699
now:3700
now:3701
now:3702
now:3703
now:3704
now:3705
now:3706
now:3707
now:3708
now:3709
now:3710
now:3711
now:3712
now:3713
now:3714
now:3715
now:3716
now:3717
now:3718
now:3719
now:3720
now:3721
now:3722
now:3723
now:3724
now:3725
now:3726
now:3727
now:3728
now:3729
now:3730
now:3731
now:3732
now:3733
now:3734
now:3735
now:3736
now:3737
now:3738
now:3739
now:3740
now:3741
now:3742
now:3743
now:3744
now:3745
now:3746
now:3747
now:3748
now:3749
now:3750
now:3751
now:3752
now:3753
now:3754
now:3755
now:3756
now:3757
now:3758
now:3759
now:3760
now:3761
now:3762
now:3763
now:3764
now:3765
now:3766
now:3767
now:3768
now:3769
now:3770
now:3771
now:3772
now:3773
now:3774
now:3775
now:3776
now:3777
now:3778
now:3779
now:3780
now:3781
now:3782
now:3783
now:3784
now:3785
now:3786
now:3787
now:3788
now:3789
now:3790
now:3791
now:3792
now:3793
now:3794
now:3795
now:3796
now:3797
now:3798
now:3799
now:3800
now:3801
now:3802
now:3803
now:3804
now:3805
now:3806
now:3807
now:3808
now:3809
now:3810
now:3811
now:3812
now:3813
now:3814
now:3815
now:3816
now:3817
now:3818
now:3819
now:3820
now:3821
now:3822
now:3823
now:3824
now:3825
now:3826
now:3827
now:3828
now:3829
now:3830
now:3831
now:3832
now:3833
now:3834
now:3835
now:3836
now:3837
now:3838
now:3839
now:3840
now:3841
now:3842
now:3843
now:3844
now:3845
now:3846
now:3847
now:3848
now:3849
now:3850
now:3851
now:3852
now:3853
now:3854
now:3855
now:3856
now:3857
now:3858
now:3859
now:3860
now:3861
now:3862
now:3863
now:3864
now:3865
now:3866
now:3867
now:3868
now:3869
now:3870
now:3871
now:3872
now:3873
now:3874
now:3875
now:3876
now:3877
now:3878
now:3879
now:3880
now:3881
now:3882
now:3883
now:3884
now:3885
now:3886
now:3887
now:3888
now:3889
now:3890
now:3891
now:3892
now:3893
now:3894
now:3895
now:3896
now:3897
now:3898
now:3899
now:3900
now:3901
now:3902
now:3903
now:3904
now:3905
now:3906
now:3907
now:3908
now:3909
now:3910
now:3911
now:3912
now:3913
now:3914
now:3915
now:3916
now:3917
now:3918
now:3919
now:3920
now:3921
now:3922
now:3923
now:3924
now:3925
now:3926
now:3927
now:3928
now:3929
now:3930
now:3931
now:3932
now:3933
now:3934
now:3935
now:3936
now:3937
now:3938
now:3939
now:3940
now:3941
now:3942
now:3943
now:3944
now:3945
now:3946
now:3947
now:3948
now:3949
now:3950
now:3951
now:3952
now:3953
now:3954
now:3955
now:3956
now:3957
now:3958
now:3959
now:3960
now:3961
now:3962
now:3963
now:3964
now:3965
now:3966
now:3967
now:3968
now:3969
now:3970
now:3971
now:3972
now:3973
now:3974
now:3975
now:3976
now:3977
now:3978
now:3979
now:3980
now:3981
now:3982
now:3983
now:3984
now:3985
now:3986
now:3987
now:3988
now:3989
now:3990
now:3991
now:3992
now:3993
now:3994
now:3995
now:3996
now:3997
now:3998
now:3999
now:4000
now:4001
now:4002
now:4003
now:4004
now:4005
now:4006
now:4007
now:4008
now:4009
now:4010
now:4011
now:4012
now:4013
now:4014
now:4015
now:4016
now:4017
now:4018
now:4019
now:4020
now:4021
now:4022
now:4023
now:4024
now:4025
now:4026
now:4027
now:4028
now:4029
now:4030
now:4031
now:4032
now:4033
now:4034
now:4035
now:4036
now:4037
now:4038
now:4039
now:4040
now:4041
now:4042
now:4043
now:4044
now:4045
now:4046
now:4047
now:4048
now:4049
now:4050
now:4051
now:4052
now:4053
now:4054
now:4055
now:4056
now:4057
now:4058
now:4059
now:4060
now:4061
now:4062
now:4063
now:4064
now:4065
now:4066
now:4067
now:4068
now:4069
now:4070
now:4071
now:4072
now:4073
now:4074
now:4075
now:4076
now:4077
now:4078
now:4079
now:4080
now:4081
now:4082
now:4083
now:4084
now:4085
now:4086
now:4087
now:4088
now:4089
now:4090
now:4091
now:4092
now:4093
now:4094
now:4095
now:4096
now:4097
now:4098
now:4099
now:4100
now:4101
now:4102
now:4103
now:4104
now:4105
now:4106
now:4107
now:4108
now:4109
now:4110
now:4111
now:4112
now:4113
now:4114
now:4115
now:4116
now:4117
now:4118
now:4119
now:4120
now:4121
now:4122
now:4123
now:4124
now:4125
now:4126
now:4127
now:4128
now:4129
now:4130
now:4131
now:4132
now:4133
now:4134
now:4135
now:4136
now:4137
now:4138
now:4139
now:4140
now:4141
now:4142
now:4143
now:4144
now:4145
now:4146
now:4147
now:4148
now:4149
now:4150
now:4151
now:4152
now:4153
now:4154
now:4155
now:4156
now:4157
now:4158
now:4159
now:4160
now:4161
now:4162
now:4163
now:4164
now:4165
now:4166
now:4167
now:4168
now:4169
now:4170
now:4171
now:4172
now:4173
now:4174
now:4175
now:4176
now:4177
now:4178
now:4179
now:4180
now:4181
now:4182
now:4183
now:4184
now:4185
now:4186
now:4187
now:4188
now:4189
now:4190
now:4191
now:4192
now:4193
now:4194
now:4195
now:4196
now:4197
now:4198
now:4199
now:4200
now:4201
now:4202
now:4203
now:4204
now:4205
now:4206
now:4207
now:4208
now:4209
now:4210
now:4211
now:4212
now:4213
now:4214
now:4215
now:4216
now:4217
now:4218
now:4219
now:4220
now:4221
now:4222
now:4223
now:4224
now:4225
now:4226
now:4227
now:4228
now:4229
now:4230
now:4231
now:4232
now:4233
now:4234
now:4235
now:4236
now:4237
now:4238
now:4239
now:4240
now:4241
now:4242
now:4243
now:4244
now:4245
now:4246
now:4247
now:4248
now:4249
now:4250
now:4251
now:4252
now:4253
now:4254
now:4255
now:4256
now:4257
now:4258
now:4259
now:4260
now:4261
now:4262
now:4263
now:4264
now:4265
now:4266
now:4267
now:4268
now:4269
now:4270
now:4271
now:4272
now:4273
now:4274
now:4275
now:4276
now:4277
now:4278
now:4279
now:4280
now:4281
now:4282
now:4283
now:4284
now:4285
now:4286
now:4287
now:4288
now:4289
now:4290
now:4291
now:4292
now:4293
now:4294
now:4295
now:4296
now:4297
now:4298
now:4299
now:4300
now:4301
now:4302
now:4303
now:4304
now:4305
now:4306
now:4307
now:4308
now:4309
now:4310
now:4311
now:4312
now:4313
now:4314
now:4315
now:4316
now:4317
now:4318
now:4319
now:4320
now:4321
now:4322
now:4323
now:4324
now:4325
now:4326
now:4327
now:4328
now:4329
now:4330
now:4331
now:4332
now:4333
now:4334
now:4335
now:4336
now:4337
now:4338
now:4339
now:4340
now:4341
now:4342
now:4343
now:4344
now:4345
now:4346
now:4347
now:4348
now:4349
now:4350
now:4351
now:4352
now:4353
now:4354
now:4355
now:4356
now:4357
now:4358
now:4359
now:4360
now:4361
now:4362
now:4363
now:4364
now:4365
now:4366
now:4367
now:4368
now:4369
now:4370
now:4371
now:4372
now:4373
now:4374
now:4375
now:4376
now:4377
now:4378
now:4379
now:4380
now:4381
now:4382
now:4383
now:4384
now:4385
now:4386
now:4387
now:4388
now:4389
now:4390
now:4391
now:4392
now:4393
now:4394
now:4395
now:4396
now:4397
now:4398
now:4399
now:4400
now:4401
now:4402
now:4403
now:4404
now:4405
now:4406
now:4407
now:4408
now:4409
now:4410
now:4411
now:4412
now:4413
now:4414
now:4415
now:4416
now:4417
now:4418
now:4419
now:4420
now:4421
now:4422
now:4423
now:4424
now:4425
now:4426
now:4427
now:4428
now:4429
now:4430
now:4431
now:4432
now:4433
now:4434
now:4435
now:4436
now:4437
now:4438
now:4439
now:4440
now:4441
now:4442
now:4443
now:4444
now:4445
now:4446
now:4447
now:4448
now:4449
now:4450
now:4451
now:4452
now:4453
now:4454
now:4455
now:4456
now:4457
now:4458
now:4459
now:4460
now:4461
now:4462
now:4463
now:4464
now:4465
now:4466
now:4467
now:4468
now:4469
now:4470
now:4471
now:4472
now:4473
now:4474
now:4475
now:4476
now:4477
now:4478
now:4479
now:4480
now:4481
now:4482
now:4483
now:4484
now:4485
now:4486
now:4487
now:4488
now:4489
now:4490
now:4491
now:4492
now:4493
now:4494
now:4495
now:4496
now:4497
now:4498
now:4499
now:4500
now:4501
now:4502
now:4503
now:4504
now:4505
now:4506
now:4507
now:4508
now:4509
now:4510
now:4511
now:4512
now:4513
now:4514
now:4515
now:4516
now:4517
now:4518
now:4519
now:4520
now:4521
now:4522
now:4523
now:4524
now:4525
now:4526
now:4527
now:4528
now:4529
now:4530
now:4531
now:4532
now:4533
now:4534
now:4535
now:4536
now:4537
now:4538
now:4539
now:4540
now:4541
now:4542
now:4543
now:4544
now:4545
now:4546
now:4547
now:4548
now:4549
now:4550
now:4551
now:4552
now:4553
now:4554
now:4555
now:4556
now:4557
now:4558
now:4559
now:4560
now:4561
now:4562
now:4563
now:4564
now:4565
now:4566
now:4567
now:4568
now:4569
now:4570
now:4571
now:4572
now:4573
now:4574
now:4575
now:4576
now:4577
now:4578
now:4579
now:4580
now:4581
now:4582
now:4583
now:4584
now:4585
now:4586
now:4587
now:4588
now:4589
now:4590
now:4591
now:4592
now:4593
now:4594
now:4595
now:4596
now:4597
now:4598
now:4599
now:4600
now:4601
now:4602
now:4603
now:4604
now:4605
now:4606
now:4607
now:4608
now:4609
now:4610
now:4611
now:4612
now:4613
now:4614
now:4615
now:4616
now:4617
now:4618
now:4619
now:4620
now:4621
now:4622
now:4623
now:4624
now:4625
now:4626
now:4627
now:4628
now:4629
now:4630
now:4631
now:4632
now:4633
now:4634
now:4635
now:4636
now:4637
now:4638
now:4639
now:4640
now:4641
now:4642
now:4643
now:4644
now:4645
now:4646
now:4647
now:4648
now:4649
now:4650
now:4651
now:4652
now:4653
now:4654
now:4655
now:4656
now:4657
now:4658
now:4659
now:4660
now:4661
now:4662
now:4663
now:4664
now:4665
now:4666
now:4667
now:4668
now:4669
now:4670
now:4671
now:4672
now:4673
now:4674
now:4675
now:4676
now:4677
now:4678
now:4679
now:4680
now:4681
now:4682
now:4683
now:4684
now:4685
now:4686
now:4687
now:4688
now:4689
now:4690
now:4691
now:4692
now:4693
now:4694
now:4695
now:4696
now:4697
now:4698
now:4699
now:4700
now:4701
now:4702
now:4703
now:4704
now:4705
now:4706
now:4707
now:4708
now:4709
now:4710
now:4711
now:4712
now:4713
now:4714
now:4715
now:4716
now:4717
now:4718
now:4719
now:4720
now:4721
now:4722
now:4723
now:4724
now:4725
now:4726
now:4727
now:4728
now:4729
now:4730
now:4731
now:4732
now:4733
now:4734
now:4735
now:4736
now:4737
now:4738
now:4739
now:4740
now:4741
now:4742
now:4743
now:4744
now:4745
now:4746
now:4747
now:4748
now:4749
now:4750
now:4751
now:4752
now:4753
now:4754
now:4755
now:4756
now:4757
now:4758
now:4759
now:4760
now:4761
now:4762
now:4763
now:4764
now:4765
now:4766
now:4767
now:4768
now:4769
now:4770
now:4771
now:4772
now:4773
now:4774
now:4775
now:4776
now:4777
now:4778
now:4779
now:4780
now:4781
now:4782
now:4783
now:4784
now:4785
now:4786
now:4787
now:4788
now:4789
now:4790
now:4791
now:4792
now:4793
now:4794
now:4795
now:4796
now:4797
now:4798
now:4799
now:4800
now:4801
now:4802
now:4803
now:4804
now:4805
now:4806
now:4807
now:4808
now:4809
now:4810
now:4811
now:4812
now:4813
now:4814
now:4815
now:4816
now:4817
now:4818
now:4819
now:4820
now:4821
now:4822
now:4823
now:4824
now:4825
now:4826
now:4827
now:4828
now:4829
now:4830
now:4831
now:4832
now:4833
now:4834
now:4835
now:4836
now:4837
now:4838
now:4839
now:4840
now:4841
now:4842
now:4843
now:4844
now:4845
now:4846
now:4847
now:4848
now:4849
now:4850
now:4851
now:4852
now:4853
now:4854
now:4855
now:4856
now:4857
now:4858
now:4859
now:4860
now:4861
now:4862
now:4863
now:4864
now:4865
now:4866
now:4867
now:4868
now:4869
now:4870
now:4871
now:4872
now:4873
now:4874
now:4875
now:4876
now:4877
now:4878
now:4879
now:4880
now:4881
now:4882
now:4883
now:4884
now:4885
now:4886
now:4887
now:4888
now:4889
now:4890
now:4891
now:4892
now:4893
now:4894
now:4895
now:4896
now:4897
now:4898
now:4899
now:4900
now:4901
now:4902
now:4903
now:4904
now:4905
now:4906
now:4907
now:4908
now:4909
now:4910
now:4911
now:4912
now:4913
now:4914
now:4915
now:4916
now:4917
now:4918
now:4919
now:4920
now:4921
now:4922
now:4923
now:4924
now:4925
now:4926
now:4927
now:4928
now:4929
now:4930
now:4931
now:4932
now:4933
now:4934
now:4935
now:4936
now:4937
now:4938
now:4939
now:4940
now:4941
now:4942
now:4943
now:4944
now:4945
now:4946
now:4947
now:4948
now:4949
now:4950
now:4951
now:4952
now:4953
now:4954
now:4955
now:4956
now:4957
now:4958
now:4959
now:4960
now:4961
now:4962
now:4963
now:4964
now:4965
now:4966
now:4967
now:4968
now:4969
now:4970
now:4971
now:4972
now:4973
now:4974
now:4975
now:4976
now:4977
now:4978
now:4979
now:4980
now:4981
now:4982
now:4983
now:4984
now:4985
now:4986
now:4987
now:4988
now:4989
now:4990
now:4991
now:4992
now:4993
now:4994
now:4995
now:4996
now:4997
now:4998
now:4999
now:5000
now:5001
now:5002
now:5003
now:5004
now:5005
now:5006
now:5007
now:5008
now:5009
now:5010
now:5011
now:5012
now:5013
now:5014
now:5015
now:5016
now:5017
now:5018
now:5019
now:5020
now:5021
now:5022
now:5023
now:5024
now:5025
now:5026
now:5027
now:5028
now:5029
now:5030
now:5031
now:5032
now:5033
now:5034
now:5035
now:5036
now:5037
now:5038
now:5039
now:5040
now:5041
now:5042
now:5043
now:5044
now:5045
now:5046
now:5047
now:5048
now:5049
now:5050
now:5051
now:5052
now:5053
now:5054
now:5055
now:5056
now:5057
now:5058
now:5059
now:5060
now:5061
now:5062
now:5063
now:5064
now:5065
now:5066
now:5067
now:5068
now:5069
now:5070
now:5071
now:5072
now:5073
now:5074
now:5075
now:5076
now:5077
now:5078
now:5079
now:5080
now:5081
now:5082
now:5083
now:5084
now:5085
now:5086
now:5087
now:5088
now:5089
now:5090
now:5091
now:5092
now:5093
now:5094
now:5095
now:5096
now:5097
now:5098
now:5099
now:5100
now:5101
now:5102
now:5103
now:5104
now:5105
now:5106
now:5107
now:5108
now:5109
now:5110
now:5111
now:5112
now:5113
now:5114
now:5115
now:5116
now:5117
now:5118
now:5119
now:5120
now:5121
now:5122
now:5123
now:5124
now:5125
now:5126
now:5127
now:5128
now:5129
now:5130
now:5131
now:5132
now:5133
now:5134
now:5135
now:5136
now:5137
now:5138
now:5139
now:5140
now:5141
now:5142
now:5143
now:5144
now:5145
now:5146
now:5147
now:5148
now:5149
now:5150
now:5151
now:5152
now:5153
now:5154
now:5155
now:5156
now:5157
now:5158
now:5159
now:5160
now:5161
now:5162
now:5163
now:5164
now:5165
now:5166
now:5167
now:5168
now:5169
now:5170
now:5171
now:5172
now:5173
now:5174
now:5175
now:5176
now:5177
now:5178
now:5179
now:5180
now:5181
now:5182
now:5183
now:5184
now:5185
now:5186
now:5187
now:5188
now:5189
now:5190
now:5191
now:5192
now:5193
now:5194
now:5195
now:5196
now:5197
now:5198
now:5199
now:5200
now:5201
now:5202
now:5203
now:5204
now:5205
now:5206
now:5207
now:5208
now:5209
now:5210
now:5211
now:5212
now:5213
now:5214
now:5215
now:5216
now:5217
now:5218
now:5219
now:5220
now:5221
now:5222
now:5223
now:5224
now:5225
now:5226
now:5227
now:5228
now:5229
now:5230
now:5231
now:5232
now:5233
now:5234
now:5235
now:5236
now:5237
now:5238
now:5239
now:5240
now:5241
now:5242
now:5243
now:5244
now:5245
now:5246
now:5247
now:5248
now:5249
now:5250
now:5251
now:5252
now:5253
now:5254
now:5255
now:5256
now:5257
now:5258
now:5259
now:5260
now:5261
now:5262
now:5263
now:5264
now:5265
now:5266
now:5267
now:5268
now:5269
now:5270
now:5271
now:5272
now:5273
now:5274
now:5275
now:5276
now:5277
now:5278
now:5279
now:5280
now:5281
now:5282
now:5283
now:5284
now:5285
now:5286
now:5287
now:5288
now:5289
now:5290
now:5291
now:5292
now:5293
now:5294
now:5295
now:5296
now:5297
now:5298
now:5299
now:5300
now:5301
now:5302
now:5303
now:5304
now:5305
now:5306
now:5307
now:5308
now:5309
now:5310
now:5311
now:5312
now:5313
now:5314
now:5315
now:5316
now:5317
now:5318
now:5319
now:5320
now:5321
now:5322
now:5323
now:5324
now:5325
now:5326
now:5327
now:5328
now:5329
now:5330
now:5331
now:5332
now:5333
now:5334
now:5335
now:5336
now:5337
now:5338
now:5339
now:5340
now:5341
now:5342
now:5343
now:5344
now:5345
now:5346
now:5347
now:5348
now:5349
now:5350
now:5351
now:5352
now:5353
now:5354
now:5355
now:5356
now:5357
now:5358
now:5359
now:5360
now:5361
now:5362
now:5363
now:5364
now:5365
now:5366
now:5367
now:5368
now:5369
now:5370
now:5371
now:5372
now:5373
now:5374
now:5375
now:5376
now:5377
now:5378
now:5379
now:5380
now:5381
now:5382
now:5383
now:5384
now:5385
now:5386
now:5387
now:5388
now:5389
now:5390
now:5391
now:5392
now:5393
now:5394
now:5395
now:5396
now:5397
now:5398
now:5399
now:5400
now:5401
now:5402
now:5403
now:5404
now:5405
now:5406
now:5407
now:5408
now:5409
now:5410
now:5411
now:5412
now:5413
now:5414
now:5415
now:5416
now:5417
now:5418
now:5419
now:5420
now:5421
now:5422
now:5423
now:5424
now:5425
now:5426
now:5427
now:5428
now:5429
now:5430
now:5431
now:5432
now:5433
now:5434
now:5435
now:5436
now:5437
now:5438
now:5439
now:5440
now:5441
now:5442
now:5443
now:5444
now:5445
now:5446
now:5447
now:5448
now:5449
now:5450
now:5451
now:5452
now:5453
now:5454
now:5455
now:5456
now:5457
now:5458
now:5459
now:5460
now:5461
now:5462
now:5463
now:5464
now:5465
now:5466
now:5467
now:5468
now:5469
now:5470
now:5471
now:5472
now:5473
now:5474
now:5475
now:5476
now:5477
now:5478
now:5479
now:5480
now:5481
now:5482
now:5483
now:5484
now:5485
now:5486
now:5487
now:5488
now:5489
now:5490
now:5491
now:5492
now:5493
now:5494
now:5495
now:5496
now:5497
now:5498
now:5499
now:5500
now:5501
now:5502
now:5503
now:5504
now:5505
now:5506
now:5507
now:5508
now:5509
now:5510
now:5511
now:5512
now:5513
now:5514
now:5515
now:5516
now:5517
now:5518
now:5519
now:5520
now:5521
now:5522
now:5523
now:5524
now:5525
now:5526
now:5527
now:5528
now:5529
now:5530
now:5531
now:5532
now:5533
now:5534
now:5535
now:5536
now:5537
now:5538
now:5539
now:5540
now:5541
now:5542
now:5543
now:5544
now:5545
now:5546
now:5547
now:5548
now:5549
now:5550
now:5551
now:5552
now:5553
now:5554
now:5555
now:5556
now:5557
now:5558
now:5559
now:5560
now:5561
now:5562
now:5563
now:5564
now:5565
now:5566
now:5567
now:5568
now:5569
now:5570
now:5571
now:5572
now:5573
now:5574
now:5575
now:5576
now:5577
now:5578
now:5579
now:5580
now:5581
now:5582
now:5583
now:5584
now:5585
now:5586
now:5587
now:5588
now:5589
now:5590
now:5591
now:5592
now:5593
now:5594
now:5595
now:5596
now:5597
now:5598
now:5599
now:5600
now:5601
now:5602
now:5603
now:5604
now:5605
now:5606
now:5607
now:5608
now:5609
now:5610
now:5611
now:5612
now:5613
now:5614
now:5615
now:5616
now:5617
now:5618
now:5619
now:5620
now:5621
now:5622
now:5623
now:5624
now:5625
now:5626
now:5627
now:5628
now:5629
now:5630
now:5631
now:5632
now:5633
now:5634
now:5635
now:5636
now:5637
now:5638
now:5639
now:5640
now:5641
now:5642
now:5643
now:5644
now:5645
now:5646
now:5647
now:5648
now:5649
now:5650
now:5651
now:5652
now:5653
now:5654
now:5655
now:5656
now:5657
now:5658
now:5659
now:5660
now:5661
now:5662
now:5663
now:5664
now:5665
now:5666
now:5667
now:5668
now:5669
now:5670
now:5671
now:5672
now:5673
now:5674
now:5675
now:5676
now:5677
now:5678
now:5679
now:5680
now:5681
now:5682
now:5683
now:5684
now:5685
now:5686
now:5687
now:5688
now:5689
now:5690
now:5691
now:5692
now:5693
now:5694
now:5695
now:5696
now:5697
now:5698
now:5699
now:5700
now:5701
now:5702
now:5703
now:5704
now:5705
now:5706
now:5707
now:5708
now:5709
now:5710
now:5711
now:5712
now:5713
now:5714
now:5715
now:5716
now:5717
now:5718
now:5719
now:5720
now:5721
now:5722
now:5723
now:5724
now:5725
now:5726
now:5727
now:5728
now:5729
now:5730
now:5731
now:5732
now:5733
now:5734
now:5735
now:5736
now:5737
now:5738
now:5739
now:5740
now:5741
now:5742
now:5743
now:5744
now:5745
now:5746
now:5747
now:5748
now:5749
now:5750
now:5751
now:5752
now:5753
now:5754
now:5755
now:5756
now:5757
now:5758
now:5759
now:5760
now:5761
now:5762
now:5763
now:5764
now:5765
now:5766
now:5767
now:5768
now:5769
now:5770
now:5771
now:5772
now:5773
now:5774
now:5775
now:5776
now:5777
now:5778
now:5779
now:5780
now:5781
now:5782
now:5783
now:5784
now:5785
now:5786
now:5787
now:5788
now:5789
now:5790
now:5791
now:5792
now:5793
now:5794
now:5795
now:5796
now:5797
now:5798
now:5799
now:5800
now:5801
now:5802
now:5803
now:5804
now:5805
now:5806
now:5807
now:5808
now:5809
now:5810
now:5811
now:5812
now:5813
now:5814
now:5815
now:5816
now:5817
now:5818
now:5819
now:5820
now:5821
now:5822
now:5823
now:5824
now:5825
now:5826
now:5827
now:5828
now:5829
now:5830
now:5831
now:5832
now:5833
now:5834
now:5835
now:5836
now:5837
now:5838
now:5839
now:5840
now:5841
now:5842
now:5843
now:5844
now:5845
now:5846
now:5847
now:5848
now:5849
now:5850
now:5851
now:5852
now:5853
now:5854
now:5855
now:5856
now:5857
now:5858
now:5859
now:5860
now:5861
now:5862
now:5863
now:5864
now:5865
now:5866
now:5867
now:5868
now:5869
now:5870
now:5871
now:5872
now:5873
now:5874
now:5875
now:5876
now:5877
now:5878
now:5879
now:5880
now:5881
now:5882
now:5883
now:5884
now:5885
now:5886
now:5887
now:5888
now:5889
now:5890
now:5891
now:5892
now:5893
now:5894
now:5895
now:5896
now:5897
now:5898
now:5899
now:5900
now:5901
now:5902
now:5903
now:5904
now:5905
now:5906
now:5907
now:5908
now:5909
now:5910
now:5911
now:5912
now:5913
now:5914
now:5915
now:5916
now:5917
now:5918
now:5919
now:5920
now:5921
now:5922
now:5923
now:5924
now:5925
now:5926
now:5927
now:5928
now:5929
now:5930
now:5931
now:5932
now:5933
now:5934
now:5935
now:5936
now:5937
now:5938
now:5939
now:5940
now:5941
now:5942
now:5943
now:5944
now:5945
now:5946
now:5947
now:5948
now:5949
now:5950
now:5951
now:5952
now:5953
now:5954
now:5955
now:5956
now:5957
now:5958
now:5959
now:5960
now:5961
now:5962
now:5963
now:5964
now:5965
now:5966
now:5967
now:5968
now:5969
now:5970
now:5971
now:5972
now:5973
now:5974
now:5975
now:5976
now:5977
now:5978
now:5979
now:5980
now:5981
now:5982
now:5983
now:5984
now:5985
now:5986
now:5987
now:5988
now:5989
now:5990
now:5991
now:5992
now:5993
now:5994
now:5995
now:5996
now:5997
now:5998
now:5999
now:6000
now:6001
now:6002
now:6003
now:6004
now:6005
now:6006
now:6007
now:6008
now:6009
now:6010
now:6011
now:6012
now:6013
now:6014
now:6015
now:6016
now:6017
now:6018
now:6019
now:6020
now:6021
now:6022
now:6023
now:6024
now:6025
now:6026
now:6027
now:6028
now:6029
now:6030
now:6031
now:6032
now:6033
now:6034
now:6035
now:6036
now:6037
now:6038
now:6039
now:6040
now:6041
now:6042
now:6043
now:6044
now:6045
now:6046
now:6047
now:6048
now:6049
now:6050
now:6051
now:6052
now:6053
now:6054
now:6055
now:6056
now:6057
now:6058
now:6059
now:6060
now:6061
now:6062
now:6063
now:6064
now:6065
now:6066
now:6067
now:6068
now:6069
now:6070
now:6071
now:6072
now:6073
now:6074
now:6075
now:6076
now:6077
now:6078
now:6079
now:6080
now:6081
now:6082
now:6083
now:6084
now:6085
now:6086
now:6087
now:6088
now:6089
now:6090
now:6091
now:6092
now:6093
now:6094
now:6095
now:6096
now:6097
now:6098
now:6099
now:6100
now:6101
now:6102
now:6103
now:6104
now:6105
now:6106
now:6107
now:6108
now:6109
now:6110
now:6111
now:6112
now:6113
now:6114
now:6115
now:6116
now:6117
now:6118
now:6119
now:6120
now:6121
now:6122
now:6123
now:6124
now:6125
now:6126
now:6127
now:6128
now:6129
now:6130
now:6131
now:6132
now:6133
now:6134
now:6135
now:6136
now:6137
now:6138
now:6139
now:6140
now:6141
now:6142
now:6143
now:6144
now:6145
now:6146
now:6147
now:6148
now:6149
now:6150
now:6151
now:6152
now:6153
now:6154
now:6155
now:6156
now:6157
now:6158
now:6159
now:6160
now:6161
now:6162
now:6163
now:6164
now:6165
now:6166
now:6167
now:6168
now:6169
now:6170
now:6171
now:6172
now:6173
now:6174
now:6175
now:6176
now:6177
now:6178
now:6179
now:6180
now:6181
now:6182
now:6183
now:6184
now:6185
now:6186
now:6187
now:6188
now:6189
now:6190
now:6191
now:6192
now:6193
now:6194
now:6195
now:6196
now:6197
now:6198
now:6199
now:6200
now:6201
now:6202
now:6203
now:6204
now:6205
now:6206
now:6207
now:6208
now:6209
now:6210
now:6211
now:6212
now:6213
now:6214
now:6215
now:6216
now:6217
now:6218
now:6219
now:6220
now:6221
now:6222
now:6223
now:6224
now:6225
now:6226
now:6227
now:6228
now:6229
now:6230
now:6231
now:6232
now:6233
now:6234
now:6235
now:6236
now:6237
now:6238
now:6239
now:6240
now:6241
now:6242
now:6243
now:6244
now:6245
now:6246
now:6247
now:6248
now:6249
now:6250
now:6251
now:6252
now:6253
now:6254
now:6255
now:6256
now:6257
now:6258
now:6259
now:6260
now:6261
now:6262
now:6263
now:6264
now:6265
now:6266
now:6267
now:6268
now:6269
now:6270
now:6271
now:6272
now:6273
now:6274
now:6275
now:6276
now:6277
now:6278
now:6279
now:6280
now:6281
now:6282
now:6283
now:6284
now:6285
now:6286
now:6287
now:6288
now:6289
now:6290
now:6291
now:6292
now:6293
now:6294
now:6295
now:6296
now:6297
now:6298
now:6299
now:6300
now:6301
now:6302
now:6303
now:6304
now:6305
now:6306
now:6307
now:6308
now:6309
now:6310
now:6311
now:6312
now:6313
now:6314
now:6315
now:6316
now:6317
now:6318
now:6319
now:6320
now:6321
now:6322
now:6323
now:6324
now:6325
now:6326
now:6327
now:6328
now:6329
now:6330
now:6331
now:6332
now:6333
now:6334
now:6335
now:6336
now:6337
now:6338
now:6339
now:6340
now:6341
now:6342
now:6343
now:6344
now:6345
now:6346
now:6347
now:6348
now:6349
now:6350
now:6351
now:6352
now:6353
now:6354
now:6355
now:6356
now:6357
now:6358
now:6359
now:6360
now:6361
now:6362
now:6363
now:6364
now:6365
now:6366
now:6367
now:6368
now:6369
now:6370
now:6371
now:6372
now:6373
now:6374
now:6375
now:6376
now:6377
now:6378
now:6379
now:6380
now:6381
now:6382
now:6383
now:6384
now:6385
now:6386
now:6387
now:6388
now:6389
now:6390
now:6391
now:6392
now:6393
now:6394
now:6395
now:6396
now:6397
now:6398
now:6399
now:6400
now:6401
now:6402
now:6403
now:6404
now:6405
now:6406
now:6407
now:6408
now:6409
now:6410
now:6411
now:6412
now:6413
now:6414
now:6415
now:6416
now:6417
now:6418
now:6419
now:6420
now:6421
now:6422
now:6423
now:6424
now:6425
now:6426
now:6427
now:6428
now:6429
now:6430
now:6431
now:6432
now:6433
now:6434
now:6435
now:6436
now:6437
now:6438
now:6439
now:6440
now:6441
now:6442
now:6443
now:6444
now:6445
now:6446
now:6447
now:6448
now:6449
now:6450
now:6451
now:6452
now:6453
now:6454
now:6455
now:6456
now:6457
now:6458
now:6459
now:6460
now:6461
now:6462
now:6463
now:6464
now:6465
now:6466
now:6467
now:6468
now:6469
now:6470
now:6471
now:6472
now:6473
now:6474
now:6475
now:6476
now:6477
now:6478
now:6479
now:6480
now:6481
now:6482
now:6483
now:6484
now:6485
now:6486
now:6487
now:6488
now:6489
now:6490
now:6491
now:6492
now:6493
now:6494
now:6495
now:6496
now:6497
now:6498
now:6499
now:6500
now:6501
now:6502
now:6503
now:6504
now:6505
now:6506
now:6507
now:6508
now:6509
now:6510
now:6511
now:6512
now:6513
now:6514
now:6515
now:6516
now:6517
now:6518
now:6519
now:6520
now:6521
now:6522
now:6523
now:6524
now:6525
now:6526
now:6527
now:6528
now:6529
now:6530
now:6531
now:6532
now:6533
now:6534
now:6535
now:6536
now:6537
now:6538
now:6539
now:6540
now:6541
now:6542
now:6543
now:6544
now:6545
now:6546
now:6547
now:6548
now:6549
now:6550
now:6551
now:6552
now:6553
now:6554
now:6555
now:6556
now:6557
now:6558
now:6559
now:6560
now:6561
now:6562
now:6563
now:6564
now:6565
now:6566
now:6567
now:6568
now:6569
now:6570
now:6571
now:6572
now:6573
now:6574
now:6575
now:6576
now:6577
now:6578
now:6579
now:6580
now:6581
now:6582
now:6583
now:6584
now:6585
now:6586
now:6587
now:6588
now:6589
now:6590
now:6591
now:6592
now:6593
now:6594
now:6595
now:6596
now:6597
now:6598
now:6599
now:6600
now:6601
now:6602
now:6603
now:6604
now:6605
now:6606
now:6607
now:6608
now:6609
now:6610
now:6611
now:6612
now:6613
now:6614
now:6615
now:6616
now:6617
now:6618
now:6619
now:6620
now:6621
now:6622
now:6623
now:6624
now:6625
now:6626
now:6627
now:6628
now:6629
now:6630
now:6631
now:6632
now:6633
now:6634
now:6635
now:6636
now:6637
now:6638
now:6639
now:6640
now:6641
now:6642
now:6643
now:6644
now:6645
now:6646
now:6647
now:6648
now:6649
now:6650
now:6651
now:6652
now:6653
now:6654
now:6655
now:6656
now:6657
now:6658
now:6659
now:6660
now:6661
now:6662
now:6663
now:6664
now:6665
now:6666
now:6667
now:6668
now:6669
now:6670
now:6671
now:6672
now:6673
now:6674
now:6675
now:6676
now:6677
now:6678
now:6679
now:6680
now:6681
now:6682
now:6683
now:6684
now:6685
now:6686
now:6687
now:6688
now:6689
now:6690
now:6691
now:6692
now:6693
now:6694
now:6695
now:6696
now:6697
now:6698
now:6699
now:6700
now:6701
now:6702
now:6703
now:6704
now:6705
now:6706
now:6707
now:6708
now:6709
now:6710
now:6711
now:6712
now:6713
now:6714
now:6715
now:6716
now:6717
now:6718
now:6719
now:6720
now:6721
now:6722
now:6723
now:6724
now:6725
now:6726
now:6727
now:6728
now:6729
now:6730
now:6731
now:6732
now:6733
now:6734
now:6735
now:6736
now:6737
now:6738
now:6739
now:6740
now:6741
now:6742
now:6743
now:6744
now:6745
now:6746
now:6747
now:6748
now:6749
now:6750
now:6751
now:6752
now:6753
now:6754
now:6755
now:6756
now:6757
now:6758
now:6759
now:6760
now:6761
now:6762
now:6763
now:6764
now:6765
now:6766
now:6767
now:6768
now:6769
now:6770
now:6771
now:6772
now:6773
now:6774
now:6775
now:6776
now:6777
now:6778
now:6779
now:6780
now:6781
now:6782
now:6783
now:6784
now:6785
now:6786
now:6787
now:6788
now:6789
now:6790
now:6791
now:6792
now:6793
now:6794
now:6795
now:6796
now:6797
now:6798
now:6799
now:6800
now:6801
now:6802
now:6803
now:6804
now:6805
now:6806
now:6807
now:6808
now:6809
now:6810
now:6811
now:6812
now:6813
now:6814
now:6815
now:6816
now:6817
now:6818
now:6819
now:6820
now:6821
now:6822
now:6823
now:6824
now:6825
now:6826
now:6827
now:6828
now:6829
now:6830
now:6831
now:6832
now:6833
now:6834
now:6835
now:6836
now:6837
now:6838
now:6839
now:6840
now:6841
now:6842
now:6843
now:6844
now:6845
now:6846
now:6847
now:6848
now:6849
now:6850
now:6851
now:6852
now:6853
now:6854
now:6855
now:6856
now:6857
now:6858
now:6859
now:6860
now:6861
now:6862
now:6863
now:6864
now:6865
now:6866
now:6867
now:6868
now:6869
now:6870
now:6871
now:6872
now:6873
now:6874
now:6875
now:6876
now:6877
now:6878
now:6879
now:6880
now:6881
now:6882
now:6883
now:6884
now:6885
now:6886
now:6887
now:6888
now:6889
now:6890
now:6891
now:6892
now:6893
now:6894
now:6895
now:6896
now:6897
now:6898
now:6899
now:6900
now:6901
now:6902
now:6903
now:6904
now:6905
now:6906
now:6907
now:6908
now:6909
now:6910
now:6911
now:6912
now:6913
now:6914
now:6915
now:6916
now:6917
now:6918
now:6919
now:6920
now:6921
now:6922
now:6923
now:6924
now:6925
now:6926
now:6927
now:6928
now:6929
now:6930
now:6931
now:6932
now:6933
now:6934
now:6935
now:6936
now:6937
now:6938
now:6939
now:6940
now:6941
now:6942
now:6943
now:6944
now:6945
now:6946
now:6947
now:6948
now:6949
now:6950
now:6951
now:6952
now:6953
now:6954
now:6955
now:6956
now:6957
now:6958
now:6959
now:6960
now:6961
now:6962
now:6963
now:6964
now:6965
now:6966
now:6967
now:6968
now:6969
now:6970
now:6971
now:6972
now:6973
now:6974
now:6975
now:6976
now:6977
now:6978
now:6979
now:6980
now:6981
now:6982
now:6983
now:6984
now:6985
now:6986
now:6987
now:6988
now:6989
now:6990
now:6991
now:6992
now:6993
now:6994
now:6995
now:6996
now:6997
now:6998
now:6999
now:7000
now:7001
now:7002
now:7003
now:7004
now:7005
now:7006
now:7007
now:7008
now:7009
now:7010
now:7011
now:7012
now:7013
now:7014
now:7015
now:7016
now:7017
now:7018
now:7019
now:7020
now:7021
now:7022
now:7023
now:7024
now:7025
now:7026
now:7027
now:7028
now:7029
now:7030
now:7031
now:7032
now:7033
now:7034
now:7035
now:7036
now:7037
now:7038
now:7039
now:7040
now:7041
now:7042
now:7043
now:7044
now:7045
now:7046
now:7047
now:7048
now:7049
now:7050
now:7051
now:7052
now:7053
now:7054
now:7055
now:7056
now:7057
now:7058
now:7059
now:7060
now:7061
now:7062
now:7063
now:7064
now:7065
now:7066
now:7067
now:7068
now:7069
now:7070
now:7071
now:7072
now:7073
now:7074
now:7075
now:7076
now:7077
now:7078
now:7079
now:7080
now:7081
now:7082
now:7083
now:7084
now:7085
now:7086
now:7087
now:7088
now:7089
now:7090
now:7091
now:7092
now:7093
now:7094
now:7095
now:7096
now:7097
now:7098
now:7099
now:7100
now:7101
now:7102
now:7103
now:7104
now:7105
now:7106
now:7107
now:7108
now:7109
now:7110
now:7111
now:7112
now:7113
now:7114
now:7115
now:7116
now:7117
now:7118
now:7119
now:7120
now:7121
now:7122
now:7123
now:7124
now:7125
now:7126
now:7127
now:7128
now:7129
now:7130
now:7131
now:7132
now:7133
now:7134
now:7135
now:7136
now:7137
now:7138
now:7139
now:7140
now:7141
now:7142
now:7143
now:7144
now:7145
now:7146
now:7147
now:7148
now:7149
now:7150
now:7151
now:7152
now:7153
now:7154
now:7155
now:7156
now:7157
now:7158
now:7159
now:7160
now:7161
now:7162
now:7163
now:7164
now:7165
now:7166
now:7167
now:7168
now:7169
now:7170
now:7171
now:7172
now:7173
now:7174
now:7175
now:7176
now:7177
now:7178
now:7179
now:7180
now:7181
now:7182
now:7183
now:7184
now:7185
now:7186
now:7187
now:7188
now:7189
now:7190
now:7191
now:7192
now:7193
now:7194
now:7195
now:7196
now:7197
now:7198
now:7199
now:7200
now:7201
now:7202
now:7203
now:7204
now:7205
now:7206
now:7207
now:7208
now:7209
now:7210
now:7211
now:7212
now:7213
now:7214
now:7215
now:7216
now:7217
now:7218
now:7219
now:7220
now:7221
now:7222
now:7223
now:7224
now:7225
now:7226
now:7227
now:7228
now:7229
now:7230
now:7231
now:7232
now:7233
now:7234
now:7235
now:7236
now:7237
now:7238
now:7239
now:7240
now:7241
now:7242
now:7243
now:7244
now:7245
now:7246
now:7247
now:7248
now:7249
now:7250
now:7251
now:7252
now:7253
now:7254
now:7255
now:7256
now:7257
now:7258
now:7259
now:7260
now:7261
now:7262
now:7263
now:7264
now:7265
now:7266
now:7267
now:7268
now:7269
now:7270
now:7271
now:7272
now:7273
now:7274
now:7275
now:7276
now:7277
now:7278
now:7279
now:7280
now:7281
now:7282
now:7283
now:7284
now:7285
now:7286
now:7287
now:7288
now:7289
now:7290
now:7291
now:7292
now:7293
now:7294
now:7295
now:7296
now:7297
now:7298
now:7299
now:7300
now:7301
now:7302
now:7303
now:7304
now:7305
now:7306
now:7307
now:7308
now:7309
now:7310
now:7311
now:7312
now:7313
now:7314
now:7315
now:7316
now:7317
now:7318
now:7319
now:7320
now:7321
now:7322
now:7323
now:7324
now:7325
now:7326
now:7327
now:7328
now:7329
now:7330
now:7331
now:7332
now:7333
now:7334
now:7335
now:7336
now:7337
now:7338
now:7339
now:7340
now:7341
now:7342
now:7343
now:7344
now:7345
now:7346
now:7347
now:7348
now:7349
now:7350
now:7351
now:7352
now:7353
now:7354
now:7355
now:7356
now:7357
now:7358
now:7359
now:7360
now:7361
now:7362
now:7363
now:7364
now:7365
now:7366
now:7367
now:7368
now:7369
now:7370
now:7371
now:7372
now:7373
now:7374
now:7375
now:7376
now:7377
now:7378
now:7379
now:7380
now:7381
now:7382
now:7383
now:7384
now:7385
now:7386
now:7387
now:7388
now:7389
now:7390
now:7391
now:7392
now:7393
now:7394
now:7395
now:7396
now:7397
now:7398
now:7399
now:7400
now:7401
now:7402
now:7403
now:7404
now:7405
now:7406
now:7407
now:7408
now:7409
now:7410
now:7411
now:7412
now:7413
now:7414
now:7415
now:7416
now:7417
now:7418
now:7419
now:7420
now:7421
now:7422
now:7423
now:7424
now:7425
now:7426
now:7427
now:7428
now:7429
now:7430
now:7431
now:7432
now:7433
now:7434
now:7435
now:7436
now:7437
now:7438
now:7439
now:7440
now:7441
now:7442
now:7443
now:7444
now:7445
now:7446
now:7447
now:7448
now:7449
now:7450
now:7451
now:7452
now:7453
now:7454
now:7455
now:7456
now:7457
now:7458
now:7459
now:7460
now:7461
now:7462
now:7463
now:7464
now:7465
now:7466
now:7467
now:7468
now:7469
now:7470
now:7471
now:7472
now:7473
now:7474
now:7475
now:7476
now:7477
now:7478
now:7479
now:7480
now:7481
now:7482
now:7483
now:7484
now:7485
now:7486
now:7487
now:7488
now:7489
now:7490
now:7491
now:7492
now:7493
now:7494
now:7495
now:7496
now:7497
now:7498
now:7499
now:7500
now:7501
now:7502
now:7503
now:7504
now:7505
now:7506
now:7507
now:7508
now:7509
now:7510
now:7511
now:7512
now:7513
now:7514
now:7515
now:7516
now:7517
now:7518
now:7519
now:7520
now:7521
now:7522
now:7523
now:7524
now:7525
now:7526
now:7527
now:7528
now:7529
now:7530
now:7531
now:7532
now:7533
now:7534
now:7535
now:7536
now:7537
now:7538
now:7539
now:7540
now:7541
now:7542
now:7543
now:7544
now:7545
now:7546
now:7547
now:7548
now:7549
now:7550
now:7551
now:7552
now:7553
now:7554
now:7555
now:7556
now:7557
now:7558
now:7559
now:7560
now:7561
now:7562
now:7563
now:7564
now:7565
now:7566
now:7567
now:7568
now:7569
now:7570
now:7571
now:7572
now:7573
now:7574
now:7575
now:7576
now:7577
now:7578
now:7579
now:7580
now:7581
now:7582
now:7583
now:7584
now:7585
now:7586
now:7587
now:7588
now:7589
now:7590
now:7591
now:7592
now:7593
now:7594
now:7595
now:7596
now:7597
now:7598
now:7599
now:7600
now:7601
now:7602
now:7603
now:7604
now:7605
now:7606
now:7607
now:7608
now:7609
now:7610
now:7611
now:7612
now:7613
now:7614
now:7615
now:7616
now:7617
now:7618
now:7619
now:7620
now:7621
now:7622
now:7623
now:7624
now:7625
now:7626
now:7627
now:7628
now:7629
now:7630
now:7631
now:7632
now:7633
now:7634
now:7635
now:7636
now:7637
now:7638
now:7639
now:7640
now:7641
now:7642
now:7643
now:7644
now:7645
now:7646
now:7647
now:7648
now:7649
now:7650
now:7651
now:7652
now:7653
now:7654
now:7655
now:7656
now:7657
now:7658
now:7659
now:7660
now:7661
now:7662
now:7663
now:7664
now:7665
now:7666
now:7667
now:7668
now:7669
now:7670
now:7671
now:7672
now:7673
now:7674
now:7675
now:7676
now:7677
now:7678
now:7679
now:7680
now:7681
now:7682
now:7683
now:7684
now:7685
now:7686
now:7687
now:7688
now:7689
now:7690
now:7691
now:7692
now:7693
now:7694
now:7695
now:7696
now:7697
now:7698
now:7699
now:7700
now:7701
now:7702
now:7703
now:7704
now:7705
now:7706
now:7707
now:7708
now:7709
now:7710
now:7711
now:7712
now:7713
now:7714
now:7715
now:7716
now:7717
now:7718
now:7719
now:7720
now:7721
now:7722
now:7723
now:7724
now:7725
now:7726
now:7727
now:7728
now:7729
now:7730
now:7731
now:7732
now:7733
now:7734
now:7735
now:7736
now:7737
now:7738
now:7739
now:7740
now:7741
now:7742
now:7743
now:7744
now:7745
now:7746
now:7747
now:7748
now:7749
now:7750
now:7751
now:7752
now:7753
now:7754
now:7755
now:7756
now:7757
now:7758
now:7759
now:7760
now:7761
now:7762
now:7763
now:7764
now:7765
now:7766
now:7767
now:7768
now:7769
now:7770
now:7771
now:7772
now:7773
now:7774
now:7775
now:7776
now:7777
now:7778
now:7779
now:7780
now:7781
now:7782
now:7783
now:7784
now:7785
now:7786
now:7787
now:7788
now:7789
now:7790
now:7791
now:7792
now:7793
now:7794
now:7795
now:7796
now:7797
now:7798
now:7799
now:7800
now:7801
now:7802
now:7803
now:7804
now:7805
now:7806
now:7807
now:7808
now:7809
now:7810
now:7811
now:7812
now:7813
now:7814
now:7815
now:7816
now:7817
now:7818
now:7819
now:7820
now:7821
now:7822
now:7823
now:7824
now:7825
now:7826
now:7827
now:7828
now:7829
now:7830
now:7831
now:7832
now:7833
now:7834
now:7835
now:7836
now:7837
now:7838
now:7839
now:7840
now:7841
now:7842
now:7843
now:7844
now:7845
now:7846
now:7847
now:7848
now:7849
now:7850
now:7851
now:7852
now:7853
now:7854
now:7855
now:7856
now:7857
now:7858
now:7859
now:7860
now:7861
now:7862
now:7863
now:7864
now:7865
now:7866
now:7867
now:7868
now:7869
now:7870
now:7871
now:7872
now:7873
now:7874
now:7875
now:7876
now:7877
now:7878
now:7879
now:7880
now:7881
now:7882
now:7883
now:7884
now:7885
now:7886
now:7887
now:7888
now:7889
now:7890
now:7891
now:7892
now:7893
now:7894
now:7895
now:7896
now:7897
now:7898
now:7899
now:7900
now:7901
now:7902
now:7903
now:7904
now:7905
now:7906
now:7907
now:7908
now:7909
now:7910
now:7911
now:7912
now:7913
now:7914
now:7915
now:7916
now:7917
now:7918
now:7919
now:7920
now:7921
now:7922
now:7923
now:7924
now:7925
now:7926
now:7927
now:7928
now:7929
now:7930
now:7931
now:7932
now:7933
now:7934
now:7935
now:7936
now:7937
now:7938
now:7939
now:7940
now:7941
now:7942
now:7943
now:7944
now:7945
now:7946
now:7947
now:7948
now:7949
now:7950
now:7951
now:7952
now:7953
now:7954
now:7955
now:7956
now:7957
now:7958
now:7959
now:7960
now:7961
now:7962
now:7963
now:7964
now:7965
now:7966
now:7967
now:7968
now:7969
now:7970
now:7971
now:7972
now:7973
now:7974
now:7975
now:7976
now:7977
now:7978
now:7979
now:7980
now:7981
now:7982
now:7983
now:7984
now:7985
now:7986
now:7987
now:7988
now:7989
now:7990
now:7991
now:7992
now:7993
now:7994
now:7995
now:7996
now:7997
now:7998
now:7999
now:8000
now:8001
now:8002
now:8003
now:8004
now:8005
now:8006
now:8007
now:8008
now:8009
now:8010
now:8011
now:8012
now:8013
now:8014
now:8015
now:8016
now:8017
now:8018
now:8019
now:8020
now:8021
now:8022
now:8023
now:8024
now:8025
now:8026
now:8027
now:8028
now:8029
now:8030
now:8031
now:8032
now:8033
now:8034
now:8035
now:8036
now:8037
now:8038
now:8039
now:8040
now:8041
now:8042
now:8043
now:8044
now:8045
now:8046
now:8047
now:8048
now:8049
now:8050
now:8051
now:8052
now:8053
now:8054
now:8055
now:8056
now:8057
now:8058
now:8059
now:8060
now:8061
now:8062
now:8063
now:8064
now:8065
now:8066
now:8067
now:8068
now:8069
now:8070
now:8071
now:8072
now:8073
now:8074
now:8075
now:8076
now:8077
now:8078
now:8079
now:8080
now:8081
now:8082
now:8083
now:8084
now:8085
now:8086
now:8087
now:8088
now:8089
now:8090
now:8091
now:8092
now:8093
now:8094
now:8095
now:8096
now:8097
now:8098
now:8099
now:8100
now:8101
now:8102
now:8103
now:8104
now:8105
now:8106
now:8107
now:8108
now:8109
now:8110
now:8111
now:8112
now:8113
now:8114
now:8115
now:8116
now:8117
now:8118
now:8119
now:8120
now:8121
now:8122
now:8123
now:8124
now:8125
now:8126
now:8127
now:8128
now:8129
now:8130
now:8131
now:8132
now:8133
now:8134
now:8135
now:8136
now:8137
now:8138
now:8139
now:8140
now:8141
now:8142
now:8143
now:8144
now:8145
now:8146
now:8147
now:8148
now:8149
now:8150
now:8151
now:8152
now:8153
now:8154
now:8155
now:8156
now:8157
now:8158
now:8159
now:8160
now:8161
now:8162
now:8163
now:8164
now:8165
now:8166
now:8167
now:8168
now:8169
now:8170
now:8171
now:8172
now:8173
now:8174
now:8175
now:8176
now:8177
now:8178
now:8179
now:8180
now:8181
now:8182
now:8183
now:8184
now:8185
now:8186
now:8187
now:8188
now:8189
now:8190
now:8191
now:8192
now:8193
now:8194
now:8195
now:8196
now:8197
now:8198
now:8199
now:8200
now:8201
now:8202
now:8203
now:8204
now:8205
now:8206
now:8207
now:8208
now:8209
now:8210
now:8211
now:8212
now:8213
now:8214
now:8215
now:8216
now:8217
now:8218
now:8219
now:8220
now:8221
now:8222
now:8223
now:8224
now:8225
now:8226
now:8227
now:8228
now:8229
now:8230
now:8231
now:8232
now:8233
now:8234
now:8235
now:8236
now:8237
now:8238
now:8239
now:8240
now:8241
now:8242
now:8243
now:8244
now:8245
now:8246
now:8247
now:8248
now:8249
now:8250
now:8251
now:8252
now:8253
now:8254
now:8255
now:8256
now:8257
now:8258
now:8259
now:8260
now:8261
now:8262
now:8263
now:8264
now:8265
now:8266
now:8267
now:8268
now:8269
now:8270
now:8271
now:8272
now:8273
now:8274
now:8275
now:8276
now:8277
now:8278
now:8279
now:8280
now:8281
now:8282
now:8283
now:8284
now:8285
now:8286
now:8287
now:8288
now:8289
now:8290
now:8291
now:8292
now:8293
now:8294
now:8295
now:8296
now:8297
now:8298
now:8299
now:8300
now:8301
now:8302
now:8303
now:8304
now:8305
now:8306
now:8307
now:8308
now:8309
now:8310
now:8311
now:8312
now:8313
now:8314
now:8315
now:8316
now:8317
now:8318
now:8319
now:8320
now:8321
now:8322
now:8323
now:8324
now:8325
now:8326
now:8327
now:8328
now:8329
now:8330
now:8331
now:8332
now:8333
now:8334
now:8335
now:8336
now:8337
now:8338
now:8339
now:8340
now:8341
now:8342
now:8343
now:8344
now:8345
now:8346
now:8347
now:8348
now:8349
now:8350
now:8351
now:8352
now:8353
now:8354
now:8355
now:8356
now:8357
now:8358
now:8359
now:8360
now:8361
now:8362
now:8363
now:8364
now:8365
now:8366
now:8367
now:8368
now:8369
now:8370
now:8371
now:8372
now:8373
now:8374
now:8375
now:8376
now:8377
now:8378
now:8379
now:8380
now:8381
now:8382
now:8383
now:8384
now:8385
now:8386
now:8387
now:8388
now:8389
now:8390
now:8391
now:8392
now:8393
now:8394
now:8395
now:8396
now:8397
now:8398
now:8399
now:8400
now:8401
now:8402
now:8403
now:8404
now:8405
now:8406
now:8407
now:8408
now:8409
now:8410
now:8411
now:8412
now:8413
now:8414
now:8415
now:8416
now:8417
now:8418
now:8419
now:8420
now:8421
now:8422
now:8423
now:8424
now:8425
now:8426
now:8427
now:8428
now:8429
now:8430
now:8431
now:8432
now:8433
now:8434
now:8435
now:8436
now:8437
now:8438
now:8439
now:8440
now:8441
now:8442
now:8443
now:8444
now:8445
now:8446
now:8447
now:8448
now:8449
now:8450
now:8451
now:8452
now:8453
now:8454
now:8455
now:8456
now:8457
now:8458
now:8459
now:8460
now:8461
now:8462
now:8463
now:8464
now:8465
now:8466
now:8467
now:8468
now:8469
now:8470
now:8471
now:8472
now:8473
now:8474
now:8475
now:8476
now:8477
now:8478
now:8479
now:8480
now:8481
now:8482
now:8483
now:8484
now:8485
now:8486
now:8487
now:8488
now:8489
now:8490
now:8491
now:8492
now:8493
now:8494
now:8495
now:8496
now:8497
now:8498
now:8499
now:8500
now:8501
now:8502
now:8503
now:8504
now:8505
now:8506
now:8507
now:8508
now:8509
now:8510
now:8511
now:8512
now:8513
now:8514
now:8515
now:8516
now:8517
now:8518
now:8519
now:8520
now:8521
now:8522
now:8523
now:8524
now:8525
now:8526
now:8527
now:8528
now:8529
now:8530
now:8531
now:8532
now:8533
now:8534
now:8535
now:8536
now:8537
now:8538
now:8539
now:8540
now:8541
now:8542
now:8543
now:8544
now:8545
now:8546
now:8547
now:8548
now:8549
now:8550
now:8551
now:8552
now:8553
now:8554
now:8555
now:8556
now:8557
now:8558
now:8559
now:8560
now:8561
now:8562
now:8563
now:8564
now:8565
now:8566
now:8567
now:8568
now:8569
now:8570
now:8571
now:8572
now:8573
now:8574
now:8575
now:8576
now:8577
now:8578
now:8579
now:8580
now:8581
now:8582
now:8583
now:8584
now:8585
now:8586
now:8587
now:8588
now:8589
now:8590
now:8591
now:8592
now:8593
now:8594
now:8595
now:8596
now:8597
now:8598
now:8599
now:8600
now:8601
now:8602
now:8603
now:8604
now:8605
now:8606
now:8607
now:8608
now:8609
now:8610
now:8611
now:8612
now:8613
now:8614
now:8615
now:8616
now:8617
now:8618
now:8619
now:8620
now:8621
now:8622
now:8623
now:8624
now:8625
now:8626
now:8627
now:8628
now:8629
now:8630
now:8631
now:8632
now:8633
now:8634
now:8635
now:8636
now:8637
now:8638
now:8639
now:8640
now:8641
now:8642
now:8643
now:8644
now:8645
now:8646
now:8647
now:8648
now:8649
now:8650
now:8651
now:8652
now:8653
now:8654
now:8655
now:8656
now:8657
now:8658
now:8659
now:8660
now:8661
now:8662
now:8663
now:8664
now:8665
now:8666
now:8667
now:8668
now:8669
now:8670
now:8671
now:8672
now:8673
now:8674
now:8675
now:8676
now:8677
now:8678
now:8679
now:8680
now:8681
now:8682
now:8683
now:8684
now:8685
now:8686
now:8687
now:8688
now:8689
now:8690
now:8691
now:8692
now:8693
now:8694
now:8695
now:8696
now:8697
now:8698
now:8699
now:8700
now:8701
now:8702
now:8703
now:8704
now:8705
now:8706
now:8707
now:8708
now:8709
now:8710
now:8711
now:8712
now:8713
now:8714
now:8715
now:8716
now:8717
now:8718
now:8719
now:8720
now:8721
now:8722
now:8723
now:8724
now:8725
now:8726
now:8727
now:8728
now:8729
now:8730
now:8731
now:8732
now:8733
now:8734
now:8735
now:8736
now:8737
now:8738
now:8739
now:8740
now:8741
now:8742
now:8743
now:8744
now:8745
now:8746
now:8747
now:8748
now:8749
now:8750
now:8751
now:8752
now:8753
now:8754
now:8755
now:8756
now:8757
now:8758
now:8759
now:8760
now:8761
now:8762
now:8763
now:8764
now:8765
now:8766
now:8767
now:8768
now:8769
now:8770
now:8771
now:8772
now:8773
now:8774
now:8775
now:8776
now:8777
now:8778
now:8779
now:8780
now:8781
now:8782
now:8783
now:8784
now:8785
now:8786
now:8787
now:8788
now:8789
now:8790
now:8791
now:8792
now:8793
now:8794
now:8795
now:8796
now:8797
now:8798
now:8799
now:8800
now:8801
now:8802
now:8803
now:8804
now:8805
now:8806
now:8807
now:8808
now:8809
now:8810
now:8811
now:8812
now:8813
now:8814
now:8815
now:8816
now:8817
now:8818
now:8819
now:8820
now:8821
now:8822
now:8823
now:8824
now:8825
now:8826
now:8827
now:8828
now:8829
now:8830
now:8831
now:8832
now:8833
now:8834
now:8835
now:8836
now:8837
now:8838
now:8839
now:8840
now:8841
now:8842
now:8843
now:8844
now:8845
now:8846
now:8847
now:8848
now:8849
now:8850
now:8851
now:8852
now:8853
now:8854
now:8855
now:8856
now:8857
now:8858
now:8859
now:8860
now:8861
now:8862
now:8863
now:8864
now:8865
now:8866
now:8867
now:8868
now:8869
now:8870
now:8871
now:8872
now:8873
now:8874
now:8875
now:8876
now:8877
now:8878
now:8879
now:8880
now:8881
now:8882
now:8883
now:8884
now:8885
now:8886
now:8887
now:8888
now:8889
now:8890
now:8891
now:8892
now:8893
now:8894
now:8895
now:8896
now:8897
now:8898
now:8899
now:8900
now:8901
now:8902
now:8903
now:8904
now:8905
now:8906
now:8907
now:8908
now:8909
now:8910
now:8911
now:8912
now:8913
now:8914
now:8915
now:8916
now:8917
now:8918
now:8919
now:8920
now:8921
now:8922
now:8923
now:8924
now:8925
now:8926
now:8927
now:8928
now:8929
now:8930
now:8931
now:8932
now:8933
now:8934
now:8935
now:8936
now:8937
now:8938
now:8939
now:8940
now:8941
now:8942
now:8943
now:8944
now:8945
now:8946
now:8947
now:8948
now:8949
now:8950
now:8951
now:8952
now:8953
now:8954
now:8955
now:8956
now:8957
now:8958
now:8959
now:8960
now:8961
now:8962
now:8963
now:8964
now:8965
now:8966
now:8967
now:8968
now:8969
now:8970
now:8971
now:8972
now:8973
now:8974
now:8975
now:8976
now:8977
now:8978
now:8979
now:8980
now:8981
now:8982
now:8983
now:8984
now:8985
now:8986
now:8987
now:8988
now:8989
now:8990
now:8991
now:8992
now:8993
now:8994
now:8995
now:8996
now:8997
now:8998
now:8999
now:9000
now:9001
now:9002
now:9003
now:9004
now:9005
now:9006
now:9007
now:9008
now:9009
now:9010
now:9011
now:9012
now:9013
now:9014
now:9015
now:9016
now:9017
now:9018
now:9019
now:9020
now:9021
now:9022
now:9023
now:9024
now:9025
now:9026
now:9027
now:9028
now:9029
now:9030
now:9031
now:9032
now:9033
now:9034
now:9035
now:9036
now:9037
now:9038
now:9039
now:9040
now:9041
now:9042
now:9043
now:9044
now:9045
now:9046
now:9047
now:9048
now:9049
now:9050
now:9051
now:9052
now:9053
now:9054
now:9055
now:9056
now:9057
now:9058
now:9059
now:9060
now:9061
now:9062
now:9063
now:9064
now:9065
now:9066
now:9067
now:9068
now:9069
now:9070
now:9071
now:9072
now:9073
now:9074
now:9075
now:9076
now:9077
now:9078
now:9079
now:9080
now:9081
now:9082
now:9083
now:9084
now:9085
now:9086
now:9087
now:9088
now:9089
now:9090
now:9091
now:9092
now:9093
now:9094
now:9095
now:9096
now:9097
now:9098
now:9099
now:9100
now:9101
now:9102
now:9103
now:9104
now:9105
now:9106
now:9107
now:9108
now:9109
now:9110
now:9111
now:9112
now:9113
now:9114
now:9115
now:9116
now:9117
now:9118
now:9119
now:9120
now:9121
now:9122
now:9123
now:9124
now:9125
now:9126
now:9127
now:9128
now:9129
now:9130
now:9131
now:9132
now:9133
now:9134
now:9135
now:9136
now:9137
now:9138
now:9139
now:9140
now:9141
now:9142
now:9143
now:9144
now:9145
now:9146
now:9147
now:9148
now:9149
now:9150
now:9151
now:9152
now:9153
now:9154
now:9155
now:9156
now:9157
now:9158
now:9159
now:9160
now:9161
now:9162
now:9163
now:9164
now:9165
now:9166
now:9167
now:9168
now:9169
now:9170
now:9171
now:9172
now:9173
now:9174
now:9175
now:9176
now:9177
now:9178
now:9179
now:9180
now:9181
now:9182
now:9183
now:9184
now:9185
now:9186
now:9187
now:9188
now:9189
now:9190
now:9191
now:9192
now:9193
now:9194
now:9195
now:9196
now:9197
now:9198
now:9199
now:9200
now:9201
now:9202
now:9203
now:9204
now:9205
now:9206
now:9207
now:9208
now:9209
now:9210
now:9211
now:9212
now:9213
now:9214
now:9215
now:9216
now:9217
now:9218
now:9219
now:9220
now:9221
now:9222
now:9223
now:9224
now:9225
now:9226
now:9227
now:9228
now:9229
now:9230
now:9231
now:9232
now:9233
now:9234
now:9235
now:9236
now:9237
now:9238
now:9239
now:9240
now:9241
now:9242
now:9243
now:9244
now:9245
now:9246
now:9247
now:9248
now:9249
now:9250
now:9251
now:9252
now:9253
now:9254
now:9255
now:9256
now:9257
now:9258
now:9259
now:9260
now:9261
now:9262
now:9263
now:9264
now:9265
now:9266
now:9267
now:9268
now:9269
now:9270
now:9271
now:9272
now:9273
now:9274
now:9275
now:9276
now:9277
now:9278
now:9279
now:9280
now:9281
now:9282
now:9283
now:9284
now:9285
now:9286
now:9287
now:9288
now:9289
now:9290
now:9291
now:9292
now:9293
now:9294
now:9295
now:9296
now:9297
now:9298
now:9299
now:9300
now:9301
now:9302
now:9303
now:9304
now:9305
now:9306
now:9307
now:9308
now:9309
now:9310
now:9311
now:9312
now:9313
now:9314
now:9315
now:9316
now:9317
now:9318
now:9319
now:9320
now:9321
now:9322
now:9323
now:9324
now:9325
now:9326
now:9327
now:9328
now:9329
now:9330
now:9331
now:9332
now:9333
now:9334
now:9335
now:9336
now:9337
now:9338
now:9339
now:9340
now:9341
now:9342
now:9343
now:9344
now:9345
now:9346
now:9347
now:9348
now:9349
now:9350
now:9351
now:9352
now:9353
now:9354
now:9355
now:9356
now:9357
now:9358
now:9359
now:9360
now:9361
now:9362
now:9363
now:9364
now:9365
now:9366
now:9367
now:9368
now:9369
now:9370
now:9371
now:9372
now:9373
now:9374
now:9375
now:9376
now:9377
now:9378
now:9379
now:9380
now:9381
now:9382
now:9383
now:9384
now:9385
now:9386
now:9387
now:9388
now:9389
now:9390
now:9391
now:9392
now:9393
now:9394
now:9395
now:9396
now:9397
now:9398
now:9399
now:9400
now:9401
now:9402
now:9403
now:9404
now:9405
now:9406
now:9407
now:9408
now:9409
now:9410
now:9411
now:9412
now:9413
now:9414
now:9415
now:9416
now:9417
now:9418
now:9419
now:9420
now:9421
now:9422
now:9423
now:9424
now:9425
now:9426
now:9427
now:9428
now:9429
now:9430
now:9431
now:9432
now:9433
now:9434
now:9435
now:9436
now:9437
now:9438
now:9439
now:9440
now:9441
now:9442
now:9443
now:9444
now:9445
now:9446
now:9447
now:9448
now:9449
now:9450
now:9451
now:9452
now:9453
now:9454
now:9455
now:9456
now:9457
now:9458
now:9459
now:9460
now:9461
now:9462
now:9463
now:9464
now:9465
now:9466
now:9467
now:9468
now:9469
now:9470
now:9471
now:9472
now:9473
now:9474
now:9475
now:9476
now:9477
now:9478
now:9479
now:9480
now:9481
now:9482
now:9483
now:9484
now:9485
now:9486
now:9487
now:9488
now:9489
now:9490
now:9491
now:9492
now:9493
now:9494
now:9495
now:9496
now:9497
now:9498
now:9499
now:9500
now:9501
now:9502
now:9503
now:9504
now:9505
now:9506
now:9507
now:9508
now:9509
now:9510
now:9511
now:9512
now:9513
now:9514
now:9515
now:9516
now:9517
now:9518
now:9519
now:9520
now:9521
now:9522
now:9523
now:9524
now:9525
now:9526
now:9527
now:9528
now:9529
now:9530
now:9531
now:9532
now:9533
now:9534
now:9535
now:9536
now:9537
now:9538
now:9539
now:9540
now:9541
now:9542
now:9543
now:9544
now:9545
now:9546
now:9547
now:9548
now:9549
now:9550
now:9551
now:9552
now:9553
now:9554
now:9555
now:9556
now:9557
now:9558
now:9559
now:9560
now:9561
now:9562
now:9563
now:9564
now:9565
now:9566
now:9567
now:9568
now:9569
now:9570
now:9571
now:9572
now:9573
now:9574
now:9575
now:9576
now:9577
now:9578
now:9579
now:9580
now:9581
now:9582
now:9583
now:9584
now:9585
now:9586
now:9587
now:9588
now:9589
now:9590
now:9591
now:9592
now:9593
now:9594
now:9595
now:9596
now:9597
now:9598
now:9599
now:9600
now:9601
now:9602
now:9603
now:9604
now:9605
now:9606
now:9607
now:9608
now:9609
now:9610
now:9611
now:9612
now:9613
now:9614
now:9615
now:9616
now:9617
now:9618
now:9619
now:9620
now:9621
now:9622
now:9623
now:9624
now:9625
now:9626
now:9627
now:9628
now:9629
now:9630
now:9631
now:9632
now:9633
now:9634
now:9635
now:9636
now:9637
now:9638
now:9639
now:9640
now:9641
now:9642
now:9643
now:9644
now:9645
now:9646
now:9647
now:9648
now:9649
now:9650
now:9651
now:9652
now:9653
now:9654
now:9655
now:9656
now:9657
now:9658
now:9659
now:9660
now:9661
now:9662
now:9663
now:9664
now:9665
now:9666
now:9667
now:9668
now:9669
now:9670
now:9671
now:9672
now:9673
now:9674
now:9675
now:9676
now:9677
now:9678
now:9679
now:9680
now:9681
now:9682
now:9683
now:9684
now:9685
now:9686
now:9687
now:9688
now:9689
now:9690
now:9691
now:9692
now:9693
now:9694
now:9695
now:9696
now:9697
now:9698
now:9699
now:9700
now:9701
now:9702
now:9703
now:9704
now:9705
now:9706
now:9707
now:9708
now:9709
now:9710
now:9711
now:9712
now:9713
now:9714
now:9715
now:9716
now:9717
now:9718
now:9719
now:9720
now:9721
now:9722
now:9723
now:9724
now:9725
now:9726
now:9727
now:9728
now:9729
now:9730
now:9731
now:9732
now:9733
now:9734
now:9735
now:9736
now:9737
now:9738
now:9739
now:9740
now:9741
now:9742
now:9743
now:9744
now:9745
now:9746
now:9747
now:9748
now:9749
now:9750
now:9751
now:9752
now:9753
now:9754
now:9755
now:9756
now:9757
now:9758
now:9759
now:9760
now:9761
now:9762
now:9763
now:9764
now:9765
now:9766
now:9767
now:9768
now:9769
now:9770
now:9771
now:9772
now:9773
now:9774
now:9775
now:9776
now:9777
now:9778
now:9779
now:9780
now:9781
now:9782
now:9783
now:9784
now:9785
now:9786
now:9787
now:9788
now:9789
now:9790
now:9791
now:9792
now:9793
now:9794
now:9795
now:9796
now:9797
now:9798
now:9799
now:9800
now:9801
now:9802
now:9803
now:9804
now:9805
now:9806
now:9807
now:9808
now:9809
now:9810
now:9811
now:9812
now:9813
now:9814
now:9815
now:9816
now:9817
now:9818
now:9819
now:9820
now:9821
now:9822
now:9823
now:9824
now:9825
now:9826
now:9827
now:9828
now:9829
now:9830
now:9831
now:9832
now:9833
now:9834
now:9835
now:9836
now:9837
now:9838
now:9839
now:9840
now:9841
now:9842
now:9843
now:9844
now:9845
now:9846
now:9847
now:9848
now:9849
now:9850
now:9851
now:9852
now:9853
now:9854
now:9855
now:9856
now:9857
now:9858
now:9859
now:9860
now:9861
now:9862
now:9863
now:9864
now:9865
now:9866
now:9867
now:9868
now:9869
now:9870
now:9871
now:9872
now:9873
now:9874
now:9875
now:9876
now:9877
now:9878
now:9879
now:9880
now:9881
now:9882
now:9883
now:9884
now:9885
now:9886
now:9887
now:9888
now:9889
now:9890
now:9891
now:9892
now:9893
now:9894
now:9895
now:9896
now:9897
now:9898
now:9899
now:9900
now:9901
now:9902
now:9903
now:9904
now:9905
now:9906
now:9907
now:9908
now:9909
now:9910
now:9911
now:9912
now:9913
now:9914
now:9915
now:9916
now:9917
now:9918
now:9919
now:9920
now:9921
now:9922
now:9923
now:9924
now:9925
now:9926
now:9927
now:9928
now:9929
now:9930
now:9931
now:9932
now:9933
now:9934
now:9935
now:9936
now:9937
now:9938
now:9939
now:9940
now:9941
now:9942
now:9943
now:9944
now:9945
now:9946
now:9947
now:9948
now:9949
now:9950
now:9951
now:9952
now:9953
now:9954
now:9955
now:9956
now:9957
now:9958
now:9959
now:9960
now:9961
now:9962
now:9963
now:9964
now:9965
now:9966
now:9967
now:9968
now:9969
now:9970
now:9971
now:9972
now:9973
now:9974
now:9975
now:9976
now:9977
now:9978
now:9979
now:9980
now:9981
now:9982
now:9983
now:9984
now:9985
now:9986
now:9987
now:9988
now:9989
now:9990
now:9991
now:9992
now:9993
now:9994
now:9995
now:9996
now:9997
now:9998
now:9999
10462.114s usded, acc = 0.987700
Test done.
INFO: [SIM 1] CSim done with 0 errors.
INFO: [SIM 3] *************** CSIM finish ***************
